[0.802s] Invoking command in '/home/akshaj/ros2_ws_exp4/src/client_pkg': PYTHONPATH=/home/akshaj/ros2_ws_exp4/build/client_pkg/prefix_override:/usr/lib/python3/dist-packages/colcon_core/task/python/colcon_distutils_commands:/home/akshaj/ros2_ws_exp4/install/client_pkg/lib/python3.10/site-packages:${PYTHONPATH} /usr/bin/python3 -W ignore:setup.py install is deprecated -W ignore:easy_install command is deprecated setup.py egg_info --egg-base ../../build/client_pkg build --build-base /home/akshaj/ros2_ws_exp4/build/client_pkg/build install --record /home/akshaj/ros2_ws_exp4/build/client_pkg/install.log --single-version-externally-managed install_data
[1.100s] running egg_info
[1.100s] creating ../../build/client_pkg/client_pkg.egg-info
[1.101s] writing ../../build/client_pkg/client_pkg.egg-info/PKG-INFO
[1.101s] writing dependency_links to ../../build/client_pkg/client_pkg.egg-info/dependency_links.txt
[1.101s] writing entry points to ../../build/client_pkg/client_pkg.egg-info/entry_points.txt
[1.102s] writing requirements to ../../build/client_pkg/client_pkg.egg-info/requires.txt
[1.102s] writing top-level names to ../../build/client_pkg/client_pkg.egg-info/top_level.txt
[1.102s] writing manifest file '../../build/client_pkg/client_pkg.egg-info/SOURCES.txt'
[1.104s] reading manifest file '../../build/client_pkg/client_pkg.egg-info/SOURCES.txt'
[1.104s] adding license file 'LICENSE'
[1.104s] writing manifest file '../../build/client_pkg/client_pkg.egg-info/SOURCES.txt'
[1.105s] running build
[1.105s] running build_py
[1.105s] creating /home/akshaj/ros2_ws_exp4/build/client_pkg/build
[1.105s] creating /home/akshaj/ros2_ws_exp4/build/client_pkg/build/lib
[1.105s] creating /home/akshaj/ros2_ws_exp4/build/client_pkg/build/lib/client_pkg
[1.105s] copying client_pkg/__init__.py -> /home/akshaj/ros2_ws_exp4/build/client_pkg/build/lib/client_pkg
[1.105s] copying client_pkg/service_client.py -> /home/akshaj/ros2_ws_exp4/build/client_pkg/build/lib/client_pkg
[1.105s] running install
[1.106s] running install_lib
[1.107s] creating /home/akshaj/ros2_ws_exp4/install/client_pkg/lib/python3.10/site-packages/client_pkg
[1.107s] copying /home/akshaj/ros2_ws_exp4/build/client_pkg/build/lib/client_pkg/__init__.py -> /home/akshaj/ros2_ws_exp4/install/client_pkg/lib/python3.10/site-packages/client_pkg
[1.107s] copying /home/akshaj/ros2_ws_exp4/build/client_pkg/build/lib/client_pkg/service_client.py -> /home/akshaj/ros2_ws_exp4/install/client_pkg/lib/python3.10/site-packages/client_pkg
[1.107s] byte-compiling /home/akshaj/ros2_ws_exp4/install/client_pkg/lib/python3.10/site-packages/client_pkg/__init__.py to __init__.cpython-310.pyc
[1.108s] byte-compiling /home/akshaj/ros2_ws_exp4/install/client_pkg/lib/python3.10/site-packages/client_pkg/service_client.py to service_client.cpython-310.pyc
[1.108s] running install_data
[1.109s] creating /home/akshaj/ros2_ws_exp4/install/client_pkg/share/ament_index
[1.109s] creating /home/akshaj/ros2_ws_exp4/install/client_pkg/share/ament_index/resource_index
[1.109s] creating /home/akshaj/ros2_ws_exp4/install/client_pkg/share/ament_index/resource_index/packages
[1.109s] copying resource/client_pkg -> /home/akshaj/ros2_ws_exp4/install/client_pkg/share/ament_index/resource_index/packages
[1.109s] copying package.xml -> /home/akshaj/ros2_ws_exp4/install/client_pkg/share/client_pkg
[1.109s] copying launch/call_client.launch.py -> /home/akshaj/ros2_ws_exp4/install/client_pkg/share/client_pkg
[1.109s] running install_egg_info
[1.111s] Copying ../../build/client_pkg/client_pkg.egg-info to /home/akshaj/ros2_ws_exp4/install/client_pkg/lib/python3.10/site-packages/client_pkg-0.0.0-py3.10.egg-info
[1.112s] running install_scripts
[1.138s] Installing service_client script to /home/akshaj/ros2_ws_exp4/install/client_pkg/lib/client_pkg
[1.138s] writing list of installed files to '/home/akshaj/ros2_ws_exp4/build/client_pkg/install.log'
[1.166s] Invoked command in '/home/akshaj/ros2_ws_exp4/src/client_pkg' returned '0': PYTHONPATH=/home/akshaj/ros2_ws_exp4/build/client_pkg/prefix_override:/usr/lib/python3/dist-packages/colcon_core/task/python/colcon_distutils_commands:/home/akshaj/ros2_ws_exp4/install/client_pkg/lib/python3.10/site-packages:${PYTHONPATH} /usr/bin/python3 -W ignore:setup.py install is deprecated -W ignore:easy_install command is deprecated setup.py egg_info --egg-base ../../build/client_pkg build --build-base /home/akshaj/ros2_ws_exp4/build/client_pkg/build install --record /home/akshaj/ros2_ws_exp4/build/client_pkg/install.log --single-version-externally-managed install_data
