/home/akshaj/.local/lib/python3.8/site-packages/setuptools/_distutils/dist.py:261: UserWarning: Unknown distribution option: 'tests_require'
  warnings.warn(msg)
running egg_info
creating build/exp3/exp3.egg-info
writing build/exp3/exp3.egg-info/PKG-INFO
writing dependency_links to build/exp3/exp3.egg-info/dependency_links.txt
writing entry points to build/exp3/exp3.egg-info/entry_points.txt
writing requirements to build/exp3/exp3.egg-info/requires.txt
writing top-level names to build/exp3/exp3.egg-info/top_level.txt
writing manifest file 'build/exp3/exp3.egg-info/SOURCES.txt'
reading manifest file 'build/exp3/exp3.egg-info/SOURCES.txt'
writing manifest file 'build/exp3/exp3.egg-info/SOURCES.txt'
running build
running build_py
creating /home/akshaj/Downloads/ros2_ws_AKSHAJ/ros2_ws_Akshaj/src/exp3/build/exp3/build/lib/exp3
copying exp3/publisher.py -> /home/akshaj/Downloads/ros2_ws_AKSHAJ/ros2_ws_Akshaj/src/exp3/build/exp3/build/lib/exp3
copying exp3/__init__.py -> /home/akshaj/Downloads/ros2_ws_AKSHAJ/ros2_ws_Akshaj/src/exp3/build/exp3/build/lib/exp3
copying exp3/subscriber.py -> /home/akshaj/Downloads/ros2_ws_AKSHAJ/ros2_ws_Akshaj/src/exp3/build/exp3/build/lib/exp3
running install
running install_lib
creating /home/akshaj/Downloads/ros2_ws_AKSHAJ/ros2_ws_Akshaj/src/exp3/install/exp3/lib/python3.8/site-packages/exp3
copying /home/akshaj/Downloads/ros2_ws_AKSHAJ/ros2_ws_Akshaj/src/exp3/build/exp3/build/lib/exp3/publisher.py -> /home/akshaj/Downloads/ros2_ws_AKSHAJ/ros2_ws_Akshaj/src/exp3/install/exp3/lib/python3.8/site-packages/exp3
copying /home/akshaj/Downloads/ros2_ws_AKSHAJ/ros2_ws_Akshaj/src/exp3/build/exp3/build/lib/exp3/__init__.py -> /home/akshaj/Downloads/ros2_ws_AKSHAJ/ros2_ws_Akshaj/src/exp3/install/exp3/lib/python3.8/site-packages/exp3
copying /home/akshaj/Downloads/ros2_ws_AKSHAJ/ros2_ws_Akshaj/src/exp3/build/exp3/build/lib/exp3/subscriber.py -> /home/akshaj/Downloads/ros2_ws_AKSHAJ/ros2_ws_Akshaj/src/exp3/install/exp3/lib/python3.8/site-packages/exp3
byte-compiling /home/akshaj/Downloads/ros2_ws_AKSHAJ/ros2_ws_Akshaj/src/exp3/install/exp3/lib/python3.8/site-packages/exp3/publisher.py to publisher.cpython-38.pyc
byte-compiling /home/akshaj/Downloads/ros2_ws_AKSHAJ/ros2_ws_Akshaj/src/exp3/install/exp3/lib/python3.8/site-packages/exp3/__init__.py to __init__.cpython-38.pyc
byte-compiling /home/akshaj/Downloads/ros2_ws_AKSHAJ/ros2_ws_Akshaj/src/exp3/install/exp3/lib/python3.8/site-packages/exp3/subscriber.py to subscriber.cpython-38.pyc
running install_data
creating /home/akshaj/Downloads/ros2_ws_AKSHAJ/ros2_ws_Akshaj/src/exp3/install/exp3/share/ament_index/resource_index/packages
copying resource/exp3 -> /home/akshaj/Downloads/ros2_ws_AKSHAJ/ros2_ws_Akshaj/src/exp3/install/exp3/share/ament_index/resource_index/packages
copying package.xml -> /home/akshaj/Downloads/ros2_ws_AKSHAJ/ros2_ws_Akshaj/src/exp3/install/exp3/share/exp3
running install_egg_info
Copying build/exp3/exp3.egg-info to /home/akshaj/Downloads/ros2_ws_AKSHAJ/ros2_ws_Akshaj/src/exp3/install/exp3/lib/python3.8/site-packages/exp3-0.0.0-py3.8.egg-info
running install_scripts
Installing publisher script to /home/akshaj/Downloads/ros2_ws_AKSHAJ/ros2_ws_Akshaj/src/exp3/install/exp3/lib/exp3
Installing subscriber script to /home/akshaj/Downloads/ros2_ws_AKSHAJ/ros2_ws_Akshaj/src/exp3/install/exp3/lib/exp3
writing list of installed files to '/home/akshaj/Downloads/ros2_ws_AKSHAJ/ros2_ws_Akshaj/src/exp3/build/exp3/install.log'
