[1.795s] Invoking command in '/home/akshaj/Desktop/ros-lab-exp/ros-lab/ros2_ws_Akshaj/src/ros2_ws_exp4/src/client_pkg': PYTHONPATH=/home/akshaj/Desktop/ros-lab-exp/ros-lab/ros2_ws_Akshaj/build/client_pkg/prefix_override:/usr/lib/python3/dist-packages/colcon_core/task/python/colcon_distutils_commands:/home/akshaj/Desktop/ros-lab-exp/ros-lab/ros2_ws_Akshaj/install/client_pkg/lib/python3.10/site-packages:${PYTHONPATH} /usr/bin/python3 -W ignore:setup.py install is deprecated -W ignore:easy_install command is deprecated setup.py egg_info --egg-base ../../../../build/client_pkg build --build-base /home/akshaj/Desktop/ros-lab-exp/ros-lab/ros2_ws_Akshaj/build/client_pkg/build install --record /home/akshaj/Desktop/ros-lab-exp/ros-lab/ros2_ws_Akshaj/build/client_pkg/install.log --single-version-externally-managed install_data
[2.112s] running egg_info
[2.113s] writing ../../../../build/client_pkg/client_pkg.egg-info/PKG-INFO
[2.113s] writing dependency_links to ../../../../build/client_pkg/client_pkg.egg-info/dependency_links.txt
[2.114s] writing entry points to ../../../../build/client_pkg/client_pkg.egg-info/entry_points.txt
[2.114s] writing requirements to ../../../../build/client_pkg/client_pkg.egg-info/requires.txt
[2.114s] writing top-level names to ../../../../build/client_pkg/client_pkg.egg-info/top_level.txt
[2.116s] reading manifest file '../../../../build/client_pkg/client_pkg.egg-info/SOURCES.txt'
[2.116s] adding license file 'LICENSE'
[2.117s] writing manifest file '../../../../build/client_pkg/client_pkg.egg-info/SOURCES.txt'
[2.117s] running build
[2.118s] running build_py
[2.118s] running install
[2.118s] running install_lib
[2.120s] running install_data
[2.120s] running install_egg_info
[2.122s] removing '/home/akshaj/Desktop/ros-lab-exp/ros-lab/ros2_ws_Akshaj/install/client_pkg/lib/python3.10/site-packages/client_pkg-0.0.0-py3.10.egg-info' (and everything under it)
[2.123s] Copying ../../../../build/client_pkg/client_pkg.egg-info to /home/akshaj/Desktop/ros-lab-exp/ros-lab/ros2_ws_Akshaj/install/client_pkg/lib/python3.10/site-packages/client_pkg-0.0.0-py3.10.egg-info
[2.124s] running install_scripts
[2.149s] Installing service_client script to /home/akshaj/Desktop/ros-lab-exp/ros-lab/ros2_ws_Akshaj/install/client_pkg/lib/client_pkg
[2.149s] writing list of installed files to '/home/akshaj/Desktop/ros-lab-exp/ros-lab/ros2_ws_Akshaj/build/client_pkg/install.log'
[2.207s] Invoked command in '/home/akshaj/Desktop/ros-lab-exp/ros-lab/ros2_ws_Akshaj/src/ros2_ws_exp4/src/client_pkg' returned '0': PYTHONPATH=/home/akshaj/Desktop/ros-lab-exp/ros-lab/ros2_ws_Akshaj/build/client_pkg/prefix_override:/usr/lib/python3/dist-packages/colcon_core/task/python/colcon_distutils_commands:/home/akshaj/Desktop/ros-lab-exp/ros-lab/ros2_ws_Akshaj/install/client_pkg/lib/python3.10/site-packages:${PYTHONPATH} /usr/bin/python3 -W ignore:setup.py install is deprecated -W ignore:easy_install command is deprecated setup.py egg_info --egg-base ../../../../build/client_pkg build --build-base /home/akshaj/Desktop/ros-lab-exp/ros-lab/ros2_ws_Akshaj/build/client_pkg/build install --record /home/akshaj/Desktop/ros-lab-exp/ros-lab/ros2_ws_Akshaj/build/client_pkg/install.log --single-version-externally-managed install_data
