[1.032s] Invoking command in '/home/akshaj/Desktop/ros-lab-exp/ros-lab/ros2_ws_Akshaj/build/experiment_interfaces': CMAKE_PREFIX_PATH=${CMAKE_PREFIX_PATH}:/home/akshaj/Desktop/ros-lab-exp/ros-lab/ros2_ws_Akshaj/install/my_package:/home/akshaj/Desktop/ros-lab-exp/ros-lab/ros2_ws_Akshaj/install/exp3:/home/akshaj/Desktop/ros-lab-exp/ros-lab/ros2_ws_Akshaj/install/custom_service_test:/home/akshaj/Desktop/ros-lab-exp/ros-lab/ros2_ws_Akshaj/install/client_pkg:/home/akshaj/ros2_ws/install/my_robot:/opt/ros/humble /usr/bin/cmake --build /home/akshaj/Desktop/ros-lab-exp/ros-lab/ros2_ws_Akshaj/build/experiment_interfaces -- -j12 -l12
[1.377s] [  9%] Built target experiment_interfaces__cpp
[1.377s] [ 12%] Built target experiment_interfaces__rosidl_generator_c
[1.377s] [ 12%] Built target ament_cmake_python_copy_experiment_interfaces
[1.378s] [ 41%] Built target experiment_interfaces__rosidl_typesupport_c
[1.379s] [ 41%] Built target experiment_interfaces__rosidl_typesupport_introspection_c
[1.379s] [ 51%] Built target experiment_interfaces__rosidl_typesupport_fastrtps_c
[1.379s] [ 51%] Built target experiment_interfaces__rosidl_typesupport_cpp
[1.379s] [ 61%] Built target experiment_interfaces__rosidl_typesupport_fastrtps_cpp
[1.379s] [ 70%] Built target experiment_interfaces__rosidl_typesupport_introspection_cpp
[1.379s] [ 70%] Built target experiment_interfaces
[1.379s] [ 74%] Built target experiment_interfaces__py
[1.379s] [ 80%] Built target experiment_interfaces__rosidl_generator_py
[1.380s] [100%] Built target experiment_interfaces__rosidl_typesupport_fastrtps_c__pyext
[1.380s] [100%] Built target experiment_interfaces__rosidl_typesupport_introspection_c__pyext
[1.380s] [100%] Built target experiment_interfaces__rosidl_typesupport_c__pyext
[1.454s] running egg_info
[1.455s] writing experiment_interfaces.egg-info/PKG-INFO
[1.455s] writing dependency_links to experiment_interfaces.egg-info/dependency_links.txt
[1.455s] writing top-level names to experiment_interfaces.egg-info/top_level.txt
[1.458s] reading manifest file 'experiment_interfaces.egg-info/SOURCES.txt'
[1.459s] writing manifest file 'experiment_interfaces.egg-info/SOURCES.txt'
[1.557s] [100%] Built target ament_cmake_python_build_experiment_interfaces_egg
[1.581s] Invoked command in '/home/akshaj/Desktop/ros-lab-exp/ros-lab/ros2_ws_Akshaj/build/experiment_interfaces' returned '0': CMAKE_PREFIX_PATH=${CMAKE_PREFIX_PATH}:/home/akshaj/Desktop/ros-lab-exp/ros-lab/ros2_ws_Akshaj/install/my_package:/home/akshaj/Desktop/ros-lab-exp/ros-lab/ros2_ws_Akshaj/install/exp3:/home/akshaj/Desktop/ros-lab-exp/ros-lab/ros2_ws_Akshaj/install/custom_service_test:/home/akshaj/Desktop/ros-lab-exp/ros-lab/ros2_ws_Akshaj/install/client_pkg:/home/akshaj/ros2_ws/install/my_robot:/opt/ros/humble /usr/bin/cmake --build /home/akshaj/Desktop/ros-lab-exp/ros-lab/ros2_ws_Akshaj/build/experiment_interfaces -- -j12 -l12
[1.600s] Invoking command in '/home/akshaj/Desktop/ros-lab-exp/ros-lab/ros2_ws_Akshaj/build/experiment_interfaces': CMAKE_PREFIX_PATH=${CMAKE_PREFIX_PATH}:/home/akshaj/Desktop/ros-lab-exp/ros-lab/ros2_ws_Akshaj/install/my_package:/home/akshaj/Desktop/ros-lab-exp/ros-lab/ros2_ws_Akshaj/install/exp3:/home/akshaj/Desktop/ros-lab-exp/ros-lab/ros2_ws_Akshaj/install/custom_service_test:/home/akshaj/Desktop/ros-lab-exp/ros-lab/ros2_ws_Akshaj/install/client_pkg:/home/akshaj/ros2_ws/install/my_robot:/opt/ros/humble /usr/bin/cmake --install /home/akshaj/Desktop/ros-lab-exp/ros-lab/ros2_ws_Akshaj/build/experiment_interfaces
[1.610s] -- Install configuration: ""
[1.610s] -- Up-to-date: /home/akshaj/Desktop/ros-lab-exp/ros-lab/ros2_ws_Akshaj/install/experiment_interfaces/share/ament_index/resource_index/rosidl_interfaces/experiment_interfaces
[1.611s] -- Up-to-date: /home/akshaj/Desktop/ros-lab-exp/ros-lab/ros2_ws_Akshaj/install/experiment_interfaces/include/experiment_interfaces/experiment_interfaces
[1.611s] -- Up-to-date: /home/akshaj/Desktop/ros-lab-exp/ros-lab/ros2_ws_Akshaj/install/experiment_interfaces/include/experiment_interfaces/experiment_interfaces/msg
[1.611s] -- Up-to-date: /home/akshaj/Desktop/ros-lab-exp/ros-lab/ros2_ws_Akshaj/install/experiment_interfaces/include/experiment_interfaces/experiment_interfaces/msg/detail
[1.611s] -- Up-to-date: /home/akshaj/Desktop/ros-lab-exp/ros-lab/ros2_ws_Akshaj/install/experiment_interfaces/include/experiment_interfaces/experiment_interfaces/msg/detail/birthday__type_support.h
[1.611s] -- Up-to-date: /home/akshaj/Desktop/ros-lab-exp/ros-lab/ros2_ws_Akshaj/install/experiment_interfaces/include/experiment_interfaces/experiment_interfaces/msg/detail/birthday__functions.c
[1.611s] -- Up-to-date: /home/akshaj/Desktop/ros-lab-exp/ros-lab/ros2_ws_Akshaj/install/experiment_interfaces/include/experiment_interfaces/experiment_interfaces/msg/detail/num__struct.h
[1.612s] -- Up-to-date: /home/akshaj/Desktop/ros-lab-exp/ros-lab/ros2_ws_Akshaj/install/experiment_interfaces/include/experiment_interfaces/experiment_interfaces/msg/detail/num__functions.c
[1.612s] -- Up-to-date: /home/akshaj/Desktop/ros-lab-exp/ros-lab/ros2_ws_Akshaj/install/experiment_interfaces/include/experiment_interfaces/experiment_interfaces/msg/detail/birthday__functions.h
[1.612s] -- Up-to-date: /home/akshaj/Desktop/ros-lab-exp/ros-lab/ros2_ws_Akshaj/install/experiment_interfaces/include/experiment_interfaces/experiment_interfaces/msg/detail/birthday__struct.h
[1.612s] -- Up-to-date: /home/akshaj/Desktop/ros-lab-exp/ros-lab/ros2_ws_Akshaj/install/experiment_interfaces/include/experiment_interfaces/experiment_interfaces/msg/detail/num__type_support.h
[1.612s] -- Up-to-date: /home/akshaj/Desktop/ros-lab-exp/ros-lab/ros2_ws_Akshaj/install/experiment_interfaces/include/experiment_interfaces/experiment_interfaces/msg/detail/num__functions.h
[1.612s] -- Up-to-date: /home/akshaj/Desktop/ros-lab-exp/ros-lab/ros2_ws_Akshaj/install/experiment_interfaces/include/experiment_interfaces/experiment_interfaces/msg/num.h
[1.612s] -- Up-to-date: /home/akshaj/Desktop/ros-lab-exp/ros-lab/ros2_ws_Akshaj/install/experiment_interfaces/include/experiment_interfaces/experiment_interfaces/msg/rosidl_generator_c__visibility_control.h
[1.613s] -- Up-to-date: /home/akshaj/Desktop/ros-lab-exp/ros-lab/ros2_ws_Akshaj/install/experiment_interfaces/include/experiment_interfaces/experiment_interfaces/msg/birthday.h
[1.613s] -- Up-to-date: /home/akshaj/Desktop/ros-lab-exp/ros-lab/ros2_ws_Akshaj/install/experiment_interfaces/share/experiment_interfaces/environment/library_path.sh
[1.613s] -- Up-to-date: /home/akshaj/Desktop/ros-lab-exp/ros-lab/ros2_ws_Akshaj/install/experiment_interfaces/share/experiment_interfaces/environment/library_path.dsv
[1.613s] -- Up-to-date: /home/akshaj/Desktop/ros-lab-exp/ros-lab/ros2_ws_Akshaj/install/experiment_interfaces/lib/libexperiment_interfaces__rosidl_generator_c.so
[1.613s] -- Up-to-date: /home/akshaj/Desktop/ros-lab-exp/ros-lab/ros2_ws_Akshaj/install/experiment_interfaces/include/experiment_interfaces/experiment_interfaces
[1.613s] -- Up-to-date: /home/akshaj/Desktop/ros-lab-exp/ros-lab/ros2_ws_Akshaj/install/experiment_interfaces/include/experiment_interfaces/experiment_interfaces/msg
[1.613s] -- Up-to-date: /home/akshaj/Desktop/ros-lab-exp/ros-lab/ros2_ws_Akshaj/install/experiment_interfaces/include/experiment_interfaces/experiment_interfaces/msg/detail
[1.613s] -- Up-to-date: /home/akshaj/Desktop/ros-lab-exp/ros-lab/ros2_ws_Akshaj/install/experiment_interfaces/include/experiment_interfaces/experiment_interfaces/msg/detail/num__rosidl_typesupport_fastrtps_c.h
[1.614s] -- Up-to-date: /home/akshaj/Desktop/ros-lab-exp/ros-lab/ros2_ws_Akshaj/install/experiment_interfaces/include/experiment_interfaces/experiment_interfaces/msg/detail/birthday__rosidl_typesupport_fastrtps_c.h
[1.614s] -- Up-to-date: /home/akshaj/Desktop/ros-lab-exp/ros-lab/ros2_ws_Akshaj/install/experiment_interfaces/include/experiment_interfaces/experiment_interfaces/msg/rosidl_typesupport_fastrtps_c__visibility_control.h
[1.614s] -- Up-to-date: /home/akshaj/Desktop/ros-lab-exp/ros-lab/ros2_ws_Akshaj/install/experiment_interfaces/lib/libexperiment_interfaces__rosidl_typesupport_fastrtps_c.so
[1.614s] -- Up-to-date: /home/akshaj/Desktop/ros-lab-exp/ros-lab/ros2_ws_Akshaj/install/experiment_interfaces/include/experiment_interfaces/experiment_interfaces
[1.614s] -- Up-to-date: /home/akshaj/Desktop/ros-lab-exp/ros-lab/ros2_ws_Akshaj/install/experiment_interfaces/include/experiment_interfaces/experiment_interfaces/msg
[1.614s] -- Up-to-date: /home/akshaj/Desktop/ros-lab-exp/ros-lab/ros2_ws_Akshaj/install/experiment_interfaces/include/experiment_interfaces/experiment_interfaces/msg/rosidl_typesupport_introspection_c__visibility_control.h
[1.614s] -- Up-to-date: /home/akshaj/Desktop/ros-lab-exp/ros-lab/ros2_ws_Akshaj/install/experiment_interfaces/include/experiment_interfaces/experiment_interfaces/msg/detail
[1.615s] -- Up-to-date: /home/akshaj/Desktop/ros-lab-exp/ros-lab/ros2_ws_Akshaj/install/experiment_interfaces/include/experiment_interfaces/experiment_interfaces/msg/detail/birthday__rosidl_typesupport_introspection_c.h
[1.615s] -- Up-to-date: /home/akshaj/Desktop/ros-lab-exp/ros-lab/ros2_ws_Akshaj/install/experiment_interfaces/include/experiment_interfaces/experiment_interfaces/msg/detail/num__type_support.c
[1.615s] -- Up-to-date: /home/akshaj/Desktop/ros-lab-exp/ros-lab/ros2_ws_Akshaj/install/experiment_interfaces/include/experiment_interfaces/experiment_interfaces/msg/detail/birthday__type_support.c
[1.615s] -- Up-to-date: /home/akshaj/Desktop/ros-lab-exp/ros-lab/ros2_ws_Akshaj/install/experiment_interfaces/include/experiment_interfaces/experiment_interfaces/msg/detail/num__rosidl_typesupport_introspection_c.h
[1.615s] -- Up-to-date: /home/akshaj/Desktop/ros-lab-exp/ros-lab/ros2_ws_Akshaj/install/experiment_interfaces/lib/libexperiment_interfaces__rosidl_typesupport_introspection_c.so
[1.615s] -- Up-to-date: /home/akshaj/Desktop/ros-lab-exp/ros-lab/ros2_ws_Akshaj/install/experiment_interfaces/lib/libexperiment_interfaces__rosidl_typesupport_c.so
[1.615s] -- Up-to-date: /home/akshaj/Desktop/ros-lab-exp/ros-lab/ros2_ws_Akshaj/install/experiment_interfaces/include/experiment_interfaces/experiment_interfaces
[1.616s] -- Up-to-date: /home/akshaj/Desktop/ros-lab-exp/ros-lab/ros2_ws_Akshaj/install/experiment_interfaces/include/experiment_interfaces/experiment_interfaces/msg
[1.616s] -- Up-to-date: /home/akshaj/Desktop/ros-lab-exp/ros-lab/ros2_ws_Akshaj/install/experiment_interfaces/include/experiment_interfaces/experiment_interfaces/msg/detail
[1.616s] -- Up-to-date: /home/akshaj/Desktop/ros-lab-exp/ros-lab/ros2_ws_Akshaj/install/experiment_interfaces/include/experiment_interfaces/experiment_interfaces/msg/detail/num__builder.hpp
[1.616s] -- Up-to-date: /home/akshaj/Desktop/ros-lab-exp/ros-lab/ros2_ws_Akshaj/install/experiment_interfaces/include/experiment_interfaces/experiment_interfaces/msg/detail/num__type_support.hpp
[1.616s] -- Up-to-date: /home/akshaj/Desktop/ros-lab-exp/ros-lab/ros2_ws_Akshaj/install/experiment_interfaces/include/experiment_interfaces/experiment_interfaces/msg/detail/birthday__traits.hpp
[1.616s] -- Up-to-date: /home/akshaj/Desktop/ros-lab-exp/ros-lab/ros2_ws_Akshaj/install/experiment_interfaces/include/experiment_interfaces/experiment_interfaces/msg/detail/birthday__type_support.hpp
[1.616s] -- Up-to-date: /home/akshaj/Desktop/ros-lab-exp/ros-lab/ros2_ws_Akshaj/install/experiment_interfaces/include/experiment_interfaces/experiment_interfaces/msg/detail/num__traits.hpp
[1.616s] -- Up-to-date: /home/akshaj/Desktop/ros-lab-exp/ros-lab/ros2_ws_Akshaj/install/experiment_interfaces/include/experiment_interfaces/experiment_interfaces/msg/detail/birthday__builder.hpp
[1.617s] -- Up-to-date: /home/akshaj/Desktop/ros-lab-exp/ros-lab/ros2_ws_Akshaj/install/experiment_interfaces/include/experiment_interfaces/experiment_interfaces/msg/detail/birthday__struct.hpp
[1.617s] -- Up-to-date: /home/akshaj/Desktop/ros-lab-exp/ros-lab/ros2_ws_Akshaj/install/experiment_interfaces/include/experiment_interfaces/experiment_interfaces/msg/detail/num__struct.hpp
[1.617s] -- Up-to-date: /home/akshaj/Desktop/ros-lab-exp/ros-lab/ros2_ws_Akshaj/install/experiment_interfaces/include/experiment_interfaces/experiment_interfaces/msg/num.hpp
[1.617s] -- Up-to-date: /home/akshaj/Desktop/ros-lab-exp/ros-lab/ros2_ws_Akshaj/install/experiment_interfaces/include/experiment_interfaces/experiment_interfaces/msg/birthday.hpp
[1.617s] -- Up-to-date: /home/akshaj/Desktop/ros-lab-exp/ros-lab/ros2_ws_Akshaj/install/experiment_interfaces/include/experiment_interfaces/experiment_interfaces/msg/rosidl_generator_cpp__visibility_control.hpp
[1.617s] -- Up-to-date: /home/akshaj/Desktop/ros-lab-exp/ros-lab/ros2_ws_Akshaj/install/experiment_interfaces/include/experiment_interfaces/experiment_interfaces
[1.617s] -- Up-to-date: /home/akshaj/Desktop/ros-lab-exp/ros-lab/ros2_ws_Akshaj/install/experiment_interfaces/include/experiment_interfaces/experiment_interfaces/msg
[1.618s] -- Up-to-date: /home/akshaj/Desktop/ros-lab-exp/ros-lab/ros2_ws_Akshaj/install/experiment_interfaces/include/experiment_interfaces/experiment_interfaces/msg/rosidl_typesupport_fastrtps_cpp__visibility_control.h
[1.618s] -- Up-to-date: /home/akshaj/Desktop/ros-lab-exp/ros-lab/ros2_ws_Akshaj/install/experiment_interfaces/include/experiment_interfaces/experiment_interfaces/msg/detail
[1.618s] -- Up-to-date: /home/akshaj/Desktop/ros-lab-exp/ros-lab/ros2_ws_Akshaj/install/experiment_interfaces/include/experiment_interfaces/experiment_interfaces/msg/detail/dds_fastrtps
[1.618s] -- Up-to-date: /home/akshaj/Desktop/ros-lab-exp/ros-lab/ros2_ws_Akshaj/install/experiment_interfaces/include/experiment_interfaces/experiment_interfaces/msg/detail/num__rosidl_typesupport_fastrtps_cpp.hpp
[1.618s] -- Up-to-date: /home/akshaj/Desktop/ros-lab-exp/ros-lab/ros2_ws_Akshaj/install/experiment_interfaces/include/experiment_interfaces/experiment_interfaces/msg/detail/birthday__rosidl_typesupport_fastrtps_cpp.hpp
[1.618s] -- Up-to-date: /home/akshaj/Desktop/ros-lab-exp/ros-lab/ros2_ws_Akshaj/install/experiment_interfaces/lib/libexperiment_interfaces__rosidl_typesupport_fastrtps_cpp.so
[1.618s] -- Up-to-date: /home/akshaj/Desktop/ros-lab-exp/ros-lab/ros2_ws_Akshaj/install/experiment_interfaces/include/experiment_interfaces/experiment_interfaces
[1.618s] -- Up-to-date: /home/akshaj/Desktop/ros-lab-exp/ros-lab/ros2_ws_Akshaj/install/experiment_interfaces/include/experiment_interfaces/experiment_interfaces/msg
[1.619s] -- Up-to-date: /home/akshaj/Desktop/ros-lab-exp/ros-lab/ros2_ws_Akshaj/install/experiment_interfaces/include/experiment_interfaces/experiment_interfaces/msg/detail
[1.619s] -- Up-to-date: /home/akshaj/Desktop/ros-lab-exp/ros-lab/ros2_ws_Akshaj/install/experiment_interfaces/include/experiment_interfaces/experiment_interfaces/msg/detail/num__rosidl_typesupport_introspection_cpp.hpp
[1.619s] -- Up-to-date: /home/akshaj/Desktop/ros-lab-exp/ros-lab/ros2_ws_Akshaj/install/experiment_interfaces/include/experiment_interfaces/experiment_interfaces/msg/detail/birthday__rosidl_typesupport_introspection_cpp.hpp
[1.619s] -- Up-to-date: /home/akshaj/Desktop/ros-lab-exp/ros-lab/ros2_ws_Akshaj/install/experiment_interfaces/include/experiment_interfaces/experiment_interfaces/msg/detail/num__type_support.cpp
[1.619s] -- Up-to-date: /home/akshaj/Desktop/ros-lab-exp/ros-lab/ros2_ws_Akshaj/install/experiment_interfaces/include/experiment_interfaces/experiment_interfaces/msg/detail/birthday__type_support.cpp
[1.619s] -- Up-to-date: /home/akshaj/Desktop/ros-lab-exp/ros-lab/ros2_ws_Akshaj/install/experiment_interfaces/lib/libexperiment_interfaces__rosidl_typesupport_introspection_cpp.so
[1.619s] -- Up-to-date: /home/akshaj/Desktop/ros-lab-exp/ros-lab/ros2_ws_Akshaj/install/experiment_interfaces/lib/libexperiment_interfaces__rosidl_typesupport_cpp.so
[1.619s] -- Up-to-date: /home/akshaj/Desktop/ros-lab-exp/ros-lab/ros2_ws_Akshaj/install/experiment_interfaces/share/experiment_interfaces/environment/pythonpath.sh
[1.620s] -- Up-to-date: /home/akshaj/Desktop/ros-lab-exp/ros-lab/ros2_ws_Akshaj/install/experiment_interfaces/share/experiment_interfaces/environment/pythonpath.dsv
[1.620s] -- Up-to-date: /home/akshaj/Desktop/ros-lab-exp/ros-lab/ros2_ws_Akshaj/install/experiment_interfaces/local/lib/python3.10/dist-packages/experiment_interfaces-0.0.0-py3.10.egg-info
[1.620s] -- Installing: /home/akshaj/Desktop/ros-lab-exp/ros-lab/ros2_ws_Akshaj/install/experiment_interfaces/local/lib/python3.10/dist-packages/experiment_interfaces-0.0.0-py3.10.egg-info/SOURCES.txt
[1.620s] -- Installing: /home/akshaj/Desktop/ros-lab-exp/ros-lab/ros2_ws_Akshaj/install/experiment_interfaces/local/lib/python3.10/dist-packages/experiment_interfaces-0.0.0-py3.10.egg-info/top_level.txt
[1.620s] -- Installing: /home/akshaj/Desktop/ros-lab-exp/ros-lab/ros2_ws_Akshaj/install/experiment_interfaces/local/lib/python3.10/dist-packages/experiment_interfaces-0.0.0-py3.10.egg-info/dependency_links.txt
[1.620s] -- Installing: /home/akshaj/Desktop/ros-lab-exp/ros-lab/ros2_ws_Akshaj/install/experiment_interfaces/local/lib/python3.10/dist-packages/experiment_interfaces-0.0.0-py3.10.egg-info/PKG-INFO
[1.621s] -- Up-to-date: /home/akshaj/Desktop/ros-lab-exp/ros-lab/ros2_ws_Akshaj/install/experiment_interfaces/local/lib/python3.10/dist-packages/experiment_interfaces
[1.621s] -- Up-to-date: /home/akshaj/Desktop/ros-lab-exp/ros-lab/ros2_ws_Akshaj/install/experiment_interfaces/local/lib/python3.10/dist-packages/experiment_interfaces/msg
[1.621s] -- Up-to-date: /home/akshaj/Desktop/ros-lab-exp/ros-lab/ros2_ws_Akshaj/install/experiment_interfaces/local/lib/python3.10/dist-packages/experiment_interfaces/msg/__init__.py
[1.621s] -- Up-to-date: /home/akshaj/Desktop/ros-lab-exp/ros-lab/ros2_ws_Akshaj/install/experiment_interfaces/local/lib/python3.10/dist-packages/experiment_interfaces/msg/_birthday_s.c
[1.621s] -- Up-to-date: /home/akshaj/Desktop/ros-lab-exp/ros-lab/ros2_ws_Akshaj/install/experiment_interfaces/local/lib/python3.10/dist-packages/experiment_interfaces/msg/_num.py
[1.622s] -- Up-to-date: /home/akshaj/Desktop/ros-lab-exp/ros-lab/ros2_ws_Akshaj/install/experiment_interfaces/local/lib/python3.10/dist-packages/experiment_interfaces/msg/_birthday.py
[1.622s] -- Up-to-date: /home/akshaj/Desktop/ros-lab-exp/ros-lab/ros2_ws_Akshaj/install/experiment_interfaces/local/lib/python3.10/dist-packages/experiment_interfaces/msg/_num_s.c
[1.622s] -- Up-to-date: /home/akshaj/Desktop/ros-lab-exp/ros-lab/ros2_ws_Akshaj/install/experiment_interfaces/local/lib/python3.10/dist-packages/experiment_interfaces/libexperiment_interfaces__rosidl_generator_py.so
[1.622s] -- Up-to-date: /home/akshaj/Desktop/ros-lab-exp/ros-lab/ros2_ws_Akshaj/install/experiment_interfaces/local/lib/python3.10/dist-packages/experiment_interfaces/__init__.py
[1.622s] -- Up-to-date: /home/akshaj/Desktop/ros-lab-exp/ros-lab/ros2_ws_Akshaj/install/experiment_interfaces/local/lib/python3.10/dist-packages/experiment_interfaces/_experiment_interfaces_s.ep.rosidl_typesupport_c.c
[1.622s] -- Up-to-date: /home/akshaj/Desktop/ros-lab-exp/ros-lab/ros2_ws_Akshaj/install/experiment_interfaces/local/lib/python3.10/dist-packages/experiment_interfaces/experiment_interfaces_s__rosidl_typesupport_fastrtps_c.cpython-310-x86_64-linux-gnu.so
[1.622s] -- Up-to-date: /home/akshaj/Desktop/ros-lab-exp/ros-lab/ros2_ws_Akshaj/install/experiment_interfaces/local/lib/python3.10/dist-packages/experiment_interfaces/_experiment_interfaces_s.ep.rosidl_typesupport_introspection_c.c
[1.623s] -- Up-to-date: /home/akshaj/Desktop/ros-lab-exp/ros-lab/ros2_ws_Akshaj/install/experiment_interfaces/local/lib/python3.10/dist-packages/experiment_interfaces/experiment_interfaces_s__rosidl_typesupport_c.cpython-310-x86_64-linux-gnu.so
[1.623s] -- Up-to-date: /home/akshaj/Desktop/ros-lab-exp/ros-lab/ros2_ws_Akshaj/install/experiment_interfaces/local/lib/python3.10/dist-packages/experiment_interfaces/experiment_interfaces_s__rosidl_typesupport_introspection_c.cpython-310-x86_64-linux-gnu.so
[1.623s] -- Up-to-date: /home/akshaj/Desktop/ros-lab-exp/ros-lab/ros2_ws_Akshaj/install/experiment_interfaces/local/lib/python3.10/dist-packages/experiment_interfaces/_experiment_interfaces_s.ep.rosidl_typesupport_fastrtps_c.c
[1.681s] Listing '/home/akshaj/Desktop/ros-lab-exp/ros-lab/ros2_ws_Akshaj/install/experiment_interfaces/local/lib/python3.10/dist-packages/experiment_interfaces'...
[1.681s] Listing '/home/akshaj/Desktop/ros-lab-exp/ros-lab/ros2_ws_Akshaj/install/experiment_interfaces/local/lib/python3.10/dist-packages/experiment_interfaces/msg'...
[1.687s] -- Up-to-date: /home/akshaj/Desktop/ros-lab-exp/ros-lab/ros2_ws_Akshaj/install/experiment_interfaces/local/lib/python3.10/dist-packages/experiment_interfaces/experiment_interfaces_s__rosidl_typesupport_fastrtps_c.cpython-310-x86_64-linux-gnu.so
[1.688s] -- Up-to-date: /home/akshaj/Desktop/ros-lab-exp/ros-lab/ros2_ws_Akshaj/install/experiment_interfaces/local/lib/python3.10/dist-packages/experiment_interfaces/experiment_interfaces_s__rosidl_typesupport_introspection_c.cpython-310-x86_64-linux-gnu.so
[1.688s] -- Up-to-date: /home/akshaj/Desktop/ros-lab-exp/ros-lab/ros2_ws_Akshaj/install/experiment_interfaces/local/lib/python3.10/dist-packages/experiment_interfaces/experiment_interfaces_s__rosidl_typesupport_c.cpython-310-x86_64-linux-gnu.so
[1.689s] -- Up-to-date: /home/akshaj/Desktop/ros-lab-exp/ros-lab/ros2_ws_Akshaj/install/experiment_interfaces/lib/libexperiment_interfaces__rosidl_generator_py.so
[1.689s] -- Up-to-date: /home/akshaj/Desktop/ros-lab-exp/ros-lab/ros2_ws_Akshaj/install/experiment_interfaces/share/experiment_interfaces/msg/Birthday.idl
[1.690s] -- Up-to-date: /home/akshaj/Desktop/ros-lab-exp/ros-lab/ros2_ws_Akshaj/install/experiment_interfaces/share/experiment_interfaces/msg/Birthday.msg
[1.690s] -- Up-to-date: /home/akshaj/Desktop/ros-lab-exp/ros-lab/ros2_ws_Akshaj/install/experiment_interfaces/share/ament_index/resource_index/package_run_dependencies/experiment_interfaces
[1.690s] -- Up-to-date: /home/akshaj/Desktop/ros-lab-exp/ros-lab/ros2_ws_Akshaj/install/experiment_interfaces/share/ament_index/resource_index/parent_prefix_path/experiment_interfaces
[1.691s] -- Up-to-date: /home/akshaj/Desktop/ros-lab-exp/ros-lab/ros2_ws_Akshaj/install/experiment_interfaces/share/experiment_interfaces/environment/ament_prefix_path.sh
[1.691s] -- Up-to-date: /home/akshaj/Desktop/ros-lab-exp/ros-lab/ros2_ws_Akshaj/install/experiment_interfaces/share/experiment_interfaces/environment/ament_prefix_path.dsv
[1.691s] -- Up-to-date: /home/akshaj/Desktop/ros-lab-exp/ros-lab/ros2_ws_Akshaj/install/experiment_interfaces/share/experiment_interfaces/environment/path.sh
[1.691s] -- Up-to-date: /home/akshaj/Desktop/ros-lab-exp/ros-lab/ros2_ws_Akshaj/install/experiment_interfaces/share/experiment_interfaces/environment/path.dsv
[1.691s] -- Up-to-date: /home/akshaj/Desktop/ros-lab-exp/ros-lab/ros2_ws_Akshaj/install/experiment_interfaces/share/experiment_interfaces/local_setup.bash
[1.694s] -- Up-to-date: /home/akshaj/Desktop/ros-lab-exp/ros-lab/ros2_ws_Akshaj/install/experiment_interfaces/share/experiment_interfaces/local_setup.sh
[1.695s] -- Up-to-date: /home/akshaj/Desktop/ros-lab-exp/ros-lab/ros2_ws_Akshaj/install/experiment_interfaces/share/experiment_interfaces/local_setup.zsh
[1.695s] -- Up-to-date: /home/akshaj/Desktop/ros-lab-exp/ros-lab/ros2_ws_Akshaj/install/experiment_interfaces/share/experiment_interfaces/local_setup.dsv
[1.695s] -- Installing: /home/akshaj/Desktop/ros-lab-exp/ros-lab/ros2_ws_Akshaj/install/experiment_interfaces/share/experiment_interfaces/package.dsv
[1.695s] -- Up-to-date: /home/akshaj/Desktop/ros-lab-exp/ros-lab/ros2_ws_Akshaj/install/experiment_interfaces/share/ament_index/resource_index/packages/experiment_interfaces
[1.696s] -- Up-to-date: /home/akshaj/Desktop/ros-lab-exp/ros-lab/ros2_ws_Akshaj/install/experiment_interfaces/share/experiment_interfaces/cmake/export_experiment_interfaces__rosidl_generator_cExport.cmake
[1.696s] -- Up-to-date: /home/akshaj/Desktop/ros-lab-exp/ros-lab/ros2_ws_Akshaj/install/experiment_interfaces/share/experiment_interfaces/cmake/export_experiment_interfaces__rosidl_generator_cExport-noconfig.cmake
[1.696s] -- Up-to-date: /home/akshaj/Desktop/ros-lab-exp/ros-lab/ros2_ws_Akshaj/install/experiment_interfaces/share/experiment_interfaces/cmake/export_experiment_interfaces__rosidl_typesupport_fastrtps_cExport.cmake
[1.696s] -- Up-to-date: /home/akshaj/Desktop/ros-lab-exp/ros-lab/ros2_ws_Akshaj/install/experiment_interfaces/share/experiment_interfaces/cmake/export_experiment_interfaces__rosidl_typesupport_fastrtps_cExport-noconfig.cmake
[1.696s] -- Up-to-date: /home/akshaj/Desktop/ros-lab-exp/ros-lab/ros2_ws_Akshaj/install/experiment_interfaces/share/experiment_interfaces/cmake/experiment_interfaces__rosidl_typesupport_introspection_cExport.cmake
[1.696s] -- Up-to-date: /home/akshaj/Desktop/ros-lab-exp/ros-lab/ros2_ws_Akshaj/install/experiment_interfaces/share/experiment_interfaces/cmake/experiment_interfaces__rosidl_typesupport_introspection_cExport-noconfig.cmake
[1.696s] -- Up-to-date: /home/akshaj/Desktop/ros-lab-exp/ros-lab/ros2_ws_Akshaj/install/experiment_interfaces/share/experiment_interfaces/cmake/experiment_interfaces__rosidl_typesupport_cExport.cmake
[1.696s] -- Up-to-date: /home/akshaj/Desktop/ros-lab-exp/ros-lab/ros2_ws_Akshaj/install/experiment_interfaces/share/experiment_interfaces/cmake/experiment_interfaces__rosidl_typesupport_cExport-noconfig.cmake
[1.697s] -- Up-to-date: /home/akshaj/Desktop/ros-lab-exp/ros-lab/ros2_ws_Akshaj/install/experiment_interfaces/share/experiment_interfaces/cmake/export_experiment_interfaces__rosidl_generator_cppExport.cmake
[1.697s] -- Up-to-date: /home/akshaj/Desktop/ros-lab-exp/ros-lab/ros2_ws_Akshaj/install/experiment_interfaces/share/experiment_interfaces/cmake/export_experiment_interfaces__rosidl_typesupport_fastrtps_cppExport.cmake
[1.697s] -- Up-to-date: /home/akshaj/Desktop/ros-lab-exp/ros-lab/ros2_ws_Akshaj/install/experiment_interfaces/share/experiment_interfaces/cmake/export_experiment_interfaces__rosidl_typesupport_fastrtps_cppExport-noconfig.cmake
[1.697s] -- Up-to-date: /home/akshaj/Desktop/ros-lab-exp/ros-lab/ros2_ws_Akshaj/install/experiment_interfaces/share/experiment_interfaces/cmake/experiment_interfaces__rosidl_typesupport_introspection_cppExport.cmake
[1.697s] -- Up-to-date: /home/akshaj/Desktop/ros-lab-exp/ros-lab/ros2_ws_Akshaj/install/experiment_interfaces/share/experiment_interfaces/cmake/experiment_interfaces__rosidl_typesupport_introspection_cppExport-noconfig.cmake
[1.697s] -- Up-to-date: /home/akshaj/Desktop/ros-lab-exp/ros-lab/ros2_ws_Akshaj/install/experiment_interfaces/share/experiment_interfaces/cmake/experiment_interfaces__rosidl_typesupport_cppExport.cmake
[1.697s] -- Up-to-date: /home/akshaj/Desktop/ros-lab-exp/ros-lab/ros2_ws_Akshaj/install/experiment_interfaces/share/experiment_interfaces/cmake/experiment_interfaces__rosidl_typesupport_cppExport-noconfig.cmake
[1.697s] -- Up-to-date: /home/akshaj/Desktop/ros-lab-exp/ros-lab/ros2_ws_Akshaj/install/experiment_interfaces/share/experiment_interfaces/cmake/export_experiment_interfaces__rosidl_generator_pyExport.cmake
[1.697s] -- Up-to-date: /home/akshaj/Desktop/ros-lab-exp/ros-lab/ros2_ws_Akshaj/install/experiment_interfaces/share/experiment_interfaces/cmake/export_experiment_interfaces__rosidl_generator_pyExport-noconfig.cmake
[1.698s] -- Up-to-date: /home/akshaj/Desktop/ros-lab-exp/ros-lab/ros2_ws_Akshaj/install/experiment_interfaces/share/experiment_interfaces/cmake/rosidl_cmake-extras.cmake
[1.698s] -- Up-to-date: /home/akshaj/Desktop/ros-lab-exp/ros-lab/ros2_ws_Akshaj/install/experiment_interfaces/share/experiment_interfaces/cmake/ament_cmake_export_dependencies-extras.cmake
[1.698s] -- Up-to-date: /home/akshaj/Desktop/ros-lab-exp/ros-lab/ros2_ws_Akshaj/install/experiment_interfaces/share/experiment_interfaces/cmake/ament_cmake_export_include_directories-extras.cmake
[1.698s] -- Up-to-date: /home/akshaj/Desktop/ros-lab-exp/ros-lab/ros2_ws_Akshaj/install/experiment_interfaces/share/experiment_interfaces/cmake/ament_cmake_export_libraries-extras.cmake
[1.698s] -- Up-to-date: /home/akshaj/Desktop/ros-lab-exp/ros-lab/ros2_ws_Akshaj/install/experiment_interfaces/share/experiment_interfaces/cmake/ament_cmake_export_targets-extras.cmake
[1.698s] -- Up-to-date: /home/akshaj/Desktop/ros-lab-exp/ros-lab/ros2_ws_Akshaj/install/experiment_interfaces/share/experiment_interfaces/cmake/rosidl_cmake_export_typesupport_targets-extras.cmake
[1.698s] -- Up-to-date: /home/akshaj/Desktop/ros-lab-exp/ros-lab/ros2_ws_Akshaj/install/experiment_interfaces/share/experiment_interfaces/cmake/rosidl_cmake_export_typesupport_libraries-extras.cmake
[1.698s] -- Up-to-date: /home/akshaj/Desktop/ros-lab-exp/ros-lab/ros2_ws_Akshaj/install/experiment_interfaces/share/experiment_interfaces/cmake/experiment_interfacesConfig.cmake
[1.699s] -- Up-to-date: /home/akshaj/Desktop/ros-lab-exp/ros-lab/ros2_ws_Akshaj/install/experiment_interfaces/share/experiment_interfaces/cmake/experiment_interfacesConfig-version.cmake
[1.699s] -- Up-to-date: /home/akshaj/Desktop/ros-lab-exp/ros-lab/ros2_ws_Akshaj/install/experiment_interfaces/share/experiment_interfaces/package.xml
[1.701s] Invoked command in '/home/akshaj/Desktop/ros-lab-exp/ros-lab/ros2_ws_Akshaj/build/experiment_interfaces' returned '0': CMAKE_PREFIX_PATH=${CMAKE_PREFIX_PATH}:/home/akshaj/Desktop/ros-lab-exp/ros-lab/ros2_ws_Akshaj/install/my_package:/home/akshaj/Desktop/ros-lab-exp/ros-lab/ros2_ws_Akshaj/install/exp3:/home/akshaj/Desktop/ros-lab-exp/ros-lab/ros2_ws_Akshaj/install/custom_service_test:/home/akshaj/Desktop/ros-lab-exp/ros-lab/ros2_ws_Akshaj/install/client_pkg:/home/akshaj/ros2_ws/install/my_robot:/opt/ros/humble /usr/bin/cmake --install /home/akshaj/Desktop/ros-lab-exp/ros-lab/ros2_ws_Akshaj/build/experiment_interfaces
