[2.764s] Invoking command in '/home/akshaj/Desktop/ros-lab-exp/ros-lab/ros2_ws_Akshaj/build/urdfbot_description': CMAKE_PREFIX_PATH=/opt/ros/humble /usr/bin/cmake /home/akshaj/Desktop/ros-lab-exp/ros-lab/ros2_ws_Akshaj/src/urdfbot_description -DCMAKE_INSTALL_PREFIX=/home/akshaj/Desktop/ros-lab-exp/ros-lab/ros2_ws_Akshaj/install/urdfbot_description
[2.830s] -- The C compiler identification is GNU 11.4.0
[2.896s] -- The CXX compiler identification is GNU 11.4.0
[2.905s] -- Detecting C compiler ABI info
[2.987s] -- Detecting C compiler ABI info - done
[2.996s] -- Check for working C compiler: /usr/bin/cc - skipped
[2.997s] -- Detecting C compile features
[2.997s] -- Detecting C compile features - done
[3.000s] -- Detecting CXX compiler ABI info
[3.104s] -- Detecting CXX compiler ABI info - done
[3.115s] -- Check for working CXX compiler: /usr/bin/c++ - skipped
[3.116s] -- Detecting CXX compile features
[3.117s] -- Detecting CXX compile features - done
[3.123s] -- Found ament_cmake: 1.3.11 (/opt/ros/humble/share/ament_cmake/cmake)
[4.495s] -- Found Python3: /usr/bin/python3 (found version "3.10.12") found components: Interpreter 
[4.670s] -- Found urdf: 2.6.1 (/opt/ros/humble/share/urdf/cmake)
[4.790s] -- Found xacro: 2.0.8 (/opt/ros/humble/share/xacro/cmake)
[4.794s] -- Found ament_lint_auto: 0.12.11 (/opt/ros/humble/share/ament_lint_auto/cmake)
[5.090s] -- Added test 'lint_cmake' to check CMake code style
[5.099s] -- Added test 'xmllint' to check XML markup files
[5.105s] -- Configuring done
[5.119s] -- Generating done
[5.125s] -- Build files have been written to: /home/akshaj/Desktop/ros-lab-exp/ros-lab/ros2_ws_Akshaj/build/urdfbot_description
[5.153s] Invoked command in '/home/akshaj/Desktop/ros-lab-exp/ros-lab/ros2_ws_Akshaj/build/urdfbot_description' returned '0': CMAKE_PREFIX_PATH=/opt/ros/humble /usr/bin/cmake /home/akshaj/Desktop/ros-lab-exp/ros-lab/ros2_ws_Akshaj/src/urdfbot_description -DCMAKE_INSTALL_PREFIX=/home/akshaj/Desktop/ros-lab-exp/ros-lab/ros2_ws_Akshaj/install/urdfbot_description
[5.155s] Invoking command in '/home/akshaj/Desktop/ros-lab-exp/ros-lab/ros2_ws_Akshaj/build/urdfbot_description': CMAKE_PREFIX_PATH=/opt/ros/humble /usr/bin/cmake --build /home/akshaj/Desktop/ros-lab-exp/ros-lab/ros2_ws_Akshaj/build/urdfbot_description -- -j12 -l12
[5.239s] Invoked command in '/home/akshaj/Desktop/ros-lab-exp/ros-lab/ros2_ws_Akshaj/build/urdfbot_description' returned '0': CMAKE_PREFIX_PATH=/opt/ros/humble /usr/bin/cmake --build /home/akshaj/Desktop/ros-lab-exp/ros-lab/ros2_ws_Akshaj/build/urdfbot_description -- -j12 -l12
[5.259s] Invoking command in '/home/akshaj/Desktop/ros-lab-exp/ros-lab/ros2_ws_Akshaj/build/urdfbot_description': CMAKE_PREFIX_PATH=/opt/ros/humble /usr/bin/cmake --install /home/akshaj/Desktop/ros-lab-exp/ros-lab/ros2_ws_Akshaj/build/urdfbot_description
[5.272s] -- Install configuration: ""
[5.272s] -- Installing: /home/akshaj/Desktop/ros-lab-exp/ros-lab/ros2_ws_Akshaj/install/urdfbot_description/share/urdfbot_description//urdf
[5.272s] -- Installing: /home/akshaj/Desktop/ros-lab-exp/ros-lab/ros2_ws_Akshaj/install/urdfbot_description/share/urdfbot_description//urdf/urdfbot_simple.urdf
[5.282s] -- Installing: /home/akshaj/Desktop/ros-lab-exp/ros-lab/ros2_ws_Akshaj/install/urdfbot_description/share/urdfbot_description//launch
[5.282s] -- Installing: /home/akshaj/Desktop/ros-lab-exp/ros-lab/ros2_ws_Akshaj/install/urdfbot_description/share/urdfbot_description//launch/show.launch.xml
[5.282s] -- Installing: /home/akshaj/Desktop/ros-lab-exp/ros-lab/ros2_ws_Akshaj/install/urdfbot_description/share/urdfbot_description//rviz
[5.282s] -- Installing: /home/akshaj/Desktop/ros-lab-exp/ros-lab/ros2_ws_Akshaj/install/urdfbot_description/share/urdfbot_description//rviz/new.rviz
[5.282s] -- Installing: /home/akshaj/Desktop/ros-lab-exp/ros-lab/ros2_ws_Akshaj/install/urdfbot_description/share/ament_index/resource_index/package_run_dependencies/urdfbot_description
[5.282s] -- Installing: /home/akshaj/Desktop/ros-lab-exp/ros-lab/ros2_ws_Akshaj/install/urdfbot_description/share/ament_index/resource_index/parent_prefix_path/urdfbot_description
[5.290s] -- Installing: /home/akshaj/Desktop/ros-lab-exp/ros-lab/ros2_ws_Akshaj/install/urdfbot_description/share/urdfbot_description/environment/ament_prefix_path.sh
[5.290s] -- Installing: /home/akshaj/Desktop/ros-lab-exp/ros-lab/ros2_ws_Akshaj/install/urdfbot_description/share/urdfbot_description/environment/ament_prefix_path.dsv
[5.290s] -- Installing: /home/akshaj/Desktop/ros-lab-exp/ros-lab/ros2_ws_Akshaj/install/urdfbot_description/share/urdfbot_description/environment/path.sh
[5.290s] -- Installing: /home/akshaj/Desktop/ros-lab-exp/ros-lab/ros2_ws_Akshaj/install/urdfbot_description/share/urdfbot_description/environment/path.dsv
[5.290s] -- Installing: /home/akshaj/Desktop/ros-lab-exp/ros-lab/ros2_ws_Akshaj/install/urdfbot_description/share/urdfbot_description/local_setup.bash
[5.290s] -- Installing: /home/akshaj/Desktop/ros-lab-exp/ros-lab/ros2_ws_Akshaj/install/urdfbot_description/share/urdfbot_description/local_setup.sh
[5.291s] -- Installing: /home/akshaj/Desktop/ros-lab-exp/ros-lab/ros2_ws_Akshaj/install/urdfbot_description/share/urdfbot_description/local_setup.zsh
[5.291s] -- Installing: /home/akshaj/Desktop/ros-lab-exp/ros-lab/ros2_ws_Akshaj/install/urdfbot_description/share/urdfbot_description/local_setup.dsv
[5.291s] -- Installing: /home/akshaj/Desktop/ros-lab-exp/ros-lab/ros2_ws_Akshaj/install/urdfbot_description/share/urdfbot_description/package.dsv
[5.291s] -- Installing: /home/akshaj/Desktop/ros-lab-exp/ros-lab/ros2_ws_Akshaj/install/urdfbot_description/share/ament_index/resource_index/packages/urdfbot_description
[5.291s] -- Installing: /home/akshaj/Desktop/ros-lab-exp/ros-lab/ros2_ws_Akshaj/install/urdfbot_description/share/urdfbot_description/cmake/urdfbot_descriptionConfig.cmake
[5.291s] -- Installing: /home/akshaj/Desktop/ros-lab-exp/ros-lab/ros2_ws_Akshaj/install/urdfbot_description/share/urdfbot_description/cmake/urdfbot_descriptionConfig-version.cmake
[5.292s] -- Installing: /home/akshaj/Desktop/ros-lab-exp/ros-lab/ros2_ws_Akshaj/install/urdfbot_description/share/urdfbot_description/package.xml
[5.301s] Invoked command in '/home/akshaj/Desktop/ros-lab-exp/ros-lab/ros2_ws_Akshaj/build/urdfbot_description' returned '0': CMAKE_PREFIX_PATH=/opt/ros/humble /usr/bin/cmake --install /home/akshaj/Desktop/ros-lab-exp/ros-lab/ros2_ws_Akshaj/build/urdfbot_description
