[0.776s] Invoking command in '/home/akshaj/ros2_ws_exp4/src/client_pkg': PYTHONPATH=/home/akshaj/ros2_ws_exp4/build/client_pkg/prefix_override:/usr/lib/python3/dist-packages/colcon_core/task/python/colcon_distutils_commands:/home/akshaj/ros2_ws_exp4/install/client_pkg/lib/python3.10/site-packages:${PYTHONPATH} /usr/bin/python3 -W ignore:setup.py install is deprecated -W ignore:easy_install command is deprecated setup.py egg_info --egg-base ../../build/client_pkg build --build-base /home/akshaj/ros2_ws_exp4/build/client_pkg/build install --record /home/akshaj/ros2_ws_exp4/build/client_pkg/install.log --single-version-externally-managed install_data
[1.073s] running egg_info
[1.074s] writing ../../build/client_pkg/client_pkg.egg-info/PKG-INFO
[1.074s] writing dependency_links to ../../build/client_pkg/client_pkg.egg-info/dependency_links.txt
[1.075s] writing entry points to ../../build/client_pkg/client_pkg.egg-info/entry_points.txt
[1.075s] writing requirements to ../../build/client_pkg/client_pkg.egg-info/requires.txt
[1.075s] writing top-level names to ../../build/client_pkg/client_pkg.egg-info/top_level.txt
[1.077s] reading manifest file '../../build/client_pkg/client_pkg.egg-info/SOURCES.txt'
[1.077s] adding license file 'LICENSE'
[1.078s] writing manifest file '../../build/client_pkg/client_pkg.egg-info/SOURCES.txt'
[1.078s] running build
[1.078s] running build_py
[1.079s] running install
[1.079s] running install_lib
[1.080s] running install_data
[1.081s] running install_egg_info
[1.083s] removing '/home/akshaj/ros2_ws_exp4/install/client_pkg/lib/python3.10/site-packages/client_pkg-0.0.0-py3.10.egg-info' (and everything under it)
[1.083s] Copying ../../build/client_pkg/client_pkg.egg-info to /home/akshaj/ros2_ws_exp4/install/client_pkg/lib/python3.10/site-packages/client_pkg-0.0.0-py3.10.egg-info
[1.084s] running install_scripts
[1.108s] Installing service_client script to /home/akshaj/ros2_ws_exp4/install/client_pkg/lib/client_pkg
[1.109s] writing list of installed files to '/home/akshaj/ros2_ws_exp4/build/client_pkg/install.log'
[1.138s] Invoked command in '/home/akshaj/ros2_ws_exp4/src/client_pkg' returned '0': PYTHONPATH=/home/akshaj/ros2_ws_exp4/build/client_pkg/prefix_override:/usr/lib/python3/dist-packages/colcon_core/task/python/colcon_distutils_commands:/home/akshaj/ros2_ws_exp4/install/client_pkg/lib/python3.10/site-packages:${PYTHONPATH} /usr/bin/python3 -W ignore:setup.py install is deprecated -W ignore:easy_install command is deprecated setup.py egg_info --egg-base ../../build/client_pkg build --build-base /home/akshaj/ros2_ws_exp4/build/client_pkg/build install --record /home/akshaj/ros2_ws_exp4/build/client_pkg/install.log --single-version-externally-managed install_data
