running egg_info
creating ../../build/prime_generator/prime_generator.egg-info
writing ../../build/prime_generator/prime_generator.egg-info/PKG-INFO
writing dependency_links to ../../build/prime_generator/prime_generator.egg-info/dependency_links.txt
writing entry points to ../../build/prime_generator/prime_generator.egg-info/entry_points.txt
writing requirements to ../../build/prime_generator/prime_generator.egg-info/requires.txt
writing top-level names to ../../build/prime_generator/prime_generator.egg-info/top_level.txt
writing manifest file '../../build/prime_generator/prime_generator.egg-info/SOURCES.txt'
reading manifest file '../../build/prime_generator/prime_generator.egg-info/SOURCES.txt'
writing manifest file '../../build/prime_generator/prime_generator.egg-info/SOURCES.txt'
running build
running build_py
creating /home/akshaj/Desktop/ros-lab-exp/ros-lab/ros2_ws_Akshaj/build/prime_generator/build
creating /home/akshaj/Desktop/ros-lab-exp/ros-lab/ros2_ws_Akshaj/build/prime_generator/build/lib
creating /home/akshaj/Desktop/ros-lab-exp/ros-lab/ros2_ws_Akshaj/build/prime_generator/build/lib/prime_generator
copying prime_generator/__init__.py -> /home/akshaj/Desktop/ros-lab-exp/ros-lab/ros2_ws_Akshaj/build/prime_generator/build/lib/prime_generator
copying prime_generator/prime_client.py -> /home/akshaj/Desktop/ros-lab-exp/ros-lab/ros2_ws_Akshaj/build/prime_generator/build/lib/prime_generator
copying prime_generator/prime_server.py -> /home/akshaj/Desktop/ros-lab-exp/ros-lab/ros2_ws_Akshaj/build/prime_generator/build/lib/prime_generator
running install
running install_lib
creating /home/akshaj/Desktop/ros-lab-exp/ros-lab/ros2_ws_Akshaj/install/prime_generator/lib/python3.10/site-packages/prime_generator
copying /home/akshaj/Desktop/ros-lab-exp/ros-lab/ros2_ws_Akshaj/build/prime_generator/build/lib/prime_generator/__init__.py -> /home/akshaj/Desktop/ros-lab-exp/ros-lab/ros2_ws_Akshaj/install/prime_generator/lib/python3.10/site-packages/prime_generator
copying /home/akshaj/Desktop/ros-lab-exp/ros-lab/ros2_ws_Akshaj/build/prime_generator/build/lib/prime_generator/prime_client.py -> /home/akshaj/Desktop/ros-lab-exp/ros-lab/ros2_ws_Akshaj/install/prime_generator/lib/python3.10/site-packages/prime_generator
copying /home/akshaj/Desktop/ros-lab-exp/ros-lab/ros2_ws_Akshaj/build/prime_generator/build/lib/prime_generator/prime_server.py -> /home/akshaj/Desktop/ros-lab-exp/ros-lab/ros2_ws_Akshaj/install/prime_generator/lib/python3.10/site-packages/prime_generator
byte-compiling /home/akshaj/Desktop/ros-lab-exp/ros-lab/ros2_ws_Akshaj/install/prime_generator/lib/python3.10/site-packages/prime_generator/__init__.py to __init__.cpython-310.pyc
byte-compiling /home/akshaj/Desktop/ros-lab-exp/ros-lab/ros2_ws_Akshaj/install/prime_generator/lib/python3.10/site-packages/prime_generator/prime_client.py to prime_client.cpython-310.pyc
byte-compiling /home/akshaj/Desktop/ros-lab-exp/ros-lab/ros2_ws_Akshaj/install/prime_generator/lib/python3.10/site-packages/prime_generator/prime_server.py to prime_server.cpython-310.pyc
running install_data
creating /home/akshaj/Desktop/ros-lab-exp/ros-lab/ros2_ws_Akshaj/install/prime_generator/share/ament_index
creating /home/akshaj/Desktop/ros-lab-exp/ros-lab/ros2_ws_Akshaj/install/prime_generator/share/ament_index/resource_index
creating /home/akshaj/Desktop/ros-lab-exp/ros-lab/ros2_ws_Akshaj/install/prime_generator/share/ament_index/resource_index/packages
copying resource/prime_generator -> /home/akshaj/Desktop/ros-lab-exp/ros-lab/ros2_ws_Akshaj/install/prime_generator/share/ament_index/resource_index/packages
copying package.xml -> /home/akshaj/Desktop/ros-lab-exp/ros-lab/ros2_ws_Akshaj/install/prime_generator/share/prime_generator
running install_egg_info
Copying ../../build/prime_generator/prime_generator.egg-info to /home/akshaj/Desktop/ros-lab-exp/ros-lab/ros2_ws_Akshaj/install/prime_generator/lib/python3.10/site-packages/prime_generator-0.0.0-py3.10.egg-info
running install_scripts
Installing prime_client script to /home/akshaj/Desktop/ros-lab-exp/ros-lab/ros2_ws_Akshaj/install/prime_generator/lib/prime_generator
Installing prime_server script to /home/akshaj/Desktop/ros-lab-exp/ros-lab/ros2_ws_Akshaj/install/prime_generator/lib/prime_generator
writing list of installed files to '/home/akshaj/Desktop/ros-lab-exp/ros-lab/ros2_ws_Akshaj/build/prime_generator/install.log'
