[4.100s] Invoking command in '/home/akshaj/Desktop/ros-lab-exp/ros-lab/ros2_ws_Akshaj/src/prime_generator': PYTHONPATH=/home/akshaj/Desktop/ros-lab-exp/ros-lab/ros2_ws_Akshaj/build/prime_generator/prefix_override:/usr/lib/python3/dist-packages/colcon_core/task/python/colcon_distutils_commands:/home/akshaj/Desktop/ros-lab-exp/ros-lab/ros2_ws_Akshaj/install/prime_generator/lib/python3.10/site-packages:${PYTHONPATH} /usr/bin/python3 -W ignore:setup.py install is deprecated -W ignore:easy_install command is deprecated setup.py egg_info --egg-base ../../build/prime_generator build --build-base /home/akshaj/Desktop/ros-lab-exp/ros-lab/ros2_ws_Akshaj/build/prime_generator/build install --record /home/akshaj/Desktop/ros-lab-exp/ros-lab/ros2_ws_Akshaj/build/prime_generator/install.log --single-version-externally-managed install_data
[4.899s] running egg_info
[4.900s] creating ../../build/prime_generator/prime_generator.egg-info
[4.930s] writing ../../build/prime_generator/prime_generator.egg-info/PKG-INFO
[4.931s] writing dependency_links to ../../build/prime_generator/prime_generator.egg-info/dependency_links.txt
[4.931s] writing entry points to ../../build/prime_generator/prime_generator.egg-info/entry_points.txt
[4.932s] writing requirements to ../../build/prime_generator/prime_generator.egg-info/requires.txt
[4.932s] writing top-level names to ../../build/prime_generator/prime_generator.egg-info/top_level.txt
[4.932s] writing manifest file '../../build/prime_generator/prime_generator.egg-info/SOURCES.txt'
[5.039s] reading manifest file '../../build/prime_generator/prime_generator.egg-info/SOURCES.txt'
[5.040s] writing manifest file '../../build/prime_generator/prime_generator.egg-info/SOURCES.txt'
[5.040s] running build
[5.040s] running build_py
[5.040s] creating /home/akshaj/Desktop/ros-lab-exp/ros-lab/ros2_ws_Akshaj/build/prime_generator/build
[5.040s] creating /home/akshaj/Desktop/ros-lab-exp/ros-lab/ros2_ws_Akshaj/build/prime_generator/build/lib
[5.041s] creating /home/akshaj/Desktop/ros-lab-exp/ros-lab/ros2_ws_Akshaj/build/prime_generator/build/lib/prime_generator
[5.041s] copying prime_generator/__init__.py -> /home/akshaj/Desktop/ros-lab-exp/ros-lab/ros2_ws_Akshaj/build/prime_generator/build/lib/prime_generator
[5.041s] copying prime_generator/prime_client.py -> /home/akshaj/Desktop/ros-lab-exp/ros-lab/ros2_ws_Akshaj/build/prime_generator/build/lib/prime_generator
[5.042s] copying prime_generator/prime_server.py -> /home/akshaj/Desktop/ros-lab-exp/ros-lab/ros2_ws_Akshaj/build/prime_generator/build/lib/prime_generator
[5.042s] running install
[5.053s] running install_lib
[5.084s] creating /home/akshaj/Desktop/ros-lab-exp/ros-lab/ros2_ws_Akshaj/install/prime_generator/lib/python3.10/site-packages/prime_generator
[5.084s] copying /home/akshaj/Desktop/ros-lab-exp/ros-lab/ros2_ws_Akshaj/build/prime_generator/build/lib/prime_generator/__init__.py -> /home/akshaj/Desktop/ros-lab-exp/ros-lab/ros2_ws_Akshaj/install/prime_generator/lib/python3.10/site-packages/prime_generator
[5.085s] copying /home/akshaj/Desktop/ros-lab-exp/ros-lab/ros2_ws_Akshaj/build/prime_generator/build/lib/prime_generator/prime_client.py -> /home/akshaj/Desktop/ros-lab-exp/ros-lab/ros2_ws_Akshaj/install/prime_generator/lib/python3.10/site-packages/prime_generator
[5.085s] copying /home/akshaj/Desktop/ros-lab-exp/ros-lab/ros2_ws_Akshaj/build/prime_generator/build/lib/prime_generator/prime_server.py -> /home/akshaj/Desktop/ros-lab-exp/ros-lab/ros2_ws_Akshaj/install/prime_generator/lib/python3.10/site-packages/prime_generator
[5.086s] byte-compiling /home/akshaj/Desktop/ros-lab-exp/ros-lab/ros2_ws_Akshaj/install/prime_generator/lib/python3.10/site-packages/prime_generator/__init__.py to __init__.cpython-310.pyc
[5.086s] byte-compiling /home/akshaj/Desktop/ros-lab-exp/ros-lab/ros2_ws_Akshaj/install/prime_generator/lib/python3.10/site-packages/prime_generator/prime_client.py to prime_client.cpython-310.pyc
[5.087s] byte-compiling /home/akshaj/Desktop/ros-lab-exp/ros-lab/ros2_ws_Akshaj/install/prime_generator/lib/python3.10/site-packages/prime_generator/prime_server.py to prime_server.cpython-310.pyc
[5.089s] running install_data
[5.089s] creating /home/akshaj/Desktop/ros-lab-exp/ros-lab/ros2_ws_Akshaj/install/prime_generator/share/ament_index
[5.089s] creating /home/akshaj/Desktop/ros-lab-exp/ros-lab/ros2_ws_Akshaj/install/prime_generator/share/ament_index/resource_index
[5.089s] creating /home/akshaj/Desktop/ros-lab-exp/ros-lab/ros2_ws_Akshaj/install/prime_generator/share/ament_index/resource_index/packages
[5.089s] copying resource/prime_generator -> /home/akshaj/Desktop/ros-lab-exp/ros-lab/ros2_ws_Akshaj/install/prime_generator/share/ament_index/resource_index/packages
[5.090s] copying package.xml -> /home/akshaj/Desktop/ros-lab-exp/ros-lab/ros2_ws_Akshaj/install/prime_generator/share/prime_generator
[5.090s] running install_egg_info
[5.130s] Copying ../../build/prime_generator/prime_generator.egg-info to /home/akshaj/Desktop/ros-lab-exp/ros-lab/ros2_ws_Akshaj/install/prime_generator/lib/python3.10/site-packages/prime_generator-0.0.0-py3.10.egg-info
[5.130s] running install_scripts
[5.243s] Installing prime_client script to /home/akshaj/Desktop/ros-lab-exp/ros-lab/ros2_ws_Akshaj/install/prime_generator/lib/prime_generator
[5.243s] Installing prime_server script to /home/akshaj/Desktop/ros-lab-exp/ros-lab/ros2_ws_Akshaj/install/prime_generator/lib/prime_generator
[5.244s] writing list of installed files to '/home/akshaj/Desktop/ros-lab-exp/ros-lab/ros2_ws_Akshaj/build/prime_generator/install.log'
[5.328s] Invoked command in '/home/akshaj/Desktop/ros-lab-exp/ros-lab/ros2_ws_Akshaj/src/prime_generator' returned '0': PYTHONPATH=/home/akshaj/Desktop/ros-lab-exp/ros-lab/ros2_ws_Akshaj/build/prime_generator/prefix_override:/usr/lib/python3/dist-packages/colcon_core/task/python/colcon_distutils_commands:/home/akshaj/Desktop/ros-lab-exp/ros-lab/ros2_ws_Akshaj/install/prime_generator/lib/python3.10/site-packages:${PYTHONPATH} /usr/bin/python3 -W ignore:setup.py install is deprecated -W ignore:easy_install command is deprecated setup.py egg_info --egg-base ../../build/prime_generator build --build-base /home/akshaj/Desktop/ros-lab-exp/ros-lab/ros2_ws_Akshaj/build/prime_generator/build install --record /home/akshaj/Desktop/ros-lab-exp/ros-lab/ros2_ws_Akshaj/build/prime_generator/install.log --single-version-externally-managed install_data
