[0.863s] Invoking command in '/home/akshaj/Desktop/ros-lab-exp/ros-lab/ros2_ws_Akshaj/src/exp3': PYTHONPATH=/home/akshaj/Desktop/ros-lab-exp/ros-lab/ros2_ws_Akshaj/build/exp3/prefix_override:/usr/lib/python3/dist-packages/colcon_core/task/python/colcon_distutils_commands:/home/akshaj/Desktop/ros-lab-exp/ros-lab/ros2_ws_Akshaj/install/exp3/lib/python3.10/site-packages:${PYTHONPATH} /usr/bin/python3 -W ignore:setup.py install is deprecated -W ignore:easy_install command is deprecated setup.py egg_info --egg-base ../../build/exp3 build --build-base /home/akshaj/Desktop/ros-lab-exp/ros-lab/ros2_ws_Akshaj/build/exp3/build install --record /home/akshaj/Desktop/ros-lab-exp/ros-lab/ros2_ws_Akshaj/build/exp3/install.log --single-version-externally-managed install_data
[1.152s] running egg_info
[1.153s] writing ../../build/exp3/exp3.egg-info/PKG-INFO
[1.153s] writing dependency_links to ../../build/exp3/exp3.egg-info/dependency_links.txt
[1.153s] writing entry points to ../../build/exp3/exp3.egg-info/entry_points.txt
[1.153s] writing requirements to ../../build/exp3/exp3.egg-info/requires.txt
[1.153s] writing top-level names to ../../build/exp3/exp3.egg-info/top_level.txt
[1.156s] reading manifest file '../../build/exp3/exp3.egg-info/SOURCES.txt'
[1.157s] writing manifest file '../../build/exp3/exp3.egg-info/SOURCES.txt'
[1.157s] running build
[1.157s] running build_py
[1.159s] running install
[1.159s] running install_lib
[1.161s] running install_data
[1.161s] running install_egg_info
[1.163s] removing '/home/akshaj/Desktop/ros-lab-exp/ros-lab/ros2_ws_Akshaj/install/exp3/lib/python3.10/site-packages/exp3-0.0.0-py3.10.egg-info' (and everything under it)
[1.164s] Copying ../../build/exp3/exp3.egg-info to /home/akshaj/Desktop/ros-lab-exp/ros-lab/ros2_ws_Akshaj/install/exp3/lib/python3.10/site-packages/exp3-0.0.0-py3.10.egg-info
[1.165s] running install_scripts
[1.188s] Installing publisher script to /home/akshaj/Desktop/ros-lab-exp/ros-lab/ros2_ws_Akshaj/install/exp3/lib/exp3
[1.188s] Installing subscriber script to /home/akshaj/Desktop/ros-lab-exp/ros-lab/ros2_ws_Akshaj/install/exp3/lib/exp3
[1.189s] writing list of installed files to '/home/akshaj/Desktop/ros-lab-exp/ros-lab/ros2_ws_Akshaj/build/exp3/install.log'
[1.220s] Invoked command in '/home/akshaj/Desktop/ros-lab-exp/ros-lab/ros2_ws_Akshaj/src/exp3' returned '0': PYTHONPATH=/home/akshaj/Desktop/ros-lab-exp/ros-lab/ros2_ws_Akshaj/build/exp3/prefix_override:/usr/lib/python3/dist-packages/colcon_core/task/python/colcon_distutils_commands:/home/akshaj/Desktop/ros-lab-exp/ros-lab/ros2_ws_Akshaj/install/exp3/lib/python3.10/site-packages:${PYTHONPATH} /usr/bin/python3 -W ignore:setup.py install is deprecated -W ignore:easy_install command is deprecated setup.py egg_info --egg-base ../../build/exp3 build --build-base /home/akshaj/Desktop/ros-lab-exp/ros-lab/ros2_ws_Akshaj/build/exp3/build install --record /home/akshaj/Desktop/ros-lab-exp/ros-lab/ros2_ws_Akshaj/build/exp3/install.log --single-version-externally-managed install_data
