[0.016s] Invoking command in '/home/akshaj/Desktop/ros-lab-exp/ros-lab/ros2_ws_Akshaj/build/mobile_robot_description': CMAKE_PREFIX_PATH=/home/akshaj/Desktop/ros-lab-exp/ros-lab/ros2_ws_Akshaj/install/urdfbot_description:/home/akshaj/Desktop/ros-lab-exp/ros-lab/ros2_ws_Akshaj/install/prime_generator:/home/akshaj/Desktop/ros-lab-exp/ros-lab/ros2_ws_Akshaj/install/my_package:/home/akshaj/Desktop/ros-lab-exp/ros-lab/ros2_ws_Akshaj/install/experiment_interfaces:/home/akshaj/Desktop/ros-lab-exp/ros-lab/ros2_ws_Akshaj/install/exp3:/home/akshaj/Desktop/ros-lab-exp/ros-lab/ros2_ws_Akshaj/install/custom_service_test:/home/akshaj/Desktop/ros-lab-exp/ros-lab/ros2_ws_Akshaj/install/client_pkg:/home/akshaj/Desktop/ros-lab-exp/ros-lab/ros2_ws_Akshaj/install/action_tutorials_interfaces:/home/akshaj/Desktop/ros-lab-exp/ros-lab/ros2_ws_Akshaj/install/action_test:/opt/ros/humble /usr/bin/cmake /home/akshaj/Desktop/ros-lab-exp/ros-lab/ros2_ws_Akshaj/src/mobile_robot_description -DAMENT_CMAKE_SYMLINK_INSTALL=1 -DCMAKE_INSTALL_PREFIX=/home/akshaj/Desktop/ros-lab-exp/ros-lab/ros2_ws_Akshaj/install/mobile_robot_description
[0.122s] -- The C compiler identification is GNU 11.4.0
[0.220s] -- The CXX compiler identification is GNU 11.4.0
[0.232s] -- Detecting C compiler ABI info
[0.334s] -- Detecting C compiler ABI info - done
[0.343s] -- Check for working C compiler: /usr/bin/cc - skipped
[0.343s] -- Detecting C compile features
[0.344s] -- Detecting C compile features - done
[0.348s] -- Detecting CXX compiler ABI info
[0.464s] -- Detecting CXX compiler ABI info - done
[0.473s] -- Check for working CXX compiler: /usr/bin/c++ - skipped
[0.473s] -- Detecting CXX compile features
[0.474s] -- Detecting CXX compile features - done
[0.487s] -- Found ament_cmake: 1.3.11 (/opt/ros/humble/share/ament_cmake/cmake)
[1.372s] -- Found Python3: /usr/bin/python3 (found version "3.10.12") found components: Interpreter 
[1.466s] -- Override CMake install command with custom implementation using symlinks instead of copying resources
[1.537s] -- Found rclcpp: 16.0.12 (/opt/ros/humble/share/rclcpp/cmake)
[1.627s] -- Found rosidl_generator_c: 3.1.6 (/opt/ros/humble/share/rosidl_generator_c/cmake)
[1.639s] -- Found rosidl_adapter: 3.1.6 (/opt/ros/humble/share/rosidl_adapter/cmake)
[1.655s] -- Found rosidl_generator_cpp: 3.1.6 (/opt/ros/humble/share/rosidl_generator_cpp/cmake)
[1.679s] -- Using all available rosidl_typesupport_c: rosidl_typesupport_fastrtps_c;rosidl_typesupport_introspection_c
[1.708s] -- Using all available rosidl_typesupport_cpp: rosidl_typesupport_fastrtps_cpp;rosidl_typesupport_introspection_cpp
[1.792s] -- Found rmw_implementation_cmake: 6.1.2 (/opt/ros/humble/share/rmw_implementation_cmake/cmake)
[1.798s] -- Found rmw_fastrtps_cpp: 6.2.7 (/opt/ros/humble/share/rmw_fastrtps_cpp/cmake)
[1.949s] -- Found OpenSSL: /usr/lib/x86_64-linux-gnu/libcrypto.so (found version "3.0.2")  
[1.994s] -- Found FastRTPS: /opt/ros/humble/include  
[2.061s] -- Using RMW implementation 'rmw_fastrtps_cpp' as default
[2.080s] -- Looking for pthread.h
[2.180s] -- Looking for pthread.h - found
[2.180s] -- Performing Test CMAKE_HAVE_LIBC_PTHREAD
[2.276s] -- Performing Test CMAKE_HAVE_LIBC_PTHREAD - Success
[2.277s] -- Found Threads: TRUE  
[2.439s] -- Configuring done
[2.445s] -- Generating done
[2.447s] -- Build files have been written to: /home/akshaj/Desktop/ros-lab-exp/ros-lab/ros2_ws_Akshaj/build/mobile_robot_description
[2.458s] Invoked command in '/home/akshaj/Desktop/ros-lab-exp/ros-lab/ros2_ws_Akshaj/build/mobile_robot_description' returned '0': CMAKE_PREFIX_PATH=/home/akshaj/Desktop/ros-lab-exp/ros-lab/ros2_ws_Akshaj/install/urdfbot_description:/home/akshaj/Desktop/ros-lab-exp/ros-lab/ros2_ws_Akshaj/install/prime_generator:/home/akshaj/Desktop/ros-lab-exp/ros-lab/ros2_ws_Akshaj/install/my_package:/home/akshaj/Desktop/ros-lab-exp/ros-lab/ros2_ws_Akshaj/install/experiment_interfaces:/home/akshaj/Desktop/ros-lab-exp/ros-lab/ros2_ws_Akshaj/install/exp3:/home/akshaj/Desktop/ros-lab-exp/ros-lab/ros2_ws_Akshaj/install/custom_service_test:/home/akshaj/Desktop/ros-lab-exp/ros-lab/ros2_ws_Akshaj/install/client_pkg:/home/akshaj/Desktop/ros-lab-exp/ros-lab/ros2_ws_Akshaj/install/action_tutorials_interfaces:/home/akshaj/Desktop/ros-lab-exp/ros-lab/ros2_ws_Akshaj/install/action_test:/opt/ros/humble /usr/bin/cmake /home/akshaj/Desktop/ros-lab-exp/ros-lab/ros2_ws_Akshaj/src/mobile_robot_description -DAMENT_CMAKE_SYMLINK_INSTALL=1 -DCMAKE_INSTALL_PREFIX=/home/akshaj/Desktop/ros-lab-exp/ros-lab/ros2_ws_Akshaj/install/mobile_robot_description
[2.460s] Invoking command in '/home/akshaj/Desktop/ros-lab-exp/ros-lab/ros2_ws_Akshaj/build/mobile_robot_description': CMAKE_PREFIX_PATH=/home/akshaj/Desktop/ros-lab-exp/ros-lab/ros2_ws_Akshaj/install/urdfbot_description:/home/akshaj/Desktop/ros-lab-exp/ros-lab/ros2_ws_Akshaj/install/prime_generator:/home/akshaj/Desktop/ros-lab-exp/ros-lab/ros2_ws_Akshaj/install/my_package:/home/akshaj/Desktop/ros-lab-exp/ros-lab/ros2_ws_Akshaj/install/experiment_interfaces:/home/akshaj/Desktop/ros-lab-exp/ros-lab/ros2_ws_Akshaj/install/exp3:/home/akshaj/Desktop/ros-lab-exp/ros-lab/ros2_ws_Akshaj/install/custom_service_test:/home/akshaj/Desktop/ros-lab-exp/ros-lab/ros2_ws_Akshaj/install/client_pkg:/home/akshaj/Desktop/ros-lab-exp/ros-lab/ros2_ws_Akshaj/install/action_tutorials_interfaces:/home/akshaj/Desktop/ros-lab-exp/ros-lab/ros2_ws_Akshaj/install/action_test:/opt/ros/humble /usr/bin/cmake --build /home/akshaj/Desktop/ros-lab-exp/ros-lab/ros2_ws_Akshaj/build/mobile_robot_description -- -j12 -l12
[2.511s] Invoked command in '/home/akshaj/Desktop/ros-lab-exp/ros-lab/ros2_ws_Akshaj/build/mobile_robot_description' returned '0': CMAKE_PREFIX_PATH=/home/akshaj/Desktop/ros-lab-exp/ros-lab/ros2_ws_Akshaj/install/urdfbot_description:/home/akshaj/Desktop/ros-lab-exp/ros-lab/ros2_ws_Akshaj/install/prime_generator:/home/akshaj/Desktop/ros-lab-exp/ros-lab/ros2_ws_Akshaj/install/my_package:/home/akshaj/Desktop/ros-lab-exp/ros-lab/ros2_ws_Akshaj/install/experiment_interfaces:/home/akshaj/Desktop/ros-lab-exp/ros-lab/ros2_ws_Akshaj/install/exp3:/home/akshaj/Desktop/ros-lab-exp/ros-lab/ros2_ws_Akshaj/install/custom_service_test:/home/akshaj/Desktop/ros-lab-exp/ros-lab/ros2_ws_Akshaj/install/client_pkg:/home/akshaj/Desktop/ros-lab-exp/ros-lab/ros2_ws_Akshaj/install/action_tutorials_interfaces:/home/akshaj/Desktop/ros-lab-exp/ros-lab/ros2_ws_Akshaj/install/action_test:/opt/ros/humble /usr/bin/cmake --build /home/akshaj/Desktop/ros-lab-exp/ros-lab/ros2_ws_Akshaj/build/mobile_robot_description -- -j12 -l12
[2.524s] Invoking command in '/home/akshaj/Desktop/ros-lab-exp/ros-lab/ros2_ws_Akshaj/build/mobile_robot_description': CMAKE_PREFIX_PATH=/home/akshaj/Desktop/ros-lab-exp/ros-lab/ros2_ws_Akshaj/install/urdfbot_description:/home/akshaj/Desktop/ros-lab-exp/ros-lab/ros2_ws_Akshaj/install/prime_generator:/home/akshaj/Desktop/ros-lab-exp/ros-lab/ros2_ws_Akshaj/install/my_package:/home/akshaj/Desktop/ros-lab-exp/ros-lab/ros2_ws_Akshaj/install/experiment_interfaces:/home/akshaj/Desktop/ros-lab-exp/ros-lab/ros2_ws_Akshaj/install/exp3:/home/akshaj/Desktop/ros-lab-exp/ros-lab/ros2_ws_Akshaj/install/custom_service_test:/home/akshaj/Desktop/ros-lab-exp/ros-lab/ros2_ws_Akshaj/install/client_pkg:/home/akshaj/Desktop/ros-lab-exp/ros-lab/ros2_ws_Akshaj/install/action_tutorials_interfaces:/home/akshaj/Desktop/ros-lab-exp/ros-lab/ros2_ws_Akshaj/install/action_test:/opt/ros/humble /usr/bin/cmake --install /home/akshaj/Desktop/ros-lab-exp/ros-lab/ros2_ws_Akshaj/build/mobile_robot_description
[2.532s] -- Install configuration: ""
[2.533s] -- Execute custom install script
[2.533s] -- Symlinking: /home/akshaj/Desktop/ros-lab-exp/ros-lab/ros2_ws_Akshaj/install/mobile_robot_description/share/mobile_robot_description/launch/display.launch.py
[2.545s] -- Symlinking: /home/akshaj/Desktop/ros-lab-exp/ros-lab/ros2_ws_Akshaj/install/mobile_robot_description/share/mobile_robot_description/config/urdf.rviz
[2.556s] -- Symlinking: /home/akshaj/Desktop/ros-lab-exp/ros-lab/ros2_ws_Akshaj/install/mobile_robot_description/share/mobile_robot_description/urdf/mobile_robot.urdf.xacro
[2.568s] -- Symlinking: /home/akshaj/Desktop/ros-lab-exp/ros-lab/ros2_ws_Akshaj/install/mobile_robot_description/share/ament_index/resource_index/package_run_dependencies/mobile_robot_description
[2.580s] -- Symlinking: /home/akshaj/Desktop/ros-lab-exp/ros-lab/ros2_ws_Akshaj/install/mobile_robot_description/share/ament_index/resource_index/parent_prefix_path/mobile_robot_description
[2.591s] -- Symlinking: /home/akshaj/Desktop/ros-lab-exp/ros-lab/ros2_ws_Akshaj/install/mobile_robot_description/share/mobile_robot_description/environment/ament_prefix_path.sh
[2.602s] -- Symlinking: /home/akshaj/Desktop/ros-lab-exp/ros-lab/ros2_ws_Akshaj/install/mobile_robot_description/share/mobile_robot_description/environment/ament_prefix_path.dsv
[2.613s] -- Symlinking: /home/akshaj/Desktop/ros-lab-exp/ros-lab/ros2_ws_Akshaj/install/mobile_robot_description/share/mobile_robot_description/environment/path.sh
[2.624s] -- Symlinking: /home/akshaj/Desktop/ros-lab-exp/ros-lab/ros2_ws_Akshaj/install/mobile_robot_description/share/mobile_robot_description/environment/path.dsv
[2.637s] -- Symlinking: /home/akshaj/Desktop/ros-lab-exp/ros-lab/ros2_ws_Akshaj/install/mobile_robot_description/share/mobile_robot_description/local_setup.bash
[2.649s] -- Symlinking: /home/akshaj/Desktop/ros-lab-exp/ros-lab/ros2_ws_Akshaj/install/mobile_robot_description/share/mobile_robot_description/local_setup.sh
[2.660s] -- Symlinking: /home/akshaj/Desktop/ros-lab-exp/ros-lab/ros2_ws_Akshaj/install/mobile_robot_description/share/mobile_robot_description/local_setup.zsh
[2.672s] -- Symlinking: /home/akshaj/Desktop/ros-lab-exp/ros-lab/ros2_ws_Akshaj/install/mobile_robot_description/share/mobile_robot_description/local_setup.dsv
[2.683s] -- Symlinking: /home/akshaj/Desktop/ros-lab-exp/ros-lab/ros2_ws_Akshaj/install/mobile_robot_description/share/mobile_robot_description/package.dsv
[2.695s] -- Symlinking: /home/akshaj/Desktop/ros-lab-exp/ros-lab/ros2_ws_Akshaj/install/mobile_robot_description/share/ament_index/resource_index/packages/mobile_robot_description
[2.707s] -- Symlinking: /home/akshaj/Desktop/ros-lab-exp/ros-lab/ros2_ws_Akshaj/install/mobile_robot_description/share/mobile_robot_description/cmake/mobile_robot_descriptionConfig.cmake
[2.718s] -- Symlinking: /home/akshaj/Desktop/ros-lab-exp/ros-lab/ros2_ws_Akshaj/install/mobile_robot_description/share/mobile_robot_description/cmake/mobile_robot_descriptionConfig-version.cmake
[2.729s] -- Symlinking: /home/akshaj/Desktop/ros-lab-exp/ros-lab/ros2_ws_Akshaj/install/mobile_robot_description/share/mobile_robot_description/package.xml
[2.743s] Invoked command in '/home/akshaj/Desktop/ros-lab-exp/ros-lab/ros2_ws_Akshaj/build/mobile_robot_description' returned '0': CMAKE_PREFIX_PATH=/home/akshaj/Desktop/ros-lab-exp/ros-lab/ros2_ws_Akshaj/install/urdfbot_description:/home/akshaj/Desktop/ros-lab-exp/ros-lab/ros2_ws_Akshaj/install/prime_generator:/home/akshaj/Desktop/ros-lab-exp/ros-lab/ros2_ws_Akshaj/install/my_package:/home/akshaj/Desktop/ros-lab-exp/ros-lab/ros2_ws_Akshaj/install/experiment_interfaces:/home/akshaj/Desktop/ros-lab-exp/ros-lab/ros2_ws_Akshaj/install/exp3:/home/akshaj/Desktop/ros-lab-exp/ros-lab/ros2_ws_Akshaj/install/custom_service_test:/home/akshaj/Desktop/ros-lab-exp/ros-lab/ros2_ws_Akshaj/install/client_pkg:/home/akshaj/Desktop/ros-lab-exp/ros-lab/ros2_ws_Akshaj/install/action_tutorials_interfaces:/home/akshaj/Desktop/ros-lab-exp/ros-lab/ros2_ws_Akshaj/install/action_test:/opt/ros/humble /usr/bin/cmake --install /home/akshaj/Desktop/ros-lab-exp/ros-lab/ros2_ws_Akshaj/build/mobile_robot_description
