[3.666s] Invoking command in '/home/akshaj/Desktop/ros-lab-exp/ros-lab/ros2_ws_Akshaj/src/my_package': PYTHONPATH=/home/akshaj/Desktop/ros-lab-exp/ros-lab/ros2_ws_Akshaj/build/my_package/prefix_override:/usr/lib/python3/dist-packages/colcon_core/task/python/colcon_distutils_commands:/home/akshaj/Desktop/ros-lab-exp/ros-lab/ros2_ws_Akshaj/install/my_package/lib/python3.10/site-packages:${PYTHONPATH} /usr/bin/python3 -W ignore:setup.py install is deprecated -W ignore:easy_install command is deprecated setup.py egg_info --egg-base ../../build/my_package build --build-base /home/akshaj/Desktop/ros-lab-exp/ros-lab/ros2_ws_Akshaj/build/my_package/build install --record /home/akshaj/Desktop/ros-lab-exp/ros-lab/ros2_ws_Akshaj/build/my_package/install.log --single-version-externally-managed install_data
[4.117s] running egg_info
[4.135s] writing ../../build/my_package/my_package.egg-info/PKG-INFO
[4.136s] writing dependency_links to ../../build/my_package/my_package.egg-info/dependency_links.txt
[4.136s] writing entry points to ../../build/my_package/my_package.egg-info/entry_points.txt
[4.136s] writing requirements to ../../build/my_package/my_package.egg-info/requires.txt
[4.137s] writing top-level names to ../../build/my_package/my_package.egg-info/top_level.txt
[4.186s] reading manifest file '../../build/my_package/my_package.egg-info/SOURCES.txt'
[4.188s] writing manifest file '../../build/my_package/my_package.egg-info/SOURCES.txt'
[4.188s] running build
[4.188s] running build_py
[4.189s] running install
[4.195s] running install_lib
[4.213s] running install_data
[4.214s] running install_egg_info
[4.233s] removing '/home/akshaj/Desktop/ros-lab-exp/ros-lab/ros2_ws_Akshaj/install/my_package/lib/python3.10/site-packages/my_package-0.0.0-py3.10.egg-info' (and everything under it)
[4.233s] Copying ../../build/my_package/my_package.egg-info to /home/akshaj/Desktop/ros-lab-exp/ros-lab/ros2_ws_Akshaj/install/my_package/lib/python3.10/site-packages/my_package-0.0.0-py3.10.egg-info
[4.234s] running install_scripts
[4.305s] Installing draw_circle script to /home/akshaj/Desktop/ros-lab-exp/ros-lab/ros2_ws_Akshaj/install/my_package/lib/my_package
[4.306s] Installing turtle_controller script to /home/akshaj/Desktop/ros-lab-exp/ros-lab/ros2_ws_Akshaj/install/my_package/lib/my_package
[4.306s] Installing turtle_controller2 script to /home/akshaj/Desktop/ros-lab-exp/ros-lab/ros2_ws_Akshaj/install/my_package/lib/my_package
[4.306s] writing list of installed files to '/home/akshaj/Desktop/ros-lab-exp/ros-lab/ros2_ws_Akshaj/build/my_package/install.log'
[4.386s] Invoked command in '/home/akshaj/Desktop/ros-lab-exp/ros-lab/ros2_ws_Akshaj/src/my_package' returned '0': PYTHONPATH=/home/akshaj/Desktop/ros-lab-exp/ros-lab/ros2_ws_Akshaj/build/my_package/prefix_override:/usr/lib/python3/dist-packages/colcon_core/task/python/colcon_distutils_commands:/home/akshaj/Desktop/ros-lab-exp/ros-lab/ros2_ws_Akshaj/install/my_package/lib/python3.10/site-packages:${PYTHONPATH} /usr/bin/python3 -W ignore:setup.py install is deprecated -W ignore:easy_install command is deprecated setup.py egg_info --egg-base ../../build/my_package build --build-base /home/akshaj/Desktop/ros-lab-exp/ros-lab/ros2_ws_Akshaj/build/my_package/build install --record /home/akshaj/Desktop/ros-lab-exp/ros-lab/ros2_ws_Akshaj/build/my_package/install.log --single-version-externally-managed install_data
