[0.480s] Invoking command in '/home/akshaj/Downloads/ros2_ws_AKSHAJ/ros2_ws_Akshaj/src/my_package': PYTHONPATH=/home/akshaj/Downloads/ros2_ws_AKSHAJ/ros2_ws_Akshaj/build/my_package/prefix_override:/usr/lib/python3/dist-packages/colcon_core/task/python/colcon_distutils_commands:/home/akshaj/Downloads/ros2_ws_AKSHAJ/ros2_ws_Akshaj/install/my_package/lib/python3.10/site-packages:${PYTHONPATH} /usr/bin/python3 -W ignore:setup.py install is deprecated -W ignore:easy_install command is deprecated setup.py egg_info --egg-base ../../build/my_package build --build-base /home/akshaj/Downloads/ros2_ws_AKSHAJ/ros2_ws_Akshaj/build/my_package/build install --record /home/akshaj/Downloads/ros2_ws_AKSHAJ/ros2_ws_Akshaj/build/my_package/install.log --single-version-externally-managed install_data
[0.663s] running egg_info
[0.664s] creating ../../build/my_package/my_package.egg-info
[0.664s] writing ../../build/my_package/my_package.egg-info/PKG-INFO
[0.664s] writing dependency_links to ../../build/my_package/my_package.egg-info/dependency_links.txt
[0.664s] writing entry points to ../../build/my_package/my_package.egg-info/entry_points.txt
[0.664s] writing requirements to ../../build/my_package/my_package.egg-info/requires.txt
[0.664s] writing top-level names to ../../build/my_package/my_package.egg-info/top_level.txt
[0.664s] writing manifest file '../../build/my_package/my_package.egg-info/SOURCES.txt'
[0.665s] reading manifest file '../../build/my_package/my_package.egg-info/SOURCES.txt'
[0.666s] writing manifest file '../../build/my_package/my_package.egg-info/SOURCES.txt'
[0.666s] running build
[0.666s] running build_py
[0.666s] creating /home/akshaj/Downloads/ros2_ws_AKSHAJ/ros2_ws_Akshaj/build/my_package/build
[0.666s] creating /home/akshaj/Downloads/ros2_ws_AKSHAJ/ros2_ws_Akshaj/build/my_package/build/lib
[0.666s] creating /home/akshaj/Downloads/ros2_ws_AKSHAJ/ros2_ws_Akshaj/build/my_package/build/lib/my_package
[0.666s] copying my_package/draw_circle.py -> /home/akshaj/Downloads/ros2_ws_AKSHAJ/ros2_ws_Akshaj/build/my_package/build/lib/my_package
[0.667s] copying my_package/task.py -> /home/akshaj/Downloads/ros2_ws_AKSHAJ/ros2_ws_Akshaj/build/my_package/build/lib/my_package
[0.667s] copying my_package/__init__.py -> /home/akshaj/Downloads/ros2_ws_AKSHAJ/ros2_ws_Akshaj/build/my_package/build/lib/my_package
[0.667s] running install
[0.667s] running install_lib
[0.667s] creating /home/akshaj/Downloads/ros2_ws_AKSHAJ/ros2_ws_Akshaj/install/my_package/lib/python3.10/site-packages/my_package
[0.667s] copying /home/akshaj/Downloads/ros2_ws_AKSHAJ/ros2_ws_Akshaj/build/my_package/build/lib/my_package/draw_circle.py -> /home/akshaj/Downloads/ros2_ws_AKSHAJ/ros2_ws_Akshaj/install/my_package/lib/python3.10/site-packages/my_package
[0.667s] copying /home/akshaj/Downloads/ros2_ws_AKSHAJ/ros2_ws_Akshaj/build/my_package/build/lib/my_package/task.py -> /home/akshaj/Downloads/ros2_ws_AKSHAJ/ros2_ws_Akshaj/install/my_package/lib/python3.10/site-packages/my_package
[0.668s] copying /home/akshaj/Downloads/ros2_ws_AKSHAJ/ros2_ws_Akshaj/build/my_package/build/lib/my_package/__init__.py -> /home/akshaj/Downloads/ros2_ws_AKSHAJ/ros2_ws_Akshaj/install/my_package/lib/python3.10/site-packages/my_package
[0.668s] byte-compiling /home/akshaj/Downloads/ros2_ws_AKSHAJ/ros2_ws_Akshaj/install/my_package/lib/python3.10/site-packages/my_package/draw_circle.py to draw_circle.cpython-310.pyc
[0.668s] byte-compiling /home/akshaj/Downloads/ros2_ws_AKSHAJ/ros2_ws_Akshaj/install/my_package/lib/python3.10/site-packages/my_package/task.py to task.cpython-310.pyc
[0.669s] byte-compiling /home/akshaj/Downloads/ros2_ws_AKSHAJ/ros2_ws_Akshaj/install/my_package/lib/python3.10/site-packages/my_package/__init__.py to __init__.cpython-310.pyc
[0.669s] running install_data
[0.669s] creating /home/akshaj/Downloads/ros2_ws_AKSHAJ/ros2_ws_Akshaj/install/my_package/share/ament_index
[0.669s] creating /home/akshaj/Downloads/ros2_ws_AKSHAJ/ros2_ws_Akshaj/install/my_package/share/ament_index/resource_index
[0.669s] creating /home/akshaj/Downloads/ros2_ws_AKSHAJ/ros2_ws_Akshaj/install/my_package/share/ament_index/resource_index/packages
[0.669s] copying resource/my_package -> /home/akshaj/Downloads/ros2_ws_AKSHAJ/ros2_ws_Akshaj/install/my_package/share/ament_index/resource_index/packages
[0.669s] copying package.xml -> /home/akshaj/Downloads/ros2_ws_AKSHAJ/ros2_ws_Akshaj/install/my_package/share/my_package
[0.669s] running install_egg_info
[0.670s] Copying ../../build/my_package/my_package.egg-info to /home/akshaj/Downloads/ros2_ws_AKSHAJ/ros2_ws_Akshaj/install/my_package/lib/python3.10/site-packages/my_package-0.0.0-py3.10.egg-info
[0.671s] running install_scripts
[0.686s] Installing draw_circle script to /home/akshaj/Downloads/ros2_ws_AKSHAJ/ros2_ws_Akshaj/install/my_package/lib/my_package
[0.686s] Installing turtle_controller script to /home/akshaj/Downloads/ros2_ws_AKSHAJ/ros2_ws_Akshaj/install/my_package/lib/my_package
[0.687s] writing list of installed files to '/home/akshaj/Downloads/ros2_ws_AKSHAJ/ros2_ws_Akshaj/build/my_package/install.log'
[0.706s] Invoked command in '/home/akshaj/Downloads/ros2_ws_AKSHAJ/ros2_ws_Akshaj/src/my_package' returned '0': PYTHONPATH=/home/akshaj/Downloads/ros2_ws_AKSHAJ/ros2_ws_Akshaj/build/my_package/prefix_override:/usr/lib/python3/dist-packages/colcon_core/task/python/colcon_distutils_commands:/home/akshaj/Downloads/ros2_ws_AKSHAJ/ros2_ws_Akshaj/install/my_package/lib/python3.10/site-packages:${PYTHONPATH} /usr/bin/python3 -W ignore:setup.py install is deprecated -W ignore:easy_install command is deprecated setup.py egg_info --egg-base ../../build/my_package build --build-base /home/akshaj/Downloads/ros2_ws_AKSHAJ/ros2_ws_Akshaj/build/my_package/build install --record /home/akshaj/Downloads/ros2_ws_AKSHAJ/ros2_ws_Akshaj/build/my_package/install.log --single-version-externally-managed install_data
