[3.675s] Invoking command in '/home/akshaj/Desktop/ros-lab-exp/ros-lab/ros2_ws_Akshaj/src/exp3': PYTHONPATH=/home/akshaj/Desktop/ros-lab-exp/ros-lab/ros2_ws_Akshaj/build/exp3/prefix_override:/usr/lib/python3/dist-packages/colcon_core/task/python/colcon_distutils_commands:/home/akshaj/Desktop/ros-lab-exp/ros-lab/ros2_ws_Akshaj/install/exp3/lib/python3.10/site-packages:${PYTHONPATH} /usr/bin/python3 -W ignore:setup.py install is deprecated -W ignore:easy_install command is deprecated setup.py egg_info --egg-base ../../build/exp3 build --build-base /home/akshaj/Desktop/ros-lab-exp/ros-lab/ros2_ws_Akshaj/build/exp3/build install --record /home/akshaj/Desktop/ros-lab-exp/ros-lab/ros2_ws_Akshaj/build/exp3/install.log --single-version-externally-managed install_data
[4.133s] running egg_info
[4.151s] writing ../../build/exp3/exp3.egg-info/PKG-INFO
[4.152s] writing dependency_links to ../../build/exp3/exp3.egg-info/dependency_links.txt
[4.152s] writing entry points to ../../build/exp3/exp3.egg-info/entry_points.txt
[4.152s] writing requirements to ../../build/exp3/exp3.egg-info/requires.txt
[4.152s] writing top-level names to ../../build/exp3/exp3.egg-info/top_level.txt
[4.201s] reading manifest file '../../build/exp3/exp3.egg-info/SOURCES.txt'
[4.202s] writing manifest file '../../build/exp3/exp3.egg-info/SOURCES.txt'
[4.202s] running build
[4.202s] running build_py
[4.203s] running install
[4.209s] running install_lib
[4.227s] running install_data
[4.228s] running install_egg_info
[4.247s] removing '/home/akshaj/Desktop/ros-lab-exp/ros-lab/ros2_ws_Akshaj/install/exp3/lib/python3.10/site-packages/exp3-0.0.0-py3.10.egg-info' (and everything under it)
[4.247s] Copying ../../build/exp3/exp3.egg-info to /home/akshaj/Desktop/ros-lab-exp/ros-lab/ros2_ws_Akshaj/install/exp3/lib/python3.10/site-packages/exp3-0.0.0-py3.10.egg-info
[4.248s] running install_scripts
[4.326s] Installing publisher script to /home/akshaj/Desktop/ros-lab-exp/ros-lab/ros2_ws_Akshaj/install/exp3/lib/exp3
[4.326s] Installing subscriber script to /home/akshaj/Desktop/ros-lab-exp/ros-lab/ros2_ws_Akshaj/install/exp3/lib/exp3
[4.326s] writing list of installed files to '/home/akshaj/Desktop/ros-lab-exp/ros-lab/ros2_ws_Akshaj/build/exp3/install.log'
[4.406s] Invoked command in '/home/akshaj/Desktop/ros-lab-exp/ros-lab/ros2_ws_Akshaj/src/exp3' returned '0': PYTHONPATH=/home/akshaj/Desktop/ros-lab-exp/ros-lab/ros2_ws_Akshaj/build/exp3/prefix_override:/usr/lib/python3/dist-packages/colcon_core/task/python/colcon_distutils_commands:/home/akshaj/Desktop/ros-lab-exp/ros-lab/ros2_ws_Akshaj/install/exp3/lib/python3.10/site-packages:${PYTHONPATH} /usr/bin/python3 -W ignore:setup.py install is deprecated -W ignore:easy_install command is deprecated setup.py egg_info --egg-base ../../build/exp3 build --build-base /home/akshaj/Desktop/ros-lab-exp/ros-lab/ros2_ws_Akshaj/build/exp3/build install --record /home/akshaj/Desktop/ros-lab-exp/ros-lab/ros2_ws_Akshaj/build/exp3/install.log --single-version-externally-managed install_data
