[1.335s] Invoking command in '/home/akshaj/Desktop/ros-lab-exp/ros-lab/ros2_ws_Akshaj/build/new_code_py': CMAKE_PREFIX_PATH=/opt/ros/humble /usr/bin/cmake /home/akshaj/Desktop/ros-lab-exp/ros-lab/ros2_ws_Akshaj/src/new_package/main_node_interfaces -DCMAKE_INSTALL_PREFIX=/home/akshaj/Desktop/ros-lab-exp/ros-lab/ros2_ws_Akshaj/install/new_code_py
[1.410s] -- The C compiler identification is GNU 11.4.0
[1.482s] -- The CXX compiler identification is GNU 11.4.0
[1.491s] -- Detecting C compiler ABI info
[1.579s] -- Detecting C compiler ABI info - done
[1.587s] -- Check for working C compiler: /usr/bin/cc - skipped
[1.588s] -- Detecting C compile features
[1.588s] -- Detecting C compile features - done
[1.591s] -- Detecting CXX compiler ABI info
[1.688s] -- Detecting CXX compiler ABI info - done
[1.696s] -- Check for working CXX compiler: /usr/bin/c++ - skipped
[1.696s] -- Detecting CXX compile features
[1.697s] -- Detecting CXX compile features - done
[1.701s] -- Found ament_cmake: 1.3.11 (/opt/ros/humble/share/ament_cmake/cmake)
[1.893s] -- Found Python3: /usr/bin/python3 (found version "3.10.12") found components: Interpreter 
[2.024s] -- Found rosidl_default_generators: 1.2.0 (/opt/ros/humble/share/rosidl_default_generators/cmake)
[2.027s] -- Using all available rosidl_typesupport_c: rosidl_typesupport_fastrtps_c;rosidl_typesupport_introspection_c
[2.036s] -- Found rosidl_adapter: 3.1.6 (/opt/ros/humble/share/rosidl_adapter/cmake)
[2.086s] -- Using all available rosidl_typesupport_cpp: rosidl_typesupport_fastrtps_cpp;rosidl_typesupport_introspection_cpp
[2.477s] -- Found ament_cmake_ros: 0.10.0 (/opt/ros/humble/share/ament_cmake_ros/cmake)
[2.706s] -- Using all available rosidl_typesupport_c: rosidl_typesupport_fastrtps_c;rosidl_typesupport_introspection_c
[3.007s] -- Using all available rosidl_typesupport_cpp: rosidl_typesupport_fastrtps_cpp;rosidl_typesupport_introspection_cpp
[3.035s] -- Found PythonInterp: /usr/bin/python3 (found suitable version "3.10.12", minimum required is "3.6") 
[3.037s] -- Found python_cmake_module: 0.10.0 (/opt/ros/humble/share/python_cmake_module/cmake)
[3.069s] -- Found PythonLibs: /usr/lib/x86_64-linux-gnu/libpython3.10.so (found suitable version "3.10.12", minimum required is "3.5") 
[3.069s] -- Using PYTHON_EXECUTABLE: /usr/bin/python3
[3.069s] -- Using PYTHON_INCLUDE_DIRS: /usr/include/python3.10
[3.069s] -- Using PYTHON_LIBRARIES: /usr/lib/x86_64-linux-gnu/libpython3.10.so
[3.094s] -- Found PythonExtra: .so  
[3.147s] -- Configuring done
[3.191s] -- Generating done
[3.205s] -- Build files have been written to: /home/akshaj/Desktop/ros-lab-exp/ros-lab/ros2_ws_Akshaj/build/new_code_py
[3.215s] Invoked command in '/home/akshaj/Desktop/ros-lab-exp/ros-lab/ros2_ws_Akshaj/build/new_code_py' returned '0': CMAKE_PREFIX_PATH=/opt/ros/humble /usr/bin/cmake /home/akshaj/Desktop/ros-lab-exp/ros-lab/ros2_ws_Akshaj/src/new_package/main_node_interfaces -DCMAKE_INSTALL_PREFIX=/home/akshaj/Desktop/ros-lab-exp/ros-lab/ros2_ws_Akshaj/install/new_code_py
[3.217s] Invoking command in '/home/akshaj/Desktop/ros-lab-exp/ros-lab/ros2_ws_Akshaj/build/new_code_py': CMAKE_PREFIX_PATH=/opt/ros/humble /usr/bin/cmake --build /home/akshaj/Desktop/ros-lab-exp/ros-lab/ros2_ws_Akshaj/build/new_code_py -- -j12 -l12
[3.266s] [  3%] [34m[1mGenerating C code for ROS interfaces[0m
[3.278s] [  6%] [34m[1mGenerating C++ code for ROS interfaces[0m
[3.288s] [  6%] Built target ament_cmake_python_copy_new_code_py
[3.595s] running egg_info
[3.596s] creating new_code_py.egg-info
[3.596s] writing new_code_py.egg-info/PKG-INFO
[3.596s] writing dependency_links to new_code_py.egg-info/dependency_links.txt
[3.597s] writing top-level names to new_code_py.egg-info/top_level.txt
[3.597s] writing manifest file 'new_code_py.egg-info/SOURCES.txt'
[3.599s] reading manifest file 'new_code_py.egg-info/SOURCES.txt'
[3.600s] writing manifest file 'new_code_py.egg-info/SOURCES.txt'
[3.634s] [  6%] Built target ament_cmake_python_build_new_code_py_egg
[3.801s] [  9%] [32mBuilding C object CMakeFiles/main_node_interfaces__rosidl_generator_c.dir/rosidl_generator_c/new_code_py/action/detail/fibonacci__functions.c.o[0m
[3.970s] [  9%] Built target main_node_interfaces__cpp
[3.984s] [ 12%] [34m[1mGenerating C++ type support dispatch for ROS interfaces[0m
[3.985s] [ 16%] [34m[1mGenerating C++ introspection for ROS interfaces[0m
[3.986s] [ 19%] [34m[1mGenerating C++ type support for eProsima Fast-RTPS[0m
[4.006s] [ 22%] [32m[1mLinking C shared library libmain_node_interfaces__rosidl_generator_c.so[0m
[4.079s] [ 22%] Built target main_node_interfaces__rosidl_generator_c
[4.099s] [ 25%] [34m[1mGenerating C type support for eProsima Fast-RTPS[0m
[4.107s] [ 29%] [34m[1mGenerating C type support dispatch for ROS interfaces[0m
[4.107s] [ 32%] [34m[1mGenerating C introspection for ROS interfaces[0m
[4.462s] [ 35%] [32mBuilding CXX object CMakeFiles/main_node_interfaces__rosidl_typesupport_cpp.dir/rosidl_typesupport_cpp/new_code_py/action/fibonacci__type_support.cpp.o[0m
[4.557s] [ 38%] [32mBuilding CXX object CMakeFiles/main_node_interfaces__rosidl_typesupport_c.dir/rosidl_typesupport_c/new_code_py/action/fibonacci__type_support.cpp.o[0m
[4.614s] [ 41%] [32mBuilding CXX object CMakeFiles/main_node_interfaces__rosidl_typesupport_introspection_cpp.dir/rosidl_typesupport_introspection_cpp/new_code_py/action/detail/fibonacci__type_support.cpp.o[0m
[4.626s] [ 45%] [32m[1mLinking CXX shared library libmain_node_interfaces__rosidl_typesupport_c.so[0m
[4.631s] [ 48%] [32mBuilding CXX object CMakeFiles/main_node_interfaces__rosidl_typesupport_fastrtps_cpp.dir/rosidl_typesupport_fastrtps_cpp/new_code_py/action/detail/dds_fastrtps/fibonacci__type_support.cpp.o[0m
[4.667s] [ 51%] [32mBuilding C object CMakeFiles/main_node_interfaces__rosidl_typesupport_introspection_c.dir/rosidl_typesupport_introspection_c/new_code_py/action/detail/fibonacci__type_support.c.o[0m
[4.682s] [ 51%] Built target main_node_interfaces__rosidl_typesupport_c
[4.736s] [ 58%] [32mBuilding CXX object CMakeFiles/main_node_interfaces__rosidl_typesupport_fastrtps_c.dir/rosidl_typesupport_fastrtps_c/new_code_py/action/detail/fibonacci__type_support_c.cpp.o[0m
[4.736s] [ 58%] [32m[1mLinking C shared library libmain_node_interfaces__rosidl_typesupport_introspection_c.so[0m
[4.776s] [ 58%] Built target main_node_interfaces__rosidl_typesupport_introspection_c
[5.009s] [ 61%] [32m[1mLinking CXX shared library libmain_node_interfaces__rosidl_typesupport_cpp.so[0m
[5.060s] [ 61%] Built target main_node_interfaces__rosidl_typesupport_cpp
[5.169s] [ 64%] [32m[1mLinking CXX shared library libmain_node_interfaces__rosidl_typesupport_fastrtps_c.so[0m
[5.266s] [ 64%] Built target main_node_interfaces__rosidl_typesupport_fastrtps_c
[5.318s] [ 67%] [32m[1mLinking CXX shared library libmain_node_interfaces__rosidl_typesupport_introspection_cpp.so[0m
[5.333s] [ 70%] [32m[1mLinking CXX shared library libmain_node_interfaces__rosidl_typesupport_fastrtps_cpp.so[0m
[5.426s] [ 70%] Built target main_node_interfaces__rosidl_typesupport_introspection_cpp
[5.438s] [ 70%] Built target main_node_interfaces__rosidl_typesupport_fastrtps_cpp
[5.463s] [ 70%] Built target main_node_interfaces
[5.489s] [ 74%] [34m[1mGenerating Python code for ROS interfaces[0m
[6.271s] [ 74%] Built target main_node_interfaces__py
[6.296s] [ 77%] [32mBuilding C object CMakeFiles/main_node_interfaces__rosidl_generator_py.dir/rosidl_generator_py/new_code_py/action/_fibonacci_s.c.o[0m
[6.470s] [ 80%] [32m[1mLinking C shared library rosidl_generator_py/new_code_py/libmain_node_interfaces__rosidl_generator_py.so[0m
[6.523s] [ 80%] Built target main_node_interfaces__rosidl_generator_py
[6.548s] [ 90%] [32mBuilding C object CMakeFiles/new_code_py__rosidl_typesupport_c__pyext.dir/rosidl_generator_py/new_code_py/_new_code_py_s.ep.rosidl_typesupport_c.c.o[0m
[6.548s] [ 90%] [32mBuilding C object CMakeFiles/new_code_py__rosidl_typesupport_fastrtps_c__pyext.dir/rosidl_generator_py/new_code_py/_new_code_py_s.ep.rosidl_typesupport_fastrtps_c.c.o[0m
[6.548s] [ 90%] [32mBuilding C object CMakeFiles/new_code_py__rosidl_typesupport_introspection_c__pyext.dir/rosidl_generator_py/new_code_py/_new_code_py_s.ep.rosidl_typesupport_introspection_c.c.o[0m
[6.686s] [ 96%] [32m[1mLinking C shared library rosidl_generator_py/new_code_py/new_code_py_s__rosidl_typesupport_fastrtps_c.cpython-310-x86_64-linux-gnu.so[0m
[6.686s] [ 96%] [32m[1mLinking C shared library rosidl_generator_py/new_code_py/new_code_py_s__rosidl_typesupport_c.cpython-310-x86_64-linux-gnu.so[0m
[6.686s] [100%] [32m[1mLinking C shared library rosidl_generator_py/new_code_py/new_code_py_s__rosidl_typesupport_introspection_c.cpython-310-x86_64-linux-gnu.so[0m
[6.737s] [100%] Built target new_code_py__rosidl_typesupport_c__pyext
[6.737s] [100%] Built target new_code_py__rosidl_typesupport_introspection_c__pyext
[6.737s] [100%] Built target new_code_py__rosidl_typesupport_fastrtps_c__pyext
[6.752s] Invoked command in '/home/akshaj/Desktop/ros-lab-exp/ros-lab/ros2_ws_Akshaj/build/new_code_py' returned '0': CMAKE_PREFIX_PATH=/opt/ros/humble /usr/bin/cmake --build /home/akshaj/Desktop/ros-lab-exp/ros-lab/ros2_ws_Akshaj/build/new_code_py -- -j12 -l12
[6.754s] Invoking command in '/home/akshaj/Desktop/ros-lab-exp/ros-lab/ros2_ws_Akshaj/build/new_code_py': CMAKE_PREFIX_PATH=/opt/ros/humble /usr/bin/cmake --install /home/akshaj/Desktop/ros-lab-exp/ros-lab/ros2_ws_Akshaj/build/new_code_py
[6.763s] -- Install configuration: ""
[6.763s] -- Installing: /home/akshaj/Desktop/ros-lab-exp/ros-lab/ros2_ws_Akshaj/install/new_code_py/share/ament_index/resource_index/rosidl_interfaces/new_code_py
[6.764s] -- Installing: /home/akshaj/Desktop/ros-lab-exp/ros-lab/ros2_ws_Akshaj/install/new_code_py/include/new_code_py/new_code_py
[6.764s] -- Installing: /home/akshaj/Desktop/ros-lab-exp/ros-lab/ros2_ws_Akshaj/install/new_code_py/include/new_code_py/new_code_py/msg
[6.764s] -- Installing: /home/akshaj/Desktop/ros-lab-exp/ros-lab/ros2_ws_Akshaj/install/new_code_py/include/new_code_py/new_code_py/msg/rosidl_generator_c__visibility_control.h
[6.764s] -- Installing: /home/akshaj/Desktop/ros-lab-exp/ros-lab/ros2_ws_Akshaj/install/new_code_py/include/new_code_py/new_code_py/action
[6.764s] -- Installing: /home/akshaj/Desktop/ros-lab-exp/ros-lab/ros2_ws_Akshaj/install/new_code_py/include/new_code_py/new_code_py/action/detail
[6.764s] -- Installing: /home/akshaj/Desktop/ros-lab-exp/ros-lab/ros2_ws_Akshaj/install/new_code_py/include/new_code_py/new_code_py/action/detail/fibonacci__type_support.h
[6.765s] -- Installing: /home/akshaj/Desktop/ros-lab-exp/ros-lab/ros2_ws_Akshaj/install/new_code_py/include/new_code_py/new_code_py/action/detail/fibonacci__functions.c
[6.765s] -- Installing: /home/akshaj/Desktop/ros-lab-exp/ros-lab/ros2_ws_Akshaj/install/new_code_py/include/new_code_py/new_code_py/action/detail/fibonacci__functions.h
[6.765s] -- Installing: /home/akshaj/Desktop/ros-lab-exp/ros-lab/ros2_ws_Akshaj/install/new_code_py/include/new_code_py/new_code_py/action/detail/fibonacci__struct.h
[6.765s] -- Installing: /home/akshaj/Desktop/ros-lab-exp/ros-lab/ros2_ws_Akshaj/install/new_code_py/include/new_code_py/new_code_py/action/fibonacci.h
[6.766s] -- Installing: /home/akshaj/Desktop/ros-lab-exp/ros-lab/ros2_ws_Akshaj/install/new_code_py/share/new_code_py/environment/library_path.sh
[6.766s] -- Installing: /home/akshaj/Desktop/ros-lab-exp/ros-lab/ros2_ws_Akshaj/install/new_code_py/share/new_code_py/environment/library_path.dsv
[6.767s] -- Installing: /home/akshaj/Desktop/ros-lab-exp/ros-lab/ros2_ws_Akshaj/install/new_code_py/lib/libmain_node_interfaces__rosidl_generator_c.so
[6.767s] -- Set runtime path of "/home/akshaj/Desktop/ros-lab-exp/ros-lab/ros2_ws_Akshaj/install/new_code_py/lib/libmain_node_interfaces__rosidl_generator_c.so" to ""
[6.768s] -- Up-to-date: /home/akshaj/Desktop/ros-lab-exp/ros-lab/ros2_ws_Akshaj/install/new_code_py/include/new_code_py/new_code_py
[6.768s] -- Up-to-date: /home/akshaj/Desktop/ros-lab-exp/ros-lab/ros2_ws_Akshaj/install/new_code_py/include/new_code_py/new_code_py/msg
[6.768s] -- Installing: /home/akshaj/Desktop/ros-lab-exp/ros-lab/ros2_ws_Akshaj/install/new_code_py/include/new_code_py/new_code_py/msg/rosidl_typesupport_fastrtps_c__visibility_control.h
[6.768s] -- Up-to-date: /home/akshaj/Desktop/ros-lab-exp/ros-lab/ros2_ws_Akshaj/install/new_code_py/include/new_code_py/new_code_py/action
[6.768s] -- Up-to-date: /home/akshaj/Desktop/ros-lab-exp/ros-lab/ros2_ws_Akshaj/install/new_code_py/include/new_code_py/new_code_py/action/detail
[6.768s] -- Installing: /home/akshaj/Desktop/ros-lab-exp/ros-lab/ros2_ws_Akshaj/install/new_code_py/include/new_code_py/new_code_py/action/detail/fibonacci__rosidl_typesupport_fastrtps_c.h
[6.768s] -- Installing: /home/akshaj/Desktop/ros-lab-exp/ros-lab/ros2_ws_Akshaj/install/new_code_py/lib/libmain_node_interfaces__rosidl_typesupport_fastrtps_c.so
[6.769s] -- Set runtime path of "/home/akshaj/Desktop/ros-lab-exp/ros-lab/ros2_ws_Akshaj/install/new_code_py/lib/libmain_node_interfaces__rosidl_typesupport_fastrtps_c.so" to ""
[6.769s] -- Up-to-date: /home/akshaj/Desktop/ros-lab-exp/ros-lab/ros2_ws_Akshaj/install/new_code_py/include/new_code_py/new_code_py
[6.769s] -- Up-to-date: /home/akshaj/Desktop/ros-lab-exp/ros-lab/ros2_ws_Akshaj/install/new_code_py/include/new_code_py/new_code_py/msg
[6.769s] -- Installing: /home/akshaj/Desktop/ros-lab-exp/ros-lab/ros2_ws_Akshaj/install/new_code_py/include/new_code_py/new_code_py/msg/rosidl_typesupport_introspection_c__visibility_control.h
[6.769s] -- Up-to-date: /home/akshaj/Desktop/ros-lab-exp/ros-lab/ros2_ws_Akshaj/install/new_code_py/include/new_code_py/new_code_py/action
[6.769s] -- Up-to-date: /home/akshaj/Desktop/ros-lab-exp/ros-lab/ros2_ws_Akshaj/install/new_code_py/include/new_code_py/new_code_py/action/detail
[6.769s] -- Installing: /home/akshaj/Desktop/ros-lab-exp/ros-lab/ros2_ws_Akshaj/install/new_code_py/include/new_code_py/new_code_py/action/detail/fibonacci__rosidl_typesupport_introspection_c.h
[6.770s] -- Installing: /home/akshaj/Desktop/ros-lab-exp/ros-lab/ros2_ws_Akshaj/install/new_code_py/include/new_code_py/new_code_py/action/detail/fibonacci__type_support.c
[6.770s] -- Installing: /home/akshaj/Desktop/ros-lab-exp/ros-lab/ros2_ws_Akshaj/install/new_code_py/lib/libmain_node_interfaces__rosidl_typesupport_introspection_c.so
[6.771s] -- Set runtime path of "/home/akshaj/Desktop/ros-lab-exp/ros-lab/ros2_ws_Akshaj/install/new_code_py/lib/libmain_node_interfaces__rosidl_typesupport_introspection_c.so" to ""
[6.771s] -- Installing: /home/akshaj/Desktop/ros-lab-exp/ros-lab/ros2_ws_Akshaj/install/new_code_py/lib/libmain_node_interfaces__rosidl_typesupport_c.so
[6.771s] -- Set runtime path of "/home/akshaj/Desktop/ros-lab-exp/ros-lab/ros2_ws_Akshaj/install/new_code_py/lib/libmain_node_interfaces__rosidl_typesupport_c.so" to ""
[6.771s] -- Up-to-date: /home/akshaj/Desktop/ros-lab-exp/ros-lab/ros2_ws_Akshaj/install/new_code_py/include/new_code_py/new_code_py
[6.772s] -- Up-to-date: /home/akshaj/Desktop/ros-lab-exp/ros-lab/ros2_ws_Akshaj/install/new_code_py/include/new_code_py/new_code_py/msg
[6.772s] -- Installing: /home/akshaj/Desktop/ros-lab-exp/ros-lab/ros2_ws_Akshaj/install/new_code_py/include/new_code_py/new_code_py/msg/rosidl_generator_cpp__visibility_control.hpp
[6.772s] -- Up-to-date: /home/akshaj/Desktop/ros-lab-exp/ros-lab/ros2_ws_Akshaj/install/new_code_py/include/new_code_py/new_code_py/action
[6.772s] -- Installing: /home/akshaj/Desktop/ros-lab-exp/ros-lab/ros2_ws_Akshaj/install/new_code_py/include/new_code_py/new_code_py/action/fibonacci.hpp
[6.772s] -- Up-to-date: /home/akshaj/Desktop/ros-lab-exp/ros-lab/ros2_ws_Akshaj/install/new_code_py/include/new_code_py/new_code_py/action/detail
[6.772s] -- Installing: /home/akshaj/Desktop/ros-lab-exp/ros-lab/ros2_ws_Akshaj/install/new_code_py/include/new_code_py/new_code_py/action/detail/fibonacci__type_support.hpp
[6.772s] -- Installing: /home/akshaj/Desktop/ros-lab-exp/ros-lab/ros2_ws_Akshaj/install/new_code_py/include/new_code_py/new_code_py/action/detail/fibonacci__traits.hpp
[6.772s] -- Installing: /home/akshaj/Desktop/ros-lab-exp/ros-lab/ros2_ws_Akshaj/install/new_code_py/include/new_code_py/new_code_py/action/detail/fibonacci__builder.hpp
[6.773s] -- Installing: /home/akshaj/Desktop/ros-lab-exp/ros-lab/ros2_ws_Akshaj/install/new_code_py/include/new_code_py/new_code_py/action/detail/fibonacci__struct.hpp
[6.773s] -- Up-to-date: /home/akshaj/Desktop/ros-lab-exp/ros-lab/ros2_ws_Akshaj/install/new_code_py/include/new_code_py/new_code_py
[6.773s] -- Up-to-date: /home/akshaj/Desktop/ros-lab-exp/ros-lab/ros2_ws_Akshaj/install/new_code_py/include/new_code_py/new_code_py/msg
[6.773s] -- Installing: /home/akshaj/Desktop/ros-lab-exp/ros-lab/ros2_ws_Akshaj/install/new_code_py/include/new_code_py/new_code_py/msg/rosidl_typesupport_fastrtps_cpp__visibility_control.h
[6.773s] -- Up-to-date: /home/akshaj/Desktop/ros-lab-exp/ros-lab/ros2_ws_Akshaj/install/new_code_py/include/new_code_py/new_code_py/action
[6.773s] -- Up-to-date: /home/akshaj/Desktop/ros-lab-exp/ros-lab/ros2_ws_Akshaj/install/new_code_py/include/new_code_py/new_code_py/action/detail
[6.773s] -- Installing: /home/akshaj/Desktop/ros-lab-exp/ros-lab/ros2_ws_Akshaj/install/new_code_py/include/new_code_py/new_code_py/action/detail/dds_fastrtps
[6.773s] -- Installing: /home/akshaj/Desktop/ros-lab-exp/ros-lab/ros2_ws_Akshaj/install/new_code_py/include/new_code_py/new_code_py/action/detail/fibonacci__rosidl_typesupport_fastrtps_cpp.hpp
[6.774s] -- Installing: /home/akshaj/Desktop/ros-lab-exp/ros-lab/ros2_ws_Akshaj/install/new_code_py/lib/libmain_node_interfaces__rosidl_typesupport_fastrtps_cpp.so
[6.774s] -- Set runtime path of "/home/akshaj/Desktop/ros-lab-exp/ros-lab/ros2_ws_Akshaj/install/new_code_py/lib/libmain_node_interfaces__rosidl_typesupport_fastrtps_cpp.so" to ""
[6.774s] -- Up-to-date: /home/akshaj/Desktop/ros-lab-exp/ros-lab/ros2_ws_Akshaj/install/new_code_py/include/new_code_py/new_code_py
[6.775s] -- Up-to-date: /home/akshaj/Desktop/ros-lab-exp/ros-lab/ros2_ws_Akshaj/install/new_code_py/include/new_code_py/new_code_py/action
[6.775s] -- Up-to-date: /home/akshaj/Desktop/ros-lab-exp/ros-lab/ros2_ws_Akshaj/install/new_code_py/include/new_code_py/new_code_py/action/detail
[6.775s] -- Installing: /home/akshaj/Desktop/ros-lab-exp/ros-lab/ros2_ws_Akshaj/install/new_code_py/include/new_code_py/new_code_py/action/detail/fibonacci__rosidl_typesupport_introspection_cpp.hpp
[6.775s] -- Installing: /home/akshaj/Desktop/ros-lab-exp/ros-lab/ros2_ws_Akshaj/install/new_code_py/include/new_code_py/new_code_py/action/detail/fibonacci__type_support.cpp
[6.775s] -- Installing: /home/akshaj/Desktop/ros-lab-exp/ros-lab/ros2_ws_Akshaj/install/new_code_py/lib/libmain_node_interfaces__rosidl_typesupport_introspection_cpp.so
[6.776s] -- Set runtime path of "/home/akshaj/Desktop/ros-lab-exp/ros-lab/ros2_ws_Akshaj/install/new_code_py/lib/libmain_node_interfaces__rosidl_typesupport_introspection_cpp.so" to ""
[6.776s] -- Installing: /home/akshaj/Desktop/ros-lab-exp/ros-lab/ros2_ws_Akshaj/install/new_code_py/lib/libmain_node_interfaces__rosidl_typesupport_cpp.so
[6.776s] -- Set runtime path of "/home/akshaj/Desktop/ros-lab-exp/ros-lab/ros2_ws_Akshaj/install/new_code_py/lib/libmain_node_interfaces__rosidl_typesupport_cpp.so" to ""
[6.777s] -- Installing: /home/akshaj/Desktop/ros-lab-exp/ros-lab/ros2_ws_Akshaj/install/new_code_py/share/new_code_py/environment/pythonpath.sh
[6.777s] -- Installing: /home/akshaj/Desktop/ros-lab-exp/ros-lab/ros2_ws_Akshaj/install/new_code_py/share/new_code_py/environment/pythonpath.dsv
[6.777s] -- Installing: /home/akshaj/Desktop/ros-lab-exp/ros-lab/ros2_ws_Akshaj/install/new_code_py/local/lib/python3.10/dist-packages/new_code_py-0.0.0-py3.10.egg-info
[6.777s] -- Installing: /home/akshaj/Desktop/ros-lab-exp/ros-lab/ros2_ws_Akshaj/install/new_code_py/local/lib/python3.10/dist-packages/new_code_py-0.0.0-py3.10.egg-info/SOURCES.txt
[6.777s] -- Installing: /home/akshaj/Desktop/ros-lab-exp/ros-lab/ros2_ws_Akshaj/install/new_code_py/local/lib/python3.10/dist-packages/new_code_py-0.0.0-py3.10.egg-info/top_level.txt
[6.778s] -- Installing: /home/akshaj/Desktop/ros-lab-exp/ros-lab/ros2_ws_Akshaj/install/new_code_py/local/lib/python3.10/dist-packages/new_code_py-0.0.0-py3.10.egg-info/dependency_links.txt
[6.778s] -- Installing: /home/akshaj/Desktop/ros-lab-exp/ros-lab/ros2_ws_Akshaj/install/new_code_py/local/lib/python3.10/dist-packages/new_code_py-0.0.0-py3.10.egg-info/PKG-INFO
[6.778s] -- Installing: /home/akshaj/Desktop/ros-lab-exp/ros-lab/ros2_ws_Akshaj/install/new_code_py/local/lib/python3.10/dist-packages/new_code_py
[6.778s] -- Installing: /home/akshaj/Desktop/ros-lab-exp/ros-lab/ros2_ws_Akshaj/install/new_code_py/local/lib/python3.10/dist-packages/new_code_py/new_code_py_s__rosidl_typesupport_c.cpython-310-x86_64-linux-gnu.so
[6.778s] -- Installing: /home/akshaj/Desktop/ros-lab-exp/ros-lab/ros2_ws_Akshaj/install/new_code_py/local/lib/python3.10/dist-packages/new_code_py/_new_code_py_s.ep.rosidl_typesupport_fastrtps_c.c
[6.779s] -- Installing: /home/akshaj/Desktop/ros-lab-exp/ros-lab/ros2_ws_Akshaj/install/new_code_py/local/lib/python3.10/dist-packages/new_code_py/new_code_py_s__rosidl_typesupport_fastrtps_c.cpython-310-x86_64-linux-gnu.so
[6.779s] -- Installing: /home/akshaj/Desktop/ros-lab-exp/ros-lab/ros2_ws_Akshaj/install/new_code_py/local/lib/python3.10/dist-packages/new_code_py/__init__.py
[6.779s] -- Installing: /home/akshaj/Desktop/ros-lab-exp/ros-lab/ros2_ws_Akshaj/install/new_code_py/local/lib/python3.10/dist-packages/new_code_py/_new_code_py_s.ep.rosidl_typesupport_c.c
[6.779s] -- Installing: /home/akshaj/Desktop/ros-lab-exp/ros-lab/ros2_ws_Akshaj/install/new_code_py/local/lib/python3.10/dist-packages/new_code_py/action
[6.779s] -- Installing: /home/akshaj/Desktop/ros-lab-exp/ros-lab/ros2_ws_Akshaj/install/new_code_py/local/lib/python3.10/dist-packages/new_code_py/action/__init__.py
[6.780s] -- Installing: /home/akshaj/Desktop/ros-lab-exp/ros-lab/ros2_ws_Akshaj/install/new_code_py/local/lib/python3.10/dist-packages/new_code_py/action/_fibonacci.py
[6.780s] -- Installing: /home/akshaj/Desktop/ros-lab-exp/ros-lab/ros2_ws_Akshaj/install/new_code_py/local/lib/python3.10/dist-packages/new_code_py/action/_fibonacci_s.c
[6.780s] -- Installing: /home/akshaj/Desktop/ros-lab-exp/ros-lab/ros2_ws_Akshaj/install/new_code_py/local/lib/python3.10/dist-packages/new_code_py/new_code_py_s__rosidl_typesupport_introspection_c.cpython-310-x86_64-linux-gnu.so
[6.780s] -- Installing: /home/akshaj/Desktop/ros-lab-exp/ros-lab/ros2_ws_Akshaj/install/new_code_py/local/lib/python3.10/dist-packages/new_code_py/libmain_node_interfaces__rosidl_generator_py.so
[6.781s] -- Installing: /home/akshaj/Desktop/ros-lab-exp/ros-lab/ros2_ws_Akshaj/install/new_code_py/local/lib/python3.10/dist-packages/new_code_py/_new_code_py_s.ep.rosidl_typesupport_introspection_c.c
[6.826s] Listing '/home/akshaj/Desktop/ros-lab-exp/ros-lab/ros2_ws_Akshaj/install/new_code_py/local/lib/python3.10/dist-packages/new_code_py'...
[6.826s] Compiling '/home/akshaj/Desktop/ros-lab-exp/ros-lab/ros2_ws_Akshaj/install/new_code_py/local/lib/python3.10/dist-packages/new_code_py/__init__.py'...
[6.826s] Listing '/home/akshaj/Desktop/ros-lab-exp/ros-lab/ros2_ws_Akshaj/install/new_code_py/local/lib/python3.10/dist-packages/new_code_py/action'...
[6.826s] Compiling '/home/akshaj/Desktop/ros-lab-exp/ros-lab/ros2_ws_Akshaj/install/new_code_py/local/lib/python3.10/dist-packages/new_code_py/action/__init__.py'...
[6.826s] Compiling '/home/akshaj/Desktop/ros-lab-exp/ros-lab/ros2_ws_Akshaj/install/new_code_py/local/lib/python3.10/dist-packages/new_code_py/action/_fibonacci.py'...
[6.832s] -- Installing: /home/akshaj/Desktop/ros-lab-exp/ros-lab/ros2_ws_Akshaj/install/new_code_py/local/lib/python3.10/dist-packages/new_code_py/new_code_py_s__rosidl_typesupport_fastrtps_c.cpython-310-x86_64-linux-gnu.so
[6.832s] -- Set runtime path of "/home/akshaj/Desktop/ros-lab-exp/ros-lab/ros2_ws_Akshaj/install/new_code_py/local/lib/python3.10/dist-packages/new_code_py/new_code_py_s__rosidl_typesupport_fastrtps_c.cpython-310-x86_64-linux-gnu.so" to ""
[6.833s] -- Installing: /home/akshaj/Desktop/ros-lab-exp/ros-lab/ros2_ws_Akshaj/install/new_code_py/local/lib/python3.10/dist-packages/new_code_py/new_code_py_s__rosidl_typesupport_introspection_c.cpython-310-x86_64-linux-gnu.so
[6.833s] -- Set runtime path of "/home/akshaj/Desktop/ros-lab-exp/ros-lab/ros2_ws_Akshaj/install/new_code_py/local/lib/python3.10/dist-packages/new_code_py/new_code_py_s__rosidl_typesupport_introspection_c.cpython-310-x86_64-linux-gnu.so" to ""
[6.834s] -- Installing: /home/akshaj/Desktop/ros-lab-exp/ros-lab/ros2_ws_Akshaj/install/new_code_py/local/lib/python3.10/dist-packages/new_code_py/new_code_py_s__rosidl_typesupport_c.cpython-310-x86_64-linux-gnu.so
[6.834s] -- Set runtime path of "/home/akshaj/Desktop/ros-lab-exp/ros-lab/ros2_ws_Akshaj/install/new_code_py/local/lib/python3.10/dist-packages/new_code_py/new_code_py_s__rosidl_typesupport_c.cpython-310-x86_64-linux-gnu.so" to ""
[6.834s] -- Installing: /home/akshaj/Desktop/ros-lab-exp/ros-lab/ros2_ws_Akshaj/install/new_code_py/lib/libmain_node_interfaces__rosidl_generator_py.so
[6.835s] -- Set runtime path of "/home/akshaj/Desktop/ros-lab-exp/ros-lab/ros2_ws_Akshaj/install/new_code_py/lib/libmain_node_interfaces__rosidl_generator_py.so" to ""
[6.835s] -- Installing: /home/akshaj/Desktop/ros-lab-exp/ros-lab/ros2_ws_Akshaj/install/new_code_py/share/new_code_py/action/Fibonacci.idl
[6.836s] -- Installing: /home/akshaj/Desktop/ros-lab-exp/ros-lab/ros2_ws_Akshaj/install/new_code_py/share/new_code_py/action/Fibonacci.action
[6.836s] -- Installing: /home/akshaj/Desktop/ros-lab-exp/ros-lab/ros2_ws_Akshaj/install/new_code_py/share/ament_index/resource_index/package_run_dependencies/new_code_py
[6.837s] -- Installing: /home/akshaj/Desktop/ros-lab-exp/ros-lab/ros2_ws_Akshaj/install/new_code_py/share/ament_index/resource_index/parent_prefix_path/new_code_py
[6.837s] -- Installing: /home/akshaj/Desktop/ros-lab-exp/ros-lab/ros2_ws_Akshaj/install/new_code_py/share/new_code_py/environment/ament_prefix_path.sh
[6.837s] -- Installing: /home/akshaj/Desktop/ros-lab-exp/ros-lab/ros2_ws_Akshaj/install/new_code_py/share/new_code_py/environment/ament_prefix_path.dsv
[6.838s] -- Installing: /home/akshaj/Desktop/ros-lab-exp/ros-lab/ros2_ws_Akshaj/install/new_code_py/share/new_code_py/environment/path.sh
[6.838s] -- Installing: /home/akshaj/Desktop/ros-lab-exp/ros-lab/ros2_ws_Akshaj/install/new_code_py/share/new_code_py/environment/path.dsv
[6.838s] -- Installing: /home/akshaj/Desktop/ros-lab-exp/ros-lab/ros2_ws_Akshaj/install/new_code_py/share/new_code_py/local_setup.bash
[6.838s] -- Installing: /home/akshaj/Desktop/ros-lab-exp/ros-lab/ros2_ws_Akshaj/install/new_code_py/share/new_code_py/local_setup.sh
[6.839s] -- Installing: /home/akshaj/Desktop/ros-lab-exp/ros-lab/ros2_ws_Akshaj/install/new_code_py/share/new_code_py/local_setup.zsh
[6.839s] -- Installing: /home/akshaj/Desktop/ros-lab-exp/ros-lab/ros2_ws_Akshaj/install/new_code_py/share/new_code_py/local_setup.dsv
[6.839s] -- Installing: /home/akshaj/Desktop/ros-lab-exp/ros-lab/ros2_ws_Akshaj/install/new_code_py/share/new_code_py/package.dsv
[6.839s] -- Installing: /home/akshaj/Desktop/ros-lab-exp/ros-lab/ros2_ws_Akshaj/install/new_code_py/share/ament_index/resource_index/packages/new_code_py
[6.840s] -- Installing: /home/akshaj/Desktop/ros-lab-exp/ros-lab/ros2_ws_Akshaj/install/new_code_py/share/new_code_py/cmake/export_main_node_interfaces__rosidl_generator_cExport.cmake
[6.840s] -- Installing: /home/akshaj/Desktop/ros-lab-exp/ros-lab/ros2_ws_Akshaj/install/new_code_py/share/new_code_py/cmake/export_main_node_interfaces__rosidl_generator_cExport-noconfig.cmake
[6.840s] -- Installing: /home/akshaj/Desktop/ros-lab-exp/ros-lab/ros2_ws_Akshaj/install/new_code_py/share/new_code_py/cmake/export_main_node_interfaces__rosidl_typesupport_fastrtps_cExport.cmake
[6.840s] -- Installing: /home/akshaj/Desktop/ros-lab-exp/ros-lab/ros2_ws_Akshaj/install/new_code_py/share/new_code_py/cmake/export_main_node_interfaces__rosidl_typesupport_fastrtps_cExport-noconfig.cmake
[6.841s] -- Installing: /home/akshaj/Desktop/ros-lab-exp/ros-lab/ros2_ws_Akshaj/install/new_code_py/share/new_code_py/cmake/main_node_interfaces__rosidl_typesupport_introspection_cExport.cmake
[6.841s] -- Installing: /home/akshaj/Desktop/ros-lab-exp/ros-lab/ros2_ws_Akshaj/install/new_code_py/share/new_code_py/cmake/main_node_interfaces__rosidl_typesupport_introspection_cExport-noconfig.cmake
[6.841s] -- Installing: /home/akshaj/Desktop/ros-lab-exp/ros-lab/ros2_ws_Akshaj/install/new_code_py/share/new_code_py/cmake/main_node_interfaces__rosidl_typesupport_cExport.cmake
[6.841s] -- Installing: /home/akshaj/Desktop/ros-lab-exp/ros-lab/ros2_ws_Akshaj/install/new_code_py/share/new_code_py/cmake/main_node_interfaces__rosidl_typesupport_cExport-noconfig.cmake
[6.842s] -- Installing: /home/akshaj/Desktop/ros-lab-exp/ros-lab/ros2_ws_Akshaj/install/new_code_py/share/new_code_py/cmake/export_main_node_interfaces__rosidl_generator_cppExport.cmake
[6.842s] -- Installing: /home/akshaj/Desktop/ros-lab-exp/ros-lab/ros2_ws_Akshaj/install/new_code_py/share/new_code_py/cmake/export_main_node_interfaces__rosidl_typesupport_fastrtps_cppExport.cmake
[6.842s] -- Installing: /home/akshaj/Desktop/ros-lab-exp/ros-lab/ros2_ws_Akshaj/install/new_code_py/share/new_code_py/cmake/export_main_node_interfaces__rosidl_typesupport_fastrtps_cppExport-noconfig.cmake
[6.842s] -- Installing: /home/akshaj/Desktop/ros-lab-exp/ros-lab/ros2_ws_Akshaj/install/new_code_py/share/new_code_py/cmake/main_node_interfaces__rosidl_typesupport_introspection_cppExport.cmake
[6.843s] -- Installing: /home/akshaj/Desktop/ros-lab-exp/ros-lab/ros2_ws_Akshaj/install/new_code_py/share/new_code_py/cmake/main_node_interfaces__rosidl_typesupport_introspection_cppExport-noconfig.cmake
[6.843s] -- Installing: /home/akshaj/Desktop/ros-lab-exp/ros-lab/ros2_ws_Akshaj/install/new_code_py/share/new_code_py/cmake/main_node_interfaces__rosidl_typesupport_cppExport.cmake
[6.843s] -- Installing: /home/akshaj/Desktop/ros-lab-exp/ros-lab/ros2_ws_Akshaj/install/new_code_py/share/new_code_py/cmake/main_node_interfaces__rosidl_typesupport_cppExport-noconfig.cmake
[6.843s] -- Installing: /home/akshaj/Desktop/ros-lab-exp/ros-lab/ros2_ws_Akshaj/install/new_code_py/share/new_code_py/cmake/export_main_node_interfaces__rosidl_generator_pyExport.cmake
[6.844s] -- Installing: /home/akshaj/Desktop/ros-lab-exp/ros-lab/ros2_ws_Akshaj/install/new_code_py/share/new_code_py/cmake/export_main_node_interfaces__rosidl_generator_pyExport-noconfig.cmake
[6.844s] -- Installing: /home/akshaj/Desktop/ros-lab-exp/ros-lab/ros2_ws_Akshaj/install/new_code_py/share/new_code_py/cmake/rosidl_cmake-extras.cmake
[6.844s] -- Installing: /home/akshaj/Desktop/ros-lab-exp/ros-lab/ros2_ws_Akshaj/install/new_code_py/share/new_code_py/cmake/ament_cmake_export_dependencies-extras.cmake
[6.844s] -- Installing: /home/akshaj/Desktop/ros-lab-exp/ros-lab/ros2_ws_Akshaj/install/new_code_py/share/new_code_py/cmake/ament_cmake_export_include_directories-extras.cmake
[6.845s] -- Installing: /home/akshaj/Desktop/ros-lab-exp/ros-lab/ros2_ws_Akshaj/install/new_code_py/share/new_code_py/cmake/ament_cmake_export_libraries-extras.cmake
[6.845s] -- Installing: /home/akshaj/Desktop/ros-lab-exp/ros-lab/ros2_ws_Akshaj/install/new_code_py/share/new_code_py/cmake/ament_cmake_export_targets-extras.cmake
[6.845s] -- Installing: /home/akshaj/Desktop/ros-lab-exp/ros-lab/ros2_ws_Akshaj/install/new_code_py/share/new_code_py/cmake/rosidl_cmake_export_typesupport_targets-extras.cmake
[6.845s] -- Installing: /home/akshaj/Desktop/ros-lab-exp/ros-lab/ros2_ws_Akshaj/install/new_code_py/share/new_code_py/cmake/rosidl_cmake_export_typesupport_libraries-extras.cmake
[6.846s] -- Installing: /home/akshaj/Desktop/ros-lab-exp/ros-lab/ros2_ws_Akshaj/install/new_code_py/share/new_code_py/cmake/new_code_pyConfig.cmake
[6.846s] -- Installing: /home/akshaj/Desktop/ros-lab-exp/ros-lab/ros2_ws_Akshaj/install/new_code_py/share/new_code_py/cmake/new_code_pyConfig-version.cmake
[6.846s] -- Installing: /home/akshaj/Desktop/ros-lab-exp/ros-lab/ros2_ws_Akshaj/install/new_code_py/share/new_code_py/package.xml
[6.849s] Invoked command in '/home/akshaj/Desktop/ros-lab-exp/ros-lab/ros2_ws_Akshaj/build/new_code_py' returned '0': CMAKE_PREFIX_PATH=/opt/ros/humble /usr/bin/cmake --install /home/akshaj/Desktop/ros-lab-exp/ros-lab/ros2_ws_Akshaj/build/new_code_py
