[3.652s] Invoking command in '/home/akshaj/Desktop/ros-lab-exp/ros-lab/ros2_ws_Akshaj/src/prime_generator': PYTHONPATH=/home/akshaj/Desktop/ros-lab-exp/ros-lab/ros2_ws_Akshaj/build/prime_generator/prefix_override:/usr/lib/python3/dist-packages/colcon_core/task/python/colcon_distutils_commands:/home/akshaj/Desktop/ros-lab-exp/ros-lab/ros2_ws_Akshaj/install/prime_generator/lib/python3.10/site-packages:${PYTHONPATH} /usr/bin/python3 -W ignore:setup.py install is deprecated -W ignore:easy_install command is deprecated setup.py egg_info --egg-base ../../build/prime_generator build --build-base /home/akshaj/Desktop/ros-lab-exp/ros-lab/ros2_ws_Akshaj/build/prime_generator/build install --record /home/akshaj/Desktop/ros-lab-exp/ros-lab/ros2_ws_Akshaj/build/prime_generator/install.log --single-version-externally-managed install_data
[4.107s] running egg_info
[4.126s] writing ../../build/prime_generator/prime_generator.egg-info/PKG-INFO
[4.126s] writing dependency_links to ../../build/prime_generator/prime_generator.egg-info/dependency_links.txt
[4.126s] writing entry points to ../../build/prime_generator/prime_generator.egg-info/entry_points.txt
[4.126s] writing requirements to ../../build/prime_generator/prime_generator.egg-info/requires.txt
[4.127s] writing top-level names to ../../build/prime_generator/prime_generator.egg-info/top_level.txt
[4.180s] reading manifest file '../../build/prime_generator/prime_generator.egg-info/SOURCES.txt'
[4.181s] writing manifest file '../../build/prime_generator/prime_generator.egg-info/SOURCES.txt'
[4.181s] running build
[4.181s] running build_py
[4.182s] running install
[4.188s] running install_lib
[4.206s] running install_data
[4.207s] running install_egg_info
[4.225s] removing '/home/akshaj/Desktop/ros-lab-exp/ros-lab/ros2_ws_Akshaj/install/prime_generator/lib/python3.10/site-packages/prime_generator-0.0.0-py3.10.egg-info' (and everything under it)
[4.225s] Copying ../../build/prime_generator/prime_generator.egg-info to /home/akshaj/Desktop/ros-lab-exp/ros-lab/ros2_ws_Akshaj/install/prime_generator/lib/python3.10/site-packages/prime_generator-0.0.0-py3.10.egg-info
[4.226s] running install_scripts
[4.300s] Installing prime_client script to /home/akshaj/Desktop/ros-lab-exp/ros-lab/ros2_ws_Akshaj/install/prime_generator/lib/prime_generator
[4.300s] Installing prime_server script to /home/akshaj/Desktop/ros-lab-exp/ros-lab/ros2_ws_Akshaj/install/prime_generator/lib/prime_generator
[4.301s] writing list of installed files to '/home/akshaj/Desktop/ros-lab-exp/ros-lab/ros2_ws_Akshaj/build/prime_generator/install.log'
[4.416s] Invoked command in '/home/akshaj/Desktop/ros-lab-exp/ros-lab/ros2_ws_Akshaj/src/prime_generator' returned '0': PYTHONPATH=/home/akshaj/Desktop/ros-lab-exp/ros-lab/ros2_ws_Akshaj/build/prime_generator/prefix_override:/usr/lib/python3/dist-packages/colcon_core/task/python/colcon_distutils_commands:/home/akshaj/Desktop/ros-lab-exp/ros-lab/ros2_ws_Akshaj/install/prime_generator/lib/python3.10/site-packages:${PYTHONPATH} /usr/bin/python3 -W ignore:setup.py install is deprecated -W ignore:easy_install command is deprecated setup.py egg_info --egg-base ../../build/prime_generator build --build-base /home/akshaj/Desktop/ros-lab-exp/ros-lab/ros2_ws_Akshaj/build/prime_generator/build install --record /home/akshaj/Desktop/ros-lab-exp/ros-lab/ros2_ws_Akshaj/build/prime_generator/install.log --single-version-externally-managed install_data
