-- Found ament_cmake: 1.3.11 (/opt/ros/humble/share/ament_cmake/cmake)
-- Found ament_lint_auto: 0.12.12 (/opt/ros/humble/share/ament_lint_auto/cmake)
-- Found rosidl_default_generators: 1.2.0 (/opt/ros/humble/share/rosidl_default_generators/cmake)
-- Using all available rosidl_typesupport_c: rosidl_typesupport_fastrtps_c;rosidl_typesupport_introspection_c
-- Found rosidl_adapter: 3.1.6 (/opt/ros/humble/share/rosidl_adapter/cmake)
-- Using all available rosidl_typesupport_cpp: rosidl_typesupport_fastrtps_cpp;rosidl_typesupport_introspection_cpp
-- Found ament_cmake_ros: 0.10.0 (/opt/ros/humble/share/ament_cmake_ros/cmake)
-- Using all available rosidl_typesupport_c: rosidl_typesupport_fastrtps_c;rosidl_typesupport_introspection_c
-- Using all available rosidl_typesupport_cpp: rosidl_typesupport_fastrtps_cpp;rosidl_typesupport_introspection_cpp
-- Found python_cmake_module: 0.10.0 (/opt/ros/humble/share/python_cmake_module/cmake)
-- Using PYTHON_EXECUTABLE: /usr/bin/python3
-- Using PYTHON_INCLUDE_DIRS: /usr/include/python3.10
-- Using PYTHON_LIBRARIES: /usr/lib/x86_64-linux-gnu/libpython3.10.so
-- Added test 'lint_cmake' to check CMake code style
-- Added test 'xmllint' to check XML markup files
-- Configuring done
-- Generating done
-- Build files have been written to: /home/akshaj/Desktop/ros-lab-exp/ros-lab/ros2_ws_Akshaj/build/action_tutorials_interfaces
[  2%] [34m[1mGenerating C code for ROS interfaces[0m
[  5%] [34m[1mGenerating C++ code for ROS interfaces[0m
[  5%] Built target ament_cmake_python_copy_action_tutorials_interfaces
running egg_info
writing action_tutorials_interfaces.egg-info/PKG-INFO
writing dependency_links to action_tutorials_interfaces.egg-info/dependency_links.txt
writing top-level names to action_tutorials_interfaces.egg-info/top_level.txt
reading manifest file 'action_tutorials_interfaces.egg-info/SOURCES.txt'
[35m[1mConsolidate compiler generated dependencies of target action_tutorials_interfaces__rosidl_generator_c[0m
[  7%] [32mBuilding C object CMakeFiles/action_tutorials_interfaces__rosidl_generator_c.dir/rosidl_generator_c/action_tutorials_interfaces/action/detail/prime_numbers__functions.c.o[0m
[ 10%] [32mBuilding C object CMakeFiles/action_tutorials_interfaces__rosidl_generator_c.dir/rosidl_generator_c/action_tutorials_interfaces/action/detail/fibonacci__functions.c.o[0m
[ 10%] Built target action_tutorials_interfaces__cpp
[ 12%] [32m[1mLinking C shared library libaction_tutorials_interfaces__rosidl_generator_c.so[0m
[ 12%] Built target action_tutorials_interfaces__rosidl_generator_c
