[0.138s] DEBUG:colcon:Command line arguments: ['/usr/bin/colcon', 'build']
[0.138s] DEBUG:colcon:Parsed command line arguments: Namespace(allow_overriding=[], ament_cmake_args=None, base_paths=['.'], build_base='build', catkin_cmake_args=None, catkin_skip_building_tests=False, cmake_args=None, cmake_clean_cache=False, cmake_clean_first=False, cmake_force_configure=False, cmake_target=None, cmake_target_skip_unavailable=False, continue_on_error=False, event_handlers=None, executor='parallel', ignore_user_meta=False, install_base='install', log_base=None, log_level=None, main=<bound method BuildVerb.main of <colcon_core.verb.build.BuildVerb object at 0x7f882b615250>>, merge_install=False, metas=['./colcon.meta'], packages_above=None, packages_above_and_dependencies=None, packages_above_depth=None, packages_end=None, packages_ignore=None, packages_ignore_regex=None, packages_select=None, packages_select_build_failed=False, packages_select_by_dep=None, packages_select_regex=None, packages_select_test_failures=False, packages_skip=None, packages_skip_build_finished=False, packages_skip_by_dep=None, packages_skip_regex=None, packages_skip_test_passed=False, packages_skip_up_to=None, packages_start=None, packages_up_to=None, packages_up_to_regex=None, parallel_workers=12, paths=None, symlink_install=False, test_result_base=None, verb_extension=<colcon_core.verb.build.BuildVerb object at 0x7f882b615250>, verb_name='build', verb_parser=<colcon_defaults.argument_parser.defaults.DefaultArgumentsDecorator object at 0x7f882b6156a0>)
[0.172s] Level 1:colcon.colcon_core.package_discovery:discover_packages(colcon_meta) check parameters
[0.173s] Level 1:colcon.colcon_core.package_discovery:discover_packages(recursive) check parameters
[0.173s] Level 1:colcon.colcon_core.package_discovery:discover_packages(ignore) check parameters
[0.173s] Level 1:colcon.colcon_core.package_discovery:discover_packages(path) check parameters
[0.173s] Level 1:colcon.colcon_core.package_discovery:discover_packages(colcon_meta) discover
[0.173s] Level 1:colcon.colcon_core.package_discovery:discover_packages(recursive) discover
[0.173s] INFO:colcon.colcon_core.package_discovery:Crawling recursively for packages in '/home/akshaj/Downloads/ros2_ws_AKSHAJ/ros2_ws_Akshaj/src/exp3'
[0.173s] Level 1:colcon.colcon_core.package_identification:_identify(.) by extensions ['ignore', 'ignore_ament_install']
[0.173s] Level 1:colcon.colcon_core.package_identification:_identify(.) by extension 'ignore'
[0.173s] Level 1:colcon.colcon_core.package_identification:_identify(.) by extension 'ignore_ament_install'
[0.173s] Level 1:colcon.colcon_core.package_identification:_identify(.) by extensions ['colcon_pkg']
[0.173s] Level 1:colcon.colcon_core.package_identification:_identify(.) by extension 'colcon_pkg'
[0.173s] Level 1:colcon.colcon_core.package_identification:_identify(.) by extensions ['colcon_meta']
[0.173s] Level 1:colcon.colcon_core.package_identification:_identify(.) by extension 'colcon_meta'
[0.173s] Level 1:colcon.colcon_core.package_identification:_identify(.) by extensions ['ros']
[0.173s] Level 1:colcon.colcon_core.package_identification:_identify(.) by extension 'ros'
[0.185s] DEBUG:colcon.colcon_core.package_identification:Package '.' with type 'ros.ament_python' and name 'exp3'
[0.185s] Level 1:colcon.colcon_core.package_discovery:discover_packages(recursive) using defaults
[0.185s] Level 1:colcon.colcon_core.package_discovery:discover_packages(ignore) discover
[0.185s] Level 1:colcon.colcon_core.package_discovery:discover_packages(ignore) using defaults
[0.185s] Level 1:colcon.colcon_core.package_discovery:discover_packages(path) discover
[0.186s] Level 1:colcon.colcon_core.package_discovery:discover_packages(path) using defaults
[0.200s] Level 1:colcon.colcon_core.package_discovery:discover_packages(prefix_path) check parameters
[0.200s] Level 1:colcon.colcon_core.package_discovery:discover_packages(prefix_path) discover
[0.202s] DEBUG:colcon.colcon_installed_package_information.package_discovery:Found 7 installed packages in /home/akshaj/Desktop/akshaj_ws2/install
[0.203s] DEBUG:colcon.colcon_installed_package_information.package_discovery:Found 383 installed packages in /opt/ros/foxy
[0.204s] Level 1:colcon.colcon_core.package_discovery:discover_packages(prefix_path) using defaults
[0.254s] Level 5:colcon.colcon_core.verb:set package 'exp3' build argument 'cmake_args' from command line to 'None'
[0.254s] Level 5:colcon.colcon_core.verb:set package 'exp3' build argument 'cmake_target' from command line to 'None'
[0.254s] Level 5:colcon.colcon_core.verb:set package 'exp3' build argument 'cmake_target_skip_unavailable' from command line to 'False'
[0.254s] Level 5:colcon.colcon_core.verb:set package 'exp3' build argument 'cmake_clean_cache' from command line to 'False'
[0.254s] Level 5:colcon.colcon_core.verb:set package 'exp3' build argument 'cmake_clean_first' from command line to 'False'
[0.254s] Level 5:colcon.colcon_core.verb:set package 'exp3' build argument 'cmake_force_configure' from command line to 'False'
[0.254s] Level 5:colcon.colcon_core.verb:set package 'exp3' build argument 'ament_cmake_args' from command line to 'None'
[0.254s] Level 5:colcon.colcon_core.verb:set package 'exp3' build argument 'catkin_cmake_args' from command line to 'None'
[0.254s] Level 5:colcon.colcon_core.verb:set package 'exp3' build argument 'catkin_skip_building_tests' from command line to 'False'
[0.254s] DEBUG:colcon.colcon_core.verb:Building package 'exp3' with the following arguments: {'ament_cmake_args': None, 'build_base': '/home/akshaj/Downloads/ros2_ws_AKSHAJ/ros2_ws_Akshaj/src/exp3/build/exp3', 'catkin_cmake_args': None, 'catkin_skip_building_tests': False, 'cmake_args': None, 'cmake_clean_cache': False, 'cmake_clean_first': False, 'cmake_force_configure': False, 'cmake_target': None, 'cmake_target_skip_unavailable': False, 'install_base': '/home/akshaj/Downloads/ros2_ws_AKSHAJ/ros2_ws_Akshaj/src/exp3/install/exp3', 'merge_install': False, 'path': '/home/akshaj/Downloads/ros2_ws_AKSHAJ/ros2_ws_Akshaj/src/exp3', 'symlink_install': False, 'test_result_base': None}
[0.254s] INFO:colcon.colcon_core.executor:Executing jobs using 'parallel' executor
[0.255s] DEBUG:colcon.colcon_parallel_executor.executor.parallel:run_until_complete
[0.255s] INFO:colcon.colcon_ros.task.ament_python.build:Building ROS package in '/home/akshaj/Downloads/ros2_ws_AKSHAJ/ros2_ws_Akshaj/src/exp3' with build type 'ament_python'
[0.255s] Level 1:colcon.colcon_core.shell:create_environment_hook('exp3', 'ament_prefix_path')
[0.257s] INFO:colcon.colcon_core.plugin_system:Skipping extension 'colcon_core.shell.bat': Not used on non-Windows systems
[0.257s] INFO:colcon.colcon_core.shell:Creating environment hook '/home/akshaj/Downloads/ros2_ws_AKSHAJ/ros2_ws_Akshaj/src/exp3/install/exp3/share/exp3/hook/ament_prefix_path.ps1'
[0.257s] INFO:colcon.colcon_core.shell:Creating environment descriptor '/home/akshaj/Downloads/ros2_ws_AKSHAJ/ros2_ws_Akshaj/src/exp3/install/exp3/share/exp3/hook/ament_prefix_path.dsv'
[0.258s] INFO:colcon.colcon_core.shell:Creating environment hook '/home/akshaj/Downloads/ros2_ws_AKSHAJ/ros2_ws_Akshaj/src/exp3/install/exp3/share/exp3/hook/ament_prefix_path.sh'
[0.258s] INFO:colcon.colcon_core.shell:Skip shell extension 'powershell' for command environment: Not usable outside of PowerShell
[0.258s] DEBUG:colcon.colcon_core.shell:Skip shell extension 'dsv' for command environment
[0.427s] INFO:colcon.colcon_core.task.python.build:Building Python package in '/home/akshaj/Downloads/ros2_ws_AKSHAJ/ros2_ws_Akshaj/src/exp3'
[0.427s] INFO:colcon.colcon_core.shell:Skip shell extension 'powershell' for command environment: Not usable outside of PowerShell
[0.427s] DEBUG:colcon.colcon_core.shell:Skip shell extension 'dsv' for command environment
[0.836s] DEBUG:colcon.colcon_core.event_handler.log_command:Invoking command in '/home/akshaj/Downloads/ros2_ws_AKSHAJ/ros2_ws_Akshaj/src/exp3': PYTHONPATH=/home/akshaj/Downloads/ros2_ws_AKSHAJ/ros2_ws_Akshaj/src/exp3/build/exp3/prefix_override:/usr/lib/python3/dist-packages/colcon_core/task/python/colcon_distutils_commands:/home/akshaj/Downloads/ros2_ws_AKSHAJ/ros2_ws_Akshaj/src/exp3/install/exp3/lib/python3.8/site-packages:${PYTHONPATH} /usr/bin/python3 -W ignore:setup.py install is deprecated setup.py egg_info --egg-base build/exp3 build --build-base /home/akshaj/Downloads/ros2_ws_AKSHAJ/ros2_ws_Akshaj/src/exp3/build/exp3/build install --record /home/akshaj/Downloads/ros2_ws_AKSHAJ/ros2_ws_Akshaj/src/exp3/build/exp3/install.log --single-version-externally-managed install_data
[1.225s] DEBUG:colcon.colcon_core.event_handler.log_command:Invoked command in '/home/akshaj/Downloads/ros2_ws_AKSHAJ/ros2_ws_Akshaj/src/exp3' returned '0': PYTHONPATH=/home/akshaj/Downloads/ros2_ws_AKSHAJ/ros2_ws_Akshaj/src/exp3/build/exp3/prefix_override:/usr/lib/python3/dist-packages/colcon_core/task/python/colcon_distutils_commands:/home/akshaj/Downloads/ros2_ws_AKSHAJ/ros2_ws_Akshaj/src/exp3/install/exp3/lib/python3.8/site-packages:${PYTHONPATH} /usr/bin/python3 -W ignore:setup.py install is deprecated setup.py egg_info --egg-base build/exp3 build --build-base /home/akshaj/Downloads/ros2_ws_AKSHAJ/ros2_ws_Akshaj/src/exp3/build/exp3/build install --record /home/akshaj/Downloads/ros2_ws_AKSHAJ/ros2_ws_Akshaj/src/exp3/build/exp3/install.log --single-version-externally-managed install_data
[1.231s] Level 1:colcon.colcon_core.environment:checking '/home/akshaj/Downloads/ros2_ws_AKSHAJ/ros2_ws_Akshaj/src/exp3/install/exp3' for CMake module files
[1.232s] Level 1:colcon.colcon_core.environment:checking '/home/akshaj/Downloads/ros2_ws_AKSHAJ/ros2_ws_Akshaj/src/exp3/install/exp3' for CMake config files
[1.234s] Level 1:colcon.colcon_core.environment:checking '/home/akshaj/Downloads/ros2_ws_AKSHAJ/ros2_ws_Akshaj/src/exp3/install/exp3/lib'
[1.234s] Level 1:colcon.colcon_core.environment:checking '/home/akshaj/Downloads/ros2_ws_AKSHAJ/ros2_ws_Akshaj/src/exp3/install/exp3/bin'
[1.234s] Level 1:colcon.colcon_core.environment:checking '/home/akshaj/Downloads/ros2_ws_AKSHAJ/ros2_ws_Akshaj/src/exp3/install/exp3/lib/pkgconfig/exp3.pc'
[1.234s] Level 1:colcon.colcon_core.environment:checking '/home/akshaj/Downloads/ros2_ws_AKSHAJ/ros2_ws_Akshaj/src/exp3/install/exp3/lib/python3.8/site-packages'
[1.234s] Level 1:colcon.colcon_core.shell:create_environment_hook('exp3', 'pythonpath')
[1.234s] INFO:colcon.colcon_core.shell:Creating environment hook '/home/akshaj/Downloads/ros2_ws_AKSHAJ/ros2_ws_Akshaj/src/exp3/install/exp3/share/exp3/hook/pythonpath.ps1'
[1.235s] INFO:colcon.colcon_core.shell:Creating environment descriptor '/home/akshaj/Downloads/ros2_ws_AKSHAJ/ros2_ws_Akshaj/src/exp3/install/exp3/share/exp3/hook/pythonpath.dsv'
[1.235s] INFO:colcon.colcon_core.shell:Creating environment hook '/home/akshaj/Downloads/ros2_ws_AKSHAJ/ros2_ws_Akshaj/src/exp3/install/exp3/share/exp3/hook/pythonpath.sh'
[1.235s] Level 1:colcon.colcon_core.environment:checking '/home/akshaj/Downloads/ros2_ws_AKSHAJ/ros2_ws_Akshaj/src/exp3/install/exp3/bin'
[1.235s] Level 1:colcon.colcon_core.environment:create_environment_scripts_only(exp3)
[1.236s] INFO:colcon.colcon_core.shell:Creating package script '/home/akshaj/Downloads/ros2_ws_AKSHAJ/ros2_ws_Akshaj/src/exp3/install/exp3/share/exp3/package.ps1'
[1.236s] INFO:colcon.colcon_core.shell:Creating package descriptor '/home/akshaj/Downloads/ros2_ws_AKSHAJ/ros2_ws_Akshaj/src/exp3/install/exp3/share/exp3/package.dsv'
[1.236s] INFO:colcon.colcon_core.shell:Creating package script '/home/akshaj/Downloads/ros2_ws_AKSHAJ/ros2_ws_Akshaj/src/exp3/install/exp3/share/exp3/package.sh'
[1.237s] INFO:colcon.colcon_core.shell:Creating package script '/home/akshaj/Downloads/ros2_ws_AKSHAJ/ros2_ws_Akshaj/src/exp3/install/exp3/share/exp3/package.bash'
[1.237s] INFO:colcon.colcon_core.shell:Creating package script '/home/akshaj/Downloads/ros2_ws_AKSHAJ/ros2_ws_Akshaj/src/exp3/install/exp3/share/exp3/package.zsh'
[1.238s] Level 1:colcon.colcon_core.environment:create_file_with_runtime_dependencies(/home/akshaj/Downloads/ros2_ws_AKSHAJ/ros2_ws_Akshaj/src/exp3/install/exp3/share/colcon-core/packages/exp3)
[1.238s] DEBUG:colcon.colcon_parallel_executor.executor.parallel:closing loop
[1.238s] DEBUG:colcon.colcon_parallel_executor.executor.parallel:loop closed
[1.238s] DEBUG:colcon.colcon_parallel_executor.executor.parallel:run_until_complete finished with '0'
[1.239s] DEBUG:colcon.colcon_core.event_reactor:joining thread
[1.249s] INFO:colcon.colcon_core.plugin_system:Skipping extension 'colcon_notification.desktop_notification.terminal_notifier': Not used on non-Darwin systems
[1.249s] INFO:colcon.colcon_core.plugin_system:Skipping extension 'colcon_notification.desktop_notification.win32': Not used on non-Windows systems
[1.249s] INFO:colcon.colcon_notification.desktop_notification:Sending desktop notification using 'notify2'
[1.262s] DEBUG:colcon.colcon_core.event_reactor:joined thread
[1.263s] INFO:colcon.colcon_core.shell:Creating prefix script '/home/akshaj/Downloads/ros2_ws_AKSHAJ/ros2_ws_Akshaj/src/exp3/install/local_setup.ps1'
[1.263s] INFO:colcon.colcon_core.shell:Creating prefix util module '/home/akshaj/Downloads/ros2_ws_AKSHAJ/ros2_ws_Akshaj/src/exp3/install/_local_setup_util_ps1.py'
[1.264s] INFO:colcon.colcon_core.shell:Creating prefix chain script '/home/akshaj/Downloads/ros2_ws_AKSHAJ/ros2_ws_Akshaj/src/exp3/install/setup.ps1'
[1.265s] INFO:colcon.colcon_core.shell:Creating prefix script '/home/akshaj/Downloads/ros2_ws_AKSHAJ/ros2_ws_Akshaj/src/exp3/install/local_setup.sh'
[1.265s] INFO:colcon.colcon_core.shell:Creating prefix util module '/home/akshaj/Downloads/ros2_ws_AKSHAJ/ros2_ws_Akshaj/src/exp3/install/_local_setup_util_sh.py'
[1.266s] INFO:colcon.colcon_core.shell:Creating prefix chain script '/home/akshaj/Downloads/ros2_ws_AKSHAJ/ros2_ws_Akshaj/src/exp3/install/setup.sh'
[1.267s] INFO:colcon.colcon_core.shell:Creating prefix script '/home/akshaj/Downloads/ros2_ws_AKSHAJ/ros2_ws_Akshaj/src/exp3/install/local_setup.bash'
[1.267s] INFO:colcon.colcon_core.shell:Creating prefix chain script '/home/akshaj/Downloads/ros2_ws_AKSHAJ/ros2_ws_Akshaj/src/exp3/install/setup.bash'
[1.268s] INFO:colcon.colcon_core.shell:Creating prefix script '/home/akshaj/Downloads/ros2_ws_AKSHAJ/ros2_ws_Akshaj/src/exp3/install/local_setup.zsh'
[1.268s] INFO:colcon.colcon_core.shell:Creating prefix chain script '/home/akshaj/Downloads/ros2_ws_AKSHAJ/ros2_ws_Akshaj/src/exp3/install/setup.zsh'
