[1.249s] Invoking command in '/home/akshaj/Desktop/ros-lab-exp/ros-lab/ros2_ws_Akshaj/build/new_code_py': CMAKE_PREFIX_PATH=/home/akshaj/ros2_ws/install/my_robot:/opt/ros/humble /usr/bin/cmake --build /home/akshaj/Desktop/ros-lab-exp/ros-lab/ros2_ws_Akshaj/build/new_code_py -- -j12 -l12
[1.318s] [  3%] Built target main_node_interfaces__cpp
[1.329s] [ 12%] Built target main_node_interfaces__rosidl_generator_c
[1.336s] [ 12%] Built target ament_cmake_python_copy_new_code_py
[1.369s] [ 22%] Built target main_node_interfaces__rosidl_typesupport_introspection_cpp
[1.370s] [ 32%] Built target main_node_interfaces__rosidl_typesupport_introspection_c
[1.370s] [ 41%] Built target main_node_interfaces__rosidl_typesupport_cpp
[1.372s] [ 51%] Built target main_node_interfaces__rosidl_typesupport_fastrtps_cpp
[1.372s] [ 61%] Built target main_node_interfaces__rosidl_typesupport_fastrtps_c
[1.374s] [ 70%] Built target main_node_interfaces__rosidl_typesupport_c
[1.409s] [ 70%] Built target main_node_interfaces
[1.445s] [ 74%] Built target main_node_interfaces__py
[1.486s] [ 80%] Built target main_node_interfaces__rosidl_generator_py
[1.528s] [ 87%] Built target new_code_py__rosidl_typesupport_fastrtps_c__pyext
[1.540s] [ 93%] Built target new_code_py__rosidl_typesupport_c__pyext
[1.544s] [100%] Built target new_code_py__rosidl_typesupport_introspection_c__pyext
[1.678s] running egg_info
[1.679s] writing new_code_py.egg-info/PKG-INFO
[1.679s] writing dependency_links to new_code_py.egg-info/dependency_links.txt
[1.679s] writing top-level names to new_code_py.egg-info/top_level.txt
[1.682s] reading manifest file 'new_code_py.egg-info/SOURCES.txt'
[1.683s] writing manifest file 'new_code_py.egg-info/SOURCES.txt'
[1.726s] [100%] Built target ament_cmake_python_build_new_code_py_egg
[1.743s] Invoked command in '/home/akshaj/Desktop/ros-lab-exp/ros-lab/ros2_ws_Akshaj/build/new_code_py' returned '0': CMAKE_PREFIX_PATH=/home/akshaj/ros2_ws/install/my_robot:/opt/ros/humble /usr/bin/cmake --build /home/akshaj/Desktop/ros-lab-exp/ros-lab/ros2_ws_Akshaj/build/new_code_py -- -j12 -l12
[1.745s] Invoking command in '/home/akshaj/Desktop/ros-lab-exp/ros-lab/ros2_ws_Akshaj/build/new_code_py': CMAKE_PREFIX_PATH=/home/akshaj/ros2_ws/install/my_robot:/opt/ros/humble /usr/bin/cmake --install /home/akshaj/Desktop/ros-lab-exp/ros-lab/ros2_ws_Akshaj/build/new_code_py
[1.756s] -- Install configuration: ""
[1.756s] -- Up-to-date: /home/akshaj/Desktop/ros-lab-exp/ros-lab/ros2_ws_Akshaj/install/new_code_py/share/ament_index/resource_index/rosidl_interfaces/new_code_py
[1.756s] -- Up-to-date: /home/akshaj/Desktop/ros-lab-exp/ros-lab/ros2_ws_Akshaj/install/new_code_py/include/new_code_py/new_code_py
[1.757s] -- Up-to-date: /home/akshaj/Desktop/ros-lab-exp/ros-lab/ros2_ws_Akshaj/install/new_code_py/include/new_code_py/new_code_py/msg
[1.757s] -- Up-to-date: /home/akshaj/Desktop/ros-lab-exp/ros-lab/ros2_ws_Akshaj/install/new_code_py/include/new_code_py/new_code_py/msg/rosidl_generator_c__visibility_control.h
[1.757s] -- Up-to-date: /home/akshaj/Desktop/ros-lab-exp/ros-lab/ros2_ws_Akshaj/install/new_code_py/include/new_code_py/new_code_py/action
[1.757s] -- Up-to-date: /home/akshaj/Desktop/ros-lab-exp/ros-lab/ros2_ws_Akshaj/install/new_code_py/include/new_code_py/new_code_py/action/detail
[1.757s] -- Up-to-date: /home/akshaj/Desktop/ros-lab-exp/ros-lab/ros2_ws_Akshaj/install/new_code_py/include/new_code_py/new_code_py/action/detail/fibonacci__type_support.h
[1.757s] -- Up-to-date: /home/akshaj/Desktop/ros-lab-exp/ros-lab/ros2_ws_Akshaj/install/new_code_py/include/new_code_py/new_code_py/action/detail/fibonacci__functions.c
[1.757s] -- Up-to-date: /home/akshaj/Desktop/ros-lab-exp/ros-lab/ros2_ws_Akshaj/install/new_code_py/include/new_code_py/new_code_py/action/detail/fibonacci__functions.h
[1.757s] -- Up-to-date: /home/akshaj/Desktop/ros-lab-exp/ros-lab/ros2_ws_Akshaj/install/new_code_py/include/new_code_py/new_code_py/action/detail/fibonacci__struct.h
[1.757s] -- Up-to-date: /home/akshaj/Desktop/ros-lab-exp/ros-lab/ros2_ws_Akshaj/install/new_code_py/include/new_code_py/new_code_py/action/fibonacci.h
[1.758s] -- Up-to-date: /home/akshaj/Desktop/ros-lab-exp/ros-lab/ros2_ws_Akshaj/install/new_code_py/share/new_code_py/environment/library_path.sh
[1.758s] -- Up-to-date: /home/akshaj/Desktop/ros-lab-exp/ros-lab/ros2_ws_Akshaj/install/new_code_py/share/new_code_py/environment/library_path.dsv
[1.758s] -- Up-to-date: /home/akshaj/Desktop/ros-lab-exp/ros-lab/ros2_ws_Akshaj/install/new_code_py/lib/libmain_node_interfaces__rosidl_generator_c.so
[1.758s] -- Up-to-date: /home/akshaj/Desktop/ros-lab-exp/ros-lab/ros2_ws_Akshaj/install/new_code_py/include/new_code_py/new_code_py
[1.758s] -- Up-to-date: /home/akshaj/Desktop/ros-lab-exp/ros-lab/ros2_ws_Akshaj/install/new_code_py/include/new_code_py/new_code_py/msg
[1.758s] -- Up-to-date: /home/akshaj/Desktop/ros-lab-exp/ros-lab/ros2_ws_Akshaj/install/new_code_py/include/new_code_py/new_code_py/msg/rosidl_typesupport_fastrtps_c__visibility_control.h
[1.758s] -- Up-to-date: /home/akshaj/Desktop/ros-lab-exp/ros-lab/ros2_ws_Akshaj/install/new_code_py/include/new_code_py/new_code_py/action
[1.758s] -- Up-to-date: /home/akshaj/Desktop/ros-lab-exp/ros-lab/ros2_ws_Akshaj/install/new_code_py/include/new_code_py/new_code_py/action/detail
[1.758s] -- Up-to-date: /home/akshaj/Desktop/ros-lab-exp/ros-lab/ros2_ws_Akshaj/install/new_code_py/include/new_code_py/new_code_py/action/detail/fibonacci__rosidl_typesupport_fastrtps_c.h
[1.759s] -- Up-to-date: /home/akshaj/Desktop/ros-lab-exp/ros-lab/ros2_ws_Akshaj/install/new_code_py/lib/libmain_node_interfaces__rosidl_typesupport_fastrtps_c.so
[1.759s] -- Up-to-date: /home/akshaj/Desktop/ros-lab-exp/ros-lab/ros2_ws_Akshaj/install/new_code_py/include/new_code_py/new_code_py
[1.759s] -- Up-to-date: /home/akshaj/Desktop/ros-lab-exp/ros-lab/ros2_ws_Akshaj/install/new_code_py/include/new_code_py/new_code_py/msg
[1.759s] -- Up-to-date: /home/akshaj/Desktop/ros-lab-exp/ros-lab/ros2_ws_Akshaj/install/new_code_py/include/new_code_py/new_code_py/msg/rosidl_typesupport_introspection_c__visibility_control.h
[1.759s] -- Up-to-date: /home/akshaj/Desktop/ros-lab-exp/ros-lab/ros2_ws_Akshaj/install/new_code_py/include/new_code_py/new_code_py/action
[1.759s] -- Up-to-date: /home/akshaj/Desktop/ros-lab-exp/ros-lab/ros2_ws_Akshaj/install/new_code_py/include/new_code_py/new_code_py/action/detail
[1.759s] -- Up-to-date: /home/akshaj/Desktop/ros-lab-exp/ros-lab/ros2_ws_Akshaj/install/new_code_py/include/new_code_py/new_code_py/action/detail/fibonacci__rosidl_typesupport_introspection_c.h
[1.759s] -- Up-to-date: /home/akshaj/Desktop/ros-lab-exp/ros-lab/ros2_ws_Akshaj/install/new_code_py/include/new_code_py/new_code_py/action/detail/fibonacci__type_support.c
[1.760s] -- Up-to-date: /home/akshaj/Desktop/ros-lab-exp/ros-lab/ros2_ws_Akshaj/install/new_code_py/lib/libmain_node_interfaces__rosidl_typesupport_introspection_c.so
[1.760s] -- Up-to-date: /home/akshaj/Desktop/ros-lab-exp/ros-lab/ros2_ws_Akshaj/install/new_code_py/lib/libmain_node_interfaces__rosidl_typesupport_c.so
[1.760s] -- Up-to-date: /home/akshaj/Desktop/ros-lab-exp/ros-lab/ros2_ws_Akshaj/install/new_code_py/include/new_code_py/new_code_py
[1.760s] -- Up-to-date: /home/akshaj/Desktop/ros-lab-exp/ros-lab/ros2_ws_Akshaj/install/new_code_py/include/new_code_py/new_code_py/msg
[1.760s] -- Up-to-date: /home/akshaj/Desktop/ros-lab-exp/ros-lab/ros2_ws_Akshaj/install/new_code_py/include/new_code_py/new_code_py/msg/rosidl_generator_cpp__visibility_control.hpp
[1.760s] -- Up-to-date: /home/akshaj/Desktop/ros-lab-exp/ros-lab/ros2_ws_Akshaj/install/new_code_py/include/new_code_py/new_code_py/action
[1.760s] -- Up-to-date: /home/akshaj/Desktop/ros-lab-exp/ros-lab/ros2_ws_Akshaj/install/new_code_py/include/new_code_py/new_code_py/action/fibonacci.hpp
[1.760s] -- Up-to-date: /home/akshaj/Desktop/ros-lab-exp/ros-lab/ros2_ws_Akshaj/install/new_code_py/include/new_code_py/new_code_py/action/detail
[1.760s] -- Up-to-date: /home/akshaj/Desktop/ros-lab-exp/ros-lab/ros2_ws_Akshaj/install/new_code_py/include/new_code_py/new_code_py/action/detail/fibonacci__type_support.hpp
[1.761s] -- Up-to-date: /home/akshaj/Desktop/ros-lab-exp/ros-lab/ros2_ws_Akshaj/install/new_code_py/include/new_code_py/new_code_py/action/detail/fibonacci__traits.hpp
[1.761s] -- Up-to-date: /home/akshaj/Desktop/ros-lab-exp/ros-lab/ros2_ws_Akshaj/install/new_code_py/include/new_code_py/new_code_py/action/detail/fibonacci__builder.hpp
[1.761s] -- Up-to-date: /home/akshaj/Desktop/ros-lab-exp/ros-lab/ros2_ws_Akshaj/install/new_code_py/include/new_code_py/new_code_py/action/detail/fibonacci__struct.hpp
[1.761s] -- Up-to-date: /home/akshaj/Desktop/ros-lab-exp/ros-lab/ros2_ws_Akshaj/install/new_code_py/include/new_code_py/new_code_py
[1.761s] -- Up-to-date: /home/akshaj/Desktop/ros-lab-exp/ros-lab/ros2_ws_Akshaj/install/new_code_py/include/new_code_py/new_code_py/msg
[1.761s] -- Up-to-date: /home/akshaj/Desktop/ros-lab-exp/ros-lab/ros2_ws_Akshaj/install/new_code_py/include/new_code_py/new_code_py/msg/rosidl_typesupport_fastrtps_cpp__visibility_control.h
[1.761s] -- Up-to-date: /home/akshaj/Desktop/ros-lab-exp/ros-lab/ros2_ws_Akshaj/install/new_code_py/include/new_code_py/new_code_py/action
[1.761s] -- Up-to-date: /home/akshaj/Desktop/ros-lab-exp/ros-lab/ros2_ws_Akshaj/install/new_code_py/include/new_code_py/new_code_py/action/detail
[1.761s] -- Up-to-date: /home/akshaj/Desktop/ros-lab-exp/ros-lab/ros2_ws_Akshaj/install/new_code_py/include/new_code_py/new_code_py/action/detail/dds_fastrtps
[1.762s] -- Up-to-date: /home/akshaj/Desktop/ros-lab-exp/ros-lab/ros2_ws_Akshaj/install/new_code_py/include/new_code_py/new_code_py/action/detail/fibonacci__rosidl_typesupport_fastrtps_cpp.hpp
[1.762s] -- Up-to-date: /home/akshaj/Desktop/ros-lab-exp/ros-lab/ros2_ws_Akshaj/install/new_code_py/lib/libmain_node_interfaces__rosidl_typesupport_fastrtps_cpp.so
[1.762s] -- Up-to-date: /home/akshaj/Desktop/ros-lab-exp/ros-lab/ros2_ws_Akshaj/install/new_code_py/include/new_code_py/new_code_py
[1.762s] -- Up-to-date: /home/akshaj/Desktop/ros-lab-exp/ros-lab/ros2_ws_Akshaj/install/new_code_py/include/new_code_py/new_code_py/action
[1.762s] -- Up-to-date: /home/akshaj/Desktop/ros-lab-exp/ros-lab/ros2_ws_Akshaj/install/new_code_py/include/new_code_py/new_code_py/action/detail
[1.762s] -- Up-to-date: /home/akshaj/Desktop/ros-lab-exp/ros-lab/ros2_ws_Akshaj/install/new_code_py/include/new_code_py/new_code_py/action/detail/fibonacci__rosidl_typesupport_introspection_cpp.hpp
[1.762s] -- Up-to-date: /home/akshaj/Desktop/ros-lab-exp/ros-lab/ros2_ws_Akshaj/install/new_code_py/include/new_code_py/new_code_py/action/detail/fibonacci__type_support.cpp
[1.762s] -- Up-to-date: /home/akshaj/Desktop/ros-lab-exp/ros-lab/ros2_ws_Akshaj/install/new_code_py/lib/libmain_node_interfaces__rosidl_typesupport_introspection_cpp.so
[1.763s] -- Up-to-date: /home/akshaj/Desktop/ros-lab-exp/ros-lab/ros2_ws_Akshaj/install/new_code_py/lib/libmain_node_interfaces__rosidl_typesupport_cpp.so
[1.763s] -- Up-to-date: /home/akshaj/Desktop/ros-lab-exp/ros-lab/ros2_ws_Akshaj/install/new_code_py/share/new_code_py/environment/pythonpath.sh
[1.763s] -- Up-to-date: /home/akshaj/Desktop/ros-lab-exp/ros-lab/ros2_ws_Akshaj/install/new_code_py/share/new_code_py/environment/pythonpath.dsv
[1.763s] -- Up-to-date: /home/akshaj/Desktop/ros-lab-exp/ros-lab/ros2_ws_Akshaj/install/new_code_py/local/lib/python3.10/dist-packages/new_code_py-0.0.0-py3.10.egg-info
[1.763s] -- Installing: /home/akshaj/Desktop/ros-lab-exp/ros-lab/ros2_ws_Akshaj/install/new_code_py/local/lib/python3.10/dist-packages/new_code_py-0.0.0-py3.10.egg-info/SOURCES.txt
[1.763s] -- Installing: /home/akshaj/Desktop/ros-lab-exp/ros-lab/ros2_ws_Akshaj/install/new_code_py/local/lib/python3.10/dist-packages/new_code_py-0.0.0-py3.10.egg-info/top_level.txt
[1.763s] -- Installing: /home/akshaj/Desktop/ros-lab-exp/ros-lab/ros2_ws_Akshaj/install/new_code_py/local/lib/python3.10/dist-packages/new_code_py-0.0.0-py3.10.egg-info/dependency_links.txt
[1.763s] -- Installing: /home/akshaj/Desktop/ros-lab-exp/ros-lab/ros2_ws_Akshaj/install/new_code_py/local/lib/python3.10/dist-packages/new_code_py-0.0.0-py3.10.egg-info/PKG-INFO
[1.763s] -- Up-to-date: /home/akshaj/Desktop/ros-lab-exp/ros-lab/ros2_ws_Akshaj/install/new_code_py/local/lib/python3.10/dist-packages/new_code_py
[1.763s] -- Up-to-date: /home/akshaj/Desktop/ros-lab-exp/ros-lab/ros2_ws_Akshaj/install/new_code_py/local/lib/python3.10/dist-packages/new_code_py/new_code_py_s__rosidl_typesupport_c.cpython-310-x86_64-linux-gnu.so
[1.763s] -- Up-to-date: /home/akshaj/Desktop/ros-lab-exp/ros-lab/ros2_ws_Akshaj/install/new_code_py/local/lib/python3.10/dist-packages/new_code_py/_new_code_py_s.ep.rosidl_typesupport_fastrtps_c.c
[1.764s] -- Up-to-date: /home/akshaj/Desktop/ros-lab-exp/ros-lab/ros2_ws_Akshaj/install/new_code_py/local/lib/python3.10/dist-packages/new_code_py/new_code_py_s__rosidl_typesupport_fastrtps_c.cpython-310-x86_64-linux-gnu.so
[1.764s] -- Up-to-date: /home/akshaj/Desktop/ros-lab-exp/ros-lab/ros2_ws_Akshaj/install/new_code_py/local/lib/python3.10/dist-packages/new_code_py/__init__.py
[1.764s] -- Up-to-date: /home/akshaj/Desktop/ros-lab-exp/ros-lab/ros2_ws_Akshaj/install/new_code_py/local/lib/python3.10/dist-packages/new_code_py/_new_code_py_s.ep.rosidl_typesupport_c.c
[1.764s] -- Up-to-date: /home/akshaj/Desktop/ros-lab-exp/ros-lab/ros2_ws_Akshaj/install/new_code_py/local/lib/python3.10/dist-packages/new_code_py/action
[1.764s] -- Up-to-date: /home/akshaj/Desktop/ros-lab-exp/ros-lab/ros2_ws_Akshaj/install/new_code_py/local/lib/python3.10/dist-packages/new_code_py/action/__init__.py
[1.764s] -- Up-to-date: /home/akshaj/Desktop/ros-lab-exp/ros-lab/ros2_ws_Akshaj/install/new_code_py/local/lib/python3.10/dist-packages/new_code_py/action/_fibonacci.py
[1.764s] -- Up-to-date: /home/akshaj/Desktop/ros-lab-exp/ros-lab/ros2_ws_Akshaj/install/new_code_py/local/lib/python3.10/dist-packages/new_code_py/action/_fibonacci_s.c
[1.764s] -- Up-to-date: /home/akshaj/Desktop/ros-lab-exp/ros-lab/ros2_ws_Akshaj/install/new_code_py/local/lib/python3.10/dist-packages/new_code_py/new_code_py_s__rosidl_typesupport_introspection_c.cpython-310-x86_64-linux-gnu.so
[1.764s] -- Up-to-date: /home/akshaj/Desktop/ros-lab-exp/ros-lab/ros2_ws_Akshaj/install/new_code_py/local/lib/python3.10/dist-packages/new_code_py/libmain_node_interfaces__rosidl_generator_py.so
[1.764s] -- Up-to-date: /home/akshaj/Desktop/ros-lab-exp/ros-lab/ros2_ws_Akshaj/install/new_code_py/local/lib/python3.10/dist-packages/new_code_py/_new_code_py_s.ep.rosidl_typesupport_introspection_c.c
[1.805s] Listing '/home/akshaj/Desktop/ros-lab-exp/ros-lab/ros2_ws_Akshaj/install/new_code_py/local/lib/python3.10/dist-packages/new_code_py'...
[1.805s] Listing '/home/akshaj/Desktop/ros-lab-exp/ros-lab/ros2_ws_Akshaj/install/new_code_py/local/lib/python3.10/dist-packages/new_code_py/action'...
[1.812s] -- Up-to-date: /home/akshaj/Desktop/ros-lab-exp/ros-lab/ros2_ws_Akshaj/install/new_code_py/local/lib/python3.10/dist-packages/new_code_py/new_code_py_s__rosidl_typesupport_fastrtps_c.cpython-310-x86_64-linux-gnu.so
[1.812s] -- Up-to-date: /home/akshaj/Desktop/ros-lab-exp/ros-lab/ros2_ws_Akshaj/install/new_code_py/local/lib/python3.10/dist-packages/new_code_py/new_code_py_s__rosidl_typesupport_introspection_c.cpython-310-x86_64-linux-gnu.so
[1.813s] -- Up-to-date: /home/akshaj/Desktop/ros-lab-exp/ros-lab/ros2_ws_Akshaj/install/new_code_py/local/lib/python3.10/dist-packages/new_code_py/new_code_py_s__rosidl_typesupport_c.cpython-310-x86_64-linux-gnu.so
[1.813s] -- Up-to-date: /home/akshaj/Desktop/ros-lab-exp/ros-lab/ros2_ws_Akshaj/install/new_code_py/lib/libmain_node_interfaces__rosidl_generator_py.so
[1.813s] -- Up-to-date: /home/akshaj/Desktop/ros-lab-exp/ros-lab/ros2_ws_Akshaj/install/new_code_py/share/new_code_py/action/Fibonacci.idl
[1.813s] -- Up-to-date: /home/akshaj/Desktop/ros-lab-exp/ros-lab/ros2_ws_Akshaj/install/new_code_py/share/new_code_py/action/Fibonacci.action
[1.813s] -- Up-to-date: /home/akshaj/Desktop/ros-lab-exp/ros-lab/ros2_ws_Akshaj/install/new_code_py/share/ament_index/resource_index/package_run_dependencies/new_code_py
[1.814s] -- Up-to-date: /home/akshaj/Desktop/ros-lab-exp/ros-lab/ros2_ws_Akshaj/install/new_code_py/share/ament_index/resource_index/parent_prefix_path/new_code_py
[1.814s] -- Up-to-date: /home/akshaj/Desktop/ros-lab-exp/ros-lab/ros2_ws_Akshaj/install/new_code_py/share/new_code_py/environment/ament_prefix_path.sh
[1.814s] -- Up-to-date: /home/akshaj/Desktop/ros-lab-exp/ros-lab/ros2_ws_Akshaj/install/new_code_py/share/new_code_py/environment/ament_prefix_path.dsv
[1.814s] -- Up-to-date: /home/akshaj/Desktop/ros-lab-exp/ros-lab/ros2_ws_Akshaj/install/new_code_py/share/new_code_py/environment/path.sh
[1.814s] -- Up-to-date: /home/akshaj/Desktop/ros-lab-exp/ros-lab/ros2_ws_Akshaj/install/new_code_py/share/new_code_py/environment/path.dsv
[1.814s] -- Up-to-date: /home/akshaj/Desktop/ros-lab-exp/ros-lab/ros2_ws_Akshaj/install/new_code_py/share/new_code_py/local_setup.bash
[1.814s] -- Up-to-date: /home/akshaj/Desktop/ros-lab-exp/ros-lab/ros2_ws_Akshaj/install/new_code_py/share/new_code_py/local_setup.sh
[1.814s] -- Up-to-date: /home/akshaj/Desktop/ros-lab-exp/ros-lab/ros2_ws_Akshaj/install/new_code_py/share/new_code_py/local_setup.zsh
[1.814s] -- Up-to-date: /home/akshaj/Desktop/ros-lab-exp/ros-lab/ros2_ws_Akshaj/install/new_code_py/share/new_code_py/local_setup.dsv
[1.815s] -- Installing: /home/akshaj/Desktop/ros-lab-exp/ros-lab/ros2_ws_Akshaj/install/new_code_py/share/new_code_py/package.dsv
[1.815s] -- Up-to-date: /home/akshaj/Desktop/ros-lab-exp/ros-lab/ros2_ws_Akshaj/install/new_code_py/share/ament_index/resource_index/packages/new_code_py
[1.815s] -- Up-to-date: /home/akshaj/Desktop/ros-lab-exp/ros-lab/ros2_ws_Akshaj/install/new_code_py/share/new_code_py/cmake/export_main_node_interfaces__rosidl_generator_cExport.cmake
[1.815s] -- Up-to-date: /home/akshaj/Desktop/ros-lab-exp/ros-lab/ros2_ws_Akshaj/install/new_code_py/share/new_code_py/cmake/export_main_node_interfaces__rosidl_generator_cExport-noconfig.cmake
[1.815s] -- Up-to-date: /home/akshaj/Desktop/ros-lab-exp/ros-lab/ros2_ws_Akshaj/install/new_code_py/share/new_code_py/cmake/export_main_node_interfaces__rosidl_typesupport_fastrtps_cExport.cmake
[1.815s] -- Up-to-date: /home/akshaj/Desktop/ros-lab-exp/ros-lab/ros2_ws_Akshaj/install/new_code_py/share/new_code_py/cmake/export_main_node_interfaces__rosidl_typesupport_fastrtps_cExport-noconfig.cmake
[1.815s] -- Up-to-date: /home/akshaj/Desktop/ros-lab-exp/ros-lab/ros2_ws_Akshaj/install/new_code_py/share/new_code_py/cmake/main_node_interfaces__rosidl_typesupport_introspection_cExport.cmake
[1.815s] -- Up-to-date: /home/akshaj/Desktop/ros-lab-exp/ros-lab/ros2_ws_Akshaj/install/new_code_py/share/new_code_py/cmake/main_node_interfaces__rosidl_typesupport_introspection_cExport-noconfig.cmake
[1.815s] -- Up-to-date: /home/akshaj/Desktop/ros-lab-exp/ros-lab/ros2_ws_Akshaj/install/new_code_py/share/new_code_py/cmake/main_node_interfaces__rosidl_typesupport_cExport.cmake
[1.816s] -- Up-to-date: /home/akshaj/Desktop/ros-lab-exp/ros-lab/ros2_ws_Akshaj/install/new_code_py/share/new_code_py/cmake/main_node_interfaces__rosidl_typesupport_cExport-noconfig.cmake
[1.816s] -- Up-to-date: /home/akshaj/Desktop/ros-lab-exp/ros-lab/ros2_ws_Akshaj/install/new_code_py/share/new_code_py/cmake/export_main_node_interfaces__rosidl_generator_cppExport.cmake
[1.816s] -- Up-to-date: /home/akshaj/Desktop/ros-lab-exp/ros-lab/ros2_ws_Akshaj/install/new_code_py/share/new_code_py/cmake/export_main_node_interfaces__rosidl_typesupport_fastrtps_cppExport.cmake
[1.816s] -- Up-to-date: /home/akshaj/Desktop/ros-lab-exp/ros-lab/ros2_ws_Akshaj/install/new_code_py/share/new_code_py/cmake/export_main_node_interfaces__rosidl_typesupport_fastrtps_cppExport-noconfig.cmake
[1.816s] -- Up-to-date: /home/akshaj/Desktop/ros-lab-exp/ros-lab/ros2_ws_Akshaj/install/new_code_py/share/new_code_py/cmake/main_node_interfaces__rosidl_typesupport_introspection_cppExport.cmake
[1.816s] -- Up-to-date: /home/akshaj/Desktop/ros-lab-exp/ros-lab/ros2_ws_Akshaj/install/new_code_py/share/new_code_py/cmake/main_node_interfaces__rosidl_typesupport_introspection_cppExport-noconfig.cmake
[1.816s] -- Up-to-date: /home/akshaj/Desktop/ros-lab-exp/ros-lab/ros2_ws_Akshaj/install/new_code_py/share/new_code_py/cmake/main_node_interfaces__rosidl_typesupport_cppExport.cmake
[1.816s] -- Up-to-date: /home/akshaj/Desktop/ros-lab-exp/ros-lab/ros2_ws_Akshaj/install/new_code_py/share/new_code_py/cmake/main_node_interfaces__rosidl_typesupport_cppExport-noconfig.cmake
[1.816s] -- Up-to-date: /home/akshaj/Desktop/ros-lab-exp/ros-lab/ros2_ws_Akshaj/install/new_code_py/share/new_code_py/cmake/export_main_node_interfaces__rosidl_generator_pyExport.cmake
[1.817s] -- Up-to-date: /home/akshaj/Desktop/ros-lab-exp/ros-lab/ros2_ws_Akshaj/install/new_code_py/share/new_code_py/cmake/export_main_node_interfaces__rosidl_generator_pyExport-noconfig.cmake
[1.817s] -- Up-to-date: /home/akshaj/Desktop/ros-lab-exp/ros-lab/ros2_ws_Akshaj/install/new_code_py/share/new_code_py/cmake/rosidl_cmake-extras.cmake
[1.817s] -- Up-to-date: /home/akshaj/Desktop/ros-lab-exp/ros-lab/ros2_ws_Akshaj/install/new_code_py/share/new_code_py/cmake/ament_cmake_export_dependencies-extras.cmake
[1.817s] -- Up-to-date: /home/akshaj/Desktop/ros-lab-exp/ros-lab/ros2_ws_Akshaj/install/new_code_py/share/new_code_py/cmake/ament_cmake_export_include_directories-extras.cmake
[1.817s] -- Up-to-date: /home/akshaj/Desktop/ros-lab-exp/ros-lab/ros2_ws_Akshaj/install/new_code_py/share/new_code_py/cmake/ament_cmake_export_libraries-extras.cmake
[1.817s] -- Up-to-date: /home/akshaj/Desktop/ros-lab-exp/ros-lab/ros2_ws_Akshaj/install/new_code_py/share/new_code_py/cmake/ament_cmake_export_targets-extras.cmake
[1.817s] -- Up-to-date: /home/akshaj/Desktop/ros-lab-exp/ros-lab/ros2_ws_Akshaj/install/new_code_py/share/new_code_py/cmake/rosidl_cmake_export_typesupport_targets-extras.cmake
[1.817s] -- Up-to-date: /home/akshaj/Desktop/ros-lab-exp/ros-lab/ros2_ws_Akshaj/install/new_code_py/share/new_code_py/cmake/rosidl_cmake_export_typesupport_libraries-extras.cmake
[1.817s] -- Up-to-date: /home/akshaj/Desktop/ros-lab-exp/ros-lab/ros2_ws_Akshaj/install/new_code_py/share/new_code_py/cmake/new_code_pyConfig.cmake
[1.817s] -- Up-to-date: /home/akshaj/Desktop/ros-lab-exp/ros-lab/ros2_ws_Akshaj/install/new_code_py/share/new_code_py/cmake/new_code_pyConfig-version.cmake
[1.817s] -- Up-to-date: /home/akshaj/Desktop/ros-lab-exp/ros-lab/ros2_ws_Akshaj/install/new_code_py/share/new_code_py/package.xml
[1.825s] Invoked command in '/home/akshaj/Desktop/ros-lab-exp/ros-lab/ros2_ws_Akshaj/build/new_code_py' returned '0': CMAKE_PREFIX_PATH=/home/akshaj/ros2_ws/install/my_robot:/opt/ros/humble /usr/bin/cmake --install /home/akshaj/Desktop/ros-lab-exp/ros-lab/ros2_ws_Akshaj/build/new_code_py
