[1.289s] Invoking command in '/home/akshaj/Desktop/ros-lab-exp/ros-lab/ros2_ws_Akshaj/build/new_code_py': CMAKE_PREFIX_PATH=/home/akshaj/Desktop/ros-lab-exp/ros-lab/ros2_ws_Akshaj/src/ros2_ws_exp4/install/client_pkg:/opt/ros/humble /usr/bin/cmake --build /home/akshaj/Desktop/ros-lab-exp/ros-lab/ros2_ws_Akshaj/build/new_code_py -- -j12 -l12
[1.370s] [  3%] Built target main_node_interfaces__cpp
[1.371s] [ 12%] Built target main_node_interfaces__rosidl_generator_c
[1.395s] [ 12%] Built target ament_cmake_python_copy_new_code_py
[1.417s] [ 22%] Built target main_node_interfaces__rosidl_typesupport_cpp
[1.423s] [ 38%] Built target main_node_interfaces__rosidl_typesupport_introspection_cpp
[1.423s] [ 41%] Built target main_node_interfaces__rosidl_typesupport_fastrtps_c
[1.423s] [ 61%] Built target main_node_interfaces__rosidl_typesupport_fastrtps_cpp
[1.424s] [ 61%] Built target main_node_interfaces__rosidl_typesupport_introspection_c
[1.424s] [ 70%] Built target main_node_interfaces__rosidl_typesupport_c
[1.460s] [ 70%] Built target main_node_interfaces
[1.499s] [ 74%] Built target main_node_interfaces__py
[1.539s] [ 80%] Built target main_node_interfaces__rosidl_generator_py
[1.581s] [100%] Built target new_code_py__rosidl_typesupport_c__pyext
[1.581s] [100%] Built target new_code_py__rosidl_typesupport_introspection_c__pyext
[1.581s] [100%] Built target new_code_py__rosidl_typesupport_fastrtps_c__pyext
[1.737s] running egg_info
[1.738s] writing new_code_py.egg-info/PKG-INFO
[1.738s] writing dependency_links to new_code_py.egg-info/dependency_links.txt
[1.738s] writing top-level names to new_code_py.egg-info/top_level.txt
[1.741s] reading manifest file 'new_code_py.egg-info/SOURCES.txt'
[1.741s] writing manifest file 'new_code_py.egg-info/SOURCES.txt'
[1.775s] [100%] Built target ament_cmake_python_build_new_code_py_egg
[1.793s] Invoked command in '/home/akshaj/Desktop/ros-lab-exp/ros-lab/ros2_ws_Akshaj/build/new_code_py' returned '0': CMAKE_PREFIX_PATH=/home/akshaj/Desktop/ros-lab-exp/ros-lab/ros2_ws_Akshaj/src/ros2_ws_exp4/install/client_pkg:/opt/ros/humble /usr/bin/cmake --build /home/akshaj/Desktop/ros-lab-exp/ros-lab/ros2_ws_Akshaj/build/new_code_py -- -j12 -l12
[1.795s] Invoking command in '/home/akshaj/Desktop/ros-lab-exp/ros-lab/ros2_ws_Akshaj/build/new_code_py': CMAKE_PREFIX_PATH=/home/akshaj/Desktop/ros-lab-exp/ros-lab/ros2_ws_Akshaj/src/ros2_ws_exp4/install/client_pkg:/opt/ros/humble /usr/bin/cmake --install /home/akshaj/Desktop/ros-lab-exp/ros-lab/ros2_ws_Akshaj/build/new_code_py
[1.808s] -- Install configuration: ""
[1.808s] -- Up-to-date: /home/akshaj/Desktop/ros-lab-exp/ros-lab/ros2_ws_Akshaj/install/new_code_py/share/ament_index/resource_index/rosidl_interfaces/new_code_py
[1.808s] -- Up-to-date: /home/akshaj/Desktop/ros-lab-exp/ros-lab/ros2_ws_Akshaj/install/new_code_py/include/new_code_py/new_code_py
[1.808s] -- Up-to-date: /home/akshaj/Desktop/ros-lab-exp/ros-lab/ros2_ws_Akshaj/install/new_code_py/include/new_code_py/new_code_py/msg
[1.808s] -- Up-to-date: /home/akshaj/Desktop/ros-lab-exp/ros-lab/ros2_ws_Akshaj/install/new_code_py/include/new_code_py/new_code_py/msg/rosidl_generator_c__visibility_control.h
[1.809s] -- Up-to-date: /home/akshaj/Desktop/ros-lab-exp/ros-lab/ros2_ws_Akshaj/install/new_code_py/include/new_code_py/new_code_py/action
[1.809s] -- Up-to-date: /home/akshaj/Desktop/ros-lab-exp/ros-lab/ros2_ws_Akshaj/install/new_code_py/include/new_code_py/new_code_py/action/detail
[1.809s] -- Up-to-date: /home/akshaj/Desktop/ros-lab-exp/ros-lab/ros2_ws_Akshaj/install/new_code_py/include/new_code_py/new_code_py/action/detail/fibonacci__type_support.h
[1.809s] -- Up-to-date: /home/akshaj/Desktop/ros-lab-exp/ros-lab/ros2_ws_Akshaj/install/new_code_py/include/new_code_py/new_code_py/action/detail/fibonacci__functions.c
[1.809s] -- Up-to-date: /home/akshaj/Desktop/ros-lab-exp/ros-lab/ros2_ws_Akshaj/install/new_code_py/include/new_code_py/new_code_py/action/detail/fibonacci__functions.h
[1.809s] -- Up-to-date: /home/akshaj/Desktop/ros-lab-exp/ros-lab/ros2_ws_Akshaj/install/new_code_py/include/new_code_py/new_code_py/action/detail/fibonacci__struct.h
[1.809s] -- Up-to-date: /home/akshaj/Desktop/ros-lab-exp/ros-lab/ros2_ws_Akshaj/install/new_code_py/include/new_code_py/new_code_py/action/fibonacci.h
[1.809s] -- Up-to-date: /home/akshaj/Desktop/ros-lab-exp/ros-lab/ros2_ws_Akshaj/install/new_code_py/share/new_code_py/environment/library_path.sh
[1.810s] -- Up-to-date: /home/akshaj/Desktop/ros-lab-exp/ros-lab/ros2_ws_Akshaj/install/new_code_py/share/new_code_py/environment/library_path.dsv
[1.810s] -- Up-to-date: /home/akshaj/Desktop/ros-lab-exp/ros-lab/ros2_ws_Akshaj/install/new_code_py/lib/libmain_node_interfaces__rosidl_generator_c.so
[1.810s] -- Up-to-date: /home/akshaj/Desktop/ros-lab-exp/ros-lab/ros2_ws_Akshaj/install/new_code_py/include/new_code_py/new_code_py
[1.810s] -- Up-to-date: /home/akshaj/Desktop/ros-lab-exp/ros-lab/ros2_ws_Akshaj/install/new_code_py/include/new_code_py/new_code_py/msg
[1.810s] -- Up-to-date: /home/akshaj/Desktop/ros-lab-exp/ros-lab/ros2_ws_Akshaj/install/new_code_py/include/new_code_py/new_code_py/msg/rosidl_typesupport_fastrtps_c__visibility_control.h
[1.810s] -- Up-to-date: /home/akshaj/Desktop/ros-lab-exp/ros-lab/ros2_ws_Akshaj/install/new_code_py/include/new_code_py/new_code_py/action
[1.810s] -- Up-to-date: /home/akshaj/Desktop/ros-lab-exp/ros-lab/ros2_ws_Akshaj/install/new_code_py/include/new_code_py/new_code_py/action/detail
[1.810s] -- Up-to-date: /home/akshaj/Desktop/ros-lab-exp/ros-lab/ros2_ws_Akshaj/install/new_code_py/include/new_code_py/new_code_py/action/detail/fibonacci__rosidl_typesupport_fastrtps_c.h
[1.811s] -- Up-to-date: /home/akshaj/Desktop/ros-lab-exp/ros-lab/ros2_ws_Akshaj/install/new_code_py/lib/libmain_node_interfaces__rosidl_typesupport_fastrtps_c.so
[1.811s] -- Up-to-date: /home/akshaj/Desktop/ros-lab-exp/ros-lab/ros2_ws_Akshaj/install/new_code_py/include/new_code_py/new_code_py
[1.811s] -- Up-to-date: /home/akshaj/Desktop/ros-lab-exp/ros-lab/ros2_ws_Akshaj/install/new_code_py/include/new_code_py/new_code_py/msg
[1.811s] -- Up-to-date: /home/akshaj/Desktop/ros-lab-exp/ros-lab/ros2_ws_Akshaj/install/new_code_py/include/new_code_py/new_code_py/msg/rosidl_typesupport_introspection_c__visibility_control.h
[1.811s] -- Up-to-date: /home/akshaj/Desktop/ros-lab-exp/ros-lab/ros2_ws_Akshaj/install/new_code_py/include/new_code_py/new_code_py/action
[1.811s] -- Up-to-date: /home/akshaj/Desktop/ros-lab-exp/ros-lab/ros2_ws_Akshaj/install/new_code_py/include/new_code_py/new_code_py/action/detail
[1.811s] -- Up-to-date: /home/akshaj/Desktop/ros-lab-exp/ros-lab/ros2_ws_Akshaj/install/new_code_py/include/new_code_py/new_code_py/action/detail/fibonacci__rosidl_typesupport_introspection_c.h
[1.811s] -- Up-to-date: /home/akshaj/Desktop/ros-lab-exp/ros-lab/ros2_ws_Akshaj/install/new_code_py/include/new_code_py/new_code_py/action/detail/fibonacci__type_support.c
[1.811s] -- Up-to-date: /home/akshaj/Desktop/ros-lab-exp/ros-lab/ros2_ws_Akshaj/install/new_code_py/lib/libmain_node_interfaces__rosidl_typesupport_introspection_c.so
[1.811s] -- Up-to-date: /home/akshaj/Desktop/ros-lab-exp/ros-lab/ros2_ws_Akshaj/install/new_code_py/lib/libmain_node_interfaces__rosidl_typesupport_c.so
[1.812s] -- Up-to-date: /home/akshaj/Desktop/ros-lab-exp/ros-lab/ros2_ws_Akshaj/install/new_code_py/include/new_code_py/new_code_py
[1.812s] -- Up-to-date: /home/akshaj/Desktop/ros-lab-exp/ros-lab/ros2_ws_Akshaj/install/new_code_py/include/new_code_py/new_code_py/msg
[1.812s] -- Up-to-date: /home/akshaj/Desktop/ros-lab-exp/ros-lab/ros2_ws_Akshaj/install/new_code_py/include/new_code_py/new_code_py/msg/rosidl_generator_cpp__visibility_control.hpp
[1.812s] -- Up-to-date: /home/akshaj/Desktop/ros-lab-exp/ros-lab/ros2_ws_Akshaj/install/new_code_py/include/new_code_py/new_code_py/action
[1.812s] -- Up-to-date: /home/akshaj/Desktop/ros-lab-exp/ros-lab/ros2_ws_Akshaj/install/new_code_py/include/new_code_py/new_code_py/action/fibonacci.hpp
[1.812s] -- Up-to-date: /home/akshaj/Desktop/ros-lab-exp/ros-lab/ros2_ws_Akshaj/install/new_code_py/include/new_code_py/new_code_py/action/detail
[1.812s] -- Up-to-date: /home/akshaj/Desktop/ros-lab-exp/ros-lab/ros2_ws_Akshaj/install/new_code_py/include/new_code_py/new_code_py/action/detail/fibonacci__type_support.hpp
[1.812s] -- Up-to-date: /home/akshaj/Desktop/ros-lab-exp/ros-lab/ros2_ws_Akshaj/install/new_code_py/include/new_code_py/new_code_py/action/detail/fibonacci__traits.hpp
[1.813s] -- Up-to-date: /home/akshaj/Desktop/ros-lab-exp/ros-lab/ros2_ws_Akshaj/install/new_code_py/include/new_code_py/new_code_py/action/detail/fibonacci__builder.hpp
[1.813s] -- Up-to-date: /home/akshaj/Desktop/ros-lab-exp/ros-lab/ros2_ws_Akshaj/install/new_code_py/include/new_code_py/new_code_py/action/detail/fibonacci__struct.hpp
[1.813s] -- Up-to-date: /home/akshaj/Desktop/ros-lab-exp/ros-lab/ros2_ws_Akshaj/install/new_code_py/include/new_code_py/new_code_py
[1.813s] -- Up-to-date: /home/akshaj/Desktop/ros-lab-exp/ros-lab/ros2_ws_Akshaj/install/new_code_py/include/new_code_py/new_code_py/msg
[1.813s] -- Up-to-date: /home/akshaj/Desktop/ros-lab-exp/ros-lab/ros2_ws_Akshaj/install/new_code_py/include/new_code_py/new_code_py/msg/rosidl_typesupport_fastrtps_cpp__visibility_control.h
[1.813s] -- Up-to-date: /home/akshaj/Desktop/ros-lab-exp/ros-lab/ros2_ws_Akshaj/install/new_code_py/include/new_code_py/new_code_py/action
[1.813s] -- Up-to-date: /home/akshaj/Desktop/ros-lab-exp/ros-lab/ros2_ws_Akshaj/install/new_code_py/include/new_code_py/new_code_py/action/detail
[1.813s] -- Up-to-date: /home/akshaj/Desktop/ros-lab-exp/ros-lab/ros2_ws_Akshaj/install/new_code_py/include/new_code_py/new_code_py/action/detail/dds_fastrtps
[1.813s] -- Up-to-date: /home/akshaj/Desktop/ros-lab-exp/ros-lab/ros2_ws_Akshaj/install/new_code_py/include/new_code_py/new_code_py/action/detail/fibonacci__rosidl_typesupport_fastrtps_cpp.hpp
[1.813s] -- Up-to-date: /home/akshaj/Desktop/ros-lab-exp/ros-lab/ros2_ws_Akshaj/install/new_code_py/lib/libmain_node_interfaces__rosidl_typesupport_fastrtps_cpp.so
[1.814s] -- Up-to-date: /home/akshaj/Desktop/ros-lab-exp/ros-lab/ros2_ws_Akshaj/install/new_code_py/include/new_code_py/new_code_py
[1.814s] -- Up-to-date: /home/akshaj/Desktop/ros-lab-exp/ros-lab/ros2_ws_Akshaj/install/new_code_py/include/new_code_py/new_code_py/action
[1.814s] -- Up-to-date: /home/akshaj/Desktop/ros-lab-exp/ros-lab/ros2_ws_Akshaj/install/new_code_py/include/new_code_py/new_code_py/action/detail
[1.814s] -- Up-to-date: /home/akshaj/Desktop/ros-lab-exp/ros-lab/ros2_ws_Akshaj/install/new_code_py/include/new_code_py/new_code_py/action/detail/fibonacci__rosidl_typesupport_introspection_cpp.hpp
[1.814s] -- Up-to-date: /home/akshaj/Desktop/ros-lab-exp/ros-lab/ros2_ws_Akshaj/install/new_code_py/include/new_code_py/new_code_py/action/detail/fibonacci__type_support.cpp
[1.814s] -- Up-to-date: /home/akshaj/Desktop/ros-lab-exp/ros-lab/ros2_ws_Akshaj/install/new_code_py/lib/libmain_node_interfaces__rosidl_typesupport_introspection_cpp.so
[1.814s] -- Up-to-date: /home/akshaj/Desktop/ros-lab-exp/ros-lab/ros2_ws_Akshaj/install/new_code_py/lib/libmain_node_interfaces__rosidl_typesupport_cpp.so
[1.814s] -- Up-to-date: /home/akshaj/Desktop/ros-lab-exp/ros-lab/ros2_ws_Akshaj/install/new_code_py/share/new_code_py/environment/pythonpath.sh
[1.814s] -- Up-to-date: /home/akshaj/Desktop/ros-lab-exp/ros-lab/ros2_ws_Akshaj/install/new_code_py/share/new_code_py/environment/pythonpath.dsv
[1.815s] -- Up-to-date: /home/akshaj/Desktop/ros-lab-exp/ros-lab/ros2_ws_Akshaj/install/new_code_py/local/lib/python3.10/dist-packages/new_code_py-0.0.0-py3.10.egg-info
[1.815s] -- Installing: /home/akshaj/Desktop/ros-lab-exp/ros-lab/ros2_ws_Akshaj/install/new_code_py/local/lib/python3.10/dist-packages/new_code_py-0.0.0-py3.10.egg-info/SOURCES.txt
[1.815s] -- Installing: /home/akshaj/Desktop/ros-lab-exp/ros-lab/ros2_ws_Akshaj/install/new_code_py/local/lib/python3.10/dist-packages/new_code_py-0.0.0-py3.10.egg-info/top_level.txt
[1.815s] -- Installing: /home/akshaj/Desktop/ros-lab-exp/ros-lab/ros2_ws_Akshaj/install/new_code_py/local/lib/python3.10/dist-packages/new_code_py-0.0.0-py3.10.egg-info/dependency_links.txt
[1.815s] -- Installing: /home/akshaj/Desktop/ros-lab-exp/ros-lab/ros2_ws_Akshaj/install/new_code_py/local/lib/python3.10/dist-packages/new_code_py-0.0.0-py3.10.egg-info/PKG-INFO
[1.815s] -- Up-to-date: /home/akshaj/Desktop/ros-lab-exp/ros-lab/ros2_ws_Akshaj/install/new_code_py/local/lib/python3.10/dist-packages/new_code_py
[1.815s] -- Up-to-date: /home/akshaj/Desktop/ros-lab-exp/ros-lab/ros2_ws_Akshaj/install/new_code_py/local/lib/python3.10/dist-packages/new_code_py/new_code_py_s__rosidl_typesupport_c.cpython-310-x86_64-linux-gnu.so
[1.815s] -- Up-to-date: /home/akshaj/Desktop/ros-lab-exp/ros-lab/ros2_ws_Akshaj/install/new_code_py/local/lib/python3.10/dist-packages/new_code_py/_new_code_py_s.ep.rosidl_typesupport_fastrtps_c.c
[1.816s] -- Up-to-date: /home/akshaj/Desktop/ros-lab-exp/ros-lab/ros2_ws_Akshaj/install/new_code_py/local/lib/python3.10/dist-packages/new_code_py/new_code_py_s__rosidl_typesupport_fastrtps_c.cpython-310-x86_64-linux-gnu.so
[1.816s] -- Up-to-date: /home/akshaj/Desktop/ros-lab-exp/ros-lab/ros2_ws_Akshaj/install/new_code_py/local/lib/python3.10/dist-packages/new_code_py/__init__.py
[1.816s] -- Up-to-date: /home/akshaj/Desktop/ros-lab-exp/ros-lab/ros2_ws_Akshaj/install/new_code_py/local/lib/python3.10/dist-packages/new_code_py/_new_code_py_s.ep.rosidl_typesupport_c.c
[1.816s] -- Up-to-date: /home/akshaj/Desktop/ros-lab-exp/ros-lab/ros2_ws_Akshaj/install/new_code_py/local/lib/python3.10/dist-packages/new_code_py/action
[1.816s] -- Up-to-date: /home/akshaj/Desktop/ros-lab-exp/ros-lab/ros2_ws_Akshaj/install/new_code_py/local/lib/python3.10/dist-packages/new_code_py/action/__init__.py
[1.816s] -- Up-to-date: /home/akshaj/Desktop/ros-lab-exp/ros-lab/ros2_ws_Akshaj/install/new_code_py/local/lib/python3.10/dist-packages/new_code_py/action/_fibonacci.py
[1.816s] -- Up-to-date: /home/akshaj/Desktop/ros-lab-exp/ros-lab/ros2_ws_Akshaj/install/new_code_py/local/lib/python3.10/dist-packages/new_code_py/action/_fibonacci_s.c
[1.816s] -- Up-to-date: /home/akshaj/Desktop/ros-lab-exp/ros-lab/ros2_ws_Akshaj/install/new_code_py/local/lib/python3.10/dist-packages/new_code_py/new_code_py_s__rosidl_typesupport_introspection_c.cpython-310-x86_64-linux-gnu.so
[1.816s] -- Up-to-date: /home/akshaj/Desktop/ros-lab-exp/ros-lab/ros2_ws_Akshaj/install/new_code_py/local/lib/python3.10/dist-packages/new_code_py/libmain_node_interfaces__rosidl_generator_py.so
[1.816s] -- Up-to-date: /home/akshaj/Desktop/ros-lab-exp/ros-lab/ros2_ws_Akshaj/install/new_code_py/local/lib/python3.10/dist-packages/new_code_py/_new_code_py_s.ep.rosidl_typesupport_introspection_c.c
[1.857s] Listing '/home/akshaj/Desktop/ros-lab-exp/ros-lab/ros2_ws_Akshaj/install/new_code_py/local/lib/python3.10/dist-packages/new_code_py'...
[1.857s] Listing '/home/akshaj/Desktop/ros-lab-exp/ros-lab/ros2_ws_Akshaj/install/new_code_py/local/lib/python3.10/dist-packages/new_code_py/action'...
[1.871s] -- Up-to-date: /home/akshaj/Desktop/ros-lab-exp/ros-lab/ros2_ws_Akshaj/install/new_code_py/local/lib/python3.10/dist-packages/new_code_py/new_code_py_s__rosidl_typesupport_fastrtps_c.cpython-310-x86_64-linux-gnu.so
[1.871s] -- Up-to-date: /home/akshaj/Desktop/ros-lab-exp/ros-lab/ros2_ws_Akshaj/install/new_code_py/local/lib/python3.10/dist-packages/new_code_py/new_code_py_s__rosidl_typesupport_introspection_c.cpython-310-x86_64-linux-gnu.so
[1.871s] -- Up-to-date: /home/akshaj/Desktop/ros-lab-exp/ros-lab/ros2_ws_Akshaj/install/new_code_py/local/lib/python3.10/dist-packages/new_code_py/new_code_py_s__rosidl_typesupport_c.cpython-310-x86_64-linux-gnu.so
[1.871s] -- Up-to-date: /home/akshaj/Desktop/ros-lab-exp/ros-lab/ros2_ws_Akshaj/install/new_code_py/lib/libmain_node_interfaces__rosidl_generator_py.so
[1.872s] -- Up-to-date: /home/akshaj/Desktop/ros-lab-exp/ros-lab/ros2_ws_Akshaj/install/new_code_py/share/new_code_py/action/Fibonacci.idl
[1.872s] -- Up-to-date: /home/akshaj/Desktop/ros-lab-exp/ros-lab/ros2_ws_Akshaj/install/new_code_py/share/new_code_py/action/Fibonacci.action
[1.872s] -- Up-to-date: /home/akshaj/Desktop/ros-lab-exp/ros-lab/ros2_ws_Akshaj/install/new_code_py/share/ament_index/resource_index/package_run_dependencies/new_code_py
[1.872s] -- Up-to-date: /home/akshaj/Desktop/ros-lab-exp/ros-lab/ros2_ws_Akshaj/install/new_code_py/share/ament_index/resource_index/parent_prefix_path/new_code_py
[1.872s] -- Up-to-date: /home/akshaj/Desktop/ros-lab-exp/ros-lab/ros2_ws_Akshaj/install/new_code_py/share/new_code_py/environment/ament_prefix_path.sh
[1.872s] -- Up-to-date: /home/akshaj/Desktop/ros-lab-exp/ros-lab/ros2_ws_Akshaj/install/new_code_py/share/new_code_py/environment/ament_prefix_path.dsv
[1.872s] -- Up-to-date: /home/akshaj/Desktop/ros-lab-exp/ros-lab/ros2_ws_Akshaj/install/new_code_py/share/new_code_py/environment/path.sh
[1.872s] -- Up-to-date: /home/akshaj/Desktop/ros-lab-exp/ros-lab/ros2_ws_Akshaj/install/new_code_py/share/new_code_py/environment/path.dsv
[1.873s] -- Up-to-date: /home/akshaj/Desktop/ros-lab-exp/ros-lab/ros2_ws_Akshaj/install/new_code_py/share/new_code_py/local_setup.bash
[1.873s] -- Up-to-date: /home/akshaj/Desktop/ros-lab-exp/ros-lab/ros2_ws_Akshaj/install/new_code_py/share/new_code_py/local_setup.sh
[1.873s] -- Up-to-date: /home/akshaj/Desktop/ros-lab-exp/ros-lab/ros2_ws_Akshaj/install/new_code_py/share/new_code_py/local_setup.zsh
[1.873s] -- Up-to-date: /home/akshaj/Desktop/ros-lab-exp/ros-lab/ros2_ws_Akshaj/install/new_code_py/share/new_code_py/local_setup.dsv
[1.873s] -- Installing: /home/akshaj/Desktop/ros-lab-exp/ros-lab/ros2_ws_Akshaj/install/new_code_py/share/new_code_py/package.dsv
[1.873s] -- Up-to-date: /home/akshaj/Desktop/ros-lab-exp/ros-lab/ros2_ws_Akshaj/install/new_code_py/share/ament_index/resource_index/packages/new_code_py
[1.873s] -- Up-to-date: /home/akshaj/Desktop/ros-lab-exp/ros-lab/ros2_ws_Akshaj/install/new_code_py/share/new_code_py/cmake/export_main_node_interfaces__rosidl_generator_cExport.cmake
[1.876s] -- Up-to-date: /home/akshaj/Desktop/ros-lab-exp/ros-lab/ros2_ws_Akshaj/install/new_code_py/share/new_code_py/cmake/export_main_node_interfaces__rosidl_generator_cExport-noconfig.cmake
[1.876s] -- Up-to-date: /home/akshaj/Desktop/ros-lab-exp/ros-lab/ros2_ws_Akshaj/install/new_code_py/share/new_code_py/cmake/export_main_node_interfaces__rosidl_typesupport_fastrtps_cExport.cmake
[1.877s] -- Up-to-date: /home/akshaj/Desktop/ros-lab-exp/ros-lab/ros2_ws_Akshaj/install/new_code_py/share/new_code_py/cmake/export_main_node_interfaces__rosidl_typesupport_fastrtps_cExport-noconfig.cmake
[1.877s] -- Up-to-date: /home/akshaj/Desktop/ros-lab-exp/ros-lab/ros2_ws_Akshaj/install/new_code_py/share/new_code_py/cmake/main_node_interfaces__rosidl_typesupport_introspection_cExport.cmake
[1.877s] -- Up-to-date: /home/akshaj/Desktop/ros-lab-exp/ros-lab/ros2_ws_Akshaj/install/new_code_py/share/new_code_py/cmake/main_node_interfaces__rosidl_typesupport_introspection_cExport-noconfig.cmake
[1.877s] -- Up-to-date: /home/akshaj/Desktop/ros-lab-exp/ros-lab/ros2_ws_Akshaj/install/new_code_py/share/new_code_py/cmake/main_node_interfaces__rosidl_typesupport_cExport.cmake
[1.877s] -- Up-to-date: /home/akshaj/Desktop/ros-lab-exp/ros-lab/ros2_ws_Akshaj/install/new_code_py/share/new_code_py/cmake/main_node_interfaces__rosidl_typesupport_cExport-noconfig.cmake
[1.878s] -- Up-to-date: /home/akshaj/Desktop/ros-lab-exp/ros-lab/ros2_ws_Akshaj/install/new_code_py/share/new_code_py/cmake/export_main_node_interfaces__rosidl_generator_cppExport.cmake
[1.878s] -- Up-to-date: /home/akshaj/Desktop/ros-lab-exp/ros-lab/ros2_ws_Akshaj/install/new_code_py/share/new_code_py/cmake/export_main_node_interfaces__rosidl_typesupport_fastrtps_cppExport.cmake
[1.878s] -- Up-to-date: /home/akshaj/Desktop/ros-lab-exp/ros-lab/ros2_ws_Akshaj/install/new_code_py/share/new_code_py/cmake/export_main_node_interfaces__rosidl_typesupport_fastrtps_cppExport-noconfig.cmake
[1.878s] -- Up-to-date: /home/akshaj/Desktop/ros-lab-exp/ros-lab/ros2_ws_Akshaj/install/new_code_py/share/new_code_py/cmake/main_node_interfaces__rosidl_typesupport_introspection_cppExport.cmake
[1.878s] -- Up-to-date: /home/akshaj/Desktop/ros-lab-exp/ros-lab/ros2_ws_Akshaj/install/new_code_py/share/new_code_py/cmake/main_node_interfaces__rosidl_typesupport_introspection_cppExport-noconfig.cmake
[1.879s] -- Up-to-date: /home/akshaj/Desktop/ros-lab-exp/ros-lab/ros2_ws_Akshaj/install/new_code_py/share/new_code_py/cmake/main_node_interfaces__rosidl_typesupport_cppExport.cmake
[1.879s] -- Up-to-date: /home/akshaj/Desktop/ros-lab-exp/ros-lab/ros2_ws_Akshaj/install/new_code_py/share/new_code_py/cmake/main_node_interfaces__rosidl_typesupport_cppExport-noconfig.cmake
[1.879s] -- Up-to-date: /home/akshaj/Desktop/ros-lab-exp/ros-lab/ros2_ws_Akshaj/install/new_code_py/share/new_code_py/cmake/export_main_node_interfaces__rosidl_generator_pyExport.cmake
[1.879s] -- Up-to-date: /home/akshaj/Desktop/ros-lab-exp/ros-lab/ros2_ws_Akshaj/install/new_code_py/share/new_code_py/cmake/export_main_node_interfaces__rosidl_generator_pyExport-noconfig.cmake
[1.879s] -- Up-to-date: /home/akshaj/Desktop/ros-lab-exp/ros-lab/ros2_ws_Akshaj/install/new_code_py/share/new_code_py/cmake/rosidl_cmake-extras.cmake
[1.879s] -- Up-to-date: /home/akshaj/Desktop/ros-lab-exp/ros-lab/ros2_ws_Akshaj/install/new_code_py/share/new_code_py/cmake/ament_cmake_export_dependencies-extras.cmake
[1.880s] -- Up-to-date: /home/akshaj/Desktop/ros-lab-exp/ros-lab/ros2_ws_Akshaj/install/new_code_py/share/new_code_py/cmake/ament_cmake_export_include_directories-extras.cmake
[1.880s] -- Up-to-date: /home/akshaj/Desktop/ros-lab-exp/ros-lab/ros2_ws_Akshaj/install/new_code_py/share/new_code_py/cmake/ament_cmake_export_libraries-extras.cmake
[1.880s] -- Up-to-date: /home/akshaj/Desktop/ros-lab-exp/ros-lab/ros2_ws_Akshaj/install/new_code_py/share/new_code_py/cmake/ament_cmake_export_targets-extras.cmake
[1.880s] -- Up-to-date: /home/akshaj/Desktop/ros-lab-exp/ros-lab/ros2_ws_Akshaj/install/new_code_py/share/new_code_py/cmake/rosidl_cmake_export_typesupport_targets-extras.cmake
[1.880s] -- Up-to-date: /home/akshaj/Desktop/ros-lab-exp/ros-lab/ros2_ws_Akshaj/install/new_code_py/share/new_code_py/cmake/rosidl_cmake_export_typesupport_libraries-extras.cmake
[1.880s] -- Up-to-date: /home/akshaj/Desktop/ros-lab-exp/ros-lab/ros2_ws_Akshaj/install/new_code_py/share/new_code_py/cmake/new_code_pyConfig.cmake
[1.880s] -- Up-to-date: /home/akshaj/Desktop/ros-lab-exp/ros-lab/ros2_ws_Akshaj/install/new_code_py/share/new_code_py/cmake/new_code_pyConfig-version.cmake
[1.881s] -- Up-to-date: /home/akshaj/Desktop/ros-lab-exp/ros-lab/ros2_ws_Akshaj/install/new_code_py/share/new_code_py/package.xml
[1.881s] Invoked command in '/home/akshaj/Desktop/ros-lab-exp/ros-lab/ros2_ws_Akshaj/build/new_code_py' returned '0': CMAKE_PREFIX_PATH=/home/akshaj/Desktop/ros-lab-exp/ros-lab/ros2_ws_Akshaj/src/ros2_ws_exp4/install/client_pkg:/opt/ros/humble /usr/bin/cmake --install /home/akshaj/Desktop/ros-lab-exp/ros-lab/ros2_ws_Akshaj/build/new_code_py
