[1.828s] Invoking command in '/home/akshaj/Desktop/ros-lab-exp/ros-lab/ros2_ws_Akshaj/build/experiment_interfaces': CMAKE_PREFIX_PATH=/opt/ros/humble /usr/bin/cmake --build /home/akshaj/Desktop/ros-lab-exp/ros-lab/ros2_ws_Akshaj/build/experiment_interfaces -- -j12 -l12
[2.678s] [35m[1mConsolidate compiler generated dependencies of target experiment_interfaces__rosidl_generator_c[0m
[2.678s] [  3%] Built target experiment_interfaces__cpp
[2.678s] [ 12%] Built target experiment_interfaces__rosidl_generator_c
[2.678s] [ 12%] Built target ament_cmake_python_copy_experiment_interfaces
[2.678s] [35m[1mConsolidate compiler generated dependencies of target experiment_interfaces__rosidl_typesupport_introspection_cpp[0m
[2.678s] [35m[1mConsolidate compiler generated dependencies of target experiment_interfaces__rosidl_typesupport_fastrtps_cpp[0m
[2.678s] [35m[1mConsolidate compiler generated dependencies of target experiment_interfaces__rosidl_typesupport_cpp[0m
[2.678s] [35m[1mConsolidate compiler generated dependencies of target experiment_interfaces__rosidl_typesupport_introspection_c[0m
[2.678s] [35m[1mConsolidate compiler generated dependencies of target experiment_interfaces__rosidl_typesupport_fastrtps_c[0m
[2.679s] [35m[1mConsolidate compiler generated dependencies of target experiment_interfaces__rosidl_typesupport_c[0m
[2.679s] [ 32%] Built target experiment_interfaces__rosidl_typesupport_fastrtps_cpp
[2.679s] [ 32%] Built target experiment_interfaces__rosidl_typesupport_cpp
[2.679s] [ 41%] Built target experiment_interfaces__rosidl_typesupport_introspection_cpp
[2.679s] [ 51%] Built target experiment_interfaces__rosidl_typesupport_introspection_c
[2.679s] [ 61%] Built target experiment_interfaces__rosidl_typesupport_c
[2.679s] [ 70%] Built target experiment_interfaces__rosidl_typesupport_fastrtps_c
[2.679s] [ 70%] Built target experiment_interfaces
[2.679s] [ 74%] Built target experiment_interfaces__py
[2.679s] [35m[1mConsolidate compiler generated dependencies of target experiment_interfaces__rosidl_generator_py[0m
[2.679s] [ 80%] Built target experiment_interfaces__rosidl_generator_py
[2.679s] [35m[1mConsolidate compiler generated dependencies of target experiment_interfaces__rosidl_typesupport_introspection_c__pyext[0m
[2.679s] [35m[1mConsolidate compiler generated dependencies of target experiment_interfaces__rosidl_typesupport_c__pyext[0m
[2.679s] [35m[1mConsolidate compiler generated dependencies of target experiment_interfaces__rosidl_typesupport_fastrtps_c__pyext[0m
[2.679s] [100%] Built target experiment_interfaces__rosidl_typesupport_introspection_c__pyext
[2.680s] [100%] Built target experiment_interfaces__rosidl_typesupport_fastrtps_c__pyext
[2.680s] [100%] Built target experiment_interfaces__rosidl_typesupport_c__pyext
[2.680s] running egg_info
[2.680s] writing experiment_interfaces.egg-info/PKG-INFO
[2.680s] writing dependency_links to experiment_interfaces.egg-info/dependency_links.txt
[2.680s] writing top-level names to experiment_interfaces.egg-info/top_level.txt
[2.680s] reading manifest file 'experiment_interfaces.egg-info/SOURCES.txt'
[2.680s] writing manifest file 'experiment_interfaces.egg-info/SOURCES.txt'
[2.680s] [100%] Built target ament_cmake_python_build_experiment_interfaces_egg
[2.698s] Invoked command in '/home/akshaj/Desktop/ros-lab-exp/ros-lab/ros2_ws_Akshaj/build/experiment_interfaces' returned '0': CMAKE_PREFIX_PATH=/opt/ros/humble /usr/bin/cmake --build /home/akshaj/Desktop/ros-lab-exp/ros-lab/ros2_ws_Akshaj/build/experiment_interfaces -- -j12 -l12
[2.700s] Invoking command in '/home/akshaj/Desktop/ros-lab-exp/ros-lab/ros2_ws_Akshaj/build/experiment_interfaces': CMAKE_PREFIX_PATH=/opt/ros/humble /usr/bin/cmake --install /home/akshaj/Desktop/ros-lab-exp/ros-lab/ros2_ws_Akshaj/build/experiment_interfaces
[2.731s] -- Install configuration: ""
[2.731s] -- Up-to-date: /home/akshaj/Desktop/ros-lab-exp/ros-lab/ros2_ws_Akshaj/install/experiment_interfaces/share/ament_index/resource_index/rosidl_interfaces/experiment_interfaces
[2.731s] -- Up-to-date: /home/akshaj/Desktop/ros-lab-exp/ros-lab/ros2_ws_Akshaj/install/experiment_interfaces/include/experiment_interfaces/experiment_interfaces
[2.732s] -- Up-to-date: /home/akshaj/Desktop/ros-lab-exp/ros-lab/ros2_ws_Akshaj/install/experiment_interfaces/include/experiment_interfaces/experiment_interfaces/msg
[2.732s] -- Up-to-date: /home/akshaj/Desktop/ros-lab-exp/ros-lab/ros2_ws_Akshaj/install/experiment_interfaces/include/experiment_interfaces/experiment_interfaces/msg/rosidl_generator_c__visibility_control.h
[2.732s] -- Up-to-date: /home/akshaj/Desktop/ros-lab-exp/ros-lab/ros2_ws_Akshaj/install/experiment_interfaces/include/experiment_interfaces/experiment_interfaces/srv
[2.732s] -- Up-to-date: /home/akshaj/Desktop/ros-lab-exp/ros-lab/ros2_ws_Akshaj/install/experiment_interfaces/include/experiment_interfaces/experiment_interfaces/srv/detail
[2.732s] -- Up-to-date: /home/akshaj/Desktop/ros-lab-exp/ros-lab/ros2_ws_Akshaj/install/experiment_interfaces/include/experiment_interfaces/experiment_interfaces/srv/detail/turtle_control__functions.h
[2.732s] -- Up-to-date: /home/akshaj/Desktop/ros-lab-exp/ros-lab/ros2_ws_Akshaj/install/experiment_interfaces/include/experiment_interfaces/experiment_interfaces/srv/detail/turtle_control__type_support.h
[2.732s] -- Up-to-date: /home/akshaj/Desktop/ros-lab-exp/ros-lab/ros2_ws_Akshaj/install/experiment_interfaces/include/experiment_interfaces/experiment_interfaces/srv/detail/turtle_control__struct.h
[2.732s] -- Up-to-date: /home/akshaj/Desktop/ros-lab-exp/ros-lab/ros2_ws_Akshaj/install/experiment_interfaces/include/experiment_interfaces/experiment_interfaces/srv/detail/turtle_control__functions.c
[2.732s] -- Up-to-date: /home/akshaj/Desktop/ros-lab-exp/ros-lab/ros2_ws_Akshaj/install/experiment_interfaces/include/experiment_interfaces/experiment_interfaces/srv/turtle_control.h
[2.733s] -- Up-to-date: /home/akshaj/Desktop/ros-lab-exp/ros-lab/ros2_ws_Akshaj/install/experiment_interfaces/share/experiment_interfaces/environment/library_path.sh
[2.733s] -- Up-to-date: /home/akshaj/Desktop/ros-lab-exp/ros-lab/ros2_ws_Akshaj/install/experiment_interfaces/share/experiment_interfaces/environment/library_path.dsv
[2.733s] -- Up-to-date: /home/akshaj/Desktop/ros-lab-exp/ros-lab/ros2_ws_Akshaj/install/experiment_interfaces/lib/libexperiment_interfaces__rosidl_generator_c.so
[2.733s] -- Up-to-date: /home/akshaj/Desktop/ros-lab-exp/ros-lab/ros2_ws_Akshaj/install/experiment_interfaces/include/experiment_interfaces/experiment_interfaces
[2.733s] -- Up-to-date: /home/akshaj/Desktop/ros-lab-exp/ros-lab/ros2_ws_Akshaj/install/experiment_interfaces/include/experiment_interfaces/experiment_interfaces/msg
[2.733s] -- Up-to-date: /home/akshaj/Desktop/ros-lab-exp/ros-lab/ros2_ws_Akshaj/install/experiment_interfaces/include/experiment_interfaces/experiment_interfaces/msg/rosidl_typesupport_fastrtps_c__visibility_control.h
[2.733s] -- Up-to-date: /home/akshaj/Desktop/ros-lab-exp/ros-lab/ros2_ws_Akshaj/install/experiment_interfaces/include/experiment_interfaces/experiment_interfaces/srv
[2.733s] -- Up-to-date: /home/akshaj/Desktop/ros-lab-exp/ros-lab/ros2_ws_Akshaj/install/experiment_interfaces/include/experiment_interfaces/experiment_interfaces/srv/detail
[2.733s] -- Up-to-date: /home/akshaj/Desktop/ros-lab-exp/ros-lab/ros2_ws_Akshaj/install/experiment_interfaces/include/experiment_interfaces/experiment_interfaces/srv/detail/turtle_control__rosidl_typesupport_fastrtps_c.h
[2.733s] -- Up-to-date: /home/akshaj/Desktop/ros-lab-exp/ros-lab/ros2_ws_Akshaj/install/experiment_interfaces/lib/libexperiment_interfaces__rosidl_typesupport_fastrtps_c.so
[2.734s] -- Up-to-date: /home/akshaj/Desktop/ros-lab-exp/ros-lab/ros2_ws_Akshaj/install/experiment_interfaces/include/experiment_interfaces/experiment_interfaces
[2.734s] -- Up-to-date: /home/akshaj/Desktop/ros-lab-exp/ros-lab/ros2_ws_Akshaj/install/experiment_interfaces/include/experiment_interfaces/experiment_interfaces/msg
[2.734s] -- Up-to-date: /home/akshaj/Desktop/ros-lab-exp/ros-lab/ros2_ws_Akshaj/install/experiment_interfaces/include/experiment_interfaces/experiment_interfaces/msg/rosidl_typesupport_introspection_c__visibility_control.h
[2.734s] -- Up-to-date: /home/akshaj/Desktop/ros-lab-exp/ros-lab/ros2_ws_Akshaj/install/experiment_interfaces/include/experiment_interfaces/experiment_interfaces/srv
[2.734s] -- Up-to-date: /home/akshaj/Desktop/ros-lab-exp/ros-lab/ros2_ws_Akshaj/install/experiment_interfaces/include/experiment_interfaces/experiment_interfaces/srv/detail
[2.734s] -- Up-to-date: /home/akshaj/Desktop/ros-lab-exp/ros-lab/ros2_ws_Akshaj/install/experiment_interfaces/include/experiment_interfaces/experiment_interfaces/srv/detail/turtle_control__type_support.c
[2.734s] -- Up-to-date: /home/akshaj/Desktop/ros-lab-exp/ros-lab/ros2_ws_Akshaj/install/experiment_interfaces/include/experiment_interfaces/experiment_interfaces/srv/detail/turtle_control__rosidl_typesupport_introspection_c.h
[2.734s] -- Up-to-date: /home/akshaj/Desktop/ros-lab-exp/ros-lab/ros2_ws_Akshaj/install/experiment_interfaces/lib/libexperiment_interfaces__rosidl_typesupport_introspection_c.so
[2.734s] -- Up-to-date: /home/akshaj/Desktop/ros-lab-exp/ros-lab/ros2_ws_Akshaj/install/experiment_interfaces/lib/libexperiment_interfaces__rosidl_typesupport_c.so
[2.735s] -- Up-to-date: /home/akshaj/Desktop/ros-lab-exp/ros-lab/ros2_ws_Akshaj/install/experiment_interfaces/include/experiment_interfaces/experiment_interfaces
[2.735s] -- Up-to-date: /home/akshaj/Desktop/ros-lab-exp/ros-lab/ros2_ws_Akshaj/install/experiment_interfaces/include/experiment_interfaces/experiment_interfaces/msg
[2.735s] -- Up-to-date: /home/akshaj/Desktop/ros-lab-exp/ros-lab/ros2_ws_Akshaj/install/experiment_interfaces/include/experiment_interfaces/experiment_interfaces/msg/rosidl_generator_cpp__visibility_control.hpp
[2.735s] -- Up-to-date: /home/akshaj/Desktop/ros-lab-exp/ros-lab/ros2_ws_Akshaj/install/experiment_interfaces/include/experiment_interfaces/experiment_interfaces/srv
[2.735s] -- Up-to-date: /home/akshaj/Desktop/ros-lab-exp/ros-lab/ros2_ws_Akshaj/install/experiment_interfaces/include/experiment_interfaces/experiment_interfaces/srv/detail
[2.735s] -- Up-to-date: /home/akshaj/Desktop/ros-lab-exp/ros-lab/ros2_ws_Akshaj/install/experiment_interfaces/include/experiment_interfaces/experiment_interfaces/srv/detail/turtle_control__builder.hpp
[2.735s] -- Up-to-date: /home/akshaj/Desktop/ros-lab-exp/ros-lab/ros2_ws_Akshaj/install/experiment_interfaces/include/experiment_interfaces/experiment_interfaces/srv/detail/turtle_control__struct.hpp
[2.735s] -- Up-to-date: /home/akshaj/Desktop/ros-lab-exp/ros-lab/ros2_ws_Akshaj/install/experiment_interfaces/include/experiment_interfaces/experiment_interfaces/srv/detail/turtle_control__traits.hpp
[2.735s] -- Up-to-date: /home/akshaj/Desktop/ros-lab-exp/ros-lab/ros2_ws_Akshaj/install/experiment_interfaces/include/experiment_interfaces/experiment_interfaces/srv/detail/turtle_control__type_support.hpp
[2.735s] -- Up-to-date: /home/akshaj/Desktop/ros-lab-exp/ros-lab/ros2_ws_Akshaj/install/experiment_interfaces/include/experiment_interfaces/experiment_interfaces/srv/turtle_control.hpp
[2.735s] -- Up-to-date: /home/akshaj/Desktop/ros-lab-exp/ros-lab/ros2_ws_Akshaj/install/experiment_interfaces/include/experiment_interfaces/experiment_interfaces
[2.736s] -- Up-to-date: /home/akshaj/Desktop/ros-lab-exp/ros-lab/ros2_ws_Akshaj/install/experiment_interfaces/include/experiment_interfaces/experiment_interfaces/msg
[2.736s] -- Up-to-date: /home/akshaj/Desktop/ros-lab-exp/ros-lab/ros2_ws_Akshaj/install/experiment_interfaces/include/experiment_interfaces/experiment_interfaces/msg/rosidl_typesupport_fastrtps_cpp__visibility_control.h
[2.736s] -- Up-to-date: /home/akshaj/Desktop/ros-lab-exp/ros-lab/ros2_ws_Akshaj/install/experiment_interfaces/include/experiment_interfaces/experiment_interfaces/srv
[2.736s] -- Up-to-date: /home/akshaj/Desktop/ros-lab-exp/ros-lab/ros2_ws_Akshaj/install/experiment_interfaces/include/experiment_interfaces/experiment_interfaces/srv/detail
[2.736s] -- Up-to-date: /home/akshaj/Desktop/ros-lab-exp/ros-lab/ros2_ws_Akshaj/install/experiment_interfaces/include/experiment_interfaces/experiment_interfaces/srv/detail/dds_fastrtps
[2.736s] -- Up-to-date: /home/akshaj/Desktop/ros-lab-exp/ros-lab/ros2_ws_Akshaj/install/experiment_interfaces/include/experiment_interfaces/experiment_interfaces/srv/detail/turtle_control__rosidl_typesupport_fastrtps_cpp.hpp
[2.736s] -- Up-to-date: /home/akshaj/Desktop/ros-lab-exp/ros-lab/ros2_ws_Akshaj/install/experiment_interfaces/lib/libexperiment_interfaces__rosidl_typesupport_fastrtps_cpp.so
[2.736s] -- Up-to-date: /home/akshaj/Desktop/ros-lab-exp/ros-lab/ros2_ws_Akshaj/install/experiment_interfaces/include/experiment_interfaces/experiment_interfaces
[2.736s] -- Up-to-date: /home/akshaj/Desktop/ros-lab-exp/ros-lab/ros2_ws_Akshaj/install/experiment_interfaces/include/experiment_interfaces/experiment_interfaces/srv
[2.737s] -- Up-to-date: /home/akshaj/Desktop/ros-lab-exp/ros-lab/ros2_ws_Akshaj/install/experiment_interfaces/include/experiment_interfaces/experiment_interfaces/srv/detail
[2.737s] -- Up-to-date: /home/akshaj/Desktop/ros-lab-exp/ros-lab/ros2_ws_Akshaj/install/experiment_interfaces/include/experiment_interfaces/experiment_interfaces/srv/detail/turtle_control__type_support.cpp
[2.737s] -- Up-to-date: /home/akshaj/Desktop/ros-lab-exp/ros-lab/ros2_ws_Akshaj/install/experiment_interfaces/include/experiment_interfaces/experiment_interfaces/srv/detail/turtle_control__rosidl_typesupport_introspection_cpp.hpp
[2.737s] -- Up-to-date: /home/akshaj/Desktop/ros-lab-exp/ros-lab/ros2_ws_Akshaj/install/experiment_interfaces/lib/libexperiment_interfaces__rosidl_typesupport_introspection_cpp.so
[2.737s] -- Up-to-date: /home/akshaj/Desktop/ros-lab-exp/ros-lab/ros2_ws_Akshaj/install/experiment_interfaces/lib/libexperiment_interfaces__rosidl_typesupport_cpp.so
[2.737s] -- Up-to-date: /home/akshaj/Desktop/ros-lab-exp/ros-lab/ros2_ws_Akshaj/install/experiment_interfaces/share/experiment_interfaces/environment/pythonpath.sh
[2.737s] -- Up-to-date: /home/akshaj/Desktop/ros-lab-exp/ros-lab/ros2_ws_Akshaj/install/experiment_interfaces/share/experiment_interfaces/environment/pythonpath.dsv
[2.737s] -- Up-to-date: /home/akshaj/Desktop/ros-lab-exp/ros-lab/ros2_ws_Akshaj/install/experiment_interfaces/local/lib/python3.10/dist-packages/experiment_interfaces-0.0.0-py3.10.egg-info
[2.737s] -- Installing: /home/akshaj/Desktop/ros-lab-exp/ros-lab/ros2_ws_Akshaj/install/experiment_interfaces/local/lib/python3.10/dist-packages/experiment_interfaces-0.0.0-py3.10.egg-info/SOURCES.txt
[2.738s] -- Installing: /home/akshaj/Desktop/ros-lab-exp/ros-lab/ros2_ws_Akshaj/install/experiment_interfaces/local/lib/python3.10/dist-packages/experiment_interfaces-0.0.0-py3.10.egg-info/top_level.txt
[2.738s] -- Installing: /home/akshaj/Desktop/ros-lab-exp/ros-lab/ros2_ws_Akshaj/install/experiment_interfaces/local/lib/python3.10/dist-packages/experiment_interfaces-0.0.0-py3.10.egg-info/dependency_links.txt
[2.738s] -- Installing: /home/akshaj/Desktop/ros-lab-exp/ros-lab/ros2_ws_Akshaj/install/experiment_interfaces/local/lib/python3.10/dist-packages/experiment_interfaces-0.0.0-py3.10.egg-info/PKG-INFO
[2.738s] -- Up-to-date: /home/akshaj/Desktop/ros-lab-exp/ros-lab/ros2_ws_Akshaj/install/experiment_interfaces/local/lib/python3.10/dist-packages/experiment_interfaces
[2.738s] -- Up-to-date: /home/akshaj/Desktop/ros-lab-exp/ros-lab/ros2_ws_Akshaj/install/experiment_interfaces/local/lib/python3.10/dist-packages/experiment_interfaces/libexperiment_interfaces__rosidl_generator_py.so
[2.738s] -- Up-to-date: /home/akshaj/Desktop/ros-lab-exp/ros-lab/ros2_ws_Akshaj/install/experiment_interfaces/local/lib/python3.10/dist-packages/experiment_interfaces/__init__.py
[2.738s] -- Up-to-date: /home/akshaj/Desktop/ros-lab-exp/ros-lab/ros2_ws_Akshaj/install/experiment_interfaces/local/lib/python3.10/dist-packages/experiment_interfaces/_experiment_interfaces_s.ep.rosidl_typesupport_c.c
[2.738s] -- Up-to-date: /home/akshaj/Desktop/ros-lab-exp/ros-lab/ros2_ws_Akshaj/install/experiment_interfaces/local/lib/python3.10/dist-packages/experiment_interfaces/experiment_interfaces_s__rosidl_typesupport_fastrtps_c.cpython-310-x86_64-linux-gnu.so
[2.738s] -- Up-to-date: /home/akshaj/Desktop/ros-lab-exp/ros-lab/ros2_ws_Akshaj/install/experiment_interfaces/local/lib/python3.10/dist-packages/experiment_interfaces/srv
[2.739s] -- Up-to-date: /home/akshaj/Desktop/ros-lab-exp/ros-lab/ros2_ws_Akshaj/install/experiment_interfaces/local/lib/python3.10/dist-packages/experiment_interfaces/srv/_turtle_control_s.c
[2.739s] -- Up-to-date: /home/akshaj/Desktop/ros-lab-exp/ros-lab/ros2_ws_Akshaj/install/experiment_interfaces/local/lib/python3.10/dist-packages/experiment_interfaces/srv/__init__.py
[2.739s] -- Up-to-date: /home/akshaj/Desktop/ros-lab-exp/ros-lab/ros2_ws_Akshaj/install/experiment_interfaces/local/lib/python3.10/dist-packages/experiment_interfaces/srv/_turtle_control.py
[2.739s] -- Up-to-date: /home/akshaj/Desktop/ros-lab-exp/ros-lab/ros2_ws_Akshaj/install/experiment_interfaces/local/lib/python3.10/dist-packages/experiment_interfaces/_experiment_interfaces_s.ep.rosidl_typesupport_introspection_c.c
[2.739s] -- Up-to-date: /home/akshaj/Desktop/ros-lab-exp/ros-lab/ros2_ws_Akshaj/install/experiment_interfaces/local/lib/python3.10/dist-packages/experiment_interfaces/experiment_interfaces_s__rosidl_typesupport_c.cpython-310-x86_64-linux-gnu.so
[2.739s] -- Up-to-date: /home/akshaj/Desktop/ros-lab-exp/ros-lab/ros2_ws_Akshaj/install/experiment_interfaces/local/lib/python3.10/dist-packages/experiment_interfaces/experiment_interfaces_s__rosidl_typesupport_introspection_c.cpython-310-x86_64-linux-gnu.so
[2.739s] -- Up-to-date: /home/akshaj/Desktop/ros-lab-exp/ros-lab/ros2_ws_Akshaj/install/experiment_interfaces/local/lib/python3.10/dist-packages/experiment_interfaces/_experiment_interfaces_s.ep.rosidl_typesupport_fastrtps_c.c
[2.761s] Listing '/home/akshaj/Desktop/ros-lab-exp/ros-lab/ros2_ws_Akshaj/install/experiment_interfaces/local/lib/python3.10/dist-packages/experiment_interfaces'...
[2.761s] Listing '/home/akshaj/Desktop/ros-lab-exp/ros-lab/ros2_ws_Akshaj/install/experiment_interfaces/local/lib/python3.10/dist-packages/experiment_interfaces/srv'...
[2.768s] -- Up-to-date: /home/akshaj/Desktop/ros-lab-exp/ros-lab/ros2_ws_Akshaj/install/experiment_interfaces/local/lib/python3.10/dist-packages/experiment_interfaces/experiment_interfaces_s__rosidl_typesupport_fastrtps_c.cpython-310-x86_64-linux-gnu.so
[2.769s] -- Up-to-date: /home/akshaj/Desktop/ros-lab-exp/ros-lab/ros2_ws_Akshaj/install/experiment_interfaces/local/lib/python3.10/dist-packages/experiment_interfaces/experiment_interfaces_s__rosidl_typesupport_introspection_c.cpython-310-x86_64-linux-gnu.so
[2.770s] -- Up-to-date: /home/akshaj/Desktop/ros-lab-exp/ros-lab/ros2_ws_Akshaj/install/experiment_interfaces/local/lib/python3.10/dist-packages/experiment_interfaces/experiment_interfaces_s__rosidl_typesupport_c.cpython-310-x86_64-linux-gnu.so
[2.771s] -- Up-to-date: /home/akshaj/Desktop/ros-lab-exp/ros-lab/ros2_ws_Akshaj/install/experiment_interfaces/lib/libexperiment_interfaces__rosidl_generator_py.so
[2.771s] -- Up-to-date: /home/akshaj/Desktop/ros-lab-exp/ros-lab/ros2_ws_Akshaj/install/experiment_interfaces/share/experiment_interfaces/srv/TurtleControl.idl
[2.771s] -- Up-to-date: /home/akshaj/Desktop/ros-lab-exp/ros-lab/ros2_ws_Akshaj/install/experiment_interfaces/share/experiment_interfaces/srv/TurtleControl.srv
[2.772s] -- Up-to-date: /home/akshaj/Desktop/ros-lab-exp/ros-lab/ros2_ws_Akshaj/install/experiment_interfaces/share/experiment_interfaces/srv/TurtleControl_Request.msg
[2.772s] -- Up-to-date: /home/akshaj/Desktop/ros-lab-exp/ros-lab/ros2_ws_Akshaj/install/experiment_interfaces/share/experiment_interfaces/srv/TurtleControl_Response.msg
[2.772s] -- Up-to-date: /home/akshaj/Desktop/ros-lab-exp/ros-lab/ros2_ws_Akshaj/install/experiment_interfaces/share/ament_index/resource_index/package_run_dependencies/experiment_interfaces
[2.772s] -- Up-to-date: /home/akshaj/Desktop/ros-lab-exp/ros-lab/ros2_ws_Akshaj/install/experiment_interfaces/share/ament_index/resource_index/parent_prefix_path/experiment_interfaces
[2.772s] -- Up-to-date: /home/akshaj/Desktop/ros-lab-exp/ros-lab/ros2_ws_Akshaj/install/experiment_interfaces/share/experiment_interfaces/environment/ament_prefix_path.sh
[2.773s] -- Up-to-date: /home/akshaj/Desktop/ros-lab-exp/ros-lab/ros2_ws_Akshaj/install/experiment_interfaces/share/experiment_interfaces/environment/ament_prefix_path.dsv
[2.773s] -- Up-to-date: /home/akshaj/Desktop/ros-lab-exp/ros-lab/ros2_ws_Akshaj/install/experiment_interfaces/share/experiment_interfaces/environment/path.sh
[2.773s] -- Up-to-date: /home/akshaj/Desktop/ros-lab-exp/ros-lab/ros2_ws_Akshaj/install/experiment_interfaces/share/experiment_interfaces/environment/path.dsv
[2.773s] -- Up-to-date: /home/akshaj/Desktop/ros-lab-exp/ros-lab/ros2_ws_Akshaj/install/experiment_interfaces/share/experiment_interfaces/local_setup.bash
[2.773s] -- Up-to-date: /home/akshaj/Desktop/ros-lab-exp/ros-lab/ros2_ws_Akshaj/install/experiment_interfaces/share/experiment_interfaces/local_setup.sh
[2.773s] -- Up-to-date: /home/akshaj/Desktop/ros-lab-exp/ros-lab/ros2_ws_Akshaj/install/experiment_interfaces/share/experiment_interfaces/local_setup.zsh
[2.774s] -- Up-to-date: /home/akshaj/Desktop/ros-lab-exp/ros-lab/ros2_ws_Akshaj/install/experiment_interfaces/share/experiment_interfaces/local_setup.dsv
[2.774s] -- Installing: /home/akshaj/Desktop/ros-lab-exp/ros-lab/ros2_ws_Akshaj/install/experiment_interfaces/share/experiment_interfaces/package.dsv
[2.774s] -- Up-to-date: /home/akshaj/Desktop/ros-lab-exp/ros-lab/ros2_ws_Akshaj/install/experiment_interfaces/share/ament_index/resource_index/packages/experiment_interfaces
[2.775s] -- Up-to-date: /home/akshaj/Desktop/ros-lab-exp/ros-lab/ros2_ws_Akshaj/install/experiment_interfaces/share/experiment_interfaces/cmake/export_experiment_interfaces__rosidl_generator_cExport.cmake
[2.775s] -- Up-to-date: /home/akshaj/Desktop/ros-lab-exp/ros-lab/ros2_ws_Akshaj/install/experiment_interfaces/share/experiment_interfaces/cmake/export_experiment_interfaces__rosidl_generator_cExport-noconfig.cmake
[2.775s] -- Up-to-date: /home/akshaj/Desktop/ros-lab-exp/ros-lab/ros2_ws_Akshaj/install/experiment_interfaces/share/experiment_interfaces/cmake/export_experiment_interfaces__rosidl_typesupport_fastrtps_cExport.cmake
[2.775s] -- Up-to-date: /home/akshaj/Desktop/ros-lab-exp/ros-lab/ros2_ws_Akshaj/install/experiment_interfaces/share/experiment_interfaces/cmake/export_experiment_interfaces__rosidl_typesupport_fastrtps_cExport-noconfig.cmake
[2.776s] -- Up-to-date: /home/akshaj/Desktop/ros-lab-exp/ros-lab/ros2_ws_Akshaj/install/experiment_interfaces/share/experiment_interfaces/cmake/experiment_interfaces__rosidl_typesupport_introspection_cExport.cmake
[2.776s] -- Up-to-date: /home/akshaj/Desktop/ros-lab-exp/ros-lab/ros2_ws_Akshaj/install/experiment_interfaces/share/experiment_interfaces/cmake/experiment_interfaces__rosidl_typesupport_introspection_cExport-noconfig.cmake
[2.776s] -- Up-to-date: /home/akshaj/Desktop/ros-lab-exp/ros-lab/ros2_ws_Akshaj/install/experiment_interfaces/share/experiment_interfaces/cmake/experiment_interfaces__rosidl_typesupport_cExport.cmake
[2.776s] -- Up-to-date: /home/akshaj/Desktop/ros-lab-exp/ros-lab/ros2_ws_Akshaj/install/experiment_interfaces/share/experiment_interfaces/cmake/experiment_interfaces__rosidl_typesupport_cExport-noconfig.cmake
[2.777s] -- Up-to-date: /home/akshaj/Desktop/ros-lab-exp/ros-lab/ros2_ws_Akshaj/install/experiment_interfaces/share/experiment_interfaces/cmake/export_experiment_interfaces__rosidl_generator_cppExport.cmake
[2.777s] -- Up-to-date: /home/akshaj/Desktop/ros-lab-exp/ros-lab/ros2_ws_Akshaj/install/experiment_interfaces/share/experiment_interfaces/cmake/export_experiment_interfaces__rosidl_typesupport_fastrtps_cppExport.cmake
[2.778s] -- Up-to-date: /home/akshaj/Desktop/ros-lab-exp/ros-lab/ros2_ws_Akshaj/install/experiment_interfaces/share/experiment_interfaces/cmake/export_experiment_interfaces__rosidl_typesupport_fastrtps_cppExport-noconfig.cmake
[2.778s] -- Up-to-date: /home/akshaj/Desktop/ros-lab-exp/ros-lab/ros2_ws_Akshaj/install/experiment_interfaces/share/experiment_interfaces/cmake/experiment_interfaces__rosidl_typesupport_introspection_cppExport.cmake
[2.778s] -- Up-to-date: /home/akshaj/Desktop/ros-lab-exp/ros-lab/ros2_ws_Akshaj/install/experiment_interfaces/share/experiment_interfaces/cmake/experiment_interfaces__rosidl_typesupport_introspection_cppExport-noconfig.cmake
[2.778s] -- Up-to-date: /home/akshaj/Desktop/ros-lab-exp/ros-lab/ros2_ws_Akshaj/install/experiment_interfaces/share/experiment_interfaces/cmake/experiment_interfaces__rosidl_typesupport_cppExport.cmake
[2.778s] -- Up-to-date: /home/akshaj/Desktop/ros-lab-exp/ros-lab/ros2_ws_Akshaj/install/experiment_interfaces/share/experiment_interfaces/cmake/experiment_interfaces__rosidl_typesupport_cppExport-noconfig.cmake
[2.779s] -- Up-to-date: /home/akshaj/Desktop/ros-lab-exp/ros-lab/ros2_ws_Akshaj/install/experiment_interfaces/share/experiment_interfaces/cmake/export_experiment_interfaces__rosidl_generator_pyExport.cmake
[2.779s] -- Up-to-date: /home/akshaj/Desktop/ros-lab-exp/ros-lab/ros2_ws_Akshaj/install/experiment_interfaces/share/experiment_interfaces/cmake/export_experiment_interfaces__rosidl_generator_pyExport-noconfig.cmake
[2.779s] -- Up-to-date: /home/akshaj/Desktop/ros-lab-exp/ros-lab/ros2_ws_Akshaj/install/experiment_interfaces/share/experiment_interfaces/cmake/rosidl_cmake-extras.cmake
[2.779s] -- Up-to-date: /home/akshaj/Desktop/ros-lab-exp/ros-lab/ros2_ws_Akshaj/install/experiment_interfaces/share/experiment_interfaces/cmake/ament_cmake_export_dependencies-extras.cmake
[2.779s] -- Up-to-date: /home/akshaj/Desktop/ros-lab-exp/ros-lab/ros2_ws_Akshaj/install/experiment_interfaces/share/experiment_interfaces/cmake/ament_cmake_export_include_directories-extras.cmake
[2.779s] -- Up-to-date: /home/akshaj/Desktop/ros-lab-exp/ros-lab/ros2_ws_Akshaj/install/experiment_interfaces/share/experiment_interfaces/cmake/ament_cmake_export_libraries-extras.cmake
[2.779s] -- Up-to-date: /home/akshaj/Desktop/ros-lab-exp/ros-lab/ros2_ws_Akshaj/install/experiment_interfaces/share/experiment_interfaces/cmake/ament_cmake_export_targets-extras.cmake
[2.780s] -- Up-to-date: /home/akshaj/Desktop/ros-lab-exp/ros-lab/ros2_ws_Akshaj/install/experiment_interfaces/share/experiment_interfaces/cmake/rosidl_cmake_export_typesupport_targets-extras.cmake
[2.780s] -- Up-to-date: /home/akshaj/Desktop/ros-lab-exp/ros-lab/ros2_ws_Akshaj/install/experiment_interfaces/share/experiment_interfaces/cmake/rosidl_cmake_export_typesupport_libraries-extras.cmake
[2.780s] -- Up-to-date: /home/akshaj/Desktop/ros-lab-exp/ros-lab/ros2_ws_Akshaj/install/experiment_interfaces/share/experiment_interfaces/cmake/experiment_interfacesConfig.cmake
[2.780s] -- Up-to-date: /home/akshaj/Desktop/ros-lab-exp/ros-lab/ros2_ws_Akshaj/install/experiment_interfaces/share/experiment_interfaces/cmake/experiment_interfacesConfig-version.cmake
[2.780s] -- Up-to-date: /home/akshaj/Desktop/ros-lab-exp/ros-lab/ros2_ws_Akshaj/install/experiment_interfaces/share/experiment_interfaces/package.xml
[2.815s] Invoked command in '/home/akshaj/Desktop/ros-lab-exp/ros-lab/ros2_ws_Akshaj/build/experiment_interfaces' returned '0': CMAKE_PREFIX_PATH=/opt/ros/humble /usr/bin/cmake --install /home/akshaj/Desktop/ros-lab-exp/ros-lab/ros2_ws_Akshaj/build/experiment_interfaces
