[0.146s] DEBUG:colcon:Command line arguments: ['/usr/bin/colcon', 'build']
[0.146s] DEBUG:colcon:Parsed command line arguments: Namespace(log_base=None, log_level=None, verb_name='build', build_base='build', install_base='install', merge_install=False, symlink_install=False, test_result_base=None, continue_on_error=False, executor='parallel', parallel_workers=12, event_handlers=None, ignore_user_meta=False, metas=['./colcon.meta'], base_paths=['.'], packages_ignore=None, packages_ignore_regex=None, paths=None, packages_up_to=None, packages_up_to_regex=None, packages_above=None, packages_above_and_dependencies=None, packages_above_depth=None, packages_select_by_dep=None, packages_skip_by_dep=None, packages_skip_up_to=None, packages_select_build_failed=False, packages_skip_build_finished=False, packages_select_test_failures=False, packages_skip_test_passed=False, packages_select=None, packages_skip=None, packages_select_regex=None, packages_skip_regex=None, packages_start=None, packages_end=None, allow_overriding=[], cmake_args=None, cmake_target=None, cmake_target_skip_unavailable=False, cmake_clean_cache=False, cmake_clean_first=False, cmake_force_configure=False, ament_cmake_args=None, catkin_cmake_args=None, catkin_skip_building_tests=False, verb_parser=<colcon_defaults.argument_parser.defaults.DefaultArgumentsDecorator object at 0x77764165d090>, verb_extension=<colcon_core.verb.build.BuildVerb object at 0x77764165d600>, main=<bound method BuildVerb.main of <colcon_core.verb.build.BuildVerb object at 0x77764165d600>>)
[0.364s] Level 1:colcon.colcon_core.package_discovery:discover_packages(colcon_meta) check parameters
[0.364s] Level 1:colcon.colcon_core.package_discovery:discover_packages(recursive) check parameters
[0.364s] Level 1:colcon.colcon_core.package_discovery:discover_packages(ignore) check parameters
[0.364s] Level 1:colcon.colcon_core.package_discovery:discover_packages(path) check parameters
[0.364s] Level 1:colcon.colcon_core.package_discovery:discover_packages(colcon_meta) discover
[0.364s] Level 1:colcon.colcon_core.package_discovery:discover_packages(recursive) discover
[0.364s] INFO:colcon.colcon_core.package_discovery:Crawling recursively for packages in '/home/akshaj/Desktop/ros-lab-exp/ros-lab/ros2_ws_Akshaj/src'
[0.364s] Level 1:colcon.colcon_core.package_identification:_identify(.) by extensions ['ignore', 'ignore_ament_install']
[0.364s] Level 1:colcon.colcon_core.package_identification:_identify(.) by extension 'ignore'
[0.364s] Level 1:colcon.colcon_core.package_identification:_identify(.) by extension 'ignore_ament_install'
[0.364s] Level 1:colcon.colcon_core.package_identification:_identify(.) by extensions ['colcon_pkg']
[0.364s] Level 1:colcon.colcon_core.package_identification:_identify(.) by extension 'colcon_pkg'
[0.364s] Level 1:colcon.colcon_core.package_identification:_identify(.) by extensions ['colcon_meta']
[0.364s] Level 1:colcon.colcon_core.package_identification:_identify(.) by extension 'colcon_meta'
[0.364s] Level 1:colcon.colcon_core.package_identification:_identify(.) by extensions ['ros']
[0.364s] Level 1:colcon.colcon_core.package_identification:_identify(.) by extension 'ros'
[0.373s] Level 1:colcon.colcon_core.package_identification:_identify(.) by extensions ['cmake', 'python']
[0.373s] Level 1:colcon.colcon_core.package_identification:_identify(.) by extension 'cmake'
[0.373s] Level 1:colcon.colcon_core.package_identification:_identify(.) by extension 'python'
[0.373s] Level 1:colcon.colcon_core.package_identification:_identify(.) by extensions ['python_setup_py']
[0.373s] Level 1:colcon.colcon_core.package_identification:_identify(.) by extension 'python_setup_py'
[0.373s] Level 1:colcon.colcon_core.package_identification:_identify(build) by extensions ['ignore', 'ignore_ament_install']
[0.373s] Level 1:colcon.colcon_core.package_identification:_identify(build) by extension 'ignore'
[0.373s] Level 1:colcon.colcon_core.package_identification:_identify(build) ignored
[0.373s] Level 1:colcon.colcon_core.package_identification:_identify(custom_service_test) by extensions ['ignore', 'ignore_ament_install']
[0.374s] Level 1:colcon.colcon_core.package_identification:_identify(custom_service_test) by extension 'ignore'
[0.374s] Level 1:colcon.colcon_core.package_identification:_identify(custom_service_test) by extension 'ignore_ament_install'
[0.374s] Level 1:colcon.colcon_core.package_identification:_identify(custom_service_test) by extensions ['colcon_pkg']
[0.374s] Level 1:colcon.colcon_core.package_identification:_identify(custom_service_test) by extension 'colcon_pkg'
[0.374s] Level 1:colcon.colcon_core.package_identification:_identify(custom_service_test) by extensions ['colcon_meta']
[0.374s] Level 1:colcon.colcon_core.package_identification:_identify(custom_service_test) by extension 'colcon_meta'
[0.374s] Level 1:colcon.colcon_core.package_identification:_identify(custom_service_test) by extensions ['ros']
[0.374s] Level 1:colcon.colcon_core.package_identification:_identify(custom_service_test) by extension 'ros'
[0.376s] DEBUG:colcon.colcon_core.package_identification:Package 'custom_service_test' with type 'ros.ament_python' and name 'custom_service_test'
[0.376s] Level 1:colcon.colcon_core.package_identification:_identify(exp3) by extensions ['ignore', 'ignore_ament_install']
[0.376s] Level 1:colcon.colcon_core.package_identification:_identify(exp3) by extension 'ignore'
[0.376s] Level 1:colcon.colcon_core.package_identification:_identify(exp3) by extension 'ignore_ament_install'
[0.376s] Level 1:colcon.colcon_core.package_identification:_identify(exp3) by extensions ['colcon_pkg']
[0.376s] Level 1:colcon.colcon_core.package_identification:_identify(exp3) by extension 'colcon_pkg'
[0.376s] Level 1:colcon.colcon_core.package_identification:_identify(exp3) by extensions ['colcon_meta']
[0.376s] Level 1:colcon.colcon_core.package_identification:_identify(exp3) by extension 'colcon_meta'
[0.376s] Level 1:colcon.colcon_core.package_identification:_identify(exp3) by extensions ['ros']
[0.376s] Level 1:colcon.colcon_core.package_identification:_identify(exp3) by extension 'ros'
[0.377s] DEBUG:colcon.colcon_core.package_identification:Package 'exp3' with type 'ros.ament_python' and name 'exp3'
[0.377s] Level 1:colcon.colcon_core.package_identification:_identify(experiment_interfaces) by extensions ['ignore', 'ignore_ament_install']
[0.377s] Level 1:colcon.colcon_core.package_identification:_identify(experiment_interfaces) by extension 'ignore'
[0.377s] Level 1:colcon.colcon_core.package_identification:_identify(experiment_interfaces) by extension 'ignore_ament_install'
[0.377s] Level 1:colcon.colcon_core.package_identification:_identify(experiment_interfaces) by extensions ['colcon_pkg']
[0.377s] Level 1:colcon.colcon_core.package_identification:_identify(experiment_interfaces) by extension 'colcon_pkg'
[0.377s] Level 1:colcon.colcon_core.package_identification:_identify(experiment_interfaces) by extensions ['colcon_meta']
[0.377s] Level 1:colcon.colcon_core.package_identification:_identify(experiment_interfaces) by extension 'colcon_meta'
[0.377s] Level 1:colcon.colcon_core.package_identification:_identify(experiment_interfaces) by extensions ['ros']
[0.377s] Level 1:colcon.colcon_core.package_identification:_identify(experiment_interfaces) by extension 'ros'
[0.377s] DEBUG:colcon.colcon_core.package_identification:Package 'experiment_interfaces' with type 'ros.ament_cmake' and name 'experiment_interfaces'
[0.378s] Level 1:colcon.colcon_core.package_identification:_identify(install) by extensions ['ignore', 'ignore_ament_install']
[0.378s] Level 1:colcon.colcon_core.package_identification:_identify(install) by extension 'ignore'
[0.378s] Level 1:colcon.colcon_core.package_identification:_identify(install) ignored
[0.378s] Level 1:colcon.colcon_core.package_identification:_identify(log) by extensions ['ignore', 'ignore_ament_install']
[0.378s] Level 1:colcon.colcon_core.package_identification:_identify(log) by extension 'ignore'
[0.378s] Level 1:colcon.colcon_core.package_identification:_identify(log) ignored
[0.378s] Level 1:colcon.colcon_core.package_identification:_identify(my_package) by extensions ['ignore', 'ignore_ament_install']
[0.378s] Level 1:colcon.colcon_core.package_identification:_identify(my_package) by extension 'ignore'
[0.378s] Level 1:colcon.colcon_core.package_identification:_identify(my_package) by extension 'ignore_ament_install'
[0.378s] Level 1:colcon.colcon_core.package_identification:_identify(my_package) by extensions ['colcon_pkg']
[0.378s] Level 1:colcon.colcon_core.package_identification:_identify(my_package) by extension 'colcon_pkg'
[0.378s] Level 1:colcon.colcon_core.package_identification:_identify(my_package) by extensions ['colcon_meta']
[0.378s] Level 1:colcon.colcon_core.package_identification:_identify(my_package) by extension 'colcon_meta'
[0.378s] Level 1:colcon.colcon_core.package_identification:_identify(my_package) by extensions ['ros']
[0.378s] Level 1:colcon.colcon_core.package_identification:_identify(my_package) by extension 'ros'
[0.379s] DEBUG:colcon.colcon_core.package_identification:Package 'my_package' with type 'ros.ament_python' and name 'my_package'
[0.379s] Level 1:colcon.colcon_core.package_identification:_identify(ros2_ws_exp4) by extensions ['ignore', 'ignore_ament_install']
[0.379s] Level 1:colcon.colcon_core.package_identification:_identify(ros2_ws_exp4) by extension 'ignore'
[0.379s] Level 1:colcon.colcon_core.package_identification:_identify(ros2_ws_exp4) by extension 'ignore_ament_install'
[0.379s] Level 1:colcon.colcon_core.package_identification:_identify(ros2_ws_exp4) by extensions ['colcon_pkg']
[0.379s] Level 1:colcon.colcon_core.package_identification:_identify(ros2_ws_exp4) by extension 'colcon_pkg'
[0.379s] Level 1:colcon.colcon_core.package_identification:_identify(ros2_ws_exp4) by extensions ['colcon_meta']
[0.379s] Level 1:colcon.colcon_core.package_identification:_identify(ros2_ws_exp4) by extension 'colcon_meta'
[0.379s] Level 1:colcon.colcon_core.package_identification:_identify(ros2_ws_exp4) by extensions ['ros']
[0.379s] Level 1:colcon.colcon_core.package_identification:_identify(ros2_ws_exp4) by extension 'ros'
[0.379s] Level 1:colcon.colcon_core.package_identification:_identify(ros2_ws_exp4) by extensions ['cmake', 'python']
[0.379s] Level 1:colcon.colcon_core.package_identification:_identify(ros2_ws_exp4) by extension 'cmake'
[0.379s] Level 1:colcon.colcon_core.package_identification:_identify(ros2_ws_exp4) by extension 'python'
[0.379s] Level 1:colcon.colcon_core.package_identification:_identify(ros2_ws_exp4) by extensions ['python_setup_py']
[0.379s] Level 1:colcon.colcon_core.package_identification:_identify(ros2_ws_exp4) by extension 'python_setup_py'
[0.379s] Level 1:colcon.colcon_core.package_identification:_identify(ros2_ws_exp4/build) by extensions ['ignore', 'ignore_ament_install']
[0.379s] Level 1:colcon.colcon_core.package_identification:_identify(ros2_ws_exp4/build) by extension 'ignore'
[0.379s] Level 1:colcon.colcon_core.package_identification:_identify(ros2_ws_exp4/build) ignored
[0.379s] Level 1:colcon.colcon_core.package_identification:_identify(ros2_ws_exp4/install) by extensions ['ignore', 'ignore_ament_install']
[0.380s] Level 1:colcon.colcon_core.package_identification:_identify(ros2_ws_exp4/install) by extension 'ignore'
[0.380s] Level 1:colcon.colcon_core.package_identification:_identify(ros2_ws_exp4/install) ignored
[0.380s] Level 1:colcon.colcon_core.package_identification:_identify(ros2_ws_exp4/log) by extensions ['ignore', 'ignore_ament_install']
[0.380s] Level 1:colcon.colcon_core.package_identification:_identify(ros2_ws_exp4/log) by extension 'ignore'
[0.380s] Level 1:colcon.colcon_core.package_identification:_identify(ros2_ws_exp4/log) ignored
[0.380s] Level 1:colcon.colcon_core.package_identification:_identify(ros2_ws_exp4/src) by extensions ['ignore', 'ignore_ament_install']
[0.380s] Level 1:colcon.colcon_core.package_identification:_identify(ros2_ws_exp4/src) by extension 'ignore'
[0.380s] Level 1:colcon.colcon_core.package_identification:_identify(ros2_ws_exp4/src) by extension 'ignore_ament_install'
[0.380s] Level 1:colcon.colcon_core.package_identification:_identify(ros2_ws_exp4/src) by extensions ['colcon_pkg']
[0.380s] Level 1:colcon.colcon_core.package_identification:_identify(ros2_ws_exp4/src) by extension 'colcon_pkg'
[0.380s] Level 1:colcon.colcon_core.package_identification:_identify(ros2_ws_exp4/src) by extensions ['colcon_meta']
[0.380s] Level 1:colcon.colcon_core.package_identification:_identify(ros2_ws_exp4/src) by extension 'colcon_meta'
[0.380s] Level 1:colcon.colcon_core.package_identification:_identify(ros2_ws_exp4/src) by extensions ['ros']
[0.380s] Level 1:colcon.colcon_core.package_identification:_identify(ros2_ws_exp4/src) by extension 'ros'
[0.380s] Level 1:colcon.colcon_core.package_identification:_identify(ros2_ws_exp4/src) by extensions ['cmake', 'python']
[0.380s] Level 1:colcon.colcon_core.package_identification:_identify(ros2_ws_exp4/src) by extension 'cmake'
[0.380s] Level 1:colcon.colcon_core.package_identification:_identify(ros2_ws_exp4/src) by extension 'python'
[0.380s] Level 1:colcon.colcon_core.package_identification:_identify(ros2_ws_exp4/src) by extensions ['python_setup_py']
[0.380s] Level 1:colcon.colcon_core.package_identification:_identify(ros2_ws_exp4/src) by extension 'python_setup_py'
[0.380s] Level 1:colcon.colcon_core.package_identification:_identify(ros2_ws_exp4/src/client_pkg) by extensions ['ignore', 'ignore_ament_install']
[0.380s] Level 1:colcon.colcon_core.package_identification:_identify(ros2_ws_exp4/src/client_pkg) by extension 'ignore'
[0.380s] Level 1:colcon.colcon_core.package_identification:_identify(ros2_ws_exp4/src/client_pkg) by extension 'ignore_ament_install'
[0.380s] Level 1:colcon.colcon_core.package_identification:_identify(ros2_ws_exp4/src/client_pkg) by extensions ['colcon_pkg']
[0.380s] Level 1:colcon.colcon_core.package_identification:_identify(ros2_ws_exp4/src/client_pkg) by extension 'colcon_pkg'
[0.381s] Level 1:colcon.colcon_core.package_identification:_identify(ros2_ws_exp4/src/client_pkg) by extensions ['colcon_meta']
[0.381s] Level 1:colcon.colcon_core.package_identification:_identify(ros2_ws_exp4/src/client_pkg) by extension 'colcon_meta'
[0.381s] Level 1:colcon.colcon_core.package_identification:_identify(ros2_ws_exp4/src/client_pkg) by extensions ['ros']
[0.381s] Level 1:colcon.colcon_core.package_identification:_identify(ros2_ws_exp4/src/client_pkg) by extension 'ros'
[0.381s] DEBUG:colcon.colcon_core.package_identification:Package 'ros2_ws_exp4/src/client_pkg' with type 'ros.ament_python' and name 'client_pkg'
[0.381s] Level 1:colcon.colcon_core.package_discovery:discover_packages(recursive) using defaults
[0.381s] Level 1:colcon.colcon_core.package_discovery:discover_packages(ignore) discover
[0.381s] Level 1:colcon.colcon_core.package_discovery:discover_packages(ignore) using defaults
[0.381s] Level 1:colcon.colcon_core.package_discovery:discover_packages(path) discover
[0.381s] Level 1:colcon.colcon_core.package_discovery:discover_packages(path) using defaults
[0.409s] Level 1:colcon.colcon_core.package_discovery:discover_packages(prefix_path) check parameters
[0.409s] Level 1:colcon.colcon_core.package_discovery:discover_packages(prefix_path) discover
[0.413s] DEBUG:colcon.colcon_installed_package_information.package_discovery:Found 385 installed packages in /opt/ros/humble
[0.414s] Level 1:colcon.colcon_core.package_discovery:discover_packages(prefix_path) using defaults
[0.449s] Level 5:colcon.colcon_core.verb:set package 'client_pkg' build argument 'cmake_args' from command line to 'None'
[0.449s] Level 5:colcon.colcon_core.verb:set package 'client_pkg' build argument 'cmake_target' from command line to 'None'
[0.449s] Level 5:colcon.colcon_core.verb:set package 'client_pkg' build argument 'cmake_target_skip_unavailable' from command line to 'False'
[0.449s] Level 5:colcon.colcon_core.verb:set package 'client_pkg' build argument 'cmake_clean_cache' from command line to 'False'
[0.449s] Level 5:colcon.colcon_core.verb:set package 'client_pkg' build argument 'cmake_clean_first' from command line to 'False'
[0.449s] Level 5:colcon.colcon_core.verb:set package 'client_pkg' build argument 'cmake_force_configure' from command line to 'False'
[0.449s] Level 5:colcon.colcon_core.verb:set package 'client_pkg' build argument 'ament_cmake_args' from command line to 'None'
[0.449s] Level 5:colcon.colcon_core.verb:set package 'client_pkg' build argument 'catkin_cmake_args' from command line to 'None'
[0.450s] Level 5:colcon.colcon_core.verb:set package 'client_pkg' build argument 'catkin_skip_building_tests' from command line to 'False'
[0.450s] DEBUG:colcon.colcon_core.verb:Building package 'client_pkg' with the following arguments: {'ament_cmake_args': None, 'build_base': '/home/akshaj/Desktop/ros-lab-exp/ros-lab/ros2_ws_Akshaj/src/build/client_pkg', 'catkin_cmake_args': None, 'catkin_skip_building_tests': False, 'cmake_args': None, 'cmake_clean_cache': False, 'cmake_clean_first': False, 'cmake_force_configure': False, 'cmake_target': None, 'cmake_target_skip_unavailable': False, 'install_base': '/home/akshaj/Desktop/ros-lab-exp/ros-lab/ros2_ws_Akshaj/src/install/client_pkg', 'merge_install': False, 'path': '/home/akshaj/Desktop/ros-lab-exp/ros-lab/ros2_ws_Akshaj/src/ros2_ws_exp4/src/client_pkg', 'symlink_install': False, 'test_result_base': None}
[0.450s] Level 5:colcon.colcon_core.verb:set package 'custom_service_test' build argument 'cmake_args' from command line to 'None'
[0.450s] Level 5:colcon.colcon_core.verb:set package 'custom_service_test' build argument 'cmake_target' from command line to 'None'
[0.450s] Level 5:colcon.colcon_core.verb:set package 'custom_service_test' build argument 'cmake_target_skip_unavailable' from command line to 'False'
[0.450s] Level 5:colcon.colcon_core.verb:set package 'custom_service_test' build argument 'cmake_clean_cache' from command line to 'False'
[0.450s] Level 5:colcon.colcon_core.verb:set package 'custom_service_test' build argument 'cmake_clean_first' from command line to 'False'
[0.450s] Level 5:colcon.colcon_core.verb:set package 'custom_service_test' build argument 'cmake_force_configure' from command line to 'False'
[0.450s] Level 5:colcon.colcon_core.verb:set package 'custom_service_test' build argument 'ament_cmake_args' from command line to 'None'
[0.450s] Level 5:colcon.colcon_core.verb:set package 'custom_service_test' build argument 'catkin_cmake_args' from command line to 'None'
[0.450s] Level 5:colcon.colcon_core.verb:set package 'custom_service_test' build argument 'catkin_skip_building_tests' from command line to 'False'
[0.450s] DEBUG:colcon.colcon_core.verb:Building package 'custom_service_test' with the following arguments: {'ament_cmake_args': None, 'build_base': '/home/akshaj/Desktop/ros-lab-exp/ros-lab/ros2_ws_Akshaj/src/build/custom_service_test', 'catkin_cmake_args': None, 'catkin_skip_building_tests': False, 'cmake_args': None, 'cmake_clean_cache': False, 'cmake_clean_first': False, 'cmake_force_configure': False, 'cmake_target': None, 'cmake_target_skip_unavailable': False, 'install_base': '/home/akshaj/Desktop/ros-lab-exp/ros-lab/ros2_ws_Akshaj/src/install/custom_service_test', 'merge_install': False, 'path': '/home/akshaj/Desktop/ros-lab-exp/ros-lab/ros2_ws_Akshaj/src/custom_service_test', 'symlink_install': False, 'test_result_base': None}
[0.450s] Level 5:colcon.colcon_core.verb:set package 'exp3' build argument 'cmake_args' from command line to 'None'
[0.450s] Level 5:colcon.colcon_core.verb:set package 'exp3' build argument 'cmake_target' from command line to 'None'
[0.450s] Level 5:colcon.colcon_core.verb:set package 'exp3' build argument 'cmake_target_skip_unavailable' from command line to 'False'
[0.450s] Level 5:colcon.colcon_core.verb:set package 'exp3' build argument 'cmake_clean_cache' from command line to 'False'
[0.450s] Level 5:colcon.colcon_core.verb:set package 'exp3' build argument 'cmake_clean_first' from command line to 'False'
[0.450s] Level 5:colcon.colcon_core.verb:set package 'exp3' build argument 'cmake_force_configure' from command line to 'False'
[0.450s] Level 5:colcon.colcon_core.verb:set package 'exp3' build argument 'ament_cmake_args' from command line to 'None'
[0.450s] Level 5:colcon.colcon_core.verb:set package 'exp3' build argument 'catkin_cmake_args' from command line to 'None'
[0.450s] Level 5:colcon.colcon_core.verb:set package 'exp3' build argument 'catkin_skip_building_tests' from command line to 'False'
[0.450s] DEBUG:colcon.colcon_core.verb:Building package 'exp3' with the following arguments: {'ament_cmake_args': None, 'build_base': '/home/akshaj/Desktop/ros-lab-exp/ros-lab/ros2_ws_Akshaj/src/build/exp3', 'catkin_cmake_args': None, 'catkin_skip_building_tests': False, 'cmake_args': None, 'cmake_clean_cache': False, 'cmake_clean_first': False, 'cmake_force_configure': False, 'cmake_target': None, 'cmake_target_skip_unavailable': False, 'install_base': '/home/akshaj/Desktop/ros-lab-exp/ros-lab/ros2_ws_Akshaj/src/install/exp3', 'merge_install': False, 'path': '/home/akshaj/Desktop/ros-lab-exp/ros-lab/ros2_ws_Akshaj/src/exp3', 'symlink_install': False, 'test_result_base': None}
[0.451s] Level 5:colcon.colcon_core.verb:set package 'experiment_interfaces' build argument 'cmake_args' from command line to 'None'
[0.451s] Level 5:colcon.colcon_core.verb:set package 'experiment_interfaces' build argument 'cmake_target' from command line to 'None'
[0.451s] Level 5:colcon.colcon_core.verb:set package 'experiment_interfaces' build argument 'cmake_target_skip_unavailable' from command line to 'False'
[0.451s] Level 5:colcon.colcon_core.verb:set package 'experiment_interfaces' build argument 'cmake_clean_cache' from command line to 'False'
[0.451s] Level 5:colcon.colcon_core.verb:set package 'experiment_interfaces' build argument 'cmake_clean_first' from command line to 'False'
[0.451s] Level 5:colcon.colcon_core.verb:set package 'experiment_interfaces' build argument 'cmake_force_configure' from command line to 'False'
[0.451s] Level 5:colcon.colcon_core.verb:set package 'experiment_interfaces' build argument 'ament_cmake_args' from command line to 'None'
[0.451s] Level 5:colcon.colcon_core.verb:set package 'experiment_interfaces' build argument 'catkin_cmake_args' from command line to 'None'
[0.451s] Level 5:colcon.colcon_core.verb:set package 'experiment_interfaces' build argument 'catkin_skip_building_tests' from command line to 'False'
[0.451s] DEBUG:colcon.colcon_core.verb:Building package 'experiment_interfaces' with the following arguments: {'ament_cmake_args': None, 'build_base': '/home/akshaj/Desktop/ros-lab-exp/ros-lab/ros2_ws_Akshaj/src/build/experiment_interfaces', 'catkin_cmake_args': None, 'catkin_skip_building_tests': False, 'cmake_args': None, 'cmake_clean_cache': False, 'cmake_clean_first': False, 'cmake_force_configure': False, 'cmake_target': None, 'cmake_target_skip_unavailable': False, 'install_base': '/home/akshaj/Desktop/ros-lab-exp/ros-lab/ros2_ws_Akshaj/src/install/experiment_interfaces', 'merge_install': False, 'path': '/home/akshaj/Desktop/ros-lab-exp/ros-lab/ros2_ws_Akshaj/src/experiment_interfaces', 'symlink_install': False, 'test_result_base': None}
[0.451s] Level 5:colcon.colcon_core.verb:set package 'my_package' build argument 'cmake_args' from command line to 'None'
[0.451s] Level 5:colcon.colcon_core.verb:set package 'my_package' build argument 'cmake_target' from command line to 'None'
[0.451s] Level 5:colcon.colcon_core.verb:set package 'my_package' build argument 'cmake_target_skip_unavailable' from command line to 'False'
[0.451s] Level 5:colcon.colcon_core.verb:set package 'my_package' build argument 'cmake_clean_cache' from command line to 'False'
[0.451s] Level 5:colcon.colcon_core.verb:set package 'my_package' build argument 'cmake_clean_first' from command line to 'False'
[0.451s] Level 5:colcon.colcon_core.verb:set package 'my_package' build argument 'cmake_force_configure' from command line to 'False'
[0.451s] Level 5:colcon.colcon_core.verb:set package 'my_package' build argument 'ament_cmake_args' from command line to 'None'
[0.451s] Level 5:colcon.colcon_core.verb:set package 'my_package' build argument 'catkin_cmake_args' from command line to 'None'
[0.451s] Level 5:colcon.colcon_core.verb:set package 'my_package' build argument 'catkin_skip_building_tests' from command line to 'False'
[0.451s] DEBUG:colcon.colcon_core.verb:Building package 'my_package' with the following arguments: {'ament_cmake_args': None, 'build_base': '/home/akshaj/Desktop/ros-lab-exp/ros-lab/ros2_ws_Akshaj/src/build/my_package', 'catkin_cmake_args': None, 'catkin_skip_building_tests': False, 'cmake_args': None, 'cmake_clean_cache': False, 'cmake_clean_first': False, 'cmake_force_configure': False, 'cmake_target': None, 'cmake_target_skip_unavailable': False, 'install_base': '/home/akshaj/Desktop/ros-lab-exp/ros-lab/ros2_ws_Akshaj/src/install/my_package', 'merge_install': False, 'path': '/home/akshaj/Desktop/ros-lab-exp/ros-lab/ros2_ws_Akshaj/src/my_package', 'symlink_install': False, 'test_result_base': None}
[0.451s] INFO:colcon.colcon_core.executor:Executing jobs using 'parallel' executor
[0.452s] DEBUG:colcon.colcon_parallel_executor.executor.parallel:run_until_complete
[0.452s] INFO:colcon.colcon_ros.task.ament_python.build:Building ROS package in '/home/akshaj/Desktop/ros-lab-exp/ros-lab/ros2_ws_Akshaj/src/ros2_ws_exp4/src/client_pkg' with build type 'ament_python'
[0.452s] Level 1:colcon.colcon_core.shell:create_environment_hook('client_pkg', 'ament_prefix_path')
[0.456s] INFO:colcon.colcon_core.plugin_system:Skipping extension 'colcon_core.shell.bat': Not used on non-Windows systems
[0.457s] INFO:colcon.colcon_core.shell:Creating environment hook '/home/akshaj/Desktop/ros-lab-exp/ros-lab/ros2_ws_Akshaj/src/install/client_pkg/share/client_pkg/hook/ament_prefix_path.ps1'
[0.457s] INFO:colcon.colcon_core.shell:Creating environment descriptor '/home/akshaj/Desktop/ros-lab-exp/ros-lab/ros2_ws_Akshaj/src/install/client_pkg/share/client_pkg/hook/ament_prefix_path.dsv'
[0.458s] INFO:colcon.colcon_core.shell:Creating environment hook '/home/akshaj/Desktop/ros-lab-exp/ros-lab/ros2_ws_Akshaj/src/install/client_pkg/share/client_pkg/hook/ament_prefix_path.sh'
[0.458s] INFO:colcon.colcon_core.shell:Skip shell extension 'powershell' for command environment: Not usable outside of PowerShell
[0.458s] DEBUG:colcon.colcon_core.shell:Skip shell extension 'dsv' for command environment
[0.461s] INFO:colcon.colcon_ros.task.ament_python.build:Building ROS package in '/home/akshaj/Desktop/ros-lab-exp/ros-lab/ros2_ws_Akshaj/src/custom_service_test' with build type 'ament_python'
[0.461s] Level 1:colcon.colcon_core.shell:create_environment_hook('custom_service_test', 'ament_prefix_path')
[0.461s] INFO:colcon.colcon_core.shell:Creating environment hook '/home/akshaj/Desktop/ros-lab-exp/ros-lab/ros2_ws_Akshaj/src/install/custom_service_test/share/custom_service_test/hook/ament_prefix_path.ps1'
[0.461s] INFO:colcon.colcon_core.shell:Creating environment descriptor '/home/akshaj/Desktop/ros-lab-exp/ros-lab/ros2_ws_Akshaj/src/install/custom_service_test/share/custom_service_test/hook/ament_prefix_path.dsv'
[0.462s] INFO:colcon.colcon_core.shell:Creating environment hook '/home/akshaj/Desktop/ros-lab-exp/ros-lab/ros2_ws_Akshaj/src/install/custom_service_test/share/custom_service_test/hook/ament_prefix_path.sh'
[0.462s] INFO:colcon.colcon_core.shell:Skip shell extension 'powershell' for command environment: Not usable outside of PowerShell
[0.462s] DEBUG:colcon.colcon_core.shell:Skip shell extension 'dsv' for command environment
[0.464s] INFO:colcon.colcon_ros.task.ament_python.build:Building ROS package in '/home/akshaj/Desktop/ros-lab-exp/ros-lab/ros2_ws_Akshaj/src/exp3' with build type 'ament_python'
[0.464s] Level 1:colcon.colcon_core.shell:create_environment_hook('exp3', 'ament_prefix_path')
[0.465s] INFO:colcon.colcon_core.shell:Creating environment hook '/home/akshaj/Desktop/ros-lab-exp/ros-lab/ros2_ws_Akshaj/src/install/exp3/share/exp3/hook/ament_prefix_path.ps1'
[0.465s] INFO:colcon.colcon_core.shell:Creating environment descriptor '/home/akshaj/Desktop/ros-lab-exp/ros-lab/ros2_ws_Akshaj/src/install/exp3/share/exp3/hook/ament_prefix_path.dsv'
[0.465s] INFO:colcon.colcon_core.shell:Creating environment hook '/home/akshaj/Desktop/ros-lab-exp/ros-lab/ros2_ws_Akshaj/src/install/exp3/share/exp3/hook/ament_prefix_path.sh'
[0.466s] INFO:colcon.colcon_core.shell:Skip shell extension 'powershell' for command environment: Not usable outside of PowerShell
[0.466s] DEBUG:colcon.colcon_core.shell:Skip shell extension 'dsv' for command environment
[0.468s] INFO:colcon.colcon_ros.task.ament_cmake.build:Building ROS package in '/home/akshaj/Desktop/ros-lab-exp/ros-lab/ros2_ws_Akshaj/src/experiment_interfaces' with build type 'ament_cmake'
[0.468s] INFO:colcon.colcon_cmake.task.cmake.build:Building CMake package in '/home/akshaj/Desktop/ros-lab-exp/ros-lab/ros2_ws_Akshaj/src/experiment_interfaces'
[0.468s] INFO:colcon.colcon_core.shell:Skip shell extension 'powershell' for command environment: Not usable outside of PowerShell
[0.468s] DEBUG:colcon.colcon_core.shell:Skip shell extension 'dsv' for command environment
[0.470s] INFO:colcon.colcon_ros.task.ament_python.build:Building ROS package in '/home/akshaj/Desktop/ros-lab-exp/ros-lab/ros2_ws_Akshaj/src/my_package' with build type 'ament_python'
[0.470s] Level 1:colcon.colcon_core.shell:create_environment_hook('my_package', 'ament_prefix_path')
[0.471s] INFO:colcon.colcon_core.shell:Creating environment hook '/home/akshaj/Desktop/ros-lab-exp/ros-lab/ros2_ws_Akshaj/src/install/my_package/share/my_package/hook/ament_prefix_path.ps1'
[0.471s] INFO:colcon.colcon_core.shell:Creating environment descriptor '/home/akshaj/Desktop/ros-lab-exp/ros-lab/ros2_ws_Akshaj/src/install/my_package/share/my_package/hook/ament_prefix_path.dsv'
[0.471s] INFO:colcon.colcon_core.shell:Creating environment hook '/home/akshaj/Desktop/ros-lab-exp/ros-lab/ros2_ws_Akshaj/src/install/my_package/share/my_package/hook/ament_prefix_path.sh'
[0.472s] INFO:colcon.colcon_core.shell:Skip shell extension 'powershell' for command environment: Not usable outside of PowerShell
[0.472s] DEBUG:colcon.colcon_core.shell:Skip shell extension 'dsv' for command environment
[0.676s] INFO:colcon.colcon_core.task.python.build:Building Python package in '/home/akshaj/Desktop/ros-lab-exp/ros-lab/ros2_ws_Akshaj/src/ros2_ws_exp4/src/client_pkg'
[0.676s] INFO:colcon.colcon_core.shell:Skip shell extension 'powershell' for command environment: Not usable outside of PowerShell
[0.676s] DEBUG:colcon.colcon_core.shell:Skip shell extension 'dsv' for command environment
[0.878s] INFO:colcon.colcon_core.task.python.build:Building Python package in '/home/akshaj/Desktop/ros-lab-exp/ros-lab/ros2_ws_Akshaj/src/custom_service_test'
[0.878s] INFO:colcon.colcon_core.shell:Skip shell extension 'powershell' for command environment: Not usable outside of PowerShell
[0.878s] DEBUG:colcon.colcon_core.shell:Skip shell extension 'dsv' for command environment
[1.079s] INFO:colcon.colcon_core.task.python.build:Building Python package in '/home/akshaj/Desktop/ros-lab-exp/ros-lab/ros2_ws_Akshaj/src/exp3'
[1.080s] INFO:colcon.colcon_core.shell:Skip shell extension 'powershell' for command environment: Not usable outside of PowerShell
[1.080s] DEBUG:colcon.colcon_core.shell:Skip shell extension 'dsv' for command environment
[1.092s] DEBUG:colcon.colcon_core.event_handler.log_command:Invoking command in '/home/akshaj/Desktop/ros-lab-exp/ros-lab/ros2_ws_Akshaj/src/build/experiment_interfaces': CMAKE_PREFIX_PATH=/opt/ros/humble /usr/bin/cmake --build /home/akshaj/Desktop/ros-lab-exp/ros-lab/ros2_ws_Akshaj/src/build/experiment_interfaces -- -j12 -l12
[1.309s] INFO:colcon.colcon_core.task.python.build:Building Python package in '/home/akshaj/Desktop/ros-lab-exp/ros-lab/ros2_ws_Akshaj/src/my_package'
[1.310s] INFO:colcon.colcon_core.shell:Skip shell extension 'powershell' for command environment: Not usable outside of PowerShell
[1.310s] DEBUG:colcon.colcon_core.shell:Skip shell extension 'dsv' for command environment
[1.402s] DEBUG:colcon.colcon_core.event_handler.log_command:Invoked command in '/home/akshaj/Desktop/ros-lab-exp/ros-lab/ros2_ws_Akshaj/src/build/experiment_interfaces' returned '0': CMAKE_PREFIX_PATH=/opt/ros/humble /usr/bin/cmake --build /home/akshaj/Desktop/ros-lab-exp/ros-lab/ros2_ws_Akshaj/src/build/experiment_interfaces -- -j12 -l12
[1.411s] DEBUG:colcon.colcon_core.event_handler.log_command:Invoking command in '/home/akshaj/Desktop/ros-lab-exp/ros-lab/ros2_ws_Akshaj/src/build/experiment_interfaces': CMAKE_PREFIX_PATH=/opt/ros/humble /usr/bin/cmake --install /home/akshaj/Desktop/ros-lab-exp/ros-lab/ros2_ws_Akshaj/src/build/experiment_interfaces
[1.456s] Level 1:colcon.colcon_core.environment:create_environment_scripts_only(experiment_interfaces)
[1.457s] DEBUG:colcon.colcon_core.event_handler.log_command:Invoked command in '/home/akshaj/Desktop/ros-lab-exp/ros-lab/ros2_ws_Akshaj/src/build/experiment_interfaces' returned '0': CMAKE_PREFIX_PATH=/opt/ros/humble /usr/bin/cmake --install /home/akshaj/Desktop/ros-lab-exp/ros-lab/ros2_ws_Akshaj/src/build/experiment_interfaces
[1.462s] Level 1:colcon.colcon_core.environment:checking '/home/akshaj/Desktop/ros-lab-exp/ros-lab/ros2_ws_Akshaj/src/install/experiment_interfaces' for CMake module files
[1.463s] Level 1:colcon.colcon_core.environment:checking '/home/akshaj/Desktop/ros-lab-exp/ros-lab/ros2_ws_Akshaj/src/install/experiment_interfaces' for CMake config files
[1.463s] Level 1:colcon.colcon_core.shell:create_environment_hook('experiment_interfaces', 'cmake_prefix_path')
[1.464s] INFO:colcon.colcon_core.shell:Creating environment hook '/home/akshaj/Desktop/ros-lab-exp/ros-lab/ros2_ws_Akshaj/src/install/experiment_interfaces/share/experiment_interfaces/hook/cmake_prefix_path.ps1'
[1.464s] INFO:colcon.colcon_core.shell:Creating environment descriptor '/home/akshaj/Desktop/ros-lab-exp/ros-lab/ros2_ws_Akshaj/src/install/experiment_interfaces/share/experiment_interfaces/hook/cmake_prefix_path.dsv'
[1.464s] INFO:colcon.colcon_core.shell:Creating environment hook '/home/akshaj/Desktop/ros-lab-exp/ros-lab/ros2_ws_Akshaj/src/install/experiment_interfaces/share/experiment_interfaces/hook/cmake_prefix_path.sh'
[1.465s] Level 1:colcon.colcon_core.environment:checking '/home/akshaj/Desktop/ros-lab-exp/ros-lab/ros2_ws_Akshaj/src/install/experiment_interfaces/lib'
[1.465s] Level 1:colcon.colcon_core.shell:create_environment_hook('experiment_interfaces', 'ld_library_path_lib')
[1.466s] INFO:colcon.colcon_core.shell:Creating environment hook '/home/akshaj/Desktop/ros-lab-exp/ros-lab/ros2_ws_Akshaj/src/install/experiment_interfaces/share/experiment_interfaces/hook/ld_library_path_lib.ps1'
[1.466s] INFO:colcon.colcon_core.shell:Creating environment descriptor '/home/akshaj/Desktop/ros-lab-exp/ros-lab/ros2_ws_Akshaj/src/install/experiment_interfaces/share/experiment_interfaces/hook/ld_library_path_lib.dsv'
[1.467s] INFO:colcon.colcon_core.shell:Creating environment hook '/home/akshaj/Desktop/ros-lab-exp/ros-lab/ros2_ws_Akshaj/src/install/experiment_interfaces/share/experiment_interfaces/hook/ld_library_path_lib.sh'
[1.467s] Level 1:colcon.colcon_core.environment:checking '/home/akshaj/Desktop/ros-lab-exp/ros-lab/ros2_ws_Akshaj/src/install/experiment_interfaces/bin'
[1.467s] Level 1:colcon.colcon_core.environment:checking '/home/akshaj/Desktop/ros-lab-exp/ros-lab/ros2_ws_Akshaj/src/install/experiment_interfaces/lib/pkgconfig/experiment_interfaces.pc'
[1.467s] Level 1:colcon.colcon_core.environment:checking '/home/akshaj/Desktop/ros-lab-exp/ros-lab/ros2_ws_Akshaj/src/install/experiment_interfaces/lib/python3.10/site-packages'
[1.468s] Level 1:colcon.colcon_core.environment:checking '/home/akshaj/Desktop/ros-lab-exp/ros-lab/ros2_ws_Akshaj/src/install/experiment_interfaces/bin'
[1.468s] INFO:colcon.colcon_core.shell:Creating package script '/home/akshaj/Desktop/ros-lab-exp/ros-lab/ros2_ws_Akshaj/src/install/experiment_interfaces/share/experiment_interfaces/package.ps1'
[1.469s] INFO:colcon.colcon_core.shell:Creating package descriptor '/home/akshaj/Desktop/ros-lab-exp/ros-lab/ros2_ws_Akshaj/src/install/experiment_interfaces/share/experiment_interfaces/package.dsv'
[1.470s] INFO:colcon.colcon_core.shell:Creating package script '/home/akshaj/Desktop/ros-lab-exp/ros-lab/ros2_ws_Akshaj/src/install/experiment_interfaces/share/experiment_interfaces/package.sh'
[1.471s] INFO:colcon.colcon_core.shell:Creating package script '/home/akshaj/Desktop/ros-lab-exp/ros-lab/ros2_ws_Akshaj/src/install/experiment_interfaces/share/experiment_interfaces/package.bash'
[1.471s] INFO:colcon.colcon_core.shell:Creating package script '/home/akshaj/Desktop/ros-lab-exp/ros-lab/ros2_ws_Akshaj/src/install/experiment_interfaces/share/experiment_interfaces/package.zsh'
[1.472s] Level 1:colcon.colcon_core.environment:create_file_with_runtime_dependencies(/home/akshaj/Desktop/ros-lab-exp/ros-lab/ros2_ws_Akshaj/src/install/experiment_interfaces/share/colcon-core/packages/experiment_interfaces)
[1.473s] Level 1:colcon.colcon_core.environment:create_environment_scripts_only(experiment_interfaces)
[1.473s] Level 1:colcon.colcon_core.environment:checking '/home/akshaj/Desktop/ros-lab-exp/ros-lab/ros2_ws_Akshaj/src/install/experiment_interfaces' for CMake module files
[1.474s] Level 1:colcon.colcon_core.environment:checking '/home/akshaj/Desktop/ros-lab-exp/ros-lab/ros2_ws_Akshaj/src/install/experiment_interfaces' for CMake config files
[1.474s] Level 1:colcon.colcon_core.shell:create_environment_hook('experiment_interfaces', 'cmake_prefix_path')
[1.475s] INFO:colcon.colcon_core.shell:Creating environment hook '/home/akshaj/Desktop/ros-lab-exp/ros-lab/ros2_ws_Akshaj/src/install/experiment_interfaces/share/experiment_interfaces/hook/cmake_prefix_path.ps1'
[1.475s] INFO:colcon.colcon_core.shell:Creating environment descriptor '/home/akshaj/Desktop/ros-lab-exp/ros-lab/ros2_ws_Akshaj/src/install/experiment_interfaces/share/experiment_interfaces/hook/cmake_prefix_path.dsv'
[1.475s] INFO:colcon.colcon_core.shell:Creating environment hook '/home/akshaj/Desktop/ros-lab-exp/ros-lab/ros2_ws_Akshaj/src/install/experiment_interfaces/share/experiment_interfaces/hook/cmake_prefix_path.sh'
[1.476s] Level 1:colcon.colcon_core.environment:checking '/home/akshaj/Desktop/ros-lab-exp/ros-lab/ros2_ws_Akshaj/src/install/experiment_interfaces/lib'
[1.476s] Level 1:colcon.colcon_core.shell:create_environment_hook('experiment_interfaces', 'ld_library_path_lib')
[1.476s] INFO:colcon.colcon_core.shell:Creating environment hook '/home/akshaj/Desktop/ros-lab-exp/ros-lab/ros2_ws_Akshaj/src/install/experiment_interfaces/share/experiment_interfaces/hook/ld_library_path_lib.ps1'
[1.477s] INFO:colcon.colcon_core.shell:Creating environment descriptor '/home/akshaj/Desktop/ros-lab-exp/ros-lab/ros2_ws_Akshaj/src/install/experiment_interfaces/share/experiment_interfaces/hook/ld_library_path_lib.dsv'
[1.477s] INFO:colcon.colcon_core.shell:Creating environment hook '/home/akshaj/Desktop/ros-lab-exp/ros-lab/ros2_ws_Akshaj/src/install/experiment_interfaces/share/experiment_interfaces/hook/ld_library_path_lib.sh'
[1.478s] Level 1:colcon.colcon_core.environment:checking '/home/akshaj/Desktop/ros-lab-exp/ros-lab/ros2_ws_Akshaj/src/install/experiment_interfaces/bin'
[1.478s] Level 1:colcon.colcon_core.environment:checking '/home/akshaj/Desktop/ros-lab-exp/ros-lab/ros2_ws_Akshaj/src/install/experiment_interfaces/lib/pkgconfig/experiment_interfaces.pc'
[1.478s] Level 1:colcon.colcon_core.environment:checking '/home/akshaj/Desktop/ros-lab-exp/ros-lab/ros2_ws_Akshaj/src/install/experiment_interfaces/lib/python3.10/site-packages'
[1.478s] Level 1:colcon.colcon_core.environment:checking '/home/akshaj/Desktop/ros-lab-exp/ros-lab/ros2_ws_Akshaj/src/install/experiment_interfaces/bin'
[1.478s] INFO:colcon.colcon_core.shell:Creating package script '/home/akshaj/Desktop/ros-lab-exp/ros-lab/ros2_ws_Akshaj/src/install/experiment_interfaces/share/experiment_interfaces/package.ps1'
[1.479s] INFO:colcon.colcon_core.shell:Creating package descriptor '/home/akshaj/Desktop/ros-lab-exp/ros-lab/ros2_ws_Akshaj/src/install/experiment_interfaces/share/experiment_interfaces/package.dsv'
[1.480s] INFO:colcon.colcon_core.shell:Creating package script '/home/akshaj/Desktop/ros-lab-exp/ros-lab/ros2_ws_Akshaj/src/install/experiment_interfaces/share/experiment_interfaces/package.sh'
[1.480s] INFO:colcon.colcon_core.shell:Creating package script '/home/akshaj/Desktop/ros-lab-exp/ros-lab/ros2_ws_Akshaj/src/install/experiment_interfaces/share/experiment_interfaces/package.bash'
[1.481s] INFO:colcon.colcon_core.shell:Creating package script '/home/akshaj/Desktop/ros-lab-exp/ros-lab/ros2_ws_Akshaj/src/install/experiment_interfaces/share/experiment_interfaces/package.zsh'
[1.481s] Level 1:colcon.colcon_core.environment:create_file_with_runtime_dependencies(/home/akshaj/Desktop/ros-lab-exp/ros-lab/ros2_ws_Akshaj/src/install/experiment_interfaces/share/colcon-core/packages/experiment_interfaces)
[1.693s] DEBUG:colcon.colcon_core.event_handler.log_command:Invoking command in '/home/akshaj/Desktop/ros-lab-exp/ros-lab/ros2_ws_Akshaj/src/ros2_ws_exp4/src/client_pkg': PYTHONPATH=/home/akshaj/Desktop/ros-lab-exp/ros-lab/ros2_ws_Akshaj/src/build/client_pkg/prefix_override:/usr/lib/python3/dist-packages/colcon_core/task/python/colcon_distutils_commands:/home/akshaj/Desktop/ros-lab-exp/ros-lab/ros2_ws_Akshaj/src/install/client_pkg/lib/python3.10/site-packages:${PYTHONPATH} /usr/bin/python3 -W ignore:setup.py install is deprecated -W ignore:easy_install command is deprecated setup.py egg_info --egg-base ../../../build/client_pkg build --build-base /home/akshaj/Desktop/ros-lab-exp/ros-lab/ros2_ws_Akshaj/src/build/client_pkg/build install --record /home/akshaj/Desktop/ros-lab-exp/ros-lab/ros2_ws_Akshaj/src/build/client_pkg/install.log --single-version-externally-managed install_data
[1.725s] DEBUG:colcon.colcon_core.event_handler.log_command:Invoking command in '/home/akshaj/Desktop/ros-lab-exp/ros-lab/ros2_ws_Akshaj/src/custom_service_test': PYTHONPATH=/home/akshaj/Desktop/ros-lab-exp/ros-lab/ros2_ws_Akshaj/src/build/custom_service_test/prefix_override:/usr/lib/python3/dist-packages/colcon_core/task/python/colcon_distutils_commands:/home/akshaj/Desktop/ros-lab-exp/ros-lab/ros2_ws_Akshaj/src/install/custom_service_test/lib/python3.10/site-packages:${PYTHONPATH} /usr/bin/python3 -W ignore:setup.py install is deprecated -W ignore:easy_install command is deprecated setup.py egg_info --egg-base ../build/custom_service_test build --build-base /home/akshaj/Desktop/ros-lab-exp/ros-lab/ros2_ws_Akshaj/src/build/custom_service_test/build install --record /home/akshaj/Desktop/ros-lab-exp/ros-lab/ros2_ws_Akshaj/src/build/custom_service_test/install.log --single-version-externally-managed install_data
[1.728s] DEBUG:colcon.colcon_core.event_handler.log_command:Invoking command in '/home/akshaj/Desktop/ros-lab-exp/ros-lab/ros2_ws_Akshaj/src/my_package': PYTHONPATH=/home/akshaj/Desktop/ros-lab-exp/ros-lab/ros2_ws_Akshaj/src/build/my_package/prefix_override:/usr/lib/python3/dist-packages/colcon_core/task/python/colcon_distutils_commands:/home/akshaj/Desktop/ros-lab-exp/ros-lab/ros2_ws_Akshaj/src/install/my_package/lib/python3.10/site-packages:${PYTHONPATH} /usr/bin/python3 -W ignore:setup.py install is deprecated -W ignore:easy_install command is deprecated setup.py egg_info --egg-base ../build/my_package build --build-base /home/akshaj/Desktop/ros-lab-exp/ros-lab/ros2_ws_Akshaj/src/build/my_package/build install --record /home/akshaj/Desktop/ros-lab-exp/ros-lab/ros2_ws_Akshaj/src/build/my_package/install.log --single-version-externally-managed install_data
[1.751s] DEBUG:colcon.colcon_core.event_handler.log_command:Invoking command in '/home/akshaj/Desktop/ros-lab-exp/ros-lab/ros2_ws_Akshaj/src/exp3': PYTHONPATH=/home/akshaj/Desktop/ros-lab-exp/ros-lab/ros2_ws_Akshaj/src/build/exp3/prefix_override:/usr/lib/python3/dist-packages/colcon_core/task/python/colcon_distutils_commands:/home/akshaj/Desktop/ros-lab-exp/ros-lab/ros2_ws_Akshaj/src/install/exp3/lib/python3.10/site-packages:${PYTHONPATH} /usr/bin/python3 -W ignore:setup.py install is deprecated -W ignore:easy_install command is deprecated setup.py egg_info --egg-base ../build/exp3 build --build-base /home/akshaj/Desktop/ros-lab-exp/ros-lab/ros2_ws_Akshaj/src/build/exp3/build install --record /home/akshaj/Desktop/ros-lab-exp/ros-lab/ros2_ws_Akshaj/src/build/exp3/install.log --single-version-externally-managed install_data
[2.007s] Level 1:colcon.colcon_core.environment:checking '/home/akshaj/Desktop/ros-lab-exp/ros-lab/ros2_ws_Akshaj/src/install/client_pkg' for CMake module files
[2.007s] DEBUG:colcon.colcon_core.event_handler.log_command:Invoked command in '/home/akshaj/Desktop/ros-lab-exp/ros-lab/ros2_ws_Akshaj/src/ros2_ws_exp4/src/client_pkg' returned '0': PYTHONPATH=/home/akshaj/Desktop/ros-lab-exp/ros-lab/ros2_ws_Akshaj/src/build/client_pkg/prefix_override:/usr/lib/python3/dist-packages/colcon_core/task/python/colcon_distutils_commands:/home/akshaj/Desktop/ros-lab-exp/ros-lab/ros2_ws_Akshaj/src/install/client_pkg/lib/python3.10/site-packages:${PYTHONPATH} /usr/bin/python3 -W ignore:setup.py install is deprecated -W ignore:easy_install command is deprecated setup.py egg_info --egg-base ../../../build/client_pkg build --build-base /home/akshaj/Desktop/ros-lab-exp/ros-lab/ros2_ws_Akshaj/src/build/client_pkg/build install --record /home/akshaj/Desktop/ros-lab-exp/ros-lab/ros2_ws_Akshaj/src/build/client_pkg/install.log --single-version-externally-managed install_data
[2.008s] Level 1:colcon.colcon_core.environment:checking '/home/akshaj/Desktop/ros-lab-exp/ros-lab/ros2_ws_Akshaj/src/install/client_pkg' for CMake config files
[2.008s] Level 1:colcon.colcon_core.environment:checking '/home/akshaj/Desktop/ros-lab-exp/ros-lab/ros2_ws_Akshaj/src/install/client_pkg/lib'
[2.008s] Level 1:colcon.colcon_core.environment:checking '/home/akshaj/Desktop/ros-lab-exp/ros-lab/ros2_ws_Akshaj/src/install/client_pkg/bin'
[2.008s] Level 1:colcon.colcon_core.environment:checking '/home/akshaj/Desktop/ros-lab-exp/ros-lab/ros2_ws_Akshaj/src/install/client_pkg/lib/pkgconfig/client_pkg.pc'
[2.009s] Level 1:colcon.colcon_core.environment:checking '/home/akshaj/Desktop/ros-lab-exp/ros-lab/ros2_ws_Akshaj/src/install/client_pkg/lib/python3.10/site-packages'
[2.009s] Level 1:colcon.colcon_core.shell:create_environment_hook('client_pkg', 'pythonpath')
[2.009s] INFO:colcon.colcon_core.shell:Creating environment hook '/home/akshaj/Desktop/ros-lab-exp/ros-lab/ros2_ws_Akshaj/src/install/client_pkg/share/client_pkg/hook/pythonpath.ps1'
[2.010s] INFO:colcon.colcon_core.shell:Creating environment descriptor '/home/akshaj/Desktop/ros-lab-exp/ros-lab/ros2_ws_Akshaj/src/install/client_pkg/share/client_pkg/hook/pythonpath.dsv'
[2.010s] INFO:colcon.colcon_core.shell:Creating environment hook '/home/akshaj/Desktop/ros-lab-exp/ros-lab/ros2_ws_Akshaj/src/install/client_pkg/share/client_pkg/hook/pythonpath.sh'
[2.011s] Level 1:colcon.colcon_core.environment:checking '/home/akshaj/Desktop/ros-lab-exp/ros-lab/ros2_ws_Akshaj/src/install/client_pkg/bin'
[2.011s] Level 1:colcon.colcon_core.environment:create_environment_scripts_only(client_pkg)
[2.011s] INFO:colcon.colcon_core.shell:Creating package script '/home/akshaj/Desktop/ros-lab-exp/ros-lab/ros2_ws_Akshaj/src/install/client_pkg/share/client_pkg/package.ps1'
[2.012s] INFO:colcon.colcon_core.shell:Creating package descriptor '/home/akshaj/Desktop/ros-lab-exp/ros-lab/ros2_ws_Akshaj/src/install/client_pkg/share/client_pkg/package.dsv'
[2.012s] INFO:colcon.colcon_core.shell:Creating package script '/home/akshaj/Desktop/ros-lab-exp/ros-lab/ros2_ws_Akshaj/src/install/client_pkg/share/client_pkg/package.sh'
[2.013s] INFO:colcon.colcon_core.shell:Creating package script '/home/akshaj/Desktop/ros-lab-exp/ros-lab/ros2_ws_Akshaj/src/install/client_pkg/share/client_pkg/package.bash'
[2.013s] INFO:colcon.colcon_core.shell:Creating package script '/home/akshaj/Desktop/ros-lab-exp/ros-lab/ros2_ws_Akshaj/src/install/client_pkg/share/client_pkg/package.zsh'
[2.013s] Level 1:colcon.colcon_core.environment:create_file_with_runtime_dependencies(/home/akshaj/Desktop/ros-lab-exp/ros-lab/ros2_ws_Akshaj/src/install/client_pkg/share/colcon-core/packages/client_pkg)
[2.043s] Level 1:colcon.colcon_core.environment:checking '/home/akshaj/Desktop/ros-lab-exp/ros-lab/ros2_ws_Akshaj/src/install/custom_service_test' for CMake module files
[2.044s] DEBUG:colcon.colcon_core.event_handler.log_command:Invoked command in '/home/akshaj/Desktop/ros-lab-exp/ros-lab/ros2_ws_Akshaj/src/custom_service_test' returned '0': PYTHONPATH=/home/akshaj/Desktop/ros-lab-exp/ros-lab/ros2_ws_Akshaj/src/build/custom_service_test/prefix_override:/usr/lib/python3/dist-packages/colcon_core/task/python/colcon_distutils_commands:/home/akshaj/Desktop/ros-lab-exp/ros-lab/ros2_ws_Akshaj/src/install/custom_service_test/lib/python3.10/site-packages:${PYTHONPATH} /usr/bin/python3 -W ignore:setup.py install is deprecated -W ignore:easy_install command is deprecated setup.py egg_info --egg-base ../build/custom_service_test build --build-base /home/akshaj/Desktop/ros-lab-exp/ros-lab/ros2_ws_Akshaj/src/build/custom_service_test/build install --record /home/akshaj/Desktop/ros-lab-exp/ros-lab/ros2_ws_Akshaj/src/build/custom_service_test/install.log --single-version-externally-managed install_data
[2.045s] Level 1:colcon.colcon_core.environment:checking '/home/akshaj/Desktop/ros-lab-exp/ros-lab/ros2_ws_Akshaj/src/install/custom_service_test' for CMake config files
[2.045s] Level 1:colcon.colcon_core.environment:checking '/home/akshaj/Desktop/ros-lab-exp/ros-lab/ros2_ws_Akshaj/src/install/custom_service_test/lib'
[2.045s] Level 1:colcon.colcon_core.environment:checking '/home/akshaj/Desktop/ros-lab-exp/ros-lab/ros2_ws_Akshaj/src/install/custom_service_test/bin'
[2.045s] Level 1:colcon.colcon_core.environment:checking '/home/akshaj/Desktop/ros-lab-exp/ros-lab/ros2_ws_Akshaj/src/install/custom_service_test/lib/pkgconfig/custom_service_test.pc'
[2.046s] Level 1:colcon.colcon_core.environment:checking '/home/akshaj/Desktop/ros-lab-exp/ros-lab/ros2_ws_Akshaj/src/install/custom_service_test/lib/python3.10/site-packages'
[2.046s] Level 1:colcon.colcon_core.shell:create_environment_hook('custom_service_test', 'pythonpath')
[2.046s] INFO:colcon.colcon_core.shell:Creating environment hook '/home/akshaj/Desktop/ros-lab-exp/ros-lab/ros2_ws_Akshaj/src/install/custom_service_test/share/custom_service_test/hook/pythonpath.ps1'
[2.047s] INFO:colcon.colcon_core.shell:Creating environment descriptor '/home/akshaj/Desktop/ros-lab-exp/ros-lab/ros2_ws_Akshaj/src/install/custom_service_test/share/custom_service_test/hook/pythonpath.dsv'
[2.047s] INFO:colcon.colcon_core.shell:Creating environment hook '/home/akshaj/Desktop/ros-lab-exp/ros-lab/ros2_ws_Akshaj/src/install/custom_service_test/share/custom_service_test/hook/pythonpath.sh'
[2.048s] Level 1:colcon.colcon_core.environment:checking '/home/akshaj/Desktop/ros-lab-exp/ros-lab/ros2_ws_Akshaj/src/install/custom_service_test/bin'
[2.048s] Level 1:colcon.colcon_core.environment:create_environment_scripts_only(custom_service_test)
[2.048s] INFO:colcon.colcon_core.shell:Creating package script '/home/akshaj/Desktop/ros-lab-exp/ros-lab/ros2_ws_Akshaj/src/install/custom_service_test/share/custom_service_test/package.ps1'
[2.049s] INFO:colcon.colcon_core.shell:Creating package descriptor '/home/akshaj/Desktop/ros-lab-exp/ros-lab/ros2_ws_Akshaj/src/install/custom_service_test/share/custom_service_test/package.dsv'
[2.049s] INFO:colcon.colcon_core.shell:Creating package script '/home/akshaj/Desktop/ros-lab-exp/ros-lab/ros2_ws_Akshaj/src/install/custom_service_test/share/custom_service_test/package.sh'
[2.050s] INFO:colcon.colcon_core.shell:Creating package script '/home/akshaj/Desktop/ros-lab-exp/ros-lab/ros2_ws_Akshaj/src/install/custom_service_test/share/custom_service_test/package.bash'
[2.050s] INFO:colcon.colcon_core.shell:Creating package script '/home/akshaj/Desktop/ros-lab-exp/ros-lab/ros2_ws_Akshaj/src/install/custom_service_test/share/custom_service_test/package.zsh'
[2.050s] Level 1:colcon.colcon_core.environment:create_file_with_runtime_dependencies(/home/akshaj/Desktop/ros-lab-exp/ros-lab/ros2_ws_Akshaj/src/install/custom_service_test/share/colcon-core/packages/custom_service_test)
[2.074s] Level 1:colcon.colcon_core.environment:checking '/home/akshaj/Desktop/ros-lab-exp/ros-lab/ros2_ws_Akshaj/src/install/my_package' for CMake module files
[2.076s] DEBUG:colcon.colcon_core.event_handler.log_command:Invoked command in '/home/akshaj/Desktop/ros-lab-exp/ros-lab/ros2_ws_Akshaj/src/my_package' returned '0': PYTHONPATH=/home/akshaj/Desktop/ros-lab-exp/ros-lab/ros2_ws_Akshaj/src/build/my_package/prefix_override:/usr/lib/python3/dist-packages/colcon_core/task/python/colcon_distutils_commands:/home/akshaj/Desktop/ros-lab-exp/ros-lab/ros2_ws_Akshaj/src/install/my_package/lib/python3.10/site-packages:${PYTHONPATH} /usr/bin/python3 -W ignore:setup.py install is deprecated -W ignore:easy_install command is deprecated setup.py egg_info --egg-base ../build/my_package build --build-base /home/akshaj/Desktop/ros-lab-exp/ros-lab/ros2_ws_Akshaj/src/build/my_package/build install --record /home/akshaj/Desktop/ros-lab-exp/ros-lab/ros2_ws_Akshaj/src/build/my_package/install.log --single-version-externally-managed install_data
[2.077s] Level 1:colcon.colcon_core.environment:checking '/home/akshaj/Desktop/ros-lab-exp/ros-lab/ros2_ws_Akshaj/src/install/my_package' for CMake config files
[2.077s] Level 1:colcon.colcon_core.environment:checking '/home/akshaj/Desktop/ros-lab-exp/ros-lab/ros2_ws_Akshaj/src/install/my_package/lib'
[2.078s] Level 1:colcon.colcon_core.environment:checking '/home/akshaj/Desktop/ros-lab-exp/ros-lab/ros2_ws_Akshaj/src/install/my_package/bin'
[2.078s] Level 1:colcon.colcon_core.environment:checking '/home/akshaj/Desktop/ros-lab-exp/ros-lab/ros2_ws_Akshaj/src/install/my_package/lib/pkgconfig/my_package.pc'
[2.078s] Level 1:colcon.colcon_core.environment:checking '/home/akshaj/Desktop/ros-lab-exp/ros-lab/ros2_ws_Akshaj/src/install/my_package/lib/python3.10/site-packages'
[2.078s] Level 1:colcon.colcon_core.shell:create_environment_hook('my_package', 'pythonpath')
[2.079s] INFO:colcon.colcon_core.shell:Creating environment hook '/home/akshaj/Desktop/ros-lab-exp/ros-lab/ros2_ws_Akshaj/src/install/my_package/share/my_package/hook/pythonpath.ps1'
[2.079s] INFO:colcon.colcon_core.shell:Creating environment descriptor '/home/akshaj/Desktop/ros-lab-exp/ros-lab/ros2_ws_Akshaj/src/install/my_package/share/my_package/hook/pythonpath.dsv'
[2.080s] INFO:colcon.colcon_core.shell:Creating environment hook '/home/akshaj/Desktop/ros-lab-exp/ros-lab/ros2_ws_Akshaj/src/install/my_package/share/my_package/hook/pythonpath.sh'
[2.080s] Level 1:colcon.colcon_core.environment:checking '/home/akshaj/Desktop/ros-lab-exp/ros-lab/ros2_ws_Akshaj/src/install/my_package/bin'
[2.081s] Level 1:colcon.colcon_core.environment:create_environment_scripts_only(my_package)
[2.081s] INFO:colcon.colcon_core.shell:Creating package script '/home/akshaj/Desktop/ros-lab-exp/ros-lab/ros2_ws_Akshaj/src/install/my_package/share/my_package/package.ps1'
[2.081s] INFO:colcon.colcon_core.shell:Creating package descriptor '/home/akshaj/Desktop/ros-lab-exp/ros-lab/ros2_ws_Akshaj/src/install/my_package/share/my_package/package.dsv'
[2.082s] INFO:colcon.colcon_core.shell:Creating package script '/home/akshaj/Desktop/ros-lab-exp/ros-lab/ros2_ws_Akshaj/src/install/my_package/share/my_package/package.sh'
[2.082s] INFO:colcon.colcon_core.shell:Creating package script '/home/akshaj/Desktop/ros-lab-exp/ros-lab/ros2_ws_Akshaj/src/install/my_package/share/my_package/package.bash'
[2.082s] INFO:colcon.colcon_core.shell:Creating package script '/home/akshaj/Desktop/ros-lab-exp/ros-lab/ros2_ws_Akshaj/src/install/my_package/share/my_package/package.zsh'
[2.083s] Level 1:colcon.colcon_core.environment:create_file_with_runtime_dependencies(/home/akshaj/Desktop/ros-lab-exp/ros-lab/ros2_ws_Akshaj/src/install/my_package/share/colcon-core/packages/my_package)
[2.085s] Level 1:colcon.colcon_core.environment:checking '/home/akshaj/Desktop/ros-lab-exp/ros-lab/ros2_ws_Akshaj/src/install/exp3' for CMake module files
[2.085s] DEBUG:colcon.colcon_core.event_handler.log_command:Invoked command in '/home/akshaj/Desktop/ros-lab-exp/ros-lab/ros2_ws_Akshaj/src/exp3' returned '0': PYTHONPATH=/home/akshaj/Desktop/ros-lab-exp/ros-lab/ros2_ws_Akshaj/src/build/exp3/prefix_override:/usr/lib/python3/dist-packages/colcon_core/task/python/colcon_distutils_commands:/home/akshaj/Desktop/ros-lab-exp/ros-lab/ros2_ws_Akshaj/src/install/exp3/lib/python3.10/site-packages:${PYTHONPATH} /usr/bin/python3 -W ignore:setup.py install is deprecated -W ignore:easy_install command is deprecated setup.py egg_info --egg-base ../build/exp3 build --build-base /home/akshaj/Desktop/ros-lab-exp/ros-lab/ros2_ws_Akshaj/src/build/exp3/build install --record /home/akshaj/Desktop/ros-lab-exp/ros-lab/ros2_ws_Akshaj/src/build/exp3/install.log --single-version-externally-managed install_data
[2.085s] Level 1:colcon.colcon_core.environment:checking '/home/akshaj/Desktop/ros-lab-exp/ros-lab/ros2_ws_Akshaj/src/install/exp3' for CMake config files
[2.086s] Level 1:colcon.colcon_core.environment:checking '/home/akshaj/Desktop/ros-lab-exp/ros-lab/ros2_ws_Akshaj/src/install/exp3/lib'
[2.086s] Level 1:colcon.colcon_core.environment:checking '/home/akshaj/Desktop/ros-lab-exp/ros-lab/ros2_ws_Akshaj/src/install/exp3/bin'
[2.086s] Level 1:colcon.colcon_core.environment:checking '/home/akshaj/Desktop/ros-lab-exp/ros-lab/ros2_ws_Akshaj/src/install/exp3/lib/pkgconfig/exp3.pc'
[2.086s] Level 1:colcon.colcon_core.environment:checking '/home/akshaj/Desktop/ros-lab-exp/ros-lab/ros2_ws_Akshaj/src/install/exp3/lib/python3.10/site-packages'
[2.086s] Level 1:colcon.colcon_core.shell:create_environment_hook('exp3', 'pythonpath')
[2.086s] INFO:colcon.colcon_core.shell:Creating environment hook '/home/akshaj/Desktop/ros-lab-exp/ros-lab/ros2_ws_Akshaj/src/install/exp3/share/exp3/hook/pythonpath.ps1'
[2.087s] INFO:colcon.colcon_core.shell:Creating environment descriptor '/home/akshaj/Desktop/ros-lab-exp/ros-lab/ros2_ws_Akshaj/src/install/exp3/share/exp3/hook/pythonpath.dsv'
[2.087s] INFO:colcon.colcon_core.shell:Creating environment hook '/home/akshaj/Desktop/ros-lab-exp/ros-lab/ros2_ws_Akshaj/src/install/exp3/share/exp3/hook/pythonpath.sh'
[2.087s] Level 1:colcon.colcon_core.environment:checking '/home/akshaj/Desktop/ros-lab-exp/ros-lab/ros2_ws_Akshaj/src/install/exp3/bin'
[2.087s] Level 1:colcon.colcon_core.environment:create_environment_scripts_only(exp3)
[2.088s] INFO:colcon.colcon_core.shell:Creating package script '/home/akshaj/Desktop/ros-lab-exp/ros-lab/ros2_ws_Akshaj/src/install/exp3/share/exp3/package.ps1'
[2.088s] INFO:colcon.colcon_core.shell:Creating package descriptor '/home/akshaj/Desktop/ros-lab-exp/ros-lab/ros2_ws_Akshaj/src/install/exp3/share/exp3/package.dsv'
[2.088s] INFO:colcon.colcon_core.shell:Creating package script '/home/akshaj/Desktop/ros-lab-exp/ros-lab/ros2_ws_Akshaj/src/install/exp3/share/exp3/package.sh'
[2.089s] INFO:colcon.colcon_core.shell:Creating package script '/home/akshaj/Desktop/ros-lab-exp/ros-lab/ros2_ws_Akshaj/src/install/exp3/share/exp3/package.bash'
[2.089s] INFO:colcon.colcon_core.shell:Creating package script '/home/akshaj/Desktop/ros-lab-exp/ros-lab/ros2_ws_Akshaj/src/install/exp3/share/exp3/package.zsh'
[2.089s] Level 1:colcon.colcon_core.environment:create_file_with_runtime_dependencies(/home/akshaj/Desktop/ros-lab-exp/ros-lab/ros2_ws_Akshaj/src/install/exp3/share/colcon-core/packages/exp3)
[2.089s] DEBUG:colcon.colcon_parallel_executor.executor.parallel:closing loop
[2.090s] DEBUG:colcon.colcon_parallel_executor.executor.parallel:loop closed
[2.090s] DEBUG:colcon.colcon_parallel_executor.executor.parallel:run_until_complete finished with '0'
[2.090s] DEBUG:colcon.colcon_core.event_reactor:joining thread
[2.097s] INFO:colcon.colcon_core.plugin_system:Skipping extension 'colcon_notification.desktop_notification.terminal_notifier': Not used on non-Darwin systems
[2.098s] INFO:colcon.colcon_core.plugin_system:Skipping extension 'colcon_notification.desktop_notification.win32': Not used on non-Windows systems
[2.098s] INFO:colcon.colcon_notification.desktop_notification:Sending desktop notification using 'notify2'
[2.114s] DEBUG:colcon.colcon_core.event_reactor:joined thread
[2.114s] INFO:colcon.colcon_core.shell:Creating prefix script '/home/akshaj/Desktop/ros-lab-exp/ros-lab/ros2_ws_Akshaj/src/install/local_setup.ps1'
[2.115s] INFO:colcon.colcon_core.shell:Creating prefix util module '/home/akshaj/Desktop/ros-lab-exp/ros-lab/ros2_ws_Akshaj/src/install/_local_setup_util_ps1.py'
[2.116s] INFO:colcon.colcon_core.shell:Creating prefix chain script '/home/akshaj/Desktop/ros-lab-exp/ros-lab/ros2_ws_Akshaj/src/install/setup.ps1'
[2.117s] INFO:colcon.colcon_core.shell:Creating prefix script '/home/akshaj/Desktop/ros-lab-exp/ros-lab/ros2_ws_Akshaj/src/install/local_setup.sh'
[2.118s] INFO:colcon.colcon_core.shell:Creating prefix util module '/home/akshaj/Desktop/ros-lab-exp/ros-lab/ros2_ws_Akshaj/src/install/_local_setup_util_sh.py'
[2.119s] INFO:colcon.colcon_core.shell:Creating prefix chain script '/home/akshaj/Desktop/ros-lab-exp/ros-lab/ros2_ws_Akshaj/src/install/setup.sh'
[2.120s] INFO:colcon.colcon_core.shell:Creating prefix script '/home/akshaj/Desktop/ros-lab-exp/ros-lab/ros2_ws_Akshaj/src/install/local_setup.bash'
[2.120s] INFO:colcon.colcon_core.shell:Creating prefix chain script '/home/akshaj/Desktop/ros-lab-exp/ros-lab/ros2_ws_Akshaj/src/install/setup.bash'
[2.121s] INFO:colcon.colcon_core.shell:Creating prefix script '/home/akshaj/Desktop/ros-lab-exp/ros-lab/ros2_ws_Akshaj/src/install/local_setup.zsh'
[2.121s] INFO:colcon.colcon_core.shell:Creating prefix chain script '/home/akshaj/Desktop/ros-lab-exp/ros-lab/ros2_ws_Akshaj/src/install/setup.zsh'
