[0.186s] DEBUG:colcon:Command line arguments: ['/usr/bin/colcon', 'build']
[0.186s] DEBUG:colcon:Parsed command line arguments: Namespace(log_base=None, log_level=None, verb_name='build', build_base='build', install_base='install', merge_install=False, symlink_install=False, test_result_base=None, continue_on_error=False, executor='parallel', parallel_workers=12, event_handlers=None, ignore_user_meta=False, metas=['./colcon.meta'], base_paths=['.'], packages_ignore=None, packages_ignore_regex=None, paths=None, packages_up_to=None, packages_up_to_regex=None, packages_above=None, packages_above_and_dependencies=None, packages_above_depth=None, packages_select_by_dep=None, packages_skip_by_dep=None, packages_skip_up_to=None, packages_select_build_failed=False, packages_skip_build_finished=False, packages_select_test_failures=False, packages_skip_test_passed=False, packages_select=None, packages_skip=None, packages_select_regex=None, packages_skip_regex=None, packages_start=None, packages_end=None, allow_overriding=[], cmake_args=None, cmake_target=None, cmake_target_skip_unavailable=False, cmake_clean_cache=False, cmake_clean_first=False, cmake_force_configure=False, ament_cmake_args=None, catkin_cmake_args=None, catkin_skip_building_tests=False, verb_parser=<colcon_defaults.argument_parser.defaults.DefaultArgumentsDecorator object at 0x7cdb7666dd80>, verb_extension=<colcon_core.verb.build.BuildVerb object at 0x7cdb7666ec20>, main=<bound method BuildVerb.main of <colcon_core.verb.build.BuildVerb object at 0x7cdb7666ec20>>)
[0.409s] Level 1:colcon.colcon_core.package_discovery:discover_packages(colcon_meta) check parameters
[0.409s] Level 1:colcon.colcon_core.package_discovery:discover_packages(recursive) check parameters
[0.409s] Level 1:colcon.colcon_core.package_discovery:discover_packages(ignore) check parameters
[0.409s] Level 1:colcon.colcon_core.package_discovery:discover_packages(path) check parameters
[0.409s] Level 1:colcon.colcon_core.package_discovery:discover_packages(colcon_meta) discover
[0.409s] Level 1:colcon.colcon_core.package_discovery:discover_packages(recursive) discover
[0.409s] INFO:colcon.colcon_core.package_discovery:Crawling recursively for packages in '/home/akshaj/Desktop/ros-lab-exp/ros-lab/ros2_ws_Akshaj'
[0.409s] Level 1:colcon.colcon_core.package_identification:_identify(.) by extensions ['ignore', 'ignore_ament_install']
[0.409s] Level 1:colcon.colcon_core.package_identification:_identify(.) by extension 'ignore'
[0.410s] Level 1:colcon.colcon_core.package_identification:_identify(.) by extension 'ignore_ament_install'
[0.410s] Level 1:colcon.colcon_core.package_identification:_identify(.) by extensions ['colcon_pkg']
[0.410s] Level 1:colcon.colcon_core.package_identification:_identify(.) by extension 'colcon_pkg'
[0.410s] Level 1:colcon.colcon_core.package_identification:_identify(.) by extensions ['colcon_meta']
[0.410s] Level 1:colcon.colcon_core.package_identification:_identify(.) by extension 'colcon_meta'
[0.410s] Level 1:colcon.colcon_core.package_identification:_identify(.) by extensions ['ros']
[0.410s] Level 1:colcon.colcon_core.package_identification:_identify(.) by extension 'ros'
[0.423s] Level 1:colcon.colcon_core.package_identification:_identify(.) by extensions ['cmake', 'python']
[0.423s] Level 1:colcon.colcon_core.package_identification:_identify(.) by extension 'cmake'
[0.423s] Level 1:colcon.colcon_core.package_identification:_identify(.) by extension 'python'
[0.423s] Level 1:colcon.colcon_core.package_identification:_identify(.) by extensions ['python_setup_py']
[0.423s] Level 1:colcon.colcon_core.package_identification:_identify(.) by extension 'python_setup_py'
[0.423s] Level 1:colcon.colcon_core.package_identification:_identify(build) by extensions ['ignore', 'ignore_ament_install']
[0.423s] Level 1:colcon.colcon_core.package_identification:_identify(build) by extension 'ignore'
[0.424s] Level 1:colcon.colcon_core.package_identification:_identify(build) ignored
[0.424s] Level 1:colcon.colcon_core.package_identification:_identify(install) by extensions ['ignore', 'ignore_ament_install']
[0.424s] Level 1:colcon.colcon_core.package_identification:_identify(install) by extension 'ignore'
[0.424s] Level 1:colcon.colcon_core.package_identification:_identify(install) ignored
[0.424s] Level 1:colcon.colcon_core.package_identification:_identify(log) by extensions ['ignore', 'ignore_ament_install']
[0.424s] Level 1:colcon.colcon_core.package_identification:_identify(log) by extension 'ignore'
[0.424s] Level 1:colcon.colcon_core.package_identification:_identify(log) ignored
[0.424s] Level 1:colcon.colcon_core.package_identification:_identify(src) by extensions ['ignore', 'ignore_ament_install']
[0.424s] Level 1:colcon.colcon_core.package_identification:_identify(src) by extension 'ignore'
[0.424s] Level 1:colcon.colcon_core.package_identification:_identify(src) by extension 'ignore_ament_install'
[0.425s] Level 1:colcon.colcon_core.package_identification:_identify(src) by extensions ['colcon_pkg']
[0.425s] Level 1:colcon.colcon_core.package_identification:_identify(src) by extension 'colcon_pkg'
[0.425s] Level 1:colcon.colcon_core.package_identification:_identify(src) by extensions ['colcon_meta']
[0.425s] Level 1:colcon.colcon_core.package_identification:_identify(src) by extension 'colcon_meta'
[0.425s] Level 1:colcon.colcon_core.package_identification:_identify(src) by extensions ['ros']
[0.425s] Level 1:colcon.colcon_core.package_identification:_identify(src) by extension 'ros'
[0.425s] Level 1:colcon.colcon_core.package_identification:_identify(src) by extensions ['cmake', 'python']
[0.425s] Level 1:colcon.colcon_core.package_identification:_identify(src) by extension 'cmake'
[0.425s] Level 1:colcon.colcon_core.package_identification:_identify(src) by extension 'python'
[0.425s] Level 1:colcon.colcon_core.package_identification:_identify(src) by extensions ['python_setup_py']
[0.425s] Level 1:colcon.colcon_core.package_identification:_identify(src) by extension 'python_setup_py'
[0.425s] Level 1:colcon.colcon_core.package_identification:_identify(src/build) by extensions ['ignore', 'ignore_ament_install']
[0.425s] Level 1:colcon.colcon_core.package_identification:_identify(src/build) by extension 'ignore'
[0.425s] Level 1:colcon.colcon_core.package_identification:_identify(src/build) ignored
[0.425s] Level 1:colcon.colcon_core.package_identification:_identify(src/custom_service_test) by extensions ['ignore', 'ignore_ament_install']
[0.426s] Level 1:colcon.colcon_core.package_identification:_identify(src/custom_service_test) by extension 'ignore'
[0.426s] Level 1:colcon.colcon_core.package_identification:_identify(src/custom_service_test) by extension 'ignore_ament_install'
[0.426s] Level 1:colcon.colcon_core.package_identification:_identify(src/custom_service_test) by extensions ['colcon_pkg']
[0.426s] Level 1:colcon.colcon_core.package_identification:_identify(src/custom_service_test) by extension 'colcon_pkg'
[0.426s] Level 1:colcon.colcon_core.package_identification:_identify(src/custom_service_test) by extensions ['colcon_meta']
[0.426s] Level 1:colcon.colcon_core.package_identification:_identify(src/custom_service_test) by extension 'colcon_meta'
[0.426s] Level 1:colcon.colcon_core.package_identification:_identify(src/custom_service_test) by extensions ['ros']
[0.426s] Level 1:colcon.colcon_core.package_identification:_identify(src/custom_service_test) by extension 'ros'
[0.429s] DEBUG:colcon.colcon_core.package_identification:Package 'src/custom_service_test' with type 'ros.ament_python' and name 'custom_service_test'
[0.429s] Level 1:colcon.colcon_core.package_identification:_identify(src/exp3) by extensions ['ignore', 'ignore_ament_install']
[0.429s] Level 1:colcon.colcon_core.package_identification:_identify(src/exp3) by extension 'ignore'
[0.429s] Level 1:colcon.colcon_core.package_identification:_identify(src/exp3) by extension 'ignore_ament_install'
[0.429s] Level 1:colcon.colcon_core.package_identification:_identify(src/exp3) by extensions ['colcon_pkg']
[0.429s] Level 1:colcon.colcon_core.package_identification:_identify(src/exp3) by extension 'colcon_pkg'
[0.429s] Level 1:colcon.colcon_core.package_identification:_identify(src/exp3) by extensions ['colcon_meta']
[0.429s] Level 1:colcon.colcon_core.package_identification:_identify(src/exp3) by extension 'colcon_meta'
[0.429s] Level 1:colcon.colcon_core.package_identification:_identify(src/exp3) by extensions ['ros']
[0.429s] Level 1:colcon.colcon_core.package_identification:_identify(src/exp3) by extension 'ros'
[0.430s] DEBUG:colcon.colcon_core.package_identification:Package 'src/exp3' with type 'ros.ament_python' and name 'exp3'
[0.430s] Level 1:colcon.colcon_core.package_identification:_identify(src/experiment_interfaces) by extensions ['ignore', 'ignore_ament_install']
[0.430s] Level 1:colcon.colcon_core.package_identification:_identify(src/experiment_interfaces) by extension 'ignore'
[0.430s] Level 1:colcon.colcon_core.package_identification:_identify(src/experiment_interfaces) by extension 'ignore_ament_install'
[0.430s] Level 1:colcon.colcon_core.package_identification:_identify(src/experiment_interfaces) by extensions ['colcon_pkg']
[0.430s] Level 1:colcon.colcon_core.package_identification:_identify(src/experiment_interfaces) by extension 'colcon_pkg'
[0.430s] Level 1:colcon.colcon_core.package_identification:_identify(src/experiment_interfaces) by extensions ['colcon_meta']
[0.430s] Level 1:colcon.colcon_core.package_identification:_identify(src/experiment_interfaces) by extension 'colcon_meta'
[0.430s] Level 1:colcon.colcon_core.package_identification:_identify(src/experiment_interfaces) by extensions ['ros']
[0.430s] Level 1:colcon.colcon_core.package_identification:_identify(src/experiment_interfaces) by extension 'ros'
[0.431s] DEBUG:colcon.colcon_core.package_identification:Package 'src/experiment_interfaces' with type 'ros.ament_cmake' and name 'experiment_interfaces'
[0.431s] Level 1:colcon.colcon_core.package_identification:_identify(src/install) by extensions ['ignore', 'ignore_ament_install']
[0.431s] Level 1:colcon.colcon_core.package_identification:_identify(src/install) by extension 'ignore'
[0.431s] Level 1:colcon.colcon_core.package_identification:_identify(src/install) ignored
[0.431s] Level 1:colcon.colcon_core.package_identification:_identify(src/log) by extensions ['ignore', 'ignore_ament_install']
[0.432s] Level 1:colcon.colcon_core.package_identification:_identify(src/log) by extension 'ignore'
[0.432s] Level 1:colcon.colcon_core.package_identification:_identify(src/log) ignored
[0.432s] Level 1:colcon.colcon_core.package_identification:_identify(src/my_package) by extensions ['ignore', 'ignore_ament_install']
[0.432s] Level 1:colcon.colcon_core.package_identification:_identify(src/my_package) by extension 'ignore'
[0.432s] Level 1:colcon.colcon_core.package_identification:_identify(src/my_package) by extension 'ignore_ament_install'
[0.432s] Level 1:colcon.colcon_core.package_identification:_identify(src/my_package) by extensions ['colcon_pkg']
[0.432s] Level 1:colcon.colcon_core.package_identification:_identify(src/my_package) by extension 'colcon_pkg'
[0.432s] Level 1:colcon.colcon_core.package_identification:_identify(src/my_package) by extensions ['colcon_meta']
[0.432s] Level 1:colcon.colcon_core.package_identification:_identify(src/my_package) by extension 'colcon_meta'
[0.432s] Level 1:colcon.colcon_core.package_identification:_identify(src/my_package) by extensions ['ros']
[0.432s] Level 1:colcon.colcon_core.package_identification:_identify(src/my_package) by extension 'ros'
[0.433s] DEBUG:colcon.colcon_core.package_identification:Package 'src/my_package' with type 'ros.ament_python' and name 'my_package'
[0.433s] Level 1:colcon.colcon_core.package_identification:_identify(src/ros2_ws_exp4) by extensions ['ignore', 'ignore_ament_install']
[0.433s] Level 1:colcon.colcon_core.package_identification:_identify(src/ros2_ws_exp4) by extension 'ignore'
[0.433s] Level 1:colcon.colcon_core.package_identification:_identify(src/ros2_ws_exp4) by extension 'ignore_ament_install'
[0.433s] Level 1:colcon.colcon_core.package_identification:_identify(src/ros2_ws_exp4) by extensions ['colcon_pkg']
[0.433s] Level 1:colcon.colcon_core.package_identification:_identify(src/ros2_ws_exp4) by extension 'colcon_pkg'
[0.434s] Level 1:colcon.colcon_core.package_identification:_identify(src/ros2_ws_exp4) by extensions ['colcon_meta']
[0.434s] Level 1:colcon.colcon_core.package_identification:_identify(src/ros2_ws_exp4) by extension 'colcon_meta'
[0.434s] Level 1:colcon.colcon_core.package_identification:_identify(src/ros2_ws_exp4) by extensions ['ros']
[0.434s] Level 1:colcon.colcon_core.package_identification:_identify(src/ros2_ws_exp4) by extension 'ros'
[0.434s] Level 1:colcon.colcon_core.package_identification:_identify(src/ros2_ws_exp4) by extensions ['cmake', 'python']
[0.434s] Level 1:colcon.colcon_core.package_identification:_identify(src/ros2_ws_exp4) by extension 'cmake'
[0.434s] Level 1:colcon.colcon_core.package_identification:_identify(src/ros2_ws_exp4) by extension 'python'
[0.434s] Level 1:colcon.colcon_core.package_identification:_identify(src/ros2_ws_exp4) by extensions ['python_setup_py']
[0.434s] Level 1:colcon.colcon_core.package_identification:_identify(src/ros2_ws_exp4) by extension 'python_setup_py'
[0.434s] Level 1:colcon.colcon_core.package_identification:_identify(src/ros2_ws_exp4/build) by extensions ['ignore', 'ignore_ament_install']
[0.434s] Level 1:colcon.colcon_core.package_identification:_identify(src/ros2_ws_exp4/build) by extension 'ignore'
[0.435s] Level 1:colcon.colcon_core.package_identification:_identify(src/ros2_ws_exp4/build) ignored
[0.435s] Level 1:colcon.colcon_core.package_identification:_identify(src/ros2_ws_exp4/install) by extensions ['ignore', 'ignore_ament_install']
[0.435s] Level 1:colcon.colcon_core.package_identification:_identify(src/ros2_ws_exp4/install) by extension 'ignore'
[0.435s] Level 1:colcon.colcon_core.package_identification:_identify(src/ros2_ws_exp4/install) ignored
[0.435s] Level 1:colcon.colcon_core.package_identification:_identify(src/ros2_ws_exp4/log) by extensions ['ignore', 'ignore_ament_install']
[0.435s] Level 1:colcon.colcon_core.package_identification:_identify(src/ros2_ws_exp4/log) by extension 'ignore'
[0.435s] Level 1:colcon.colcon_core.package_identification:_identify(src/ros2_ws_exp4/log) ignored
[0.435s] Level 1:colcon.colcon_core.package_identification:_identify(src/ros2_ws_exp4/src) by extensions ['ignore', 'ignore_ament_install']
[0.435s] Level 1:colcon.colcon_core.package_identification:_identify(src/ros2_ws_exp4/src) by extension 'ignore'
[0.435s] Level 1:colcon.colcon_core.package_identification:_identify(src/ros2_ws_exp4/src) by extension 'ignore_ament_install'
[0.436s] Level 1:colcon.colcon_core.package_identification:_identify(src/ros2_ws_exp4/src) by extensions ['colcon_pkg']
[0.436s] Level 1:colcon.colcon_core.package_identification:_identify(src/ros2_ws_exp4/src) by extension 'colcon_pkg'
[0.436s] Level 1:colcon.colcon_core.package_identification:_identify(src/ros2_ws_exp4/src) by extensions ['colcon_meta']
[0.436s] Level 1:colcon.colcon_core.package_identification:_identify(src/ros2_ws_exp4/src) by extension 'colcon_meta'
[0.436s] Level 1:colcon.colcon_core.package_identification:_identify(src/ros2_ws_exp4/src) by extensions ['ros']
[0.436s] Level 1:colcon.colcon_core.package_identification:_identify(src/ros2_ws_exp4/src) by extension 'ros'
[0.436s] Level 1:colcon.colcon_core.package_identification:_identify(src/ros2_ws_exp4/src) by extensions ['cmake', 'python']
[0.436s] Level 1:colcon.colcon_core.package_identification:_identify(src/ros2_ws_exp4/src) by extension 'cmake'
[0.436s] Level 1:colcon.colcon_core.package_identification:_identify(src/ros2_ws_exp4/src) by extension 'python'
[0.436s] Level 1:colcon.colcon_core.package_identification:_identify(src/ros2_ws_exp4/src) by extensions ['python_setup_py']
[0.436s] Level 1:colcon.colcon_core.package_identification:_identify(src/ros2_ws_exp4/src) by extension 'python_setup_py'
[0.436s] Level 1:colcon.colcon_core.package_identification:_identify(src/ros2_ws_exp4/src/client_pkg) by extensions ['ignore', 'ignore_ament_install']
[0.436s] Level 1:colcon.colcon_core.package_identification:_identify(src/ros2_ws_exp4/src/client_pkg) by extension 'ignore'
[0.436s] Level 1:colcon.colcon_core.package_identification:_identify(src/ros2_ws_exp4/src/client_pkg) by extension 'ignore_ament_install'
[0.437s] Level 1:colcon.colcon_core.package_identification:_identify(src/ros2_ws_exp4/src/client_pkg) by extensions ['colcon_pkg']
[0.437s] Level 1:colcon.colcon_core.package_identification:_identify(src/ros2_ws_exp4/src/client_pkg) by extension 'colcon_pkg'
[0.437s] Level 1:colcon.colcon_core.package_identification:_identify(src/ros2_ws_exp4/src/client_pkg) by extensions ['colcon_meta']
[0.437s] Level 1:colcon.colcon_core.package_identification:_identify(src/ros2_ws_exp4/src/client_pkg) by extension 'colcon_meta'
[0.437s] Level 1:colcon.colcon_core.package_identification:_identify(src/ros2_ws_exp4/src/client_pkg) by extensions ['ros']
[0.437s] Level 1:colcon.colcon_core.package_identification:_identify(src/ros2_ws_exp4/src/client_pkg) by extension 'ros'
[0.438s] DEBUG:colcon.colcon_core.package_identification:Package 'src/ros2_ws_exp4/src/client_pkg' with type 'ros.ament_python' and name 'client_pkg'
[0.438s] Level 1:colcon.colcon_core.package_discovery:discover_packages(recursive) using defaults
[0.438s] Level 1:colcon.colcon_core.package_discovery:discover_packages(ignore) discover
[0.438s] Level 1:colcon.colcon_core.package_discovery:discover_packages(ignore) using defaults
[0.438s] Level 1:colcon.colcon_core.package_discovery:discover_packages(path) discover
[0.438s] Level 1:colcon.colcon_core.package_discovery:discover_packages(path) using defaults
[0.481s] Level 1:colcon.colcon_core.package_discovery:discover_packages(prefix_path) check parameters
[0.482s] Level 1:colcon.colcon_core.package_discovery:discover_packages(prefix_path) discover
[0.486s] DEBUG:colcon.colcon_installed_package_information.package_discovery:Found 5 installed packages in /home/akshaj/Desktop/ros-lab-exp/ros-lab/ros2_ws_Akshaj/install
[0.486s] DEBUG:colcon.colcon_installed_package_information.package_discovery:Found 5 installed packages in /home/akshaj/Desktop/ros-lab-exp/ros-lab/ros2_ws_Akshaj/src/install
[0.489s] DEBUG:colcon.colcon_installed_package_information.package_discovery:Found 385 installed packages in /opt/ros/humble
[0.491s] Level 1:colcon.colcon_core.package_discovery:discover_packages(prefix_path) using defaults
[0.549s] Level 5:colcon.colcon_core.verb:set package 'client_pkg' build argument 'cmake_args' from command line to 'None'
[0.549s] Level 5:colcon.colcon_core.verb:set package 'client_pkg' build argument 'cmake_target' from command line to 'None'
[0.549s] Level 5:colcon.colcon_core.verb:set package 'client_pkg' build argument 'cmake_target_skip_unavailable' from command line to 'False'
[0.549s] Level 5:colcon.colcon_core.verb:set package 'client_pkg' build argument 'cmake_clean_cache' from command line to 'False'
[0.549s] Level 5:colcon.colcon_core.verb:set package 'client_pkg' build argument 'cmake_clean_first' from command line to 'False'
[0.549s] Level 5:colcon.colcon_core.verb:set package 'client_pkg' build argument 'cmake_force_configure' from command line to 'False'
[0.549s] Level 5:colcon.colcon_core.verb:set package 'client_pkg' build argument 'ament_cmake_args' from command line to 'None'
[0.549s] Level 5:colcon.colcon_core.verb:set package 'client_pkg' build argument 'catkin_cmake_args' from command line to 'None'
[0.549s] Level 5:colcon.colcon_core.verb:set package 'client_pkg' build argument 'catkin_skip_building_tests' from command line to 'False'
[0.549s] DEBUG:colcon.colcon_core.verb:Building package 'client_pkg' with the following arguments: {'ament_cmake_args': None, 'build_base': '/home/akshaj/Desktop/ros-lab-exp/ros-lab/ros2_ws_Akshaj/build/client_pkg', 'catkin_cmake_args': None, 'catkin_skip_building_tests': False, 'cmake_args': None, 'cmake_clean_cache': False, 'cmake_clean_first': False, 'cmake_force_configure': False, 'cmake_target': None, 'cmake_target_skip_unavailable': False, 'install_base': '/home/akshaj/Desktop/ros-lab-exp/ros-lab/ros2_ws_Akshaj/install/client_pkg', 'merge_install': False, 'path': '/home/akshaj/Desktop/ros-lab-exp/ros-lab/ros2_ws_Akshaj/src/ros2_ws_exp4/src/client_pkg', 'symlink_install': False, 'test_result_base': None}
[0.550s] Level 5:colcon.colcon_core.verb:set package 'custom_service_test' build argument 'cmake_args' from command line to 'None'
[0.550s] Level 5:colcon.colcon_core.verb:set package 'custom_service_test' build argument 'cmake_target' from command line to 'None'
[0.550s] Level 5:colcon.colcon_core.verb:set package 'custom_service_test' build argument 'cmake_target_skip_unavailable' from command line to 'False'
[0.550s] Level 5:colcon.colcon_core.verb:set package 'custom_service_test' build argument 'cmake_clean_cache' from command line to 'False'
[0.550s] Level 5:colcon.colcon_core.verb:set package 'custom_service_test' build argument 'cmake_clean_first' from command line to 'False'
[0.550s] Level 5:colcon.colcon_core.verb:set package 'custom_service_test' build argument 'cmake_force_configure' from command line to 'False'
[0.550s] Level 5:colcon.colcon_core.verb:set package 'custom_service_test' build argument 'ament_cmake_args' from command line to 'None'
[0.550s] Level 5:colcon.colcon_core.verb:set package 'custom_service_test' build argument 'catkin_cmake_args' from command line to 'None'
[0.550s] Level 5:colcon.colcon_core.verb:set package 'custom_service_test' build argument 'catkin_skip_building_tests' from command line to 'False'
[0.550s] DEBUG:colcon.colcon_core.verb:Building package 'custom_service_test' with the following arguments: {'ament_cmake_args': None, 'build_base': '/home/akshaj/Desktop/ros-lab-exp/ros-lab/ros2_ws_Akshaj/build/custom_service_test', 'catkin_cmake_args': None, 'catkin_skip_building_tests': False, 'cmake_args': None, 'cmake_clean_cache': False, 'cmake_clean_first': False, 'cmake_force_configure': False, 'cmake_target': None, 'cmake_target_skip_unavailable': False, 'install_base': '/home/akshaj/Desktop/ros-lab-exp/ros-lab/ros2_ws_Akshaj/install/custom_service_test', 'merge_install': False, 'path': '/home/akshaj/Desktop/ros-lab-exp/ros-lab/ros2_ws_Akshaj/src/custom_service_test', 'symlink_install': False, 'test_result_base': None}
[0.550s] Level 5:colcon.colcon_core.verb:set package 'exp3' build argument 'cmake_args' from command line to 'None'
[0.550s] Level 5:colcon.colcon_core.verb:set package 'exp3' build argument 'cmake_target' from command line to 'None'
[0.550s] Level 5:colcon.colcon_core.verb:set package 'exp3' build argument 'cmake_target_skip_unavailable' from command line to 'False'
[0.550s] Level 5:colcon.colcon_core.verb:set package 'exp3' build argument 'cmake_clean_cache' from command line to 'False'
[0.551s] Level 5:colcon.colcon_core.verb:set package 'exp3' build argument 'cmake_clean_first' from command line to 'False'
[0.551s] Level 5:colcon.colcon_core.verb:set package 'exp3' build argument 'cmake_force_configure' from command line to 'False'
[0.551s] Level 5:colcon.colcon_core.verb:set package 'exp3' build argument 'ament_cmake_args' from command line to 'None'
[0.551s] Level 5:colcon.colcon_core.verb:set package 'exp3' build argument 'catkin_cmake_args' from command line to 'None'
[0.551s] Level 5:colcon.colcon_core.verb:set package 'exp3' build argument 'catkin_skip_building_tests' from command line to 'False'
[0.551s] DEBUG:colcon.colcon_core.verb:Building package 'exp3' with the following arguments: {'ament_cmake_args': None, 'build_base': '/home/akshaj/Desktop/ros-lab-exp/ros-lab/ros2_ws_Akshaj/build/exp3', 'catkin_cmake_args': None, 'catkin_skip_building_tests': False, 'cmake_args': None, 'cmake_clean_cache': False, 'cmake_clean_first': False, 'cmake_force_configure': False, 'cmake_target': None, 'cmake_target_skip_unavailable': False, 'install_base': '/home/akshaj/Desktop/ros-lab-exp/ros-lab/ros2_ws_Akshaj/install/exp3', 'merge_install': False, 'path': '/home/akshaj/Desktop/ros-lab-exp/ros-lab/ros2_ws_Akshaj/src/exp3', 'symlink_install': False, 'test_result_base': None}
[0.551s] Level 5:colcon.colcon_core.verb:set package 'experiment_interfaces' build argument 'cmake_args' from command line to 'None'
[0.551s] Level 5:colcon.colcon_core.verb:set package 'experiment_interfaces' build argument 'cmake_target' from command line to 'None'
[0.551s] Level 5:colcon.colcon_core.verb:set package 'experiment_interfaces' build argument 'cmake_target_skip_unavailable' from command line to 'False'
[0.551s] Level 5:colcon.colcon_core.verb:set package 'experiment_interfaces' build argument 'cmake_clean_cache' from command line to 'False'
[0.551s] Level 5:colcon.colcon_core.verb:set package 'experiment_interfaces' build argument 'cmake_clean_first' from command line to 'False'
[0.551s] Level 5:colcon.colcon_core.verb:set package 'experiment_interfaces' build argument 'cmake_force_configure' from command line to 'False'
[0.551s] Level 5:colcon.colcon_core.verb:set package 'experiment_interfaces' build argument 'ament_cmake_args' from command line to 'None'
[0.551s] Level 5:colcon.colcon_core.verb:set package 'experiment_interfaces' build argument 'catkin_cmake_args' from command line to 'None'
[0.551s] Level 5:colcon.colcon_core.verb:set package 'experiment_interfaces' build argument 'catkin_skip_building_tests' from command line to 'False'
[0.551s] DEBUG:colcon.colcon_core.verb:Building package 'experiment_interfaces' with the following arguments: {'ament_cmake_args': None, 'build_base': '/home/akshaj/Desktop/ros-lab-exp/ros-lab/ros2_ws_Akshaj/build/experiment_interfaces', 'catkin_cmake_args': None, 'catkin_skip_building_tests': False, 'cmake_args': None, 'cmake_clean_cache': False, 'cmake_clean_first': False, 'cmake_force_configure': False, 'cmake_target': None, 'cmake_target_skip_unavailable': False, 'install_base': '/home/akshaj/Desktop/ros-lab-exp/ros-lab/ros2_ws_Akshaj/install/experiment_interfaces', 'merge_install': False, 'path': '/home/akshaj/Desktop/ros-lab-exp/ros-lab/ros2_ws_Akshaj/src/experiment_interfaces', 'symlink_install': False, 'test_result_base': None}
[0.552s] Level 5:colcon.colcon_core.verb:set package 'my_package' build argument 'cmake_args' from command line to 'None'
[0.552s] Level 5:colcon.colcon_core.verb:set package 'my_package' build argument 'cmake_target' from command line to 'None'
[0.552s] Level 5:colcon.colcon_core.verb:set package 'my_package' build argument 'cmake_target_skip_unavailable' from command line to 'False'
[0.552s] Level 5:colcon.colcon_core.verb:set package 'my_package' build argument 'cmake_clean_cache' from command line to 'False'
[0.552s] Level 5:colcon.colcon_core.verb:set package 'my_package' build argument 'cmake_clean_first' from command line to 'False'
[0.552s] Level 5:colcon.colcon_core.verb:set package 'my_package' build argument 'cmake_force_configure' from command line to 'False'
[0.552s] Level 5:colcon.colcon_core.verb:set package 'my_package' build argument 'ament_cmake_args' from command line to 'None'
[0.552s] Level 5:colcon.colcon_core.verb:set package 'my_package' build argument 'catkin_cmake_args' from command line to 'None'
[0.552s] Level 5:colcon.colcon_core.verb:set package 'my_package' build argument 'catkin_skip_building_tests' from command line to 'False'
[0.552s] DEBUG:colcon.colcon_core.verb:Building package 'my_package' with the following arguments: {'ament_cmake_args': None, 'build_base': '/home/akshaj/Desktop/ros-lab-exp/ros-lab/ros2_ws_Akshaj/build/my_package', 'catkin_cmake_args': None, 'catkin_skip_building_tests': False, 'cmake_args': None, 'cmake_clean_cache': False, 'cmake_clean_first': False, 'cmake_force_configure': False, 'cmake_target': None, 'cmake_target_skip_unavailable': False, 'install_base': '/home/akshaj/Desktop/ros-lab-exp/ros-lab/ros2_ws_Akshaj/install/my_package', 'merge_install': False, 'path': '/home/akshaj/Desktop/ros-lab-exp/ros-lab/ros2_ws_Akshaj/src/my_package', 'symlink_install': False, 'test_result_base': None}
[0.552s] INFO:colcon.colcon_core.executor:Executing jobs using 'parallel' executor
[0.554s] DEBUG:colcon.colcon_parallel_executor.executor.parallel:run_until_complete
[0.554s] INFO:colcon.colcon_ros.task.ament_python.build:Building ROS package in '/home/akshaj/Desktop/ros-lab-exp/ros-lab/ros2_ws_Akshaj/src/ros2_ws_exp4/src/client_pkg' with build type 'ament_python'
[0.554s] Level 1:colcon.colcon_core.shell:create_environment_hook('client_pkg', 'ament_prefix_path')
[0.560s] INFO:colcon.colcon_core.plugin_system:Skipping extension 'colcon_core.shell.bat': Not used on non-Windows systems
[0.560s] INFO:colcon.colcon_core.shell:Creating environment hook '/home/akshaj/Desktop/ros-lab-exp/ros-lab/ros2_ws_Akshaj/install/client_pkg/share/client_pkg/hook/ament_prefix_path.ps1'
[0.561s] INFO:colcon.colcon_core.shell:Creating environment descriptor '/home/akshaj/Desktop/ros-lab-exp/ros-lab/ros2_ws_Akshaj/install/client_pkg/share/client_pkg/hook/ament_prefix_path.dsv'
[0.562s] INFO:colcon.colcon_core.shell:Creating environment hook '/home/akshaj/Desktop/ros-lab-exp/ros-lab/ros2_ws_Akshaj/install/client_pkg/share/client_pkg/hook/ament_prefix_path.sh'
[0.562s] INFO:colcon.colcon_core.shell:Skip shell extension 'powershell' for command environment: Not usable outside of PowerShell
[0.562s] DEBUG:colcon.colcon_core.shell:Skip shell extension 'dsv' for command environment
[0.568s] INFO:colcon.colcon_ros.task.ament_python.build:Building ROS package in '/home/akshaj/Desktop/ros-lab-exp/ros-lab/ros2_ws_Akshaj/src/custom_service_test' with build type 'ament_python'
[0.569s] Level 1:colcon.colcon_core.shell:create_environment_hook('custom_service_test', 'ament_prefix_path')
[0.569s] INFO:colcon.colcon_core.shell:Creating environment hook '/home/akshaj/Desktop/ros-lab-exp/ros-lab/ros2_ws_Akshaj/install/custom_service_test/share/custom_service_test/hook/ament_prefix_path.ps1'
[0.570s] INFO:colcon.colcon_core.shell:Creating environment descriptor '/home/akshaj/Desktop/ros-lab-exp/ros-lab/ros2_ws_Akshaj/install/custom_service_test/share/custom_service_test/hook/ament_prefix_path.dsv'
[0.570s] INFO:colcon.colcon_core.shell:Creating environment hook '/home/akshaj/Desktop/ros-lab-exp/ros-lab/ros2_ws_Akshaj/install/custom_service_test/share/custom_service_test/hook/ament_prefix_path.sh'
[0.571s] INFO:colcon.colcon_core.shell:Skip shell extension 'powershell' for command environment: Not usable outside of PowerShell
[0.571s] DEBUG:colcon.colcon_core.shell:Skip shell extension 'dsv' for command environment
[0.576s] INFO:colcon.colcon_ros.task.ament_python.build:Building ROS package in '/home/akshaj/Desktop/ros-lab-exp/ros-lab/ros2_ws_Akshaj/src/exp3' with build type 'ament_python'
[0.577s] Level 1:colcon.colcon_core.shell:create_environment_hook('exp3', 'ament_prefix_path')
[0.577s] INFO:colcon.colcon_core.shell:Creating environment hook '/home/akshaj/Desktop/ros-lab-exp/ros-lab/ros2_ws_Akshaj/install/exp3/share/exp3/hook/ament_prefix_path.ps1'
[0.578s] INFO:colcon.colcon_core.shell:Creating environment descriptor '/home/akshaj/Desktop/ros-lab-exp/ros-lab/ros2_ws_Akshaj/install/exp3/share/exp3/hook/ament_prefix_path.dsv'
[0.578s] INFO:colcon.colcon_core.shell:Creating environment hook '/home/akshaj/Desktop/ros-lab-exp/ros-lab/ros2_ws_Akshaj/install/exp3/share/exp3/hook/ament_prefix_path.sh'
[0.579s] INFO:colcon.colcon_core.shell:Skip shell extension 'powershell' for command environment: Not usable outside of PowerShell
[0.579s] DEBUG:colcon.colcon_core.shell:Skip shell extension 'dsv' for command environment
[0.584s] INFO:colcon.colcon_ros.task.ament_cmake.build:Building ROS package in '/home/akshaj/Desktop/ros-lab-exp/ros-lab/ros2_ws_Akshaj/src/experiment_interfaces' with build type 'ament_cmake'
[0.584s] INFO:colcon.colcon_cmake.task.cmake.build:Building CMake package in '/home/akshaj/Desktop/ros-lab-exp/ros-lab/ros2_ws_Akshaj/src/experiment_interfaces'
[0.584s] INFO:colcon.colcon_core.shell:Skip shell extension 'powershell' for command environment: Not usable outside of PowerShell
[0.584s] DEBUG:colcon.colcon_core.shell:Skip shell extension 'dsv' for command environment
[0.590s] INFO:colcon.colcon_ros.task.ament_python.build:Building ROS package in '/home/akshaj/Desktop/ros-lab-exp/ros-lab/ros2_ws_Akshaj/src/my_package' with build type 'ament_python'
[0.590s] Level 1:colcon.colcon_core.shell:create_environment_hook('my_package', 'ament_prefix_path')
[0.590s] INFO:colcon.colcon_core.shell:Creating environment hook '/home/akshaj/Desktop/ros-lab-exp/ros-lab/ros2_ws_Akshaj/install/my_package/share/my_package/hook/ament_prefix_path.ps1'
[0.591s] INFO:colcon.colcon_core.shell:Creating environment descriptor '/home/akshaj/Desktop/ros-lab-exp/ros-lab/ros2_ws_Akshaj/install/my_package/share/my_package/hook/ament_prefix_path.dsv'
[0.592s] INFO:colcon.colcon_core.shell:Creating environment hook '/home/akshaj/Desktop/ros-lab-exp/ros-lab/ros2_ws_Akshaj/install/my_package/share/my_package/hook/ament_prefix_path.sh'
[0.593s] INFO:colcon.colcon_core.shell:Skip shell extension 'powershell' for command environment: Not usable outside of PowerShell
[0.593s] DEBUG:colcon.colcon_core.shell:Skip shell extension 'dsv' for command environment
[0.948s] INFO:colcon.colcon_core.task.python.build:Building Python package in '/home/akshaj/Desktop/ros-lab-exp/ros-lab/ros2_ws_Akshaj/src/ros2_ws_exp4/src/client_pkg'
[0.949s] INFO:colcon.colcon_core.shell:Skip shell extension 'powershell' for command environment: Not usable outside of PowerShell
[0.949s] DEBUG:colcon.colcon_core.shell:Skip shell extension 'dsv' for command environment
[1.302s] INFO:colcon.colcon_core.task.python.build:Building Python package in '/home/akshaj/Desktop/ros-lab-exp/ros-lab/ros2_ws_Akshaj/src/custom_service_test'
[1.302s] INFO:colcon.colcon_core.shell:Skip shell extension 'powershell' for command environment: Not usable outside of PowerShell
[1.302s] DEBUG:colcon.colcon_core.shell:Skip shell extension 'dsv' for command environment
[1.651s] INFO:colcon.colcon_core.task.python.build:Building Python package in '/home/akshaj/Desktop/ros-lab-exp/ros-lab/ros2_ws_Akshaj/src/exp3'
[1.651s] INFO:colcon.colcon_core.shell:Skip shell extension 'powershell' for command environment: Not usable outside of PowerShell
[1.651s] DEBUG:colcon.colcon_core.shell:Skip shell extension 'dsv' for command environment
[1.662s] DEBUG:colcon.colcon_core.event_handler.log_command:Invoking command in '/home/akshaj/Desktop/ros-lab-exp/ros-lab/ros2_ws_Akshaj/build/experiment_interfaces': CMAKE_PREFIX_PATH=${CMAKE_PREFIX_PATH}:/home/akshaj/Desktop/ros-lab-exp/ros-lab/ros2_ws_Akshaj/install/my_package:/home/akshaj/Desktop/ros-lab-exp/ros-lab/ros2_ws_Akshaj/install/exp3:/home/akshaj/Desktop/ros-lab-exp/ros-lab/ros2_ws_Akshaj/install/custom_service_test:/home/akshaj/Desktop/ros-lab-exp/ros-lab/ros2_ws_Akshaj/install/client_pkg:/home/akshaj/Desktop/ros-lab-exp/ros-lab/ros2_ws_Akshaj/src/install/my_package:/home/akshaj/Desktop/ros-lab-exp/ros-lab/ros2_ws_Akshaj/src/install/exp3:/home/akshaj/Desktop/ros-lab-exp/ros-lab/ros2_ws_Akshaj/src/install/custom_service_test:/home/akshaj/Desktop/ros-lab-exp/ros-lab/ros2_ws_Akshaj/src/install/client_pkg:/opt/ros/humble /usr/bin/cmake --build /home/akshaj/Desktop/ros-lab-exp/ros-lab/ros2_ws_Akshaj/build/experiment_interfaces -- -j12 -l12
[2.017s] INFO:colcon.colcon_core.task.python.build:Building Python package in '/home/akshaj/Desktop/ros-lab-exp/ros-lab/ros2_ws_Akshaj/src/my_package'
[2.018s] INFO:colcon.colcon_core.shell:Skip shell extension 'powershell' for command environment: Not usable outside of PowerShell
[2.018s] DEBUG:colcon.colcon_core.shell:Skip shell extension 'dsv' for command environment
[2.544s] DEBUG:colcon.colcon_core.event_handler.log_command:Invoking command in '/home/akshaj/Desktop/ros-lab-exp/ros-lab/ros2_ws_Akshaj/src/my_package': PYTHONPATH=/home/akshaj/Desktop/ros-lab-exp/ros-lab/ros2_ws_Akshaj/build/my_package/prefix_override:/usr/lib/python3/dist-packages/colcon_core/task/python/colcon_distutils_commands:/home/akshaj/Desktop/ros-lab-exp/ros-lab/ros2_ws_Akshaj/install/my_package/lib/python3.10/site-packages:${PYTHONPATH} /usr/bin/python3 -W ignore:setup.py install is deprecated -W ignore:easy_install command is deprecated setup.py egg_info --egg-base ../../build/my_package build --build-base /home/akshaj/Desktop/ros-lab-exp/ros-lab/ros2_ws_Akshaj/build/my_package/build install --record /home/akshaj/Desktop/ros-lab-exp/ros-lab/ros2_ws_Akshaj/build/my_package/install.log --single-version-externally-managed install_data
[2.563s] DEBUG:colcon.colcon_core.event_handler.log_command:Invoking command in '/home/akshaj/Desktop/ros-lab-exp/ros-lab/ros2_ws_Akshaj/src/exp3': PYTHONPATH=/home/akshaj/Desktop/ros-lab-exp/ros-lab/ros2_ws_Akshaj/build/exp3/prefix_override:/usr/lib/python3/dist-packages/colcon_core/task/python/colcon_distutils_commands:/home/akshaj/Desktop/ros-lab-exp/ros-lab/ros2_ws_Akshaj/install/exp3/lib/python3.10/site-packages:${PYTHONPATH} /usr/bin/python3 -W ignore:setup.py install is deprecated -W ignore:easy_install command is deprecated setup.py egg_info --egg-base ../../build/exp3 build --build-base /home/akshaj/Desktop/ros-lab-exp/ros-lab/ros2_ws_Akshaj/build/exp3/build install --record /home/akshaj/Desktop/ros-lab-exp/ros-lab/ros2_ws_Akshaj/build/exp3/install.log --single-version-externally-managed install_data
[2.566s] DEBUG:colcon.colcon_core.event_handler.log_command:Invoking command in '/home/akshaj/Desktop/ros-lab-exp/ros-lab/ros2_ws_Akshaj/src/ros2_ws_exp4/src/client_pkg': PYTHONPATH=/home/akshaj/Desktop/ros-lab-exp/ros-lab/ros2_ws_Akshaj/build/client_pkg/prefix_override:/usr/lib/python3/dist-packages/colcon_core/task/python/colcon_distutils_commands:/home/akshaj/Desktop/ros-lab-exp/ros-lab/ros2_ws_Akshaj/install/client_pkg/lib/python3.10/site-packages:${PYTHONPATH} /usr/bin/python3 -W ignore:setup.py install is deprecated -W ignore:easy_install command is deprecated setup.py egg_info --egg-base ../../../../build/client_pkg build --build-base /home/akshaj/Desktop/ros-lab-exp/ros-lab/ros2_ws_Akshaj/build/client_pkg/build install --record /home/akshaj/Desktop/ros-lab-exp/ros-lab/ros2_ws_Akshaj/build/client_pkg/install.log --single-version-externally-managed install_data
[2.567s] DEBUG:colcon.colcon_core.event_handler.log_command:Invoking command in '/home/akshaj/Desktop/ros-lab-exp/ros-lab/ros2_ws_Akshaj/src/custom_service_test': PYTHONPATH=/home/akshaj/Desktop/ros-lab-exp/ros-lab/ros2_ws_Akshaj/build/custom_service_test/prefix_override:/usr/lib/python3/dist-packages/colcon_core/task/python/colcon_distutils_commands:/home/akshaj/Desktop/ros-lab-exp/ros-lab/ros2_ws_Akshaj/install/custom_service_test/lib/python3.10/site-packages:${PYTHONPATH} /usr/bin/python3 -W ignore:setup.py install is deprecated -W ignore:easy_install command is deprecated setup.py egg_info --egg-base ../../build/custom_service_test build --build-base /home/akshaj/Desktop/ros-lab-exp/ros-lab/ros2_ws_Akshaj/build/custom_service_test/build install --record /home/akshaj/Desktop/ros-lab-exp/ros-lab/ros2_ws_Akshaj/build/custom_service_test/install.log --single-version-externally-managed install_data
[2.928s] DEBUG:colcon.colcon_core.event_handler.log_command:Invoked command in '/home/akshaj/Desktop/ros-lab-exp/ros-lab/ros2_ws_Akshaj/src/my_package' returned '0': PYTHONPATH=/home/akshaj/Desktop/ros-lab-exp/ros-lab/ros2_ws_Akshaj/build/my_package/prefix_override:/usr/lib/python3/dist-packages/colcon_core/task/python/colcon_distutils_commands:/home/akshaj/Desktop/ros-lab-exp/ros-lab/ros2_ws_Akshaj/install/my_package/lib/python3.10/site-packages:${PYTHONPATH} /usr/bin/python3 -W ignore:setup.py install is deprecated -W ignore:easy_install command is deprecated setup.py egg_info --egg-base ../../build/my_package build --build-base /home/akshaj/Desktop/ros-lab-exp/ros-lab/ros2_ws_Akshaj/build/my_package/build install --record /home/akshaj/Desktop/ros-lab-exp/ros-lab/ros2_ws_Akshaj/build/my_package/install.log --single-version-externally-managed install_data
[2.933s] Level 1:colcon.colcon_core.environment:checking '/home/akshaj/Desktop/ros-lab-exp/ros-lab/ros2_ws_Akshaj/install/my_package' for CMake module files
[2.933s] Level 1:colcon.colcon_core.environment:checking '/home/akshaj/Desktop/ros-lab-exp/ros-lab/ros2_ws_Akshaj/install/my_package' for CMake config files
[2.934s] Level 1:colcon.colcon_core.environment:checking '/home/akshaj/Desktop/ros-lab-exp/ros-lab/ros2_ws_Akshaj/install/my_package/lib'
[2.934s] Level 1:colcon.colcon_core.environment:checking '/home/akshaj/Desktop/ros-lab-exp/ros-lab/ros2_ws_Akshaj/install/my_package/bin'
[2.935s] Level 1:colcon.colcon_core.environment:checking '/home/akshaj/Desktop/ros-lab-exp/ros-lab/ros2_ws_Akshaj/install/my_package/lib/pkgconfig/my_package.pc'
[2.935s] Level 1:colcon.colcon_core.environment:checking '/home/akshaj/Desktop/ros-lab-exp/ros-lab/ros2_ws_Akshaj/install/my_package/lib/python3.10/site-packages'
[2.935s] Level 1:colcon.colcon_core.shell:create_environment_hook('my_package', 'pythonpath')
[2.935s] INFO:colcon.colcon_core.shell:Creating environment hook '/home/akshaj/Desktop/ros-lab-exp/ros-lab/ros2_ws_Akshaj/install/my_package/share/my_package/hook/pythonpath.ps1'
[2.936s] INFO:colcon.colcon_core.shell:Creating environment descriptor '/home/akshaj/Desktop/ros-lab-exp/ros-lab/ros2_ws_Akshaj/install/my_package/share/my_package/hook/pythonpath.dsv'
[2.936s] INFO:colcon.colcon_core.shell:Creating environment hook '/home/akshaj/Desktop/ros-lab-exp/ros-lab/ros2_ws_Akshaj/install/my_package/share/my_package/hook/pythonpath.sh'
[2.937s] Level 1:colcon.colcon_core.environment:checking '/home/akshaj/Desktop/ros-lab-exp/ros-lab/ros2_ws_Akshaj/install/my_package/bin'
[2.937s] Level 1:colcon.colcon_core.environment:create_environment_scripts_only(my_package)
[2.938s] INFO:colcon.colcon_core.shell:Creating package script '/home/akshaj/Desktop/ros-lab-exp/ros-lab/ros2_ws_Akshaj/install/my_package/share/my_package/package.ps1'
[2.939s] INFO:colcon.colcon_core.shell:Creating package descriptor '/home/akshaj/Desktop/ros-lab-exp/ros-lab/ros2_ws_Akshaj/install/my_package/share/my_package/package.dsv'
[2.940s] INFO:colcon.colcon_core.shell:Creating package script '/home/akshaj/Desktop/ros-lab-exp/ros-lab/ros2_ws_Akshaj/install/my_package/share/my_package/package.sh'
[2.941s] INFO:colcon.colcon_core.shell:Creating package script '/home/akshaj/Desktop/ros-lab-exp/ros-lab/ros2_ws_Akshaj/install/my_package/share/my_package/package.bash'
[2.942s] INFO:colcon.colcon_core.shell:Creating package script '/home/akshaj/Desktop/ros-lab-exp/ros-lab/ros2_ws_Akshaj/install/my_package/share/my_package/package.zsh'
[2.942s] Level 1:colcon.colcon_core.environment:create_file_with_runtime_dependencies(/home/akshaj/Desktop/ros-lab-exp/ros-lab/ros2_ws_Akshaj/install/my_package/share/colcon-core/packages/my_package)
[2.948s] Level 1:colcon.colcon_core.environment:checking '/home/akshaj/Desktop/ros-lab-exp/ros-lab/ros2_ws_Akshaj/install/exp3' for CMake module files
[2.949s] DEBUG:colcon.colcon_core.event_handler.log_command:Invoked command in '/home/akshaj/Desktop/ros-lab-exp/ros-lab/ros2_ws_Akshaj/src/exp3' returned '0': PYTHONPATH=/home/akshaj/Desktop/ros-lab-exp/ros-lab/ros2_ws_Akshaj/build/exp3/prefix_override:/usr/lib/python3/dist-packages/colcon_core/task/python/colcon_distutils_commands:/home/akshaj/Desktop/ros-lab-exp/ros-lab/ros2_ws_Akshaj/install/exp3/lib/python3.10/site-packages:${PYTHONPATH} /usr/bin/python3 -W ignore:setup.py install is deprecated -W ignore:easy_install command is deprecated setup.py egg_info --egg-base ../../build/exp3 build --build-base /home/akshaj/Desktop/ros-lab-exp/ros-lab/ros2_ws_Akshaj/build/exp3/build install --record /home/akshaj/Desktop/ros-lab-exp/ros-lab/ros2_ws_Akshaj/build/exp3/install.log --single-version-externally-managed install_data
[2.949s] Level 1:colcon.colcon_core.environment:checking '/home/akshaj/Desktop/ros-lab-exp/ros-lab/ros2_ws_Akshaj/install/exp3' for CMake config files
[2.950s] Level 1:colcon.colcon_core.environment:checking '/home/akshaj/Desktop/ros-lab-exp/ros-lab/ros2_ws_Akshaj/install/exp3/lib'
[2.950s] Level 1:colcon.colcon_core.environment:checking '/home/akshaj/Desktop/ros-lab-exp/ros-lab/ros2_ws_Akshaj/install/exp3/bin'
[2.950s] Level 1:colcon.colcon_core.environment:checking '/home/akshaj/Desktop/ros-lab-exp/ros-lab/ros2_ws_Akshaj/install/exp3/lib/pkgconfig/exp3.pc'
[2.950s] Level 1:colcon.colcon_core.environment:checking '/home/akshaj/Desktop/ros-lab-exp/ros-lab/ros2_ws_Akshaj/install/exp3/lib/python3.10/site-packages'
[2.951s] Level 1:colcon.colcon_core.shell:create_environment_hook('exp3', 'pythonpath')
[2.951s] INFO:colcon.colcon_core.shell:Creating environment hook '/home/akshaj/Desktop/ros-lab-exp/ros-lab/ros2_ws_Akshaj/install/exp3/share/exp3/hook/pythonpath.ps1'
[2.951s] INFO:colcon.colcon_core.shell:Creating environment descriptor '/home/akshaj/Desktop/ros-lab-exp/ros-lab/ros2_ws_Akshaj/install/exp3/share/exp3/hook/pythonpath.dsv'
[2.952s] INFO:colcon.colcon_core.shell:Creating environment hook '/home/akshaj/Desktop/ros-lab-exp/ros-lab/ros2_ws_Akshaj/install/exp3/share/exp3/hook/pythonpath.sh'
[2.952s] Level 1:colcon.colcon_core.environment:checking '/home/akshaj/Desktop/ros-lab-exp/ros-lab/ros2_ws_Akshaj/install/exp3/bin'
[2.953s] Level 1:colcon.colcon_core.environment:create_environment_scripts_only(exp3)
[2.953s] INFO:colcon.colcon_core.shell:Creating package script '/home/akshaj/Desktop/ros-lab-exp/ros-lab/ros2_ws_Akshaj/install/exp3/share/exp3/package.ps1'
[2.953s] INFO:colcon.colcon_core.shell:Creating package descriptor '/home/akshaj/Desktop/ros-lab-exp/ros-lab/ros2_ws_Akshaj/install/exp3/share/exp3/package.dsv'
[2.954s] INFO:colcon.colcon_core.shell:Creating package script '/home/akshaj/Desktop/ros-lab-exp/ros-lab/ros2_ws_Akshaj/install/exp3/share/exp3/package.sh'
[2.955s] INFO:colcon.colcon_core.shell:Creating package script '/home/akshaj/Desktop/ros-lab-exp/ros-lab/ros2_ws_Akshaj/install/exp3/share/exp3/package.bash'
[2.955s] INFO:colcon.colcon_core.shell:Creating package script '/home/akshaj/Desktop/ros-lab-exp/ros-lab/ros2_ws_Akshaj/install/exp3/share/exp3/package.zsh'
[2.956s] Level 1:colcon.colcon_core.environment:create_file_with_runtime_dependencies(/home/akshaj/Desktop/ros-lab-exp/ros-lab/ros2_ws_Akshaj/install/exp3/share/colcon-core/packages/exp3)
[2.957s] Level 1:colcon.colcon_core.environment:checking '/home/akshaj/Desktop/ros-lab-exp/ros-lab/ros2_ws_Akshaj/install/custom_service_test' for CMake module files
[2.958s] DEBUG:colcon.colcon_core.event_handler.log_command:Invoked command in '/home/akshaj/Desktop/ros-lab-exp/ros-lab/ros2_ws_Akshaj/src/custom_service_test' returned '0': PYTHONPATH=/home/akshaj/Desktop/ros-lab-exp/ros-lab/ros2_ws_Akshaj/build/custom_service_test/prefix_override:/usr/lib/python3/dist-packages/colcon_core/task/python/colcon_distutils_commands:/home/akshaj/Desktop/ros-lab-exp/ros-lab/ros2_ws_Akshaj/install/custom_service_test/lib/python3.10/site-packages:${PYTHONPATH} /usr/bin/python3 -W ignore:setup.py install is deprecated -W ignore:easy_install command is deprecated setup.py egg_info --egg-base ../../build/custom_service_test build --build-base /home/akshaj/Desktop/ros-lab-exp/ros-lab/ros2_ws_Akshaj/build/custom_service_test/build install --record /home/akshaj/Desktop/ros-lab-exp/ros-lab/ros2_ws_Akshaj/build/custom_service_test/install.log --single-version-externally-managed install_data
[2.959s] Level 1:colcon.colcon_core.environment:checking '/home/akshaj/Desktop/ros-lab-exp/ros-lab/ros2_ws_Akshaj/install/custom_service_test' for CMake config files
[2.960s] Level 1:colcon.colcon_core.environment:checking '/home/akshaj/Desktop/ros-lab-exp/ros-lab/ros2_ws_Akshaj/install/custom_service_test/lib'
[2.960s] Level 1:colcon.colcon_core.environment:checking '/home/akshaj/Desktop/ros-lab-exp/ros-lab/ros2_ws_Akshaj/install/custom_service_test/bin'
[2.960s] Level 1:colcon.colcon_core.environment:checking '/home/akshaj/Desktop/ros-lab-exp/ros-lab/ros2_ws_Akshaj/install/custom_service_test/lib/pkgconfig/custom_service_test.pc'
[2.960s] Level 1:colcon.colcon_core.environment:checking '/home/akshaj/Desktop/ros-lab-exp/ros-lab/ros2_ws_Akshaj/install/custom_service_test/lib/python3.10/site-packages'
[2.960s] Level 1:colcon.colcon_core.shell:create_environment_hook('custom_service_test', 'pythonpath')
[2.960s] INFO:colcon.colcon_core.shell:Creating environment hook '/home/akshaj/Desktop/ros-lab-exp/ros-lab/ros2_ws_Akshaj/install/custom_service_test/share/custom_service_test/hook/pythonpath.ps1'
[2.961s] INFO:colcon.colcon_core.shell:Creating environment descriptor '/home/akshaj/Desktop/ros-lab-exp/ros-lab/ros2_ws_Akshaj/install/custom_service_test/share/custom_service_test/hook/pythonpath.dsv'
[2.961s] INFO:colcon.colcon_core.shell:Creating environment hook '/home/akshaj/Desktop/ros-lab-exp/ros-lab/ros2_ws_Akshaj/install/custom_service_test/share/custom_service_test/hook/pythonpath.sh'
[2.962s] Level 1:colcon.colcon_core.environment:checking '/home/akshaj/Desktop/ros-lab-exp/ros-lab/ros2_ws_Akshaj/install/custom_service_test/bin'
[2.962s] Level 1:colcon.colcon_core.environment:create_environment_scripts_only(custom_service_test)
[2.962s] INFO:colcon.colcon_core.shell:Creating package script '/home/akshaj/Desktop/ros-lab-exp/ros-lab/ros2_ws_Akshaj/install/custom_service_test/share/custom_service_test/package.ps1'
[2.963s] INFO:colcon.colcon_core.shell:Creating package descriptor '/home/akshaj/Desktop/ros-lab-exp/ros-lab/ros2_ws_Akshaj/install/custom_service_test/share/custom_service_test/package.dsv'
[2.964s] INFO:colcon.colcon_core.shell:Creating package script '/home/akshaj/Desktop/ros-lab-exp/ros-lab/ros2_ws_Akshaj/install/custom_service_test/share/custom_service_test/package.sh'
[2.964s] INFO:colcon.colcon_core.shell:Creating package script '/home/akshaj/Desktop/ros-lab-exp/ros-lab/ros2_ws_Akshaj/install/custom_service_test/share/custom_service_test/package.bash'
[2.965s] INFO:colcon.colcon_core.shell:Creating package script '/home/akshaj/Desktop/ros-lab-exp/ros-lab/ros2_ws_Akshaj/install/custom_service_test/share/custom_service_test/package.zsh'
[2.965s] Level 1:colcon.colcon_core.environment:create_file_with_runtime_dependencies(/home/akshaj/Desktop/ros-lab-exp/ros-lab/ros2_ws_Akshaj/install/custom_service_test/share/colcon-core/packages/custom_service_test)
[2.966s] Level 1:colcon.colcon_core.environment:checking '/home/akshaj/Desktop/ros-lab-exp/ros-lab/ros2_ws_Akshaj/install/client_pkg' for CMake module files
[2.967s] DEBUG:colcon.colcon_core.event_handler.log_command:Invoked command in '/home/akshaj/Desktop/ros-lab-exp/ros-lab/ros2_ws_Akshaj/src/ros2_ws_exp4/src/client_pkg' returned '0': PYTHONPATH=/home/akshaj/Desktop/ros-lab-exp/ros-lab/ros2_ws_Akshaj/build/client_pkg/prefix_override:/usr/lib/python3/dist-packages/colcon_core/task/python/colcon_distutils_commands:/home/akshaj/Desktop/ros-lab-exp/ros-lab/ros2_ws_Akshaj/install/client_pkg/lib/python3.10/site-packages:${PYTHONPATH} /usr/bin/python3 -W ignore:setup.py install is deprecated -W ignore:easy_install command is deprecated setup.py egg_info --egg-base ../../../../build/client_pkg build --build-base /home/akshaj/Desktop/ros-lab-exp/ros-lab/ros2_ws_Akshaj/build/client_pkg/build install --record /home/akshaj/Desktop/ros-lab-exp/ros-lab/ros2_ws_Akshaj/build/client_pkg/install.log --single-version-externally-managed install_data
[2.967s] Level 1:colcon.colcon_core.environment:checking '/home/akshaj/Desktop/ros-lab-exp/ros-lab/ros2_ws_Akshaj/install/client_pkg' for CMake config files
[2.968s] Level 1:colcon.colcon_core.environment:checking '/home/akshaj/Desktop/ros-lab-exp/ros-lab/ros2_ws_Akshaj/install/client_pkg/lib'
[2.968s] Level 1:colcon.colcon_core.environment:checking '/home/akshaj/Desktop/ros-lab-exp/ros-lab/ros2_ws_Akshaj/install/client_pkg/bin'
[2.968s] Level 1:colcon.colcon_core.environment:checking '/home/akshaj/Desktop/ros-lab-exp/ros-lab/ros2_ws_Akshaj/install/client_pkg/lib/pkgconfig/client_pkg.pc'
[2.968s] Level 1:colcon.colcon_core.environment:checking '/home/akshaj/Desktop/ros-lab-exp/ros-lab/ros2_ws_Akshaj/install/client_pkg/lib/python3.10/site-packages'
[2.968s] Level 1:colcon.colcon_core.shell:create_environment_hook('client_pkg', 'pythonpath')
[2.969s] INFO:colcon.colcon_core.shell:Creating environment hook '/home/akshaj/Desktop/ros-lab-exp/ros-lab/ros2_ws_Akshaj/install/client_pkg/share/client_pkg/hook/pythonpath.ps1'
[2.969s] INFO:colcon.colcon_core.shell:Creating environment descriptor '/home/akshaj/Desktop/ros-lab-exp/ros-lab/ros2_ws_Akshaj/install/client_pkg/share/client_pkg/hook/pythonpath.dsv'
[2.970s] INFO:colcon.colcon_core.shell:Creating environment hook '/home/akshaj/Desktop/ros-lab-exp/ros-lab/ros2_ws_Akshaj/install/client_pkg/share/client_pkg/hook/pythonpath.sh'
[2.971s] Level 1:colcon.colcon_core.environment:checking '/home/akshaj/Desktop/ros-lab-exp/ros-lab/ros2_ws_Akshaj/install/client_pkg/bin'
[2.971s] Level 1:colcon.colcon_core.environment:create_environment_scripts_only(client_pkg)
[2.971s] INFO:colcon.colcon_core.shell:Creating package script '/home/akshaj/Desktop/ros-lab-exp/ros-lab/ros2_ws_Akshaj/install/client_pkg/share/client_pkg/package.ps1'
[2.972s] INFO:colcon.colcon_core.shell:Creating package descriptor '/home/akshaj/Desktop/ros-lab-exp/ros-lab/ros2_ws_Akshaj/install/client_pkg/share/client_pkg/package.dsv'
[2.973s] INFO:colcon.colcon_core.shell:Creating package script '/home/akshaj/Desktop/ros-lab-exp/ros-lab/ros2_ws_Akshaj/install/client_pkg/share/client_pkg/package.sh'
[2.973s] INFO:colcon.colcon_core.shell:Creating package script '/home/akshaj/Desktop/ros-lab-exp/ros-lab/ros2_ws_Akshaj/install/client_pkg/share/client_pkg/package.bash'
[2.974s] INFO:colcon.colcon_core.shell:Creating package script '/home/akshaj/Desktop/ros-lab-exp/ros-lab/ros2_ws_Akshaj/install/client_pkg/share/client_pkg/package.zsh'
[2.974s] Level 1:colcon.colcon_core.environment:create_file_with_runtime_dependencies(/home/akshaj/Desktop/ros-lab-exp/ros-lab/ros2_ws_Akshaj/install/client_pkg/share/colcon-core/packages/client_pkg)
[4.355s] DEBUG:colcon.colcon_core.event_handler.log_command:Invoked command in '/home/akshaj/Desktop/ros-lab-exp/ros-lab/ros2_ws_Akshaj/build/experiment_interfaces' returned '0': CMAKE_PREFIX_PATH=${CMAKE_PREFIX_PATH}:/home/akshaj/Desktop/ros-lab-exp/ros-lab/ros2_ws_Akshaj/install/my_package:/home/akshaj/Desktop/ros-lab-exp/ros-lab/ros2_ws_Akshaj/install/exp3:/home/akshaj/Desktop/ros-lab-exp/ros-lab/ros2_ws_Akshaj/install/custom_service_test:/home/akshaj/Desktop/ros-lab-exp/ros-lab/ros2_ws_Akshaj/install/client_pkg:/home/akshaj/Desktop/ros-lab-exp/ros-lab/ros2_ws_Akshaj/src/install/my_package:/home/akshaj/Desktop/ros-lab-exp/ros-lab/ros2_ws_Akshaj/src/install/exp3:/home/akshaj/Desktop/ros-lab-exp/ros-lab/ros2_ws_Akshaj/src/install/custom_service_test:/home/akshaj/Desktop/ros-lab-exp/ros-lab/ros2_ws_Akshaj/src/install/client_pkg:/opt/ros/humble /usr/bin/cmake --build /home/akshaj/Desktop/ros-lab-exp/ros-lab/ros2_ws_Akshaj/build/experiment_interfaces -- -j12 -l12
[4.368s] DEBUG:colcon.colcon_core.event_handler.log_command:Invoking command in '/home/akshaj/Desktop/ros-lab-exp/ros-lab/ros2_ws_Akshaj/build/experiment_interfaces': CMAKE_PREFIX_PATH=${CMAKE_PREFIX_PATH}:/home/akshaj/Desktop/ros-lab-exp/ros-lab/ros2_ws_Akshaj/install/my_package:/home/akshaj/Desktop/ros-lab-exp/ros-lab/ros2_ws_Akshaj/install/exp3:/home/akshaj/Desktop/ros-lab-exp/ros-lab/ros2_ws_Akshaj/install/custom_service_test:/home/akshaj/Desktop/ros-lab-exp/ros-lab/ros2_ws_Akshaj/install/client_pkg:/home/akshaj/Desktop/ros-lab-exp/ros-lab/ros2_ws_Akshaj/src/install/my_package:/home/akshaj/Desktop/ros-lab-exp/ros-lab/ros2_ws_Akshaj/src/install/exp3:/home/akshaj/Desktop/ros-lab-exp/ros-lab/ros2_ws_Akshaj/src/install/custom_service_test:/home/akshaj/Desktop/ros-lab-exp/ros-lab/ros2_ws_Akshaj/src/install/client_pkg:/opt/ros/humble /usr/bin/cmake --install /home/akshaj/Desktop/ros-lab-exp/ros-lab/ros2_ws_Akshaj/build/experiment_interfaces
[4.453s] Level 1:colcon.colcon_core.environment:create_environment_scripts_only(experiment_interfaces)
[4.453s] Level 1:colcon.colcon_core.environment:checking '/home/akshaj/Desktop/ros-lab-exp/ros-lab/ros2_ws_Akshaj/install/experiment_interfaces' for CMake module files
[4.454s] DEBUG:colcon.colcon_core.event_handler.log_command:Invoked command in '/home/akshaj/Desktop/ros-lab-exp/ros-lab/ros2_ws_Akshaj/build/experiment_interfaces' returned '0': CMAKE_PREFIX_PATH=${CMAKE_PREFIX_PATH}:/home/akshaj/Desktop/ros-lab-exp/ros-lab/ros2_ws_Akshaj/install/my_package:/home/akshaj/Desktop/ros-lab-exp/ros-lab/ros2_ws_Akshaj/install/exp3:/home/akshaj/Desktop/ros-lab-exp/ros-lab/ros2_ws_Akshaj/install/custom_service_test:/home/akshaj/Desktop/ros-lab-exp/ros-lab/ros2_ws_Akshaj/install/client_pkg:/home/akshaj/Desktop/ros-lab-exp/ros-lab/ros2_ws_Akshaj/src/install/my_package:/home/akshaj/Desktop/ros-lab-exp/ros-lab/ros2_ws_Akshaj/src/install/exp3:/home/akshaj/Desktop/ros-lab-exp/ros-lab/ros2_ws_Akshaj/src/install/custom_service_test:/home/akshaj/Desktop/ros-lab-exp/ros-lab/ros2_ws_Akshaj/src/install/client_pkg:/opt/ros/humble /usr/bin/cmake --install /home/akshaj/Desktop/ros-lab-exp/ros-lab/ros2_ws_Akshaj/build/experiment_interfaces
[4.455s] Level 1:colcon.colcon_core.environment:checking '/home/akshaj/Desktop/ros-lab-exp/ros-lab/ros2_ws_Akshaj/install/experiment_interfaces' for CMake config files
[4.455s] Level 1:colcon.colcon_core.shell:create_environment_hook('experiment_interfaces', 'cmake_prefix_path')
[4.456s] INFO:colcon.colcon_core.shell:Creating environment hook '/home/akshaj/Desktop/ros-lab-exp/ros-lab/ros2_ws_Akshaj/install/experiment_interfaces/share/experiment_interfaces/hook/cmake_prefix_path.ps1'
[4.456s] INFO:colcon.colcon_core.shell:Creating environment descriptor '/home/akshaj/Desktop/ros-lab-exp/ros-lab/ros2_ws_Akshaj/install/experiment_interfaces/share/experiment_interfaces/hook/cmake_prefix_path.dsv'
[4.457s] INFO:colcon.colcon_core.shell:Creating environment hook '/home/akshaj/Desktop/ros-lab-exp/ros-lab/ros2_ws_Akshaj/install/experiment_interfaces/share/experiment_interfaces/hook/cmake_prefix_path.sh'
[4.457s] Level 1:colcon.colcon_core.environment:checking '/home/akshaj/Desktop/ros-lab-exp/ros-lab/ros2_ws_Akshaj/install/experiment_interfaces/lib'
[4.457s] Level 1:colcon.colcon_core.shell:create_environment_hook('experiment_interfaces', 'ld_library_path_lib')
[4.458s] INFO:colcon.colcon_core.shell:Creating environment hook '/home/akshaj/Desktop/ros-lab-exp/ros-lab/ros2_ws_Akshaj/install/experiment_interfaces/share/experiment_interfaces/hook/ld_library_path_lib.ps1'
[4.458s] INFO:colcon.colcon_core.shell:Creating environment descriptor '/home/akshaj/Desktop/ros-lab-exp/ros-lab/ros2_ws_Akshaj/install/experiment_interfaces/share/experiment_interfaces/hook/ld_library_path_lib.dsv'
[4.459s] INFO:colcon.colcon_core.shell:Creating environment hook '/home/akshaj/Desktop/ros-lab-exp/ros-lab/ros2_ws_Akshaj/install/experiment_interfaces/share/experiment_interfaces/hook/ld_library_path_lib.sh'
[4.459s] Level 1:colcon.colcon_core.environment:checking '/home/akshaj/Desktop/ros-lab-exp/ros-lab/ros2_ws_Akshaj/install/experiment_interfaces/bin'
[4.459s] Level 1:colcon.colcon_core.environment:checking '/home/akshaj/Desktop/ros-lab-exp/ros-lab/ros2_ws_Akshaj/install/experiment_interfaces/lib/pkgconfig/experiment_interfaces.pc'
[4.459s] Level 1:colcon.colcon_core.environment:checking '/home/akshaj/Desktop/ros-lab-exp/ros-lab/ros2_ws_Akshaj/install/experiment_interfaces/lib/python3.10/site-packages'
[4.460s] Level 1:colcon.colcon_core.environment:checking '/home/akshaj/Desktop/ros-lab-exp/ros-lab/ros2_ws_Akshaj/install/experiment_interfaces/bin'
[4.460s] INFO:colcon.colcon_core.shell:Creating package script '/home/akshaj/Desktop/ros-lab-exp/ros-lab/ros2_ws_Akshaj/install/experiment_interfaces/share/experiment_interfaces/package.ps1'
[4.460s] INFO:colcon.colcon_core.shell:Creating package descriptor '/home/akshaj/Desktop/ros-lab-exp/ros-lab/ros2_ws_Akshaj/install/experiment_interfaces/share/experiment_interfaces/package.dsv'
[4.461s] INFO:colcon.colcon_core.shell:Creating package script '/home/akshaj/Desktop/ros-lab-exp/ros-lab/ros2_ws_Akshaj/install/experiment_interfaces/share/experiment_interfaces/package.sh'
[4.461s] INFO:colcon.colcon_core.shell:Creating package script '/home/akshaj/Desktop/ros-lab-exp/ros-lab/ros2_ws_Akshaj/install/experiment_interfaces/share/experiment_interfaces/package.bash'
[4.462s] INFO:colcon.colcon_core.shell:Creating package script '/home/akshaj/Desktop/ros-lab-exp/ros-lab/ros2_ws_Akshaj/install/experiment_interfaces/share/experiment_interfaces/package.zsh'
[4.462s] Level 1:colcon.colcon_core.environment:create_file_with_runtime_dependencies(/home/akshaj/Desktop/ros-lab-exp/ros-lab/ros2_ws_Akshaj/install/experiment_interfaces/share/colcon-core/packages/experiment_interfaces)
[4.463s] Level 1:colcon.colcon_core.environment:create_environment_scripts_only(experiment_interfaces)
[4.463s] Level 1:colcon.colcon_core.environment:checking '/home/akshaj/Desktop/ros-lab-exp/ros-lab/ros2_ws_Akshaj/install/experiment_interfaces' for CMake module files
[4.464s] Level 1:colcon.colcon_core.environment:checking '/home/akshaj/Desktop/ros-lab-exp/ros-lab/ros2_ws_Akshaj/install/experiment_interfaces' for CMake config files
[4.464s] Level 1:colcon.colcon_core.shell:create_environment_hook('experiment_interfaces', 'cmake_prefix_path')
[4.465s] INFO:colcon.colcon_core.shell:Creating environment hook '/home/akshaj/Desktop/ros-lab-exp/ros-lab/ros2_ws_Akshaj/install/experiment_interfaces/share/experiment_interfaces/hook/cmake_prefix_path.ps1'
[4.465s] INFO:colcon.colcon_core.shell:Creating environment descriptor '/home/akshaj/Desktop/ros-lab-exp/ros-lab/ros2_ws_Akshaj/install/experiment_interfaces/share/experiment_interfaces/hook/cmake_prefix_path.dsv'
[4.466s] INFO:colcon.colcon_core.shell:Creating environment hook '/home/akshaj/Desktop/ros-lab-exp/ros-lab/ros2_ws_Akshaj/install/experiment_interfaces/share/experiment_interfaces/hook/cmake_prefix_path.sh'
[4.467s] Level 1:colcon.colcon_core.environment:checking '/home/akshaj/Desktop/ros-lab-exp/ros-lab/ros2_ws_Akshaj/install/experiment_interfaces/lib'
[4.467s] Level 1:colcon.colcon_core.shell:create_environment_hook('experiment_interfaces', 'ld_library_path_lib')
[4.467s] INFO:colcon.colcon_core.shell:Creating environment hook '/home/akshaj/Desktop/ros-lab-exp/ros-lab/ros2_ws_Akshaj/install/experiment_interfaces/share/experiment_interfaces/hook/ld_library_path_lib.ps1'
[4.467s] INFO:colcon.colcon_core.shell:Creating environment descriptor '/home/akshaj/Desktop/ros-lab-exp/ros-lab/ros2_ws_Akshaj/install/experiment_interfaces/share/experiment_interfaces/hook/ld_library_path_lib.dsv'
[4.468s] INFO:colcon.colcon_core.shell:Creating environment hook '/home/akshaj/Desktop/ros-lab-exp/ros-lab/ros2_ws_Akshaj/install/experiment_interfaces/share/experiment_interfaces/hook/ld_library_path_lib.sh'
[4.469s] Level 1:colcon.colcon_core.environment:checking '/home/akshaj/Desktop/ros-lab-exp/ros-lab/ros2_ws_Akshaj/install/experiment_interfaces/bin'
[4.469s] Level 1:colcon.colcon_core.environment:checking '/home/akshaj/Desktop/ros-lab-exp/ros-lab/ros2_ws_Akshaj/install/experiment_interfaces/lib/pkgconfig/experiment_interfaces.pc'
[4.469s] Level 1:colcon.colcon_core.environment:checking '/home/akshaj/Desktop/ros-lab-exp/ros-lab/ros2_ws_Akshaj/install/experiment_interfaces/lib/python3.10/site-packages'
[4.469s] Level 1:colcon.colcon_core.environment:checking '/home/akshaj/Desktop/ros-lab-exp/ros-lab/ros2_ws_Akshaj/install/experiment_interfaces/bin'
[4.470s] INFO:colcon.colcon_core.shell:Creating package script '/home/akshaj/Desktop/ros-lab-exp/ros-lab/ros2_ws_Akshaj/install/experiment_interfaces/share/experiment_interfaces/package.ps1'
[4.470s] INFO:colcon.colcon_core.shell:Creating package descriptor '/home/akshaj/Desktop/ros-lab-exp/ros-lab/ros2_ws_Akshaj/install/experiment_interfaces/share/experiment_interfaces/package.dsv'
[4.471s] INFO:colcon.colcon_core.shell:Creating package script '/home/akshaj/Desktop/ros-lab-exp/ros-lab/ros2_ws_Akshaj/install/experiment_interfaces/share/experiment_interfaces/package.sh'
[4.471s] INFO:colcon.colcon_core.shell:Creating package script '/home/akshaj/Desktop/ros-lab-exp/ros-lab/ros2_ws_Akshaj/install/experiment_interfaces/share/experiment_interfaces/package.bash'
[4.472s] INFO:colcon.colcon_core.shell:Creating package script '/home/akshaj/Desktop/ros-lab-exp/ros-lab/ros2_ws_Akshaj/install/experiment_interfaces/share/experiment_interfaces/package.zsh'
[4.472s] Level 1:colcon.colcon_core.environment:create_file_with_runtime_dependencies(/home/akshaj/Desktop/ros-lab-exp/ros-lab/ros2_ws_Akshaj/install/experiment_interfaces/share/colcon-core/packages/experiment_interfaces)
[4.472s] DEBUG:colcon.colcon_parallel_executor.executor.parallel:closing loop
[4.473s] DEBUG:colcon.colcon_parallel_executor.executor.parallel:loop closed
[4.473s] DEBUG:colcon.colcon_parallel_executor.executor.parallel:run_until_complete finished with '0'
[4.473s] DEBUG:colcon.colcon_core.event_reactor:joining thread
[4.484s] INFO:colcon.colcon_core.plugin_system:Skipping extension 'colcon_notification.desktop_notification.terminal_notifier': Not used on non-Darwin systems
[4.484s] INFO:colcon.colcon_core.plugin_system:Skipping extension 'colcon_notification.desktop_notification.win32': Not used on non-Windows systems
[4.484s] INFO:colcon.colcon_notification.desktop_notification:Sending desktop notification using 'notify2'
[4.498s] DEBUG:colcon.colcon_core.event_reactor:joined thread
[4.498s] INFO:colcon.colcon_core.shell:Creating prefix script '/home/akshaj/Desktop/ros-lab-exp/ros-lab/ros2_ws_Akshaj/install/local_setup.ps1'
[4.499s] INFO:colcon.colcon_core.shell:Creating prefix util module '/home/akshaj/Desktop/ros-lab-exp/ros-lab/ros2_ws_Akshaj/install/_local_setup_util_ps1.py'
[4.501s] INFO:colcon.colcon_core.shell:Creating prefix chain script '/home/akshaj/Desktop/ros-lab-exp/ros-lab/ros2_ws_Akshaj/install/setup.ps1'
[4.502s] INFO:colcon.colcon_core.shell:Creating prefix script '/home/akshaj/Desktop/ros-lab-exp/ros-lab/ros2_ws_Akshaj/install/local_setup.sh'
[4.503s] INFO:colcon.colcon_core.shell:Creating prefix util module '/home/akshaj/Desktop/ros-lab-exp/ros-lab/ros2_ws_Akshaj/install/_local_setup_util_sh.py'
[4.504s] INFO:colcon.colcon_core.shell:Creating prefix chain script '/home/akshaj/Desktop/ros-lab-exp/ros-lab/ros2_ws_Akshaj/install/setup.sh'
[4.505s] INFO:colcon.colcon_core.shell:Creating prefix script '/home/akshaj/Desktop/ros-lab-exp/ros-lab/ros2_ws_Akshaj/install/local_setup.bash'
[4.506s] INFO:colcon.colcon_core.shell:Creating prefix chain script '/home/akshaj/Desktop/ros-lab-exp/ros-lab/ros2_ws_Akshaj/install/setup.bash'
[4.508s] INFO:colcon.colcon_core.shell:Creating prefix script '/home/akshaj/Desktop/ros-lab-exp/ros-lab/ros2_ws_Akshaj/install/local_setup.zsh'
[4.508s] INFO:colcon.colcon_core.shell:Creating prefix chain script '/home/akshaj/Desktop/ros-lab-exp/ros-lab/ros2_ws_Akshaj/install/setup.zsh'
