[0.112s] DEBUG:colcon:Command line arguments: ['/usr/bin/colcon', 'build']
[0.113s] DEBUG:colcon:Parsed command line arguments: Namespace(log_base=None, log_level=None, verb_name='build', build_base='build', install_base='install', merge_install=False, symlink_install=False, test_result_base=None, continue_on_error=False, executor='parallel', parallel_workers=12, event_handlers=None, ignore_user_meta=False, metas=['./colcon.meta'], base_paths=['.'], packages_ignore=None, packages_ignore_regex=None, paths=None, packages_up_to=None, packages_up_to_regex=None, packages_above=None, packages_above_and_dependencies=None, packages_above_depth=None, packages_select_by_dep=None, packages_skip_by_dep=None, packages_skip_up_to=None, packages_select_build_failed=False, packages_skip_build_finished=False, packages_select_test_failures=False, packages_skip_test_passed=False, packages_select=None, packages_skip=None, packages_select_regex=None, packages_skip_regex=None, packages_start=None, packages_end=None, allow_overriding=[], cmake_args=None, cmake_target=None, cmake_target_skip_unavailable=False, cmake_clean_cache=False, cmake_clean_first=False, cmake_force_configure=False, ament_cmake_args=None, catkin_cmake_args=None, catkin_skip_building_tests=False, verb_parser=<colcon_defaults.argument_parser.defaults.DefaultArgumentsDecorator object at 0x79766c05d090>, verb_extension=<colcon_core.verb.build.BuildVerb object at 0x79766c05d600>, main=<bound method BuildVerb.main of <colcon_core.verb.build.BuildVerb object at 0x79766c05d600>>)
[0.247s] Level 1:colcon.colcon_core.package_discovery:discover_packages(colcon_meta) check parameters
[0.247s] Level 1:colcon.colcon_core.package_discovery:discover_packages(recursive) check parameters
[0.247s] Level 1:colcon.colcon_core.package_discovery:discover_packages(ignore) check parameters
[0.247s] Level 1:colcon.colcon_core.package_discovery:discover_packages(path) check parameters
[0.247s] Level 1:colcon.colcon_core.package_discovery:discover_packages(colcon_meta) discover
[0.247s] Level 1:colcon.colcon_core.package_discovery:discover_packages(recursive) discover
[0.247s] INFO:colcon.colcon_core.package_discovery:Crawling recursively for packages in '/home/akshaj/Desktop/ros-lab-exp/ros-lab/ros2_ws_Akshaj/src'
[0.247s] Level 1:colcon.colcon_core.package_identification:_identify(.) by extensions ['ignore', 'ignore_ament_install']
[0.247s] Level 1:colcon.colcon_core.package_identification:_identify(.) by extension 'ignore'
[0.247s] Level 1:colcon.colcon_core.package_identification:_identify(.) by extension 'ignore_ament_install'
[0.247s] Level 1:colcon.colcon_core.package_identification:_identify(.) by extensions ['colcon_pkg']
[0.247s] Level 1:colcon.colcon_core.package_identification:_identify(.) by extension 'colcon_pkg'
[0.247s] Level 1:colcon.colcon_core.package_identification:_identify(.) by extensions ['colcon_meta']
[0.247s] Level 1:colcon.colcon_core.package_identification:_identify(.) by extension 'colcon_meta'
[0.247s] Level 1:colcon.colcon_core.package_identification:_identify(.) by extensions ['ros']
[0.247s] Level 1:colcon.colcon_core.package_identification:_identify(.) by extension 'ros'
[0.255s] Level 1:colcon.colcon_core.package_identification:_identify(.) by extensions ['cmake', 'python']
[0.255s] Level 1:colcon.colcon_core.package_identification:_identify(.) by extension 'cmake'
[0.255s] Level 1:colcon.colcon_core.package_identification:_identify(.) by extension 'python'
[0.255s] Level 1:colcon.colcon_core.package_identification:_identify(.) by extensions ['python_setup_py']
[0.255s] Level 1:colcon.colcon_core.package_identification:_identify(.) by extension 'python_setup_py'
[0.255s] Level 1:colcon.colcon_core.package_identification:_identify(build) by extensions ['ignore', 'ignore_ament_install']
[0.255s] Level 1:colcon.colcon_core.package_identification:_identify(build) by extension 'ignore'
[0.255s] Level 1:colcon.colcon_core.package_identification:_identify(build) ignored
[0.256s] Level 1:colcon.colcon_core.package_identification:_identify(custom_service_test) by extensions ['ignore', 'ignore_ament_install']
[0.256s] Level 1:colcon.colcon_core.package_identification:_identify(custom_service_test) by extension 'ignore'
[0.256s] Level 1:colcon.colcon_core.package_identification:_identify(custom_service_test) by extension 'ignore_ament_install'
[0.256s] Level 1:colcon.colcon_core.package_identification:_identify(custom_service_test) by extensions ['colcon_pkg']
[0.256s] Level 1:colcon.colcon_core.package_identification:_identify(custom_service_test) by extension 'colcon_pkg'
[0.256s] Level 1:colcon.colcon_core.package_identification:_identify(custom_service_test) by extensions ['colcon_meta']
[0.256s] Level 1:colcon.colcon_core.package_identification:_identify(custom_service_test) by extension 'colcon_meta'
[0.256s] Level 1:colcon.colcon_core.package_identification:_identify(custom_service_test) by extensions ['ros']
[0.256s] Level 1:colcon.colcon_core.package_identification:_identify(custom_service_test) by extension 'ros'
[0.257s] DEBUG:colcon.colcon_core.package_identification:Package 'custom_service_test' with type 'ros.ament_python' and name 'custom_service_test'
[0.258s] Level 1:colcon.colcon_core.package_identification:_identify(exp3) by extensions ['ignore', 'ignore_ament_install']
[0.258s] Level 1:colcon.colcon_core.package_identification:_identify(exp3) by extension 'ignore'
[0.258s] Level 1:colcon.colcon_core.package_identification:_identify(exp3) by extension 'ignore_ament_install'
[0.258s] Level 1:colcon.colcon_core.package_identification:_identify(exp3) by extensions ['colcon_pkg']
[0.258s] Level 1:colcon.colcon_core.package_identification:_identify(exp3) by extension 'colcon_pkg'
[0.258s] Level 1:colcon.colcon_core.package_identification:_identify(exp3) by extensions ['colcon_meta']
[0.258s] Level 1:colcon.colcon_core.package_identification:_identify(exp3) by extension 'colcon_meta'
[0.258s] Level 1:colcon.colcon_core.package_identification:_identify(exp3) by extensions ['ros']
[0.258s] Level 1:colcon.colcon_core.package_identification:_identify(exp3) by extension 'ros'
[0.258s] DEBUG:colcon.colcon_core.package_identification:Package 'exp3' with type 'ros.ament_python' and name 'exp3'
[0.258s] Level 1:colcon.colcon_core.package_identification:_identify(experiment_interfaces) by extensions ['ignore', 'ignore_ament_install']
[0.258s] Level 1:colcon.colcon_core.package_identification:_identify(experiment_interfaces) by extension 'ignore'
[0.258s] Level 1:colcon.colcon_core.package_identification:_identify(experiment_interfaces) by extension 'ignore_ament_install'
[0.258s] Level 1:colcon.colcon_core.package_identification:_identify(experiment_interfaces) by extensions ['colcon_pkg']
[0.258s] Level 1:colcon.colcon_core.package_identification:_identify(experiment_interfaces) by extension 'colcon_pkg'
[0.258s] Level 1:colcon.colcon_core.package_identification:_identify(experiment_interfaces) by extensions ['colcon_meta']
[0.258s] Level 1:colcon.colcon_core.package_identification:_identify(experiment_interfaces) by extension 'colcon_meta'
[0.259s] Level 1:colcon.colcon_core.package_identification:_identify(experiment_interfaces) by extensions ['ros']
[0.259s] Level 1:colcon.colcon_core.package_identification:_identify(experiment_interfaces) by extension 'ros'
[0.259s] DEBUG:colcon.colcon_core.package_identification:Package 'experiment_interfaces' with type 'ros.ament_cmake' and name 'experiment_interfaces'
[0.259s] Level 1:colcon.colcon_core.package_identification:_identify(install) by extensions ['ignore', 'ignore_ament_install']
[0.259s] Level 1:colcon.colcon_core.package_identification:_identify(install) by extension 'ignore'
[0.259s] Level 1:colcon.colcon_core.package_identification:_identify(install) ignored
[0.259s] Level 1:colcon.colcon_core.package_identification:_identify(log) by extensions ['ignore', 'ignore_ament_install']
[0.259s] Level 1:colcon.colcon_core.package_identification:_identify(log) by extension 'ignore'
[0.259s] Level 1:colcon.colcon_core.package_identification:_identify(log) ignored
[0.259s] Level 1:colcon.colcon_core.package_identification:_identify(my_package) by extensions ['ignore', 'ignore_ament_install']
[0.259s] Level 1:colcon.colcon_core.package_identification:_identify(my_package) by extension 'ignore'
[0.259s] Level 1:colcon.colcon_core.package_identification:_identify(my_package) by extension 'ignore_ament_install'
[0.259s] Level 1:colcon.colcon_core.package_identification:_identify(my_package) by extensions ['colcon_pkg']
[0.259s] Level 1:colcon.colcon_core.package_identification:_identify(my_package) by extension 'colcon_pkg'
[0.259s] Level 1:colcon.colcon_core.package_identification:_identify(my_package) by extensions ['colcon_meta']
[0.260s] Level 1:colcon.colcon_core.package_identification:_identify(my_package) by extension 'colcon_meta'
[0.260s] Level 1:colcon.colcon_core.package_identification:_identify(my_package) by extensions ['ros']
[0.260s] Level 1:colcon.colcon_core.package_identification:_identify(my_package) by extension 'ros'
[0.260s] DEBUG:colcon.colcon_core.package_identification:Package 'my_package' with type 'ros.ament_python' and name 'my_package'
[0.260s] Level 1:colcon.colcon_core.package_identification:_identify(ros2_ws_exp4) by extensions ['ignore', 'ignore_ament_install']
[0.260s] Level 1:colcon.colcon_core.package_identification:_identify(ros2_ws_exp4) by extension 'ignore'
[0.260s] Level 1:colcon.colcon_core.package_identification:_identify(ros2_ws_exp4) by extension 'ignore_ament_install'
[0.260s] Level 1:colcon.colcon_core.package_identification:_identify(ros2_ws_exp4) by extensions ['colcon_pkg']
[0.260s] Level 1:colcon.colcon_core.package_identification:_identify(ros2_ws_exp4) by extension 'colcon_pkg'
[0.260s] Level 1:colcon.colcon_core.package_identification:_identify(ros2_ws_exp4) by extensions ['colcon_meta']
[0.260s] Level 1:colcon.colcon_core.package_identification:_identify(ros2_ws_exp4) by extension 'colcon_meta'
[0.260s] Level 1:colcon.colcon_core.package_identification:_identify(ros2_ws_exp4) by extensions ['ros']
[0.260s] Level 1:colcon.colcon_core.package_identification:_identify(ros2_ws_exp4) by extension 'ros'
[0.260s] Level 1:colcon.colcon_core.package_identification:_identify(ros2_ws_exp4) by extensions ['cmake', 'python']
[0.260s] Level 1:colcon.colcon_core.package_identification:_identify(ros2_ws_exp4) by extension 'cmake'
[0.260s] Level 1:colcon.colcon_core.package_identification:_identify(ros2_ws_exp4) by extension 'python'
[0.260s] Level 1:colcon.colcon_core.package_identification:_identify(ros2_ws_exp4) by extensions ['python_setup_py']
[0.260s] Level 1:colcon.colcon_core.package_identification:_identify(ros2_ws_exp4) by extension 'python_setup_py'
[0.261s] Level 1:colcon.colcon_core.package_identification:_identify(ros2_ws_exp4/build) by extensions ['ignore', 'ignore_ament_install']
[0.261s] Level 1:colcon.colcon_core.package_identification:_identify(ros2_ws_exp4/build) by extension 'ignore'
[0.261s] Level 1:colcon.colcon_core.package_identification:_identify(ros2_ws_exp4/build) ignored
[0.261s] Level 1:colcon.colcon_core.package_identification:_identify(ros2_ws_exp4/install) by extensions ['ignore', 'ignore_ament_install']
[0.261s] Level 1:colcon.colcon_core.package_identification:_identify(ros2_ws_exp4/install) by extension 'ignore'
[0.261s] Level 1:colcon.colcon_core.package_identification:_identify(ros2_ws_exp4/install) ignored
[0.261s] Level 1:colcon.colcon_core.package_identification:_identify(ros2_ws_exp4/log) by extensions ['ignore', 'ignore_ament_install']
[0.261s] Level 1:colcon.colcon_core.package_identification:_identify(ros2_ws_exp4/log) by extension 'ignore'
[0.261s] Level 1:colcon.colcon_core.package_identification:_identify(ros2_ws_exp4/log) ignored
[0.261s] Level 1:colcon.colcon_core.package_identification:_identify(ros2_ws_exp4/src) by extensions ['ignore', 'ignore_ament_install']
[0.261s] Level 1:colcon.colcon_core.package_identification:_identify(ros2_ws_exp4/src) by extension 'ignore'
[0.261s] Level 1:colcon.colcon_core.package_identification:_identify(ros2_ws_exp4/src) by extension 'ignore_ament_install'
[0.261s] Level 1:colcon.colcon_core.package_identification:_identify(ros2_ws_exp4/src) by extensions ['colcon_pkg']
[0.261s] Level 1:colcon.colcon_core.package_identification:_identify(ros2_ws_exp4/src) by extension 'colcon_pkg'
[0.261s] Level 1:colcon.colcon_core.package_identification:_identify(ros2_ws_exp4/src) by extensions ['colcon_meta']
[0.261s] Level 1:colcon.colcon_core.package_identification:_identify(ros2_ws_exp4/src) by extension 'colcon_meta'
[0.261s] Level 1:colcon.colcon_core.package_identification:_identify(ros2_ws_exp4/src) by extensions ['ros']
[0.261s] Level 1:colcon.colcon_core.package_identification:_identify(ros2_ws_exp4/src) by extension 'ros'
[0.261s] Level 1:colcon.colcon_core.package_identification:_identify(ros2_ws_exp4/src) by extensions ['cmake', 'python']
[0.261s] Level 1:colcon.colcon_core.package_identification:_identify(ros2_ws_exp4/src) by extension 'cmake'
[0.261s] Level 1:colcon.colcon_core.package_identification:_identify(ros2_ws_exp4/src) by extension 'python'
[0.261s] Level 1:colcon.colcon_core.package_identification:_identify(ros2_ws_exp4/src) by extensions ['python_setup_py']
[0.261s] Level 1:colcon.colcon_core.package_identification:_identify(ros2_ws_exp4/src) by extension 'python_setup_py'
[0.261s] Level 1:colcon.colcon_core.package_identification:_identify(ros2_ws_exp4/src/client_pkg) by extensions ['ignore', 'ignore_ament_install']
[0.262s] Level 1:colcon.colcon_core.package_identification:_identify(ros2_ws_exp4/src/client_pkg) by extension 'ignore'
[0.262s] Level 1:colcon.colcon_core.package_identification:_identify(ros2_ws_exp4/src/client_pkg) by extension 'ignore_ament_install'
[0.262s] Level 1:colcon.colcon_core.package_identification:_identify(ros2_ws_exp4/src/client_pkg) by extensions ['colcon_pkg']
[0.262s] Level 1:colcon.colcon_core.package_identification:_identify(ros2_ws_exp4/src/client_pkg) by extension 'colcon_pkg'
[0.262s] Level 1:colcon.colcon_core.package_identification:_identify(ros2_ws_exp4/src/client_pkg) by extensions ['colcon_meta']
[0.262s] Level 1:colcon.colcon_core.package_identification:_identify(ros2_ws_exp4/src/client_pkg) by extension 'colcon_meta'
[0.262s] Level 1:colcon.colcon_core.package_identification:_identify(ros2_ws_exp4/src/client_pkg) by extensions ['ros']
[0.262s] Level 1:colcon.colcon_core.package_identification:_identify(ros2_ws_exp4/src/client_pkg) by extension 'ros'
[0.262s] DEBUG:colcon.colcon_core.package_identification:Package 'ros2_ws_exp4/src/client_pkg' with type 'ros.ament_python' and name 'client_pkg'
[0.262s] Level 1:colcon.colcon_core.package_discovery:discover_packages(recursive) using defaults
[0.262s] Level 1:colcon.colcon_core.package_discovery:discover_packages(ignore) discover
[0.262s] Level 1:colcon.colcon_core.package_discovery:discover_packages(ignore) using defaults
[0.262s] Level 1:colcon.colcon_core.package_discovery:discover_packages(path) discover
[0.262s] Level 1:colcon.colcon_core.package_discovery:discover_packages(path) using defaults
[0.286s] Level 1:colcon.colcon_core.package_discovery:discover_packages(prefix_path) check parameters
[0.286s] Level 1:colcon.colcon_core.package_discovery:discover_packages(prefix_path) discover
[0.289s] DEBUG:colcon.colcon_installed_package_information.package_discovery:Found 385 installed packages in /opt/ros/humble
[0.291s] Level 1:colcon.colcon_core.package_discovery:discover_packages(prefix_path) using defaults
[0.325s] Level 5:colcon.colcon_core.verb:set package 'client_pkg' build argument 'cmake_args' from command line to 'None'
[0.325s] Level 5:colcon.colcon_core.verb:set package 'client_pkg' build argument 'cmake_target' from command line to 'None'
[0.325s] Level 5:colcon.colcon_core.verb:set package 'client_pkg' build argument 'cmake_target_skip_unavailable' from command line to 'False'
[0.325s] Level 5:colcon.colcon_core.verb:set package 'client_pkg' build argument 'cmake_clean_cache' from command line to 'False'
[0.325s] Level 5:colcon.colcon_core.verb:set package 'client_pkg' build argument 'cmake_clean_first' from command line to 'False'
[0.325s] Level 5:colcon.colcon_core.verb:set package 'client_pkg' build argument 'cmake_force_configure' from command line to 'False'
[0.325s] Level 5:colcon.colcon_core.verb:set package 'client_pkg' build argument 'ament_cmake_args' from command line to 'None'
[0.325s] Level 5:colcon.colcon_core.verb:set package 'client_pkg' build argument 'catkin_cmake_args' from command line to 'None'
[0.325s] Level 5:colcon.colcon_core.verb:set package 'client_pkg' build argument 'catkin_skip_building_tests' from command line to 'False'
[0.325s] DEBUG:colcon.colcon_core.verb:Building package 'client_pkg' with the following arguments: {'ament_cmake_args': None, 'build_base': '/home/akshaj/Desktop/ros-lab-exp/ros-lab/ros2_ws_Akshaj/src/build/client_pkg', 'catkin_cmake_args': None, 'catkin_skip_building_tests': False, 'cmake_args': None, 'cmake_clean_cache': False, 'cmake_clean_first': False, 'cmake_force_configure': False, 'cmake_target': None, 'cmake_target_skip_unavailable': False, 'install_base': '/home/akshaj/Desktop/ros-lab-exp/ros-lab/ros2_ws_Akshaj/src/install/client_pkg', 'merge_install': False, 'path': '/home/akshaj/Desktop/ros-lab-exp/ros-lab/ros2_ws_Akshaj/src/ros2_ws_exp4/src/client_pkg', 'symlink_install': False, 'test_result_base': None}
[0.325s] Level 5:colcon.colcon_core.verb:set package 'custom_service_test' build argument 'cmake_args' from command line to 'None'
[0.326s] Level 5:colcon.colcon_core.verb:set package 'custom_service_test' build argument 'cmake_target' from command line to 'None'
[0.326s] Level 5:colcon.colcon_core.verb:set package 'custom_service_test' build argument 'cmake_target_skip_unavailable' from command line to 'False'
[0.326s] Level 5:colcon.colcon_core.verb:set package 'custom_service_test' build argument 'cmake_clean_cache' from command line to 'False'
[0.326s] Level 5:colcon.colcon_core.verb:set package 'custom_service_test' build argument 'cmake_clean_first' from command line to 'False'
[0.326s] Level 5:colcon.colcon_core.verb:set package 'custom_service_test' build argument 'cmake_force_configure' from command line to 'False'
[0.326s] Level 5:colcon.colcon_core.verb:set package 'custom_service_test' build argument 'ament_cmake_args' from command line to 'None'
[0.326s] Level 5:colcon.colcon_core.verb:set package 'custom_service_test' build argument 'catkin_cmake_args' from command line to 'None'
[0.326s] Level 5:colcon.colcon_core.verb:set package 'custom_service_test' build argument 'catkin_skip_building_tests' from command line to 'False'
[0.326s] DEBUG:colcon.colcon_core.verb:Building package 'custom_service_test' with the following arguments: {'ament_cmake_args': None, 'build_base': '/home/akshaj/Desktop/ros-lab-exp/ros-lab/ros2_ws_Akshaj/src/build/custom_service_test', 'catkin_cmake_args': None, 'catkin_skip_building_tests': False, 'cmake_args': None, 'cmake_clean_cache': False, 'cmake_clean_first': False, 'cmake_force_configure': False, 'cmake_target': None, 'cmake_target_skip_unavailable': False, 'install_base': '/home/akshaj/Desktop/ros-lab-exp/ros-lab/ros2_ws_Akshaj/src/install/custom_service_test', 'merge_install': False, 'path': '/home/akshaj/Desktop/ros-lab-exp/ros-lab/ros2_ws_Akshaj/src/custom_service_test', 'symlink_install': False, 'test_result_base': None}
[0.326s] Level 5:colcon.colcon_core.verb:set package 'exp3' build argument 'cmake_args' from command line to 'None'
[0.326s] Level 5:colcon.colcon_core.verb:set package 'exp3' build argument 'cmake_target' from command line to 'None'
[0.326s] Level 5:colcon.colcon_core.verb:set package 'exp3' build argument 'cmake_target_skip_unavailable' from command line to 'False'
[0.326s] Level 5:colcon.colcon_core.verb:set package 'exp3' build argument 'cmake_clean_cache' from command line to 'False'
[0.326s] Level 5:colcon.colcon_core.verb:set package 'exp3' build argument 'cmake_clean_first' from command line to 'False'
[0.326s] Level 5:colcon.colcon_core.verb:set package 'exp3' build argument 'cmake_force_configure' from command line to 'False'
[0.326s] Level 5:colcon.colcon_core.verb:set package 'exp3' build argument 'ament_cmake_args' from command line to 'None'
[0.326s] Level 5:colcon.colcon_core.verb:set package 'exp3' build argument 'catkin_cmake_args' from command line to 'None'
[0.326s] Level 5:colcon.colcon_core.verb:set package 'exp3' build argument 'catkin_skip_building_tests' from command line to 'False'
[0.326s] DEBUG:colcon.colcon_core.verb:Building package 'exp3' with the following arguments: {'ament_cmake_args': None, 'build_base': '/home/akshaj/Desktop/ros-lab-exp/ros-lab/ros2_ws_Akshaj/src/build/exp3', 'catkin_cmake_args': None, 'catkin_skip_building_tests': False, 'cmake_args': None, 'cmake_clean_cache': False, 'cmake_clean_first': False, 'cmake_force_configure': False, 'cmake_target': None, 'cmake_target_skip_unavailable': False, 'install_base': '/home/akshaj/Desktop/ros-lab-exp/ros-lab/ros2_ws_Akshaj/src/install/exp3', 'merge_install': False, 'path': '/home/akshaj/Desktop/ros-lab-exp/ros-lab/ros2_ws_Akshaj/src/exp3', 'symlink_install': False, 'test_result_base': None}
[0.326s] Level 5:colcon.colcon_core.verb:set package 'experiment_interfaces' build argument 'cmake_args' from command line to 'None'
[0.326s] Level 5:colcon.colcon_core.verb:set package 'experiment_interfaces' build argument 'cmake_target' from command line to 'None'
[0.326s] Level 5:colcon.colcon_core.verb:set package 'experiment_interfaces' build argument 'cmake_target_skip_unavailable' from command line to 'False'
[0.326s] Level 5:colcon.colcon_core.verb:set package 'experiment_interfaces' build argument 'cmake_clean_cache' from command line to 'False'
[0.326s] Level 5:colcon.colcon_core.verb:set package 'experiment_interfaces' build argument 'cmake_clean_first' from command line to 'False'
[0.326s] Level 5:colcon.colcon_core.verb:set package 'experiment_interfaces' build argument 'cmake_force_configure' from command line to 'False'
[0.326s] Level 5:colcon.colcon_core.verb:set package 'experiment_interfaces' build argument 'ament_cmake_args' from command line to 'None'
[0.326s] Level 5:colcon.colcon_core.verb:set package 'experiment_interfaces' build argument 'catkin_cmake_args' from command line to 'None'
[0.326s] Level 5:colcon.colcon_core.verb:set package 'experiment_interfaces' build argument 'catkin_skip_building_tests' from command line to 'False'
[0.326s] DEBUG:colcon.colcon_core.verb:Building package 'experiment_interfaces' with the following arguments: {'ament_cmake_args': None, 'build_base': '/home/akshaj/Desktop/ros-lab-exp/ros-lab/ros2_ws_Akshaj/src/build/experiment_interfaces', 'catkin_cmake_args': None, 'catkin_skip_building_tests': False, 'cmake_args': None, 'cmake_clean_cache': False, 'cmake_clean_first': False, 'cmake_force_configure': False, 'cmake_target': None, 'cmake_target_skip_unavailable': False, 'install_base': '/home/akshaj/Desktop/ros-lab-exp/ros-lab/ros2_ws_Akshaj/src/install/experiment_interfaces', 'merge_install': False, 'path': '/home/akshaj/Desktop/ros-lab-exp/ros-lab/ros2_ws_Akshaj/src/experiment_interfaces', 'symlink_install': False, 'test_result_base': None}
[0.327s] Level 5:colcon.colcon_core.verb:set package 'my_package' build argument 'cmake_args' from command line to 'None'
[0.327s] Level 5:colcon.colcon_core.verb:set package 'my_package' build argument 'cmake_target' from command line to 'None'
[0.327s] Level 5:colcon.colcon_core.verb:set package 'my_package' build argument 'cmake_target_skip_unavailable' from command line to 'False'
[0.327s] Level 5:colcon.colcon_core.verb:set package 'my_package' build argument 'cmake_clean_cache' from command line to 'False'
[0.327s] Level 5:colcon.colcon_core.verb:set package 'my_package' build argument 'cmake_clean_first' from command line to 'False'
[0.327s] Level 5:colcon.colcon_core.verb:set package 'my_package' build argument 'cmake_force_configure' from command line to 'False'
[0.327s] Level 5:colcon.colcon_core.verb:set package 'my_package' build argument 'ament_cmake_args' from command line to 'None'
[0.327s] Level 5:colcon.colcon_core.verb:set package 'my_package' build argument 'catkin_cmake_args' from command line to 'None'
[0.327s] Level 5:colcon.colcon_core.verb:set package 'my_package' build argument 'catkin_skip_building_tests' from command line to 'False'
[0.327s] DEBUG:colcon.colcon_core.verb:Building package 'my_package' with the following arguments: {'ament_cmake_args': None, 'build_base': '/home/akshaj/Desktop/ros-lab-exp/ros-lab/ros2_ws_Akshaj/src/build/my_package', 'catkin_cmake_args': None, 'catkin_skip_building_tests': False, 'cmake_args': None, 'cmake_clean_cache': False, 'cmake_clean_first': False, 'cmake_force_configure': False, 'cmake_target': None, 'cmake_target_skip_unavailable': False, 'install_base': '/home/akshaj/Desktop/ros-lab-exp/ros-lab/ros2_ws_Akshaj/src/install/my_package', 'merge_install': False, 'path': '/home/akshaj/Desktop/ros-lab-exp/ros-lab/ros2_ws_Akshaj/src/my_package', 'symlink_install': False, 'test_result_base': None}
[0.327s] INFO:colcon.colcon_core.executor:Executing jobs using 'parallel' executor
[0.328s] DEBUG:colcon.colcon_parallel_executor.executor.parallel:run_until_complete
[0.328s] INFO:colcon.colcon_ros.task.ament_python.build:Building ROS package in '/home/akshaj/Desktop/ros-lab-exp/ros-lab/ros2_ws_Akshaj/src/ros2_ws_exp4/src/client_pkg' with build type 'ament_python'
[0.328s] Level 1:colcon.colcon_core.shell:create_environment_hook('client_pkg', 'ament_prefix_path')
[0.332s] INFO:colcon.colcon_core.plugin_system:Skipping extension 'colcon_core.shell.bat': Not used on non-Windows systems
[0.332s] INFO:colcon.colcon_core.shell:Creating environment hook '/home/akshaj/Desktop/ros-lab-exp/ros-lab/ros2_ws_Akshaj/src/install/client_pkg/share/client_pkg/hook/ament_prefix_path.ps1'
[0.332s] INFO:colcon.colcon_core.shell:Creating environment descriptor '/home/akshaj/Desktop/ros-lab-exp/ros-lab/ros2_ws_Akshaj/src/install/client_pkg/share/client_pkg/hook/ament_prefix_path.dsv'
[0.333s] INFO:colcon.colcon_core.shell:Creating environment hook '/home/akshaj/Desktop/ros-lab-exp/ros-lab/ros2_ws_Akshaj/src/install/client_pkg/share/client_pkg/hook/ament_prefix_path.sh'
[0.333s] INFO:colcon.colcon_core.shell:Skip shell extension 'powershell' for command environment: Not usable outside of PowerShell
[0.333s] DEBUG:colcon.colcon_core.shell:Skip shell extension 'dsv' for command environment
[0.336s] INFO:colcon.colcon_ros.task.ament_python.build:Building ROS package in '/home/akshaj/Desktop/ros-lab-exp/ros-lab/ros2_ws_Akshaj/src/custom_service_test' with build type 'ament_python'
[0.336s] Level 1:colcon.colcon_core.shell:create_environment_hook('custom_service_test', 'ament_prefix_path')
[0.336s] INFO:colcon.colcon_core.shell:Creating environment hook '/home/akshaj/Desktop/ros-lab-exp/ros-lab/ros2_ws_Akshaj/src/install/custom_service_test/share/custom_service_test/hook/ament_prefix_path.ps1'
[0.336s] INFO:colcon.colcon_core.shell:Creating environment descriptor '/home/akshaj/Desktop/ros-lab-exp/ros-lab/ros2_ws_Akshaj/src/install/custom_service_test/share/custom_service_test/hook/ament_prefix_path.dsv'
[0.336s] INFO:colcon.colcon_core.shell:Creating environment hook '/home/akshaj/Desktop/ros-lab-exp/ros-lab/ros2_ws_Akshaj/src/install/custom_service_test/share/custom_service_test/hook/ament_prefix_path.sh'
[0.337s] INFO:colcon.colcon_core.shell:Skip shell extension 'powershell' for command environment: Not usable outside of PowerShell
[0.337s] DEBUG:colcon.colcon_core.shell:Skip shell extension 'dsv' for command environment
[0.339s] INFO:colcon.colcon_ros.task.ament_python.build:Building ROS package in '/home/akshaj/Desktop/ros-lab-exp/ros-lab/ros2_ws_Akshaj/src/exp3' with build type 'ament_python'
[0.339s] Level 1:colcon.colcon_core.shell:create_environment_hook('exp3', 'ament_prefix_path')
[0.339s] INFO:colcon.colcon_core.shell:Creating environment hook '/home/akshaj/Desktop/ros-lab-exp/ros-lab/ros2_ws_Akshaj/src/install/exp3/share/exp3/hook/ament_prefix_path.ps1'
[0.340s] INFO:colcon.colcon_core.shell:Creating environment descriptor '/home/akshaj/Desktop/ros-lab-exp/ros-lab/ros2_ws_Akshaj/src/install/exp3/share/exp3/hook/ament_prefix_path.dsv'
[0.340s] INFO:colcon.colcon_core.shell:Creating environment hook '/home/akshaj/Desktop/ros-lab-exp/ros-lab/ros2_ws_Akshaj/src/install/exp3/share/exp3/hook/ament_prefix_path.sh'
[0.340s] INFO:colcon.colcon_core.shell:Skip shell extension 'powershell' for command environment: Not usable outside of PowerShell
[0.340s] DEBUG:colcon.colcon_core.shell:Skip shell extension 'dsv' for command environment
[0.343s] INFO:colcon.colcon_ros.task.ament_cmake.build:Building ROS package in '/home/akshaj/Desktop/ros-lab-exp/ros-lab/ros2_ws_Akshaj/src/experiment_interfaces' with build type 'ament_cmake'
[0.343s] INFO:colcon.colcon_cmake.task.cmake.build:Building CMake package in '/home/akshaj/Desktop/ros-lab-exp/ros-lab/ros2_ws_Akshaj/src/experiment_interfaces'
[0.343s] INFO:colcon.colcon_core.shell:Skip shell extension 'powershell' for command environment: Not usable outside of PowerShell
[0.343s] DEBUG:colcon.colcon_core.shell:Skip shell extension 'dsv' for command environment
[0.345s] INFO:colcon.colcon_ros.task.ament_python.build:Building ROS package in '/home/akshaj/Desktop/ros-lab-exp/ros-lab/ros2_ws_Akshaj/src/my_package' with build type 'ament_python'
[0.345s] Level 1:colcon.colcon_core.shell:create_environment_hook('my_package', 'ament_prefix_path')
[0.345s] INFO:colcon.colcon_core.shell:Creating environment hook '/home/akshaj/Desktop/ros-lab-exp/ros-lab/ros2_ws_Akshaj/src/install/my_package/share/my_package/hook/ament_prefix_path.ps1'
[0.346s] INFO:colcon.colcon_core.shell:Creating environment descriptor '/home/akshaj/Desktop/ros-lab-exp/ros-lab/ros2_ws_Akshaj/src/install/my_package/share/my_package/hook/ament_prefix_path.dsv'
[0.346s] INFO:colcon.colcon_core.shell:Creating environment hook '/home/akshaj/Desktop/ros-lab-exp/ros-lab/ros2_ws_Akshaj/src/install/my_package/share/my_package/hook/ament_prefix_path.sh'
[0.346s] INFO:colcon.colcon_core.shell:Skip shell extension 'powershell' for command environment: Not usable outside of PowerShell
[0.346s] DEBUG:colcon.colcon_core.shell:Skip shell extension 'dsv' for command environment
[0.545s] INFO:colcon.colcon_core.task.python.build:Building Python package in '/home/akshaj/Desktop/ros-lab-exp/ros-lab/ros2_ws_Akshaj/src/ros2_ws_exp4/src/client_pkg'
[0.546s] INFO:colcon.colcon_core.shell:Skip shell extension 'powershell' for command environment: Not usable outside of PowerShell
[0.546s] DEBUG:colcon.colcon_core.shell:Skip shell extension 'dsv' for command environment
[0.749s] INFO:colcon.colcon_core.task.python.build:Building Python package in '/home/akshaj/Desktop/ros-lab-exp/ros-lab/ros2_ws_Akshaj/src/custom_service_test'
[0.749s] INFO:colcon.colcon_core.shell:Skip shell extension 'powershell' for command environment: Not usable outside of PowerShell
[0.749s] DEBUG:colcon.colcon_core.shell:Skip shell extension 'dsv' for command environment
[0.952s] INFO:colcon.colcon_core.task.python.build:Building Python package in '/home/akshaj/Desktop/ros-lab-exp/ros-lab/ros2_ws_Akshaj/src/exp3'
[0.952s] INFO:colcon.colcon_core.shell:Skip shell extension 'powershell' for command environment: Not usable outside of PowerShell
[0.952s] DEBUG:colcon.colcon_core.shell:Skip shell extension 'dsv' for command environment
[0.958s] DEBUG:colcon.colcon_core.event_handler.log_command:Invoking command in '/home/akshaj/Desktop/ros-lab-exp/ros-lab/ros2_ws_Akshaj/src/build/experiment_interfaces': CMAKE_PREFIX_PATH=/opt/ros/humble /usr/bin/cmake /home/akshaj/Desktop/ros-lab-exp/ros-lab/ros2_ws_Akshaj/src/experiment_interfaces -DCMAKE_INSTALL_PREFIX=/home/akshaj/Desktop/ros-lab-exp/ros-lab/ros2_ws_Akshaj/src/install/experiment_interfaces
[1.165s] INFO:colcon.colcon_core.task.python.build:Building Python package in '/home/akshaj/Desktop/ros-lab-exp/ros-lab/ros2_ws_Akshaj/src/my_package'
[1.165s] INFO:colcon.colcon_core.shell:Skip shell extension 'powershell' for command environment: Not usable outside of PowerShell
[1.165s] DEBUG:colcon.colcon_core.shell:Skip shell extension 'dsv' for command environment
[1.515s] DEBUG:colcon.colcon_core.event_handler.log_command:Invoking command in '/home/akshaj/Desktop/ros-lab-exp/ros-lab/ros2_ws_Akshaj/src/custom_service_test': PYTHONPATH=/home/akshaj/Desktop/ros-lab-exp/ros-lab/ros2_ws_Akshaj/src/build/custom_service_test/prefix_override:/usr/lib/python3/dist-packages/colcon_core/task/python/colcon_distutils_commands:/home/akshaj/Desktop/ros-lab-exp/ros-lab/ros2_ws_Akshaj/src/install/custom_service_test/lib/python3.10/site-packages:${PYTHONPATH} /usr/bin/python3 -W ignore:setup.py install is deprecated -W ignore:easy_install command is deprecated setup.py egg_info --egg-base ../build/custom_service_test build --build-base /home/akshaj/Desktop/ros-lab-exp/ros-lab/ros2_ws_Akshaj/src/build/custom_service_test/build install --record /home/akshaj/Desktop/ros-lab-exp/ros-lab/ros2_ws_Akshaj/src/build/custom_service_test/install.log --single-version-externally-managed install_data
[1.519s] DEBUG:colcon.colcon_core.event_handler.log_command:Invoking command in '/home/akshaj/Desktop/ros-lab-exp/ros-lab/ros2_ws_Akshaj/src/my_package': PYTHONPATH=/home/akshaj/Desktop/ros-lab-exp/ros-lab/ros2_ws_Akshaj/src/build/my_package/prefix_override:/usr/lib/python3/dist-packages/colcon_core/task/python/colcon_distutils_commands:/home/akshaj/Desktop/ros-lab-exp/ros-lab/ros2_ws_Akshaj/src/install/my_package/lib/python3.10/site-packages:${PYTHONPATH} /usr/bin/python3 -W ignore:setup.py install is deprecated -W ignore:easy_install command is deprecated setup.py egg_info --egg-base ../build/my_package build --build-base /home/akshaj/Desktop/ros-lab-exp/ros-lab/ros2_ws_Akshaj/src/build/my_package/build install --record /home/akshaj/Desktop/ros-lab-exp/ros-lab/ros2_ws_Akshaj/src/build/my_package/install.log --single-version-externally-managed install_data
[1.532s] DEBUG:colcon.colcon_core.event_handler.log_command:Invoking command in '/home/akshaj/Desktop/ros-lab-exp/ros-lab/ros2_ws_Akshaj/src/ros2_ws_exp4/src/client_pkg': PYTHONPATH=/home/akshaj/Desktop/ros-lab-exp/ros-lab/ros2_ws_Akshaj/src/build/client_pkg/prefix_override:/usr/lib/python3/dist-packages/colcon_core/task/python/colcon_distutils_commands:/home/akshaj/Desktop/ros-lab-exp/ros-lab/ros2_ws_Akshaj/src/install/client_pkg/lib/python3.10/site-packages:${PYTHONPATH} /usr/bin/python3 -W ignore:setup.py install is deprecated -W ignore:easy_install command is deprecated setup.py egg_info --egg-base ../../../build/client_pkg build --build-base /home/akshaj/Desktop/ros-lab-exp/ros-lab/ros2_ws_Akshaj/src/build/client_pkg/build install --record /home/akshaj/Desktop/ros-lab-exp/ros-lab/ros2_ws_Akshaj/src/build/client_pkg/install.log --single-version-externally-managed install_data
[1.537s] DEBUG:colcon.colcon_core.event_handler.log_command:Invoking command in '/home/akshaj/Desktop/ros-lab-exp/ros-lab/ros2_ws_Akshaj/src/exp3': PYTHONPATH=/home/akshaj/Desktop/ros-lab-exp/ros-lab/ros2_ws_Akshaj/src/build/exp3/prefix_override:/usr/lib/python3/dist-packages/colcon_core/task/python/colcon_distutils_commands:/home/akshaj/Desktop/ros-lab-exp/ros-lab/ros2_ws_Akshaj/src/install/exp3/lib/python3.10/site-packages:${PYTHONPATH} /usr/bin/python3 -W ignore:setup.py install is deprecated -W ignore:easy_install command is deprecated setup.py egg_info --egg-base ../build/exp3 build --build-base /home/akshaj/Desktop/ros-lab-exp/ros-lab/ros2_ws_Akshaj/src/build/exp3/build install --record /home/akshaj/Desktop/ros-lab-exp/ros-lab/ros2_ws_Akshaj/src/build/exp3/install.log --single-version-externally-managed install_data
[1.776s] DEBUG:colcon.colcon_core.event_handler.log_command:Invoked command in '/home/akshaj/Desktop/ros-lab-exp/ros-lab/ros2_ws_Akshaj/src/custom_service_test' returned '0': PYTHONPATH=/home/akshaj/Desktop/ros-lab-exp/ros-lab/ros2_ws_Akshaj/src/build/custom_service_test/prefix_override:/usr/lib/python3/dist-packages/colcon_core/task/python/colcon_distutils_commands:/home/akshaj/Desktop/ros-lab-exp/ros-lab/ros2_ws_Akshaj/src/install/custom_service_test/lib/python3.10/site-packages:${PYTHONPATH} /usr/bin/python3 -W ignore:setup.py install is deprecated -W ignore:easy_install command is deprecated setup.py egg_info --egg-base ../build/custom_service_test build --build-base /home/akshaj/Desktop/ros-lab-exp/ros-lab/ros2_ws_Akshaj/src/build/custom_service_test/build install --record /home/akshaj/Desktop/ros-lab-exp/ros-lab/ros2_ws_Akshaj/src/build/custom_service_test/install.log --single-version-externally-managed install_data
[1.780s] Level 1:colcon.colcon_core.environment:checking '/home/akshaj/Desktop/ros-lab-exp/ros-lab/ros2_ws_Akshaj/src/install/custom_service_test' for CMake module files
[1.780s] Level 1:colcon.colcon_core.environment:checking '/home/akshaj/Desktop/ros-lab-exp/ros-lab/ros2_ws_Akshaj/src/install/custom_service_test' for CMake config files
[1.781s] Level 1:colcon.colcon_core.environment:checking '/home/akshaj/Desktop/ros-lab-exp/ros-lab/ros2_ws_Akshaj/src/install/custom_service_test/lib'
[1.781s] Level 1:colcon.colcon_core.environment:checking '/home/akshaj/Desktop/ros-lab-exp/ros-lab/ros2_ws_Akshaj/src/install/custom_service_test/bin'
[1.781s] Level 1:colcon.colcon_core.environment:checking '/home/akshaj/Desktop/ros-lab-exp/ros-lab/ros2_ws_Akshaj/src/install/custom_service_test/lib/pkgconfig/custom_service_test.pc'
[1.781s] Level 1:colcon.colcon_core.environment:checking '/home/akshaj/Desktop/ros-lab-exp/ros-lab/ros2_ws_Akshaj/src/install/custom_service_test/lib/python3.10/site-packages'
[1.781s] Level 1:colcon.colcon_core.shell:create_environment_hook('custom_service_test', 'pythonpath')
[1.782s] INFO:colcon.colcon_core.shell:Creating environment hook '/home/akshaj/Desktop/ros-lab-exp/ros-lab/ros2_ws_Akshaj/src/install/custom_service_test/share/custom_service_test/hook/pythonpath.ps1'
[1.782s] INFO:colcon.colcon_core.shell:Creating environment descriptor '/home/akshaj/Desktop/ros-lab-exp/ros-lab/ros2_ws_Akshaj/src/install/custom_service_test/share/custom_service_test/hook/pythonpath.dsv'
[1.783s] INFO:colcon.colcon_core.shell:Creating environment hook '/home/akshaj/Desktop/ros-lab-exp/ros-lab/ros2_ws_Akshaj/src/install/custom_service_test/share/custom_service_test/hook/pythonpath.sh'
[1.783s] Level 1:colcon.colcon_core.environment:checking '/home/akshaj/Desktop/ros-lab-exp/ros-lab/ros2_ws_Akshaj/src/install/custom_service_test/bin'
[1.783s] Level 1:colcon.colcon_core.environment:create_environment_scripts_only(custom_service_test)
[1.783s] INFO:colcon.colcon_core.shell:Creating package script '/home/akshaj/Desktop/ros-lab-exp/ros-lab/ros2_ws_Akshaj/src/install/custom_service_test/share/custom_service_test/package.ps1'
[1.784s] INFO:colcon.colcon_core.shell:Creating package descriptor '/home/akshaj/Desktop/ros-lab-exp/ros-lab/ros2_ws_Akshaj/src/install/custom_service_test/share/custom_service_test/package.dsv'
[1.785s] INFO:colcon.colcon_core.shell:Creating package script '/home/akshaj/Desktop/ros-lab-exp/ros-lab/ros2_ws_Akshaj/src/install/custom_service_test/share/custom_service_test/package.sh'
[1.786s] INFO:colcon.colcon_core.shell:Creating package script '/home/akshaj/Desktop/ros-lab-exp/ros-lab/ros2_ws_Akshaj/src/install/custom_service_test/share/custom_service_test/package.bash'
[1.786s] INFO:colcon.colcon_core.shell:Creating package script '/home/akshaj/Desktop/ros-lab-exp/ros-lab/ros2_ws_Akshaj/src/install/custom_service_test/share/custom_service_test/package.zsh'
[1.787s] Level 1:colcon.colcon_core.environment:create_file_with_runtime_dependencies(/home/akshaj/Desktop/ros-lab-exp/ros-lab/ros2_ws_Akshaj/src/install/custom_service_test/share/colcon-core/packages/custom_service_test)
[1.794s] Level 1:colcon.colcon_core.environment:checking '/home/akshaj/Desktop/ros-lab-exp/ros-lab/ros2_ws_Akshaj/src/install/my_package' for CMake module files
[1.794s] DEBUG:colcon.colcon_core.event_handler.log_command:Invoked command in '/home/akshaj/Desktop/ros-lab-exp/ros-lab/ros2_ws_Akshaj/src/my_package' returned '0': PYTHONPATH=/home/akshaj/Desktop/ros-lab-exp/ros-lab/ros2_ws_Akshaj/src/build/my_package/prefix_override:/usr/lib/python3/dist-packages/colcon_core/task/python/colcon_distutils_commands:/home/akshaj/Desktop/ros-lab-exp/ros-lab/ros2_ws_Akshaj/src/install/my_package/lib/python3.10/site-packages:${PYTHONPATH} /usr/bin/python3 -W ignore:setup.py install is deprecated -W ignore:easy_install command is deprecated setup.py egg_info --egg-base ../build/my_package build --build-base /home/akshaj/Desktop/ros-lab-exp/ros-lab/ros2_ws_Akshaj/src/build/my_package/build install --record /home/akshaj/Desktop/ros-lab-exp/ros-lab/ros2_ws_Akshaj/src/build/my_package/install.log --single-version-externally-managed install_data
[1.795s] Level 1:colcon.colcon_core.environment:checking '/home/akshaj/Desktop/ros-lab-exp/ros-lab/ros2_ws_Akshaj/src/install/my_package' for CMake config files
[1.795s] Level 1:colcon.colcon_core.environment:checking '/home/akshaj/Desktop/ros-lab-exp/ros-lab/ros2_ws_Akshaj/src/install/my_package/lib'
[1.795s] Level 1:colcon.colcon_core.environment:checking '/home/akshaj/Desktop/ros-lab-exp/ros-lab/ros2_ws_Akshaj/src/install/my_package/bin'
[1.796s] Level 1:colcon.colcon_core.environment:checking '/home/akshaj/Desktop/ros-lab-exp/ros-lab/ros2_ws_Akshaj/src/install/my_package/lib/pkgconfig/my_package.pc'
[1.796s] Level 1:colcon.colcon_core.environment:checking '/home/akshaj/Desktop/ros-lab-exp/ros-lab/ros2_ws_Akshaj/src/install/my_package/lib/python3.10/site-packages'
[1.796s] Level 1:colcon.colcon_core.shell:create_environment_hook('my_package', 'pythonpath')
[1.796s] INFO:colcon.colcon_core.shell:Creating environment hook '/home/akshaj/Desktop/ros-lab-exp/ros-lab/ros2_ws_Akshaj/src/install/my_package/share/my_package/hook/pythonpath.ps1'
[1.797s] INFO:colcon.colcon_core.shell:Creating environment descriptor '/home/akshaj/Desktop/ros-lab-exp/ros-lab/ros2_ws_Akshaj/src/install/my_package/share/my_package/hook/pythonpath.dsv'
[1.797s] INFO:colcon.colcon_core.shell:Creating environment hook '/home/akshaj/Desktop/ros-lab-exp/ros-lab/ros2_ws_Akshaj/src/install/my_package/share/my_package/hook/pythonpath.sh'
[1.797s] Level 1:colcon.colcon_core.environment:checking '/home/akshaj/Desktop/ros-lab-exp/ros-lab/ros2_ws_Akshaj/src/install/my_package/bin'
[1.797s] Level 1:colcon.colcon_core.environment:create_environment_scripts_only(my_package)
[1.798s] INFO:colcon.colcon_core.shell:Creating package script '/home/akshaj/Desktop/ros-lab-exp/ros-lab/ros2_ws_Akshaj/src/install/my_package/share/my_package/package.ps1'
[1.798s] INFO:colcon.colcon_core.shell:Creating package descriptor '/home/akshaj/Desktop/ros-lab-exp/ros-lab/ros2_ws_Akshaj/src/install/my_package/share/my_package/package.dsv'
[1.799s] INFO:colcon.colcon_core.shell:Creating package script '/home/akshaj/Desktop/ros-lab-exp/ros-lab/ros2_ws_Akshaj/src/install/my_package/share/my_package/package.sh'
[1.799s] INFO:colcon.colcon_core.shell:Creating package script '/home/akshaj/Desktop/ros-lab-exp/ros-lab/ros2_ws_Akshaj/src/install/my_package/share/my_package/package.bash'
[1.799s] INFO:colcon.colcon_core.shell:Creating package script '/home/akshaj/Desktop/ros-lab-exp/ros-lab/ros2_ws_Akshaj/src/install/my_package/share/my_package/package.zsh'
[1.800s] Level 1:colcon.colcon_core.environment:create_file_with_runtime_dependencies(/home/akshaj/Desktop/ros-lab-exp/ros-lab/ros2_ws_Akshaj/src/install/my_package/share/colcon-core/packages/my_package)
[1.801s] Level 1:colcon.colcon_core.environment:checking '/home/akshaj/Desktop/ros-lab-exp/ros-lab/ros2_ws_Akshaj/src/install/exp3' for CMake module files
[1.802s] DEBUG:colcon.colcon_core.event_handler.log_command:Invoked command in '/home/akshaj/Desktop/ros-lab-exp/ros-lab/ros2_ws_Akshaj/src/exp3' returned '0': PYTHONPATH=/home/akshaj/Desktop/ros-lab-exp/ros-lab/ros2_ws_Akshaj/src/build/exp3/prefix_override:/usr/lib/python3/dist-packages/colcon_core/task/python/colcon_distutils_commands:/home/akshaj/Desktop/ros-lab-exp/ros-lab/ros2_ws_Akshaj/src/install/exp3/lib/python3.10/site-packages:${PYTHONPATH} /usr/bin/python3 -W ignore:setup.py install is deprecated -W ignore:easy_install command is deprecated setup.py egg_info --egg-base ../build/exp3 build --build-base /home/akshaj/Desktop/ros-lab-exp/ros-lab/ros2_ws_Akshaj/src/build/exp3/build install --record /home/akshaj/Desktop/ros-lab-exp/ros-lab/ros2_ws_Akshaj/src/build/exp3/install.log --single-version-externally-managed install_data
[1.802s] Level 1:colcon.colcon_core.environment:checking '/home/akshaj/Desktop/ros-lab-exp/ros-lab/ros2_ws_Akshaj/src/install/exp3' for CMake config files
[1.802s] Level 1:colcon.colcon_core.environment:checking '/home/akshaj/Desktop/ros-lab-exp/ros-lab/ros2_ws_Akshaj/src/install/exp3/lib'
[1.802s] Level 1:colcon.colcon_core.environment:checking '/home/akshaj/Desktop/ros-lab-exp/ros-lab/ros2_ws_Akshaj/src/install/exp3/bin'
[1.802s] Level 1:colcon.colcon_core.environment:checking '/home/akshaj/Desktop/ros-lab-exp/ros-lab/ros2_ws_Akshaj/src/install/exp3/lib/pkgconfig/exp3.pc'
[1.803s] Level 1:colcon.colcon_core.environment:checking '/home/akshaj/Desktop/ros-lab-exp/ros-lab/ros2_ws_Akshaj/src/install/exp3/lib/python3.10/site-packages'
[1.803s] Level 1:colcon.colcon_core.shell:create_environment_hook('exp3', 'pythonpath')
[1.803s] INFO:colcon.colcon_core.shell:Creating environment hook '/home/akshaj/Desktop/ros-lab-exp/ros-lab/ros2_ws_Akshaj/src/install/exp3/share/exp3/hook/pythonpath.ps1'
[1.803s] INFO:colcon.colcon_core.shell:Creating environment descriptor '/home/akshaj/Desktop/ros-lab-exp/ros-lab/ros2_ws_Akshaj/src/install/exp3/share/exp3/hook/pythonpath.dsv'
[1.803s] INFO:colcon.colcon_core.shell:Creating environment hook '/home/akshaj/Desktop/ros-lab-exp/ros-lab/ros2_ws_Akshaj/src/install/exp3/share/exp3/hook/pythonpath.sh'
[1.804s] Level 1:colcon.colcon_core.environment:checking '/home/akshaj/Desktop/ros-lab-exp/ros-lab/ros2_ws_Akshaj/src/install/exp3/bin'
[1.804s] Level 1:colcon.colcon_core.environment:create_environment_scripts_only(exp3)
[1.804s] INFO:colcon.colcon_core.shell:Creating package script '/home/akshaj/Desktop/ros-lab-exp/ros-lab/ros2_ws_Akshaj/src/install/exp3/share/exp3/package.ps1'
[1.804s] INFO:colcon.colcon_core.shell:Creating package descriptor '/home/akshaj/Desktop/ros-lab-exp/ros-lab/ros2_ws_Akshaj/src/install/exp3/share/exp3/package.dsv'
[1.804s] INFO:colcon.colcon_core.shell:Creating package script '/home/akshaj/Desktop/ros-lab-exp/ros-lab/ros2_ws_Akshaj/src/install/exp3/share/exp3/package.sh'
[1.805s] INFO:colcon.colcon_core.shell:Creating package script '/home/akshaj/Desktop/ros-lab-exp/ros-lab/ros2_ws_Akshaj/src/install/exp3/share/exp3/package.bash'
[1.805s] INFO:colcon.colcon_core.shell:Creating package script '/home/akshaj/Desktop/ros-lab-exp/ros-lab/ros2_ws_Akshaj/src/install/exp3/share/exp3/package.zsh'
[1.805s] Level 1:colcon.colcon_core.environment:create_file_with_runtime_dependencies(/home/akshaj/Desktop/ros-lab-exp/ros-lab/ros2_ws_Akshaj/src/install/exp3/share/colcon-core/packages/exp3)
[1.806s] Level 1:colcon.colcon_core.environment:checking '/home/akshaj/Desktop/ros-lab-exp/ros-lab/ros2_ws_Akshaj/src/install/client_pkg' for CMake module files
[1.806s] DEBUG:colcon.colcon_core.event_handler.log_command:Invoked command in '/home/akshaj/Desktop/ros-lab-exp/ros-lab/ros2_ws_Akshaj/src/ros2_ws_exp4/src/client_pkg' returned '0': PYTHONPATH=/home/akshaj/Desktop/ros-lab-exp/ros-lab/ros2_ws_Akshaj/src/build/client_pkg/prefix_override:/usr/lib/python3/dist-packages/colcon_core/task/python/colcon_distutils_commands:/home/akshaj/Desktop/ros-lab-exp/ros-lab/ros2_ws_Akshaj/src/install/client_pkg/lib/python3.10/site-packages:${PYTHONPATH} /usr/bin/python3 -W ignore:setup.py install is deprecated -W ignore:easy_install command is deprecated setup.py egg_info --egg-base ../../../build/client_pkg build --build-base /home/akshaj/Desktop/ros-lab-exp/ros-lab/ros2_ws_Akshaj/src/build/client_pkg/build install --record /home/akshaj/Desktop/ros-lab-exp/ros-lab/ros2_ws_Akshaj/src/build/client_pkg/install.log --single-version-externally-managed install_data
[1.807s] Level 1:colcon.colcon_core.environment:checking '/home/akshaj/Desktop/ros-lab-exp/ros-lab/ros2_ws_Akshaj/src/install/client_pkg' for CMake config files
[1.807s] Level 1:colcon.colcon_core.environment:checking '/home/akshaj/Desktop/ros-lab-exp/ros-lab/ros2_ws_Akshaj/src/install/client_pkg/lib'
[1.807s] Level 1:colcon.colcon_core.environment:checking '/home/akshaj/Desktop/ros-lab-exp/ros-lab/ros2_ws_Akshaj/src/install/client_pkg/bin'
[1.807s] Level 1:colcon.colcon_core.environment:checking '/home/akshaj/Desktop/ros-lab-exp/ros-lab/ros2_ws_Akshaj/src/install/client_pkg/lib/pkgconfig/client_pkg.pc'
[1.807s] Level 1:colcon.colcon_core.environment:checking '/home/akshaj/Desktop/ros-lab-exp/ros-lab/ros2_ws_Akshaj/src/install/client_pkg/lib/python3.10/site-packages'
[1.807s] Level 1:colcon.colcon_core.shell:create_environment_hook('client_pkg', 'pythonpath')
[1.807s] INFO:colcon.colcon_core.shell:Creating environment hook '/home/akshaj/Desktop/ros-lab-exp/ros-lab/ros2_ws_Akshaj/src/install/client_pkg/share/client_pkg/hook/pythonpath.ps1'
[1.808s] INFO:colcon.colcon_core.shell:Creating environment descriptor '/home/akshaj/Desktop/ros-lab-exp/ros-lab/ros2_ws_Akshaj/src/install/client_pkg/share/client_pkg/hook/pythonpath.dsv'
[1.808s] INFO:colcon.colcon_core.shell:Creating environment hook '/home/akshaj/Desktop/ros-lab-exp/ros-lab/ros2_ws_Akshaj/src/install/client_pkg/share/client_pkg/hook/pythonpath.sh'
[1.808s] Level 1:colcon.colcon_core.environment:checking '/home/akshaj/Desktop/ros-lab-exp/ros-lab/ros2_ws_Akshaj/src/install/client_pkg/bin'
[1.808s] Level 1:colcon.colcon_core.environment:create_environment_scripts_only(client_pkg)
[1.808s] INFO:colcon.colcon_core.shell:Creating package script '/home/akshaj/Desktop/ros-lab-exp/ros-lab/ros2_ws_Akshaj/src/install/client_pkg/share/client_pkg/package.ps1'
[1.809s] INFO:colcon.colcon_core.shell:Creating package descriptor '/home/akshaj/Desktop/ros-lab-exp/ros-lab/ros2_ws_Akshaj/src/install/client_pkg/share/client_pkg/package.dsv'
[1.809s] INFO:colcon.colcon_core.shell:Creating package script '/home/akshaj/Desktop/ros-lab-exp/ros-lab/ros2_ws_Akshaj/src/install/client_pkg/share/client_pkg/package.sh'
[1.809s] INFO:colcon.colcon_core.shell:Creating package script '/home/akshaj/Desktop/ros-lab-exp/ros-lab/ros2_ws_Akshaj/src/install/client_pkg/share/client_pkg/package.bash'
[1.810s] INFO:colcon.colcon_core.shell:Creating package script '/home/akshaj/Desktop/ros-lab-exp/ros-lab/ros2_ws_Akshaj/src/install/client_pkg/share/client_pkg/package.zsh'
[1.810s] Level 1:colcon.colcon_core.environment:create_file_with_runtime_dependencies(/home/akshaj/Desktop/ros-lab-exp/ros-lab/ros2_ws_Akshaj/src/install/client_pkg/share/colcon-core/packages/client_pkg)
[2.259s] DEBUG:colcon.colcon_core.event_handler.log_command:Invoked command in '/home/akshaj/Desktop/ros-lab-exp/ros-lab/ros2_ws_Akshaj/src/build/experiment_interfaces' returned '0': CMAKE_PREFIX_PATH=/opt/ros/humble /usr/bin/cmake /home/akshaj/Desktop/ros-lab-exp/ros-lab/ros2_ws_Akshaj/src/experiment_interfaces -DCMAKE_INSTALL_PREFIX=/home/akshaj/Desktop/ros-lab-exp/ros-lab/ros2_ws_Akshaj/src/install/experiment_interfaces
[2.261s] DEBUG:colcon.colcon_core.event_handler.log_command:Invoking command in '/home/akshaj/Desktop/ros-lab-exp/ros-lab/ros2_ws_Akshaj/src/build/experiment_interfaces': CMAKE_PREFIX_PATH=/opt/ros/humble /usr/bin/cmake --build /home/akshaj/Desktop/ros-lab-exp/ros-lab/ros2_ws_Akshaj/src/build/experiment_interfaces -- -j12 -l12
[3.547s] DEBUG:colcon.colcon_core.event_handler.log_command:Invoked command in '/home/akshaj/Desktop/ros-lab-exp/ros-lab/ros2_ws_Akshaj/src/build/experiment_interfaces' returned '0': CMAKE_PREFIX_PATH=/opt/ros/humble /usr/bin/cmake --build /home/akshaj/Desktop/ros-lab-exp/ros-lab/ros2_ws_Akshaj/src/build/experiment_interfaces -- -j12 -l12
[3.555s] DEBUG:colcon.colcon_core.event_handler.log_command:Invoking command in '/home/akshaj/Desktop/ros-lab-exp/ros-lab/ros2_ws_Akshaj/src/build/experiment_interfaces': CMAKE_PREFIX_PATH=/opt/ros/humble /usr/bin/cmake --install /home/akshaj/Desktop/ros-lab-exp/ros-lab/ros2_ws_Akshaj/src/build/experiment_interfaces
[3.610s] Level 1:colcon.colcon_core.environment:create_environment_scripts_only(experiment_interfaces)
[3.610s] Level 1:colcon.colcon_core.environment:checking '/home/akshaj/Desktop/ros-lab-exp/ros-lab/ros2_ws_Akshaj/src/install/experiment_interfaces' for CMake module files
[3.610s] DEBUG:colcon.colcon_core.event_handler.log_command:Invoked command in '/home/akshaj/Desktop/ros-lab-exp/ros-lab/ros2_ws_Akshaj/src/build/experiment_interfaces' returned '0': CMAKE_PREFIX_PATH=/opt/ros/humble /usr/bin/cmake --install /home/akshaj/Desktop/ros-lab-exp/ros-lab/ros2_ws_Akshaj/src/build/experiment_interfaces
[3.611s] Level 1:colcon.colcon_core.environment:checking '/home/akshaj/Desktop/ros-lab-exp/ros-lab/ros2_ws_Akshaj/src/install/experiment_interfaces' for CMake config files
[3.611s] Level 1:colcon.colcon_core.shell:create_environment_hook('experiment_interfaces', 'cmake_prefix_path')
[3.611s] INFO:colcon.colcon_core.shell:Creating environment hook '/home/akshaj/Desktop/ros-lab-exp/ros-lab/ros2_ws_Akshaj/src/install/experiment_interfaces/share/experiment_interfaces/hook/cmake_prefix_path.ps1'
[3.611s] INFO:colcon.colcon_core.shell:Creating environment descriptor '/home/akshaj/Desktop/ros-lab-exp/ros-lab/ros2_ws_Akshaj/src/install/experiment_interfaces/share/experiment_interfaces/hook/cmake_prefix_path.dsv'
[3.612s] INFO:colcon.colcon_core.shell:Creating environment hook '/home/akshaj/Desktop/ros-lab-exp/ros-lab/ros2_ws_Akshaj/src/install/experiment_interfaces/share/experiment_interfaces/hook/cmake_prefix_path.sh'
[3.612s] Level 1:colcon.colcon_core.environment:checking '/home/akshaj/Desktop/ros-lab-exp/ros-lab/ros2_ws_Akshaj/src/install/experiment_interfaces/lib'
[3.612s] Level 1:colcon.colcon_core.shell:create_environment_hook('experiment_interfaces', 'ld_library_path_lib')
[3.612s] INFO:colcon.colcon_core.shell:Creating environment hook '/home/akshaj/Desktop/ros-lab-exp/ros-lab/ros2_ws_Akshaj/src/install/experiment_interfaces/share/experiment_interfaces/hook/ld_library_path_lib.ps1'
[3.612s] INFO:colcon.colcon_core.shell:Creating environment descriptor '/home/akshaj/Desktop/ros-lab-exp/ros-lab/ros2_ws_Akshaj/src/install/experiment_interfaces/share/experiment_interfaces/hook/ld_library_path_lib.dsv'
[3.613s] INFO:colcon.colcon_core.shell:Creating environment hook '/home/akshaj/Desktop/ros-lab-exp/ros-lab/ros2_ws_Akshaj/src/install/experiment_interfaces/share/experiment_interfaces/hook/ld_library_path_lib.sh'
[3.613s] Level 1:colcon.colcon_core.environment:checking '/home/akshaj/Desktop/ros-lab-exp/ros-lab/ros2_ws_Akshaj/src/install/experiment_interfaces/bin'
[3.613s] Level 1:colcon.colcon_core.environment:checking '/home/akshaj/Desktop/ros-lab-exp/ros-lab/ros2_ws_Akshaj/src/install/experiment_interfaces/lib/pkgconfig/experiment_interfaces.pc'
[3.613s] Level 1:colcon.colcon_core.environment:checking '/home/akshaj/Desktop/ros-lab-exp/ros-lab/ros2_ws_Akshaj/src/install/experiment_interfaces/lib/python3.10/site-packages'
[3.613s] Level 1:colcon.colcon_core.environment:checking '/home/akshaj/Desktop/ros-lab-exp/ros-lab/ros2_ws_Akshaj/src/install/experiment_interfaces/bin'
[3.613s] INFO:colcon.colcon_core.shell:Creating package script '/home/akshaj/Desktop/ros-lab-exp/ros-lab/ros2_ws_Akshaj/src/install/experiment_interfaces/share/experiment_interfaces/package.ps1'
[3.614s] INFO:colcon.colcon_core.shell:Creating package descriptor '/home/akshaj/Desktop/ros-lab-exp/ros-lab/ros2_ws_Akshaj/src/install/experiment_interfaces/share/experiment_interfaces/package.dsv'
[3.614s] INFO:colcon.colcon_core.shell:Creating package script '/home/akshaj/Desktop/ros-lab-exp/ros-lab/ros2_ws_Akshaj/src/install/experiment_interfaces/share/experiment_interfaces/package.sh'
[3.614s] INFO:colcon.colcon_core.shell:Creating package script '/home/akshaj/Desktop/ros-lab-exp/ros-lab/ros2_ws_Akshaj/src/install/experiment_interfaces/share/experiment_interfaces/package.bash'
[3.615s] INFO:colcon.colcon_core.shell:Creating package script '/home/akshaj/Desktop/ros-lab-exp/ros-lab/ros2_ws_Akshaj/src/install/experiment_interfaces/share/experiment_interfaces/package.zsh'
[3.615s] Level 1:colcon.colcon_core.environment:create_file_with_runtime_dependencies(/home/akshaj/Desktop/ros-lab-exp/ros-lab/ros2_ws_Akshaj/src/install/experiment_interfaces/share/colcon-core/packages/experiment_interfaces)
[3.615s] Level 1:colcon.colcon_core.environment:create_environment_scripts_only(experiment_interfaces)
[3.615s] Level 1:colcon.colcon_core.environment:checking '/home/akshaj/Desktop/ros-lab-exp/ros-lab/ros2_ws_Akshaj/src/install/experiment_interfaces' for CMake module files
[3.616s] Level 1:colcon.colcon_core.environment:checking '/home/akshaj/Desktop/ros-lab-exp/ros-lab/ros2_ws_Akshaj/src/install/experiment_interfaces' for CMake config files
[3.616s] Level 1:colcon.colcon_core.shell:create_environment_hook('experiment_interfaces', 'cmake_prefix_path')
[3.616s] INFO:colcon.colcon_core.shell:Creating environment hook '/home/akshaj/Desktop/ros-lab-exp/ros-lab/ros2_ws_Akshaj/src/install/experiment_interfaces/share/experiment_interfaces/hook/cmake_prefix_path.ps1'
[3.617s] INFO:colcon.colcon_core.shell:Creating environment descriptor '/home/akshaj/Desktop/ros-lab-exp/ros-lab/ros2_ws_Akshaj/src/install/experiment_interfaces/share/experiment_interfaces/hook/cmake_prefix_path.dsv'
[3.617s] INFO:colcon.colcon_core.shell:Creating environment hook '/home/akshaj/Desktop/ros-lab-exp/ros-lab/ros2_ws_Akshaj/src/install/experiment_interfaces/share/experiment_interfaces/hook/cmake_prefix_path.sh'
[3.617s] Level 1:colcon.colcon_core.environment:checking '/home/akshaj/Desktop/ros-lab-exp/ros-lab/ros2_ws_Akshaj/src/install/experiment_interfaces/lib'
[3.617s] Level 1:colcon.colcon_core.shell:create_environment_hook('experiment_interfaces', 'ld_library_path_lib')
[3.617s] INFO:colcon.colcon_core.shell:Creating environment hook '/home/akshaj/Desktop/ros-lab-exp/ros-lab/ros2_ws_Akshaj/src/install/experiment_interfaces/share/experiment_interfaces/hook/ld_library_path_lib.ps1'
[3.618s] INFO:colcon.colcon_core.shell:Creating environment descriptor '/home/akshaj/Desktop/ros-lab-exp/ros-lab/ros2_ws_Akshaj/src/install/experiment_interfaces/share/experiment_interfaces/hook/ld_library_path_lib.dsv'
[3.618s] INFO:colcon.colcon_core.shell:Creating environment hook '/home/akshaj/Desktop/ros-lab-exp/ros-lab/ros2_ws_Akshaj/src/install/experiment_interfaces/share/experiment_interfaces/hook/ld_library_path_lib.sh'
[3.618s] Level 1:colcon.colcon_core.environment:checking '/home/akshaj/Desktop/ros-lab-exp/ros-lab/ros2_ws_Akshaj/src/install/experiment_interfaces/bin'
[3.618s] Level 1:colcon.colcon_core.environment:checking '/home/akshaj/Desktop/ros-lab-exp/ros-lab/ros2_ws_Akshaj/src/install/experiment_interfaces/lib/pkgconfig/experiment_interfaces.pc'
[3.618s] Level 1:colcon.colcon_core.environment:checking '/home/akshaj/Desktop/ros-lab-exp/ros-lab/ros2_ws_Akshaj/src/install/experiment_interfaces/lib/python3.10/site-packages'
[3.618s] Level 1:colcon.colcon_core.environment:checking '/home/akshaj/Desktop/ros-lab-exp/ros-lab/ros2_ws_Akshaj/src/install/experiment_interfaces/bin'
[3.619s] INFO:colcon.colcon_core.shell:Creating package script '/home/akshaj/Desktop/ros-lab-exp/ros-lab/ros2_ws_Akshaj/src/install/experiment_interfaces/share/experiment_interfaces/package.ps1'
[3.619s] INFO:colcon.colcon_core.shell:Creating package descriptor '/home/akshaj/Desktop/ros-lab-exp/ros-lab/ros2_ws_Akshaj/src/install/experiment_interfaces/share/experiment_interfaces/package.dsv'
[3.619s] INFO:colcon.colcon_core.shell:Creating package script '/home/akshaj/Desktop/ros-lab-exp/ros-lab/ros2_ws_Akshaj/src/install/experiment_interfaces/share/experiment_interfaces/package.sh'
[3.620s] INFO:colcon.colcon_core.shell:Creating package script '/home/akshaj/Desktop/ros-lab-exp/ros-lab/ros2_ws_Akshaj/src/install/experiment_interfaces/share/experiment_interfaces/package.bash'
[3.620s] INFO:colcon.colcon_core.shell:Creating package script '/home/akshaj/Desktop/ros-lab-exp/ros-lab/ros2_ws_Akshaj/src/install/experiment_interfaces/share/experiment_interfaces/package.zsh'
[3.620s] Level 1:colcon.colcon_core.environment:create_file_with_runtime_dependencies(/home/akshaj/Desktop/ros-lab-exp/ros-lab/ros2_ws_Akshaj/src/install/experiment_interfaces/share/colcon-core/packages/experiment_interfaces)
[3.620s] DEBUG:colcon.colcon_parallel_executor.executor.parallel:closing loop
[3.621s] DEBUG:colcon.colcon_parallel_executor.executor.parallel:loop closed
[3.621s] DEBUG:colcon.colcon_parallel_executor.executor.parallel:run_until_complete finished with '0'
[3.621s] DEBUG:colcon.colcon_core.event_reactor:joining thread
[3.627s] INFO:colcon.colcon_core.plugin_system:Skipping extension 'colcon_notification.desktop_notification.terminal_notifier': Not used on non-Darwin systems
[3.627s] INFO:colcon.colcon_core.plugin_system:Skipping extension 'colcon_notification.desktop_notification.win32': Not used on non-Windows systems
[3.627s] INFO:colcon.colcon_notification.desktop_notification:Sending desktop notification using 'notify2'
[3.635s] DEBUG:colcon.colcon_core.event_reactor:joined thread
[3.636s] INFO:colcon.colcon_core.shell:Creating prefix script '/home/akshaj/Desktop/ros-lab-exp/ros-lab/ros2_ws_Akshaj/src/install/local_setup.ps1'
[3.637s] INFO:colcon.colcon_core.shell:Creating prefix util module '/home/akshaj/Desktop/ros-lab-exp/ros-lab/ros2_ws_Akshaj/src/install/_local_setup_util_ps1.py'
[3.637s] INFO:colcon.colcon_core.shell:Creating prefix chain script '/home/akshaj/Desktop/ros-lab-exp/ros-lab/ros2_ws_Akshaj/src/install/setup.ps1'
[3.638s] INFO:colcon.colcon_core.shell:Creating prefix script '/home/akshaj/Desktop/ros-lab-exp/ros-lab/ros2_ws_Akshaj/src/install/local_setup.sh'
[3.638s] INFO:colcon.colcon_core.shell:Creating prefix util module '/home/akshaj/Desktop/ros-lab-exp/ros-lab/ros2_ws_Akshaj/src/install/_local_setup_util_sh.py'
[3.639s] INFO:colcon.colcon_core.shell:Creating prefix chain script '/home/akshaj/Desktop/ros-lab-exp/ros-lab/ros2_ws_Akshaj/src/install/setup.sh'
[3.640s] INFO:colcon.colcon_core.shell:Creating prefix script '/home/akshaj/Desktop/ros-lab-exp/ros-lab/ros2_ws_Akshaj/src/install/local_setup.bash'
[3.640s] INFO:colcon.colcon_core.shell:Creating prefix chain script '/home/akshaj/Desktop/ros-lab-exp/ros-lab/ros2_ws_Akshaj/src/install/setup.bash'
[3.640s] INFO:colcon.colcon_core.shell:Creating prefix script '/home/akshaj/Desktop/ros-lab-exp/ros-lab/ros2_ws_Akshaj/src/install/local_setup.zsh'
[3.641s] INFO:colcon.colcon_core.shell:Creating prefix chain script '/home/akshaj/Desktop/ros-lab-exp/ros-lab/ros2_ws_Akshaj/src/install/setup.zsh'
