[0.856s] Invoking command in '/home/akshaj/Desktop/ros-lab-exp/ros-lab/ros2_ws_Akshaj/src/exp3': PYTHONPATH=/home/akshaj/Desktop/ros-lab-exp/ros-lab/ros2_ws_Akshaj/build/exp3/prefix_override:/usr/lib/python3/dist-packages/colcon_core/task/python/colcon_distutils_commands:/home/akshaj/Desktop/ros-lab-exp/ros-lab/ros2_ws_Akshaj/install/exp3/lib/python3.10/site-packages:${PYTHONPATH} /usr/bin/python3 -W ignore:setup.py install is deprecated -W ignore:easy_install command is deprecated setup.py egg_info --egg-base ../../build/exp3 build --build-base /home/akshaj/Desktop/ros-lab-exp/ros-lab/ros2_ws_Akshaj/build/exp3/build install --record /home/akshaj/Desktop/ros-lab-exp/ros-lab/ros2_ws_Akshaj/build/exp3/install.log --single-version-externally-managed install_data
[1.159s] running egg_info
[1.160s] writing ../../build/exp3/exp3.egg-info/PKG-INFO
[1.160s] writing dependency_links to ../../build/exp3/exp3.egg-info/dependency_links.txt
[1.160s] writing entry points to ../../build/exp3/exp3.egg-info/entry_points.txt
[1.160s] writing requirements to ../../build/exp3/exp3.egg-info/requires.txt
[1.161s] writing top-level names to ../../build/exp3/exp3.egg-info/top_level.txt
[1.162s] reading manifest file '../../build/exp3/exp3.egg-info/SOURCES.txt'
[1.164s] writing manifest file '../../build/exp3/exp3.egg-info/SOURCES.txt'
[1.164s] running build
[1.164s] running build_py
[1.164s] copying exp3/publisher.py -> /home/akshaj/Desktop/ros-lab-exp/ros-lab/ros2_ws_Akshaj/build/exp3/build/lib/exp3
[1.164s] copying exp3/subscriber.py -> /home/akshaj/Desktop/ros-lab-exp/ros-lab/ros2_ws_Akshaj/build/exp3/build/lib/exp3
[1.166s] running install
[1.166s] running install_lib
[1.167s] copying /home/akshaj/Desktop/ros-lab-exp/ros-lab/ros2_ws_Akshaj/build/exp3/build/lib/exp3/publisher.py -> /home/akshaj/Desktop/ros-lab-exp/ros-lab/ros2_ws_Akshaj/install/exp3/lib/python3.10/site-packages/exp3
[1.168s] copying /home/akshaj/Desktop/ros-lab-exp/ros-lab/ros2_ws_Akshaj/build/exp3/build/lib/exp3/subscriber.py -> /home/akshaj/Desktop/ros-lab-exp/ros-lab/ros2_ws_Akshaj/install/exp3/lib/python3.10/site-packages/exp3
[1.168s] byte-compiling /home/akshaj/Desktop/ros-lab-exp/ros-lab/ros2_ws_Akshaj/install/exp3/lib/python3.10/site-packages/exp3/publisher.py to publisher.cpython-310.pyc
[1.169s] byte-compiling /home/akshaj/Desktop/ros-lab-exp/ros-lab/ros2_ws_Akshaj/install/exp3/lib/python3.10/site-packages/exp3/subscriber.py to subscriber.cpython-310.pyc
[1.169s] running install_data
[1.170s] running install_egg_info
[1.172s] removing '/home/akshaj/Desktop/ros-lab-exp/ros-lab/ros2_ws_Akshaj/install/exp3/lib/python3.10/site-packages/exp3-0.0.0-py3.10.egg-info' (and everything under it)
[1.172s] Copying ../../build/exp3/exp3.egg-info to /home/akshaj/Desktop/ros-lab-exp/ros-lab/ros2_ws_Akshaj/install/exp3/lib/python3.10/site-packages/exp3-0.0.0-py3.10.egg-info
[1.174s] running install_scripts
[1.198s] Installing publisher script to /home/akshaj/Desktop/ros-lab-exp/ros-lab/ros2_ws_Akshaj/install/exp3/lib/exp3
[1.198s] Installing subscriber script to /home/akshaj/Desktop/ros-lab-exp/ros-lab/ros2_ws_Akshaj/install/exp3/lib/exp3
[1.198s] writing list of installed files to '/home/akshaj/Desktop/ros-lab-exp/ros-lab/ros2_ws_Akshaj/build/exp3/install.log'
[1.234s] Invoked command in '/home/akshaj/Desktop/ros-lab-exp/ros-lab/ros2_ws_Akshaj/src/exp3' returned '0': PYTHONPATH=/home/akshaj/Desktop/ros-lab-exp/ros-lab/ros2_ws_Akshaj/build/exp3/prefix_override:/usr/lib/python3/dist-packages/colcon_core/task/python/colcon_distutils_commands:/home/akshaj/Desktop/ros-lab-exp/ros-lab/ros2_ws_Akshaj/install/exp3/lib/python3.10/site-packages:${PYTHONPATH} /usr/bin/python3 -W ignore:setup.py install is deprecated -W ignore:easy_install command is deprecated setup.py egg_info --egg-base ../../build/exp3 build --build-base /home/akshaj/Desktop/ros-lab-exp/ros-lab/ros2_ws_Akshaj/build/exp3/build install --record /home/akshaj/Desktop/ros-lab-exp/ros-lab/ros2_ws_Akshaj/build/exp3/install.log --single-version-externally-managed install_data
