[1.305s] Invoking command in '/home/akshaj/Desktop/ros-lab-exp/ros-lab/ros2_ws_Akshaj/build/new_code_py': CMAKE_PREFIX_PATH=${CMAKE_PREFIX_PATH}:/home/akshaj/Desktop/ros-lab-exp/ros-lab/ros2_ws_Akshaj/install/my_package:/home/akshaj/Desktop/ros-lab-exp/ros-lab/ros2_ws_Akshaj/install/exp3:/home/akshaj/Desktop/ros-lab-exp/ros-lab/ros2_ws_Akshaj/install/custom_service_test:/home/akshaj/Desktop/ros-lab-exp/ros-lab/ros2_ws_Akshaj/install/client_pkg:/home/akshaj/ros2_ws/install/my_robot:/opt/ros/humble /usr/bin/cmake --build /home/akshaj/Desktop/ros-lab-exp/ros-lab/ros2_ws_Akshaj/build/new_code_py -- -j12 -l12
[1.378s] [  3%] Built target main_node_interfaces__cpp
[1.380s] [ 12%] Built target main_node_interfaces__rosidl_generator_c
[1.410s] [ 12%] Built target ament_cmake_python_copy_new_code_py
[1.427s] [ 51%] Built target main_node_interfaces__rosidl_typesupport_fastrtps_cpp
[1.429s] [ 61%] Built target main_node_interfaces__rosidl_typesupport_c
[1.429s] [ 64%] Built target main_node_interfaces__rosidl_typesupport_introspection_cpp
[1.433s] [ 51%] Built target main_node_interfaces__rosidl_typesupport_introspection_c
[1.433s] [ 67%] Built target main_node_interfaces__rosidl_typesupport_fastrtps_c
[1.433s] [ 70%] Built target main_node_interfaces__rosidl_typesupport_cpp
[1.461s] [ 70%] Built target main_node_interfaces
[1.501s] [ 74%] Built target main_node_interfaces__py
[1.541s] [ 80%] Built target main_node_interfaces__rosidl_generator_py
[1.583s] [ 87%] Built target new_code_py__rosidl_typesupport_c__pyext
[1.583s] [ 93%] Built target new_code_py__rosidl_typesupport_introspection_c__pyext
[1.584s] [100%] Built target new_code_py__rosidl_typesupport_fastrtps_c__pyext
[1.802s] running egg_info
[1.803s] writing new_code_py.egg-info/PKG-INFO
[1.803s] writing dependency_links to new_code_py.egg-info/dependency_links.txt
[1.804s] writing top-level names to new_code_py.egg-info/top_level.txt
[1.807s] reading manifest file 'new_code_py.egg-info/SOURCES.txt'
[1.807s] writing manifest file 'new_code_py.egg-info/SOURCES.txt'
[1.847s] [100%] Built target ament_cmake_python_build_new_code_py_egg
[1.867s] Invoked command in '/home/akshaj/Desktop/ros-lab-exp/ros-lab/ros2_ws_Akshaj/build/new_code_py' returned '0': CMAKE_PREFIX_PATH=${CMAKE_PREFIX_PATH}:/home/akshaj/Desktop/ros-lab-exp/ros-lab/ros2_ws_Akshaj/install/my_package:/home/akshaj/Desktop/ros-lab-exp/ros-lab/ros2_ws_Akshaj/install/exp3:/home/akshaj/Desktop/ros-lab-exp/ros-lab/ros2_ws_Akshaj/install/custom_service_test:/home/akshaj/Desktop/ros-lab-exp/ros-lab/ros2_ws_Akshaj/install/client_pkg:/home/akshaj/ros2_ws/install/my_robot:/opt/ros/humble /usr/bin/cmake --build /home/akshaj/Desktop/ros-lab-exp/ros-lab/ros2_ws_Akshaj/build/new_code_py -- -j12 -l12
[1.869s] Invoking command in '/home/akshaj/Desktop/ros-lab-exp/ros-lab/ros2_ws_Akshaj/build/new_code_py': CMAKE_PREFIX_PATH=${CMAKE_PREFIX_PATH}:/home/akshaj/Desktop/ros-lab-exp/ros-lab/ros2_ws_Akshaj/install/my_package:/home/akshaj/Desktop/ros-lab-exp/ros-lab/ros2_ws_Akshaj/install/exp3:/home/akshaj/Desktop/ros-lab-exp/ros-lab/ros2_ws_Akshaj/install/custom_service_test:/home/akshaj/Desktop/ros-lab-exp/ros-lab/ros2_ws_Akshaj/install/client_pkg:/home/akshaj/ros2_ws/install/my_robot:/opt/ros/humble /usr/bin/cmake --install /home/akshaj/Desktop/ros-lab-exp/ros-lab/ros2_ws_Akshaj/build/new_code_py
[1.883s] -- Install configuration: ""
[1.883s] -- Up-to-date: /home/akshaj/Desktop/ros-lab-exp/ros-lab/ros2_ws_Akshaj/install/new_code_py/share/ament_index/resource_index/rosidl_interfaces/new_code_py
[1.883s] -- Up-to-date: /home/akshaj/Desktop/ros-lab-exp/ros-lab/ros2_ws_Akshaj/install/new_code_py/include/new_code_py/new_code_py
[1.883s] -- Up-to-date: /home/akshaj/Desktop/ros-lab-exp/ros-lab/ros2_ws_Akshaj/install/new_code_py/include/new_code_py/new_code_py/msg
[1.884s] -- Up-to-date: /home/akshaj/Desktop/ros-lab-exp/ros-lab/ros2_ws_Akshaj/install/new_code_py/include/new_code_py/new_code_py/msg/rosidl_generator_c__visibility_control.h
[1.884s] -- Up-to-date: /home/akshaj/Desktop/ros-lab-exp/ros-lab/ros2_ws_Akshaj/install/new_code_py/include/new_code_py/new_code_py/action
[1.884s] -- Up-to-date: /home/akshaj/Desktop/ros-lab-exp/ros-lab/ros2_ws_Akshaj/install/new_code_py/include/new_code_py/new_code_py/action/detail
[1.884s] -- Up-to-date: /home/akshaj/Desktop/ros-lab-exp/ros-lab/ros2_ws_Akshaj/install/new_code_py/include/new_code_py/new_code_py/action/detail/fibonacci__type_support.h
[1.884s] -- Up-to-date: /home/akshaj/Desktop/ros-lab-exp/ros-lab/ros2_ws_Akshaj/install/new_code_py/include/new_code_py/new_code_py/action/detail/fibonacci__functions.c
[1.884s] -- Up-to-date: /home/akshaj/Desktop/ros-lab-exp/ros-lab/ros2_ws_Akshaj/install/new_code_py/include/new_code_py/new_code_py/action/detail/fibonacci__functions.h
[1.884s] -- Up-to-date: /home/akshaj/Desktop/ros-lab-exp/ros-lab/ros2_ws_Akshaj/install/new_code_py/include/new_code_py/new_code_py/action/detail/fibonacci__struct.h
[1.885s] -- Up-to-date: /home/akshaj/Desktop/ros-lab-exp/ros-lab/ros2_ws_Akshaj/install/new_code_py/include/new_code_py/new_code_py/action/fibonacci.h
[1.885s] -- Up-to-date: /home/akshaj/Desktop/ros-lab-exp/ros-lab/ros2_ws_Akshaj/install/new_code_py/share/new_code_py/environment/library_path.sh
[1.885s] -- Up-to-date: /home/akshaj/Desktop/ros-lab-exp/ros-lab/ros2_ws_Akshaj/install/new_code_py/share/new_code_py/environment/library_path.dsv
[1.885s] -- Up-to-date: /home/akshaj/Desktop/ros-lab-exp/ros-lab/ros2_ws_Akshaj/install/new_code_py/lib/libmain_node_interfaces__rosidl_generator_c.so
[1.885s] -- Up-to-date: /home/akshaj/Desktop/ros-lab-exp/ros-lab/ros2_ws_Akshaj/install/new_code_py/include/new_code_py/new_code_py
[1.885s] -- Up-to-date: /home/akshaj/Desktop/ros-lab-exp/ros-lab/ros2_ws_Akshaj/install/new_code_py/include/new_code_py/new_code_py/msg
[1.885s] -- Up-to-date: /home/akshaj/Desktop/ros-lab-exp/ros-lab/ros2_ws_Akshaj/install/new_code_py/include/new_code_py/new_code_py/msg/rosidl_typesupport_fastrtps_c__visibility_control.h
[1.885s] -- Up-to-date: /home/akshaj/Desktop/ros-lab-exp/ros-lab/ros2_ws_Akshaj/install/new_code_py/include/new_code_py/new_code_py/action
[1.885s] -- Up-to-date: /home/akshaj/Desktop/ros-lab-exp/ros-lab/ros2_ws_Akshaj/install/new_code_py/include/new_code_py/new_code_py/action/detail
[1.886s] -- Up-to-date: /home/akshaj/Desktop/ros-lab-exp/ros-lab/ros2_ws_Akshaj/install/new_code_py/include/new_code_py/new_code_py/action/detail/fibonacci__rosidl_typesupport_fastrtps_c.h
[1.886s] -- Up-to-date: /home/akshaj/Desktop/ros-lab-exp/ros-lab/ros2_ws_Akshaj/install/new_code_py/lib/libmain_node_interfaces__rosidl_typesupport_fastrtps_c.so
[1.886s] -- Up-to-date: /home/akshaj/Desktop/ros-lab-exp/ros-lab/ros2_ws_Akshaj/install/new_code_py/include/new_code_py/new_code_py
[1.886s] -- Up-to-date: /home/akshaj/Desktop/ros-lab-exp/ros-lab/ros2_ws_Akshaj/install/new_code_py/include/new_code_py/new_code_py/msg
[1.886s] -- Up-to-date: /home/akshaj/Desktop/ros-lab-exp/ros-lab/ros2_ws_Akshaj/install/new_code_py/include/new_code_py/new_code_py/msg/rosidl_typesupport_introspection_c__visibility_control.h
[1.886s] -- Up-to-date: /home/akshaj/Desktop/ros-lab-exp/ros-lab/ros2_ws_Akshaj/install/new_code_py/include/new_code_py/new_code_py/action
[1.886s] -- Up-to-date: /home/akshaj/Desktop/ros-lab-exp/ros-lab/ros2_ws_Akshaj/install/new_code_py/include/new_code_py/new_code_py/action/detail
[1.887s] -- Up-to-date: /home/akshaj/Desktop/ros-lab-exp/ros-lab/ros2_ws_Akshaj/install/new_code_py/include/new_code_py/new_code_py/action/detail/fibonacci__rosidl_typesupport_introspection_c.h
[1.887s] -- Up-to-date: /home/akshaj/Desktop/ros-lab-exp/ros-lab/ros2_ws_Akshaj/install/new_code_py/include/new_code_py/new_code_py/action/detail/fibonacci__type_support.c
[1.887s] -- Up-to-date: /home/akshaj/Desktop/ros-lab-exp/ros-lab/ros2_ws_Akshaj/install/new_code_py/lib/libmain_node_interfaces__rosidl_typesupport_introspection_c.so
[1.887s] -- Up-to-date: /home/akshaj/Desktop/ros-lab-exp/ros-lab/ros2_ws_Akshaj/install/new_code_py/lib/libmain_node_interfaces__rosidl_typesupport_c.so
[1.887s] -- Up-to-date: /home/akshaj/Desktop/ros-lab-exp/ros-lab/ros2_ws_Akshaj/install/new_code_py/include/new_code_py/new_code_py
[1.887s] -- Up-to-date: /home/akshaj/Desktop/ros-lab-exp/ros-lab/ros2_ws_Akshaj/install/new_code_py/include/new_code_py/new_code_py/msg
[1.887s] -- Up-to-date: /home/akshaj/Desktop/ros-lab-exp/ros-lab/ros2_ws_Akshaj/install/new_code_py/include/new_code_py/new_code_py/msg/rosidl_generator_cpp__visibility_control.hpp
[1.887s] -- Up-to-date: /home/akshaj/Desktop/ros-lab-exp/ros-lab/ros2_ws_Akshaj/install/new_code_py/include/new_code_py/new_code_py/action
[1.888s] -- Up-to-date: /home/akshaj/Desktop/ros-lab-exp/ros-lab/ros2_ws_Akshaj/install/new_code_py/include/new_code_py/new_code_py/action/fibonacci.hpp
[1.888s] -- Up-to-date: /home/akshaj/Desktop/ros-lab-exp/ros-lab/ros2_ws_Akshaj/install/new_code_py/include/new_code_py/new_code_py/action/detail
[1.888s] -- Up-to-date: /home/akshaj/Desktop/ros-lab-exp/ros-lab/ros2_ws_Akshaj/install/new_code_py/include/new_code_py/new_code_py/action/detail/fibonacci__type_support.hpp
[1.888s] -- Up-to-date: /home/akshaj/Desktop/ros-lab-exp/ros-lab/ros2_ws_Akshaj/install/new_code_py/include/new_code_py/new_code_py/action/detail/fibonacci__traits.hpp
[1.888s] -- Up-to-date: /home/akshaj/Desktop/ros-lab-exp/ros-lab/ros2_ws_Akshaj/install/new_code_py/include/new_code_py/new_code_py/action/detail/fibonacci__builder.hpp
[1.888s] -- Up-to-date: /home/akshaj/Desktop/ros-lab-exp/ros-lab/ros2_ws_Akshaj/install/new_code_py/include/new_code_py/new_code_py/action/detail/fibonacci__struct.hpp
[1.888s] -- Up-to-date: /home/akshaj/Desktop/ros-lab-exp/ros-lab/ros2_ws_Akshaj/install/new_code_py/include/new_code_py/new_code_py
[1.888s] -- Up-to-date: /home/akshaj/Desktop/ros-lab-exp/ros-lab/ros2_ws_Akshaj/install/new_code_py/include/new_code_py/new_code_py/msg
[1.888s] -- Up-to-date: /home/akshaj/Desktop/ros-lab-exp/ros-lab/ros2_ws_Akshaj/install/new_code_py/include/new_code_py/new_code_py/msg/rosidl_typesupport_fastrtps_cpp__visibility_control.h
[1.889s] -- Up-to-date: /home/akshaj/Desktop/ros-lab-exp/ros-lab/ros2_ws_Akshaj/install/new_code_py/include/new_code_py/new_code_py/action
[1.889s] -- Up-to-date: /home/akshaj/Desktop/ros-lab-exp/ros-lab/ros2_ws_Akshaj/install/new_code_py/include/new_code_py/new_code_py/action/detail
[1.889s] -- Up-to-date: /home/akshaj/Desktop/ros-lab-exp/ros-lab/ros2_ws_Akshaj/install/new_code_py/include/new_code_py/new_code_py/action/detail/dds_fastrtps
[1.889s] -- Up-to-date: /home/akshaj/Desktop/ros-lab-exp/ros-lab/ros2_ws_Akshaj/install/new_code_py/include/new_code_py/new_code_py/action/detail/fibonacci__rosidl_typesupport_fastrtps_cpp.hpp
[1.889s] -- Up-to-date: /home/akshaj/Desktop/ros-lab-exp/ros-lab/ros2_ws_Akshaj/install/new_code_py/lib/libmain_node_interfaces__rosidl_typesupport_fastrtps_cpp.so
[1.889s] -- Up-to-date: /home/akshaj/Desktop/ros-lab-exp/ros-lab/ros2_ws_Akshaj/install/new_code_py/include/new_code_py/new_code_py
[1.889s] -- Up-to-date: /home/akshaj/Desktop/ros-lab-exp/ros-lab/ros2_ws_Akshaj/install/new_code_py/include/new_code_py/new_code_py/action
[1.889s] -- Up-to-date: /home/akshaj/Desktop/ros-lab-exp/ros-lab/ros2_ws_Akshaj/install/new_code_py/include/new_code_py/new_code_py/action/detail
[1.889s] -- Up-to-date: /home/akshaj/Desktop/ros-lab-exp/ros-lab/ros2_ws_Akshaj/install/new_code_py/include/new_code_py/new_code_py/action/detail/fibonacci__rosidl_typesupport_introspection_cpp.hpp
[1.890s] -- Up-to-date: /home/akshaj/Desktop/ros-lab-exp/ros-lab/ros2_ws_Akshaj/install/new_code_py/include/new_code_py/new_code_py/action/detail/fibonacci__type_support.cpp
[1.890s] -- Up-to-date: /home/akshaj/Desktop/ros-lab-exp/ros-lab/ros2_ws_Akshaj/install/new_code_py/lib/libmain_node_interfaces__rosidl_typesupport_introspection_cpp.so
[1.890s] -- Up-to-date: /home/akshaj/Desktop/ros-lab-exp/ros-lab/ros2_ws_Akshaj/install/new_code_py/lib/libmain_node_interfaces__rosidl_typesupport_cpp.so
[1.890s] -- Up-to-date: /home/akshaj/Desktop/ros-lab-exp/ros-lab/ros2_ws_Akshaj/install/new_code_py/share/new_code_py/environment/pythonpath.sh
[1.890s] -- Up-to-date: /home/akshaj/Desktop/ros-lab-exp/ros-lab/ros2_ws_Akshaj/install/new_code_py/share/new_code_py/environment/pythonpath.dsv
[1.890s] -- Up-to-date: /home/akshaj/Desktop/ros-lab-exp/ros-lab/ros2_ws_Akshaj/install/new_code_py/local/lib/python3.10/dist-packages/new_code_py-0.0.0-py3.10.egg-info
[1.891s] -- Installing: /home/akshaj/Desktop/ros-lab-exp/ros-lab/ros2_ws_Akshaj/install/new_code_py/local/lib/python3.10/dist-packages/new_code_py-0.0.0-py3.10.egg-info/SOURCES.txt
[1.891s] -- Installing: /home/akshaj/Desktop/ros-lab-exp/ros-lab/ros2_ws_Akshaj/install/new_code_py/local/lib/python3.10/dist-packages/new_code_py-0.0.0-py3.10.egg-info/top_level.txt
[1.891s] -- Installing: /home/akshaj/Desktop/ros-lab-exp/ros-lab/ros2_ws_Akshaj/install/new_code_py/local/lib/python3.10/dist-packages/new_code_py-0.0.0-py3.10.egg-info/dependency_links.txt
[1.891s] -- Installing: /home/akshaj/Desktop/ros-lab-exp/ros-lab/ros2_ws_Akshaj/install/new_code_py/local/lib/python3.10/dist-packages/new_code_py-0.0.0-py3.10.egg-info/PKG-INFO
[1.891s] -- Up-to-date: /home/akshaj/Desktop/ros-lab-exp/ros-lab/ros2_ws_Akshaj/install/new_code_py/local/lib/python3.10/dist-packages/new_code_py
[1.891s] -- Up-to-date: /home/akshaj/Desktop/ros-lab-exp/ros-lab/ros2_ws_Akshaj/install/new_code_py/local/lib/python3.10/dist-packages/new_code_py/new_code_py_s__rosidl_typesupport_c.cpython-310-x86_64-linux-gnu.so
[1.891s] -- Up-to-date: /home/akshaj/Desktop/ros-lab-exp/ros-lab/ros2_ws_Akshaj/install/new_code_py/local/lib/python3.10/dist-packages/new_code_py/_new_code_py_s.ep.rosidl_typesupport_fastrtps_c.c
[1.891s] -- Up-to-date: /home/akshaj/Desktop/ros-lab-exp/ros-lab/ros2_ws_Akshaj/install/new_code_py/local/lib/python3.10/dist-packages/new_code_py/new_code_py_s__rosidl_typesupport_fastrtps_c.cpython-310-x86_64-linux-gnu.so
[1.891s] -- Up-to-date: /home/akshaj/Desktop/ros-lab-exp/ros-lab/ros2_ws_Akshaj/install/new_code_py/local/lib/python3.10/dist-packages/new_code_py/__init__.py
[1.891s] -- Up-to-date: /home/akshaj/Desktop/ros-lab-exp/ros-lab/ros2_ws_Akshaj/install/new_code_py/local/lib/python3.10/dist-packages/new_code_py/_new_code_py_s.ep.rosidl_typesupport_c.c
[1.892s] -- Up-to-date: /home/akshaj/Desktop/ros-lab-exp/ros-lab/ros2_ws_Akshaj/install/new_code_py/local/lib/python3.10/dist-packages/new_code_py/action
[1.892s] -- Up-to-date: /home/akshaj/Desktop/ros-lab-exp/ros-lab/ros2_ws_Akshaj/install/new_code_py/local/lib/python3.10/dist-packages/new_code_py/action/__init__.py
[1.892s] -- Up-to-date: /home/akshaj/Desktop/ros-lab-exp/ros-lab/ros2_ws_Akshaj/install/new_code_py/local/lib/python3.10/dist-packages/new_code_py/action/_fibonacci.py
[1.892s] -- Up-to-date: /home/akshaj/Desktop/ros-lab-exp/ros-lab/ros2_ws_Akshaj/install/new_code_py/local/lib/python3.10/dist-packages/new_code_py/action/_fibonacci_s.c
[1.892s] -- Up-to-date: /home/akshaj/Desktop/ros-lab-exp/ros-lab/ros2_ws_Akshaj/install/new_code_py/local/lib/python3.10/dist-packages/new_code_py/new_code_py_s__rosidl_typesupport_introspection_c.cpython-310-x86_64-linux-gnu.so
[1.892s] -- Up-to-date: /home/akshaj/Desktop/ros-lab-exp/ros-lab/ros2_ws_Akshaj/install/new_code_py/local/lib/python3.10/dist-packages/new_code_py/libmain_node_interfaces__rosidl_generator_py.so
[1.892s] -- Up-to-date: /home/akshaj/Desktop/ros-lab-exp/ros-lab/ros2_ws_Akshaj/install/new_code_py/local/lib/python3.10/dist-packages/new_code_py/_new_code_py_s.ep.rosidl_typesupport_introspection_c.c
[1.935s] Listing '/home/akshaj/Desktop/ros-lab-exp/ros-lab/ros2_ws_Akshaj/install/new_code_py/local/lib/python3.10/dist-packages/new_code_py'...
[1.936s] Listing '/home/akshaj/Desktop/ros-lab-exp/ros-lab/ros2_ws_Akshaj/install/new_code_py/local/lib/python3.10/dist-packages/new_code_py/action'...
[1.941s] -- Up-to-date: /home/akshaj/Desktop/ros-lab-exp/ros-lab/ros2_ws_Akshaj/install/new_code_py/local/lib/python3.10/dist-packages/new_code_py/new_code_py_s__rosidl_typesupport_fastrtps_c.cpython-310-x86_64-linux-gnu.so
[1.941s] -- Up-to-date: /home/akshaj/Desktop/ros-lab-exp/ros-lab/ros2_ws_Akshaj/install/new_code_py/local/lib/python3.10/dist-packages/new_code_py/new_code_py_s__rosidl_typesupport_introspection_c.cpython-310-x86_64-linux-gnu.so
[1.942s] -- Up-to-date: /home/akshaj/Desktop/ros-lab-exp/ros-lab/ros2_ws_Akshaj/install/new_code_py/local/lib/python3.10/dist-packages/new_code_py/new_code_py_s__rosidl_typesupport_c.cpython-310-x86_64-linux-gnu.so
[1.942s] -- Up-to-date: /home/akshaj/Desktop/ros-lab-exp/ros-lab/ros2_ws_Akshaj/install/new_code_py/lib/libmain_node_interfaces__rosidl_generator_py.so
[1.943s] -- Up-to-date: /home/akshaj/Desktop/ros-lab-exp/ros-lab/ros2_ws_Akshaj/install/new_code_py/share/new_code_py/action/Fibonacci.idl
[1.943s] -- Up-to-date: /home/akshaj/Desktop/ros-lab-exp/ros-lab/ros2_ws_Akshaj/install/new_code_py/share/new_code_py/action/Fibonacci.action
[1.943s] -- Up-to-date: /home/akshaj/Desktop/ros-lab-exp/ros-lab/ros2_ws_Akshaj/install/new_code_py/share/ament_index/resource_index/package_run_dependencies/new_code_py
[1.943s] -- Up-to-date: /home/akshaj/Desktop/ros-lab-exp/ros-lab/ros2_ws_Akshaj/install/new_code_py/share/ament_index/resource_index/parent_prefix_path/new_code_py
[1.943s] -- Up-to-date: /home/akshaj/Desktop/ros-lab-exp/ros-lab/ros2_ws_Akshaj/install/new_code_py/share/new_code_py/environment/ament_prefix_path.sh
[1.944s] -- Up-to-date: /home/akshaj/Desktop/ros-lab-exp/ros-lab/ros2_ws_Akshaj/install/new_code_py/share/new_code_py/environment/ament_prefix_path.dsv
[1.944s] -- Up-to-date: /home/akshaj/Desktop/ros-lab-exp/ros-lab/ros2_ws_Akshaj/install/new_code_py/share/new_code_py/environment/path.sh
[1.944s] -- Up-to-date: /home/akshaj/Desktop/ros-lab-exp/ros-lab/ros2_ws_Akshaj/install/new_code_py/share/new_code_py/environment/path.dsv
[1.944s] -- Up-to-date: /home/akshaj/Desktop/ros-lab-exp/ros-lab/ros2_ws_Akshaj/install/new_code_py/share/new_code_py/local_setup.bash
[1.944s] -- Up-to-date: /home/akshaj/Desktop/ros-lab-exp/ros-lab/ros2_ws_Akshaj/install/new_code_py/share/new_code_py/local_setup.sh
[1.944s] -- Up-to-date: /home/akshaj/Desktop/ros-lab-exp/ros-lab/ros2_ws_Akshaj/install/new_code_py/share/new_code_py/local_setup.zsh
[1.944s] -- Up-to-date: /home/akshaj/Desktop/ros-lab-exp/ros-lab/ros2_ws_Akshaj/install/new_code_py/share/new_code_py/local_setup.dsv
[1.945s] -- Installing: /home/akshaj/Desktop/ros-lab-exp/ros-lab/ros2_ws_Akshaj/install/new_code_py/share/new_code_py/package.dsv
[1.945s] -- Up-to-date: /home/akshaj/Desktop/ros-lab-exp/ros-lab/ros2_ws_Akshaj/install/new_code_py/share/ament_index/resource_index/packages/new_code_py
[1.945s] -- Up-to-date: /home/akshaj/Desktop/ros-lab-exp/ros-lab/ros2_ws_Akshaj/install/new_code_py/share/new_code_py/cmake/export_main_node_interfaces__rosidl_generator_cExport.cmake
[1.945s] -- Up-to-date: /home/akshaj/Desktop/ros-lab-exp/ros-lab/ros2_ws_Akshaj/install/new_code_py/share/new_code_py/cmake/export_main_node_interfaces__rosidl_generator_cExport-noconfig.cmake
[1.945s] -- Up-to-date: /home/akshaj/Desktop/ros-lab-exp/ros-lab/ros2_ws_Akshaj/install/new_code_py/share/new_code_py/cmake/export_main_node_interfaces__rosidl_typesupport_fastrtps_cExport.cmake
[1.945s] -- Up-to-date: /home/akshaj/Desktop/ros-lab-exp/ros-lab/ros2_ws_Akshaj/install/new_code_py/share/new_code_py/cmake/export_main_node_interfaces__rosidl_typesupport_fastrtps_cExport-noconfig.cmake
[1.946s] -- Up-to-date: /home/akshaj/Desktop/ros-lab-exp/ros-lab/ros2_ws_Akshaj/install/new_code_py/share/new_code_py/cmake/main_node_interfaces__rosidl_typesupport_introspection_cExport.cmake
[1.946s] -- Up-to-date: /home/akshaj/Desktop/ros-lab-exp/ros-lab/ros2_ws_Akshaj/install/new_code_py/share/new_code_py/cmake/main_node_interfaces__rosidl_typesupport_introspection_cExport-noconfig.cmake
[1.946s] -- Up-to-date: /home/akshaj/Desktop/ros-lab-exp/ros-lab/ros2_ws_Akshaj/install/new_code_py/share/new_code_py/cmake/main_node_interfaces__rosidl_typesupport_cExport.cmake
[1.946s] -- Up-to-date: /home/akshaj/Desktop/ros-lab-exp/ros-lab/ros2_ws_Akshaj/install/new_code_py/share/new_code_py/cmake/main_node_interfaces__rosidl_typesupport_cExport-noconfig.cmake
[1.946s] -- Up-to-date: /home/akshaj/Desktop/ros-lab-exp/ros-lab/ros2_ws_Akshaj/install/new_code_py/share/new_code_py/cmake/export_main_node_interfaces__rosidl_generator_cppExport.cmake
[1.946s] -- Up-to-date: /home/akshaj/Desktop/ros-lab-exp/ros-lab/ros2_ws_Akshaj/install/new_code_py/share/new_code_py/cmake/export_main_node_interfaces__rosidl_typesupport_fastrtps_cppExport.cmake
[1.947s] -- Up-to-date: /home/akshaj/Desktop/ros-lab-exp/ros-lab/ros2_ws_Akshaj/install/new_code_py/share/new_code_py/cmake/export_main_node_interfaces__rosidl_typesupport_fastrtps_cppExport-noconfig.cmake
[1.947s] -- Up-to-date: /home/akshaj/Desktop/ros-lab-exp/ros-lab/ros2_ws_Akshaj/install/new_code_py/share/new_code_py/cmake/main_node_interfaces__rosidl_typesupport_introspection_cppExport.cmake
[1.947s] -- Up-to-date: /home/akshaj/Desktop/ros-lab-exp/ros-lab/ros2_ws_Akshaj/install/new_code_py/share/new_code_py/cmake/main_node_interfaces__rosidl_typesupport_introspection_cppExport-noconfig.cmake
[1.947s] -- Up-to-date: /home/akshaj/Desktop/ros-lab-exp/ros-lab/ros2_ws_Akshaj/install/new_code_py/share/new_code_py/cmake/main_node_interfaces__rosidl_typesupport_cppExport.cmake
[1.947s] -- Up-to-date: /home/akshaj/Desktop/ros-lab-exp/ros-lab/ros2_ws_Akshaj/install/new_code_py/share/new_code_py/cmake/main_node_interfaces__rosidl_typesupport_cppExport-noconfig.cmake
[1.947s] -- Up-to-date: /home/akshaj/Desktop/ros-lab-exp/ros-lab/ros2_ws_Akshaj/install/new_code_py/share/new_code_py/cmake/export_main_node_interfaces__rosidl_generator_pyExport.cmake
[1.947s] -- Up-to-date: /home/akshaj/Desktop/ros-lab-exp/ros-lab/ros2_ws_Akshaj/install/new_code_py/share/new_code_py/cmake/export_main_node_interfaces__rosidl_generator_pyExport-noconfig.cmake
[1.948s] -- Up-to-date: /home/akshaj/Desktop/ros-lab-exp/ros-lab/ros2_ws_Akshaj/install/new_code_py/share/new_code_py/cmake/rosidl_cmake-extras.cmake
[1.948s] -- Up-to-date: /home/akshaj/Desktop/ros-lab-exp/ros-lab/ros2_ws_Akshaj/install/new_code_py/share/new_code_py/cmake/ament_cmake_export_dependencies-extras.cmake
[1.948s] -- Up-to-date: /home/akshaj/Desktop/ros-lab-exp/ros-lab/ros2_ws_Akshaj/install/new_code_py/share/new_code_py/cmake/ament_cmake_export_include_directories-extras.cmake
[1.948s] -- Up-to-date: /home/akshaj/Desktop/ros-lab-exp/ros-lab/ros2_ws_Akshaj/install/new_code_py/share/new_code_py/cmake/ament_cmake_export_libraries-extras.cmake
[1.948s] -- Up-to-date: /home/akshaj/Desktop/ros-lab-exp/ros-lab/ros2_ws_Akshaj/install/new_code_py/share/new_code_py/cmake/ament_cmake_export_targets-extras.cmake
[1.948s] -- Up-to-date: /home/akshaj/Desktop/ros-lab-exp/ros-lab/ros2_ws_Akshaj/install/new_code_py/share/new_code_py/cmake/rosidl_cmake_export_typesupport_targets-extras.cmake
[1.948s] -- Up-to-date: /home/akshaj/Desktop/ros-lab-exp/ros-lab/ros2_ws_Akshaj/install/new_code_py/share/new_code_py/cmake/rosidl_cmake_export_typesupport_libraries-extras.cmake
[1.948s] -- Up-to-date: /home/akshaj/Desktop/ros-lab-exp/ros-lab/ros2_ws_Akshaj/install/new_code_py/share/new_code_py/cmake/new_code_pyConfig.cmake
[1.948s] -- Up-to-date: /home/akshaj/Desktop/ros-lab-exp/ros-lab/ros2_ws_Akshaj/install/new_code_py/share/new_code_py/cmake/new_code_pyConfig-version.cmake
[1.949s] -- Up-to-date: /home/akshaj/Desktop/ros-lab-exp/ros-lab/ros2_ws_Akshaj/install/new_code_py/share/new_code_py/package.xml
[1.952s] Invoked command in '/home/akshaj/Desktop/ros-lab-exp/ros-lab/ros2_ws_Akshaj/build/new_code_py' returned '0': CMAKE_PREFIX_PATH=${CMAKE_PREFIX_PATH}:/home/akshaj/Desktop/ros-lab-exp/ros-lab/ros2_ws_Akshaj/install/my_package:/home/akshaj/Desktop/ros-lab-exp/ros-lab/ros2_ws_Akshaj/install/exp3:/home/akshaj/Desktop/ros-lab-exp/ros-lab/ros2_ws_Akshaj/install/custom_service_test:/home/akshaj/Desktop/ros-lab-exp/ros-lab/ros2_ws_Akshaj/install/client_pkg:/home/akshaj/ros2_ws/install/my_robot:/opt/ros/humble /usr/bin/cmake --install /home/akshaj/Desktop/ros-lab-exp/ros-lab/ros2_ws_Akshaj/build/new_code_py
