[0.155s] DEBUG:colcon:Command line arguments: ['/usr/bin/colcon', 'build', '--packages-select', 'assingment7']
[0.155s] DEBUG:colcon:Parsed command line arguments: Namespace(log_base=None, log_level=None, verb_name='build', build_base='build', install_base='install', merge_install=False, symlink_install=False, test_result_base=None, continue_on_error=False, executor='parallel', parallel_workers=12, event_handlers=None, ignore_user_meta=False, metas=['./colcon.meta'], base_paths=['.'], packages_ignore=None, packages_ignore_regex=None, paths=None, packages_up_to=None, packages_up_to_regex=None, packages_above=None, packages_above_and_dependencies=None, packages_above_depth=None, packages_select_by_dep=None, packages_skip_by_dep=None, packages_skip_up_to=None, packages_select_build_failed=False, packages_skip_build_finished=False, packages_select_test_failures=False, packages_skip_test_passed=False, packages_select=['assingment7'], packages_skip=None, packages_select_regex=None, packages_skip_regex=None, packages_start=None, packages_end=None, allow_overriding=[], cmake_args=None, cmake_target=None, cmake_target_skip_unavailable=False, cmake_clean_cache=False, cmake_clean_first=False, cmake_force_configure=False, ament_cmake_args=None, catkin_cmake_args=None, catkin_skip_building_tests=False, verb_parser=<colcon_defaults.argument_parser.defaults.DefaultArgumentsDecorator object at 0x707661081090>, verb_extension=<colcon_core.verb.build.BuildVerb object at 0x707661081000>, main=<bound method BuildVerb.main of <colcon_core.verb.build.BuildVerb object at 0x707661081000>>)
[0.219s] Level 1:colcon.colcon_core.package_discovery:discover_packages(colcon_meta) check parameters
[0.219s] Level 1:colcon.colcon_core.package_discovery:discover_packages(recursive) check parameters
[0.219s] Level 1:colcon.colcon_core.package_discovery:discover_packages(ignore) check parameters
[0.219s] Level 1:colcon.colcon_core.package_discovery:discover_packages(path) check parameters
[0.219s] Level 1:colcon.colcon_core.package_discovery:discover_packages(colcon_meta) discover
[0.219s] Level 1:colcon.colcon_core.package_discovery:discover_packages(recursive) discover
[0.219s] INFO:colcon.colcon_core.package_discovery:Crawling recursively for packages in '/home/akshaj/Desktop/ros-lab-exp/ros-lab/ros2_ws_Akshaj'
[0.219s] Level 1:colcon.colcon_core.package_identification:_identify(.) by extensions ['ignore', 'ignore_ament_install']
[0.219s] Level 1:colcon.colcon_core.package_identification:_identify(.) by extension 'ignore'
[0.219s] Level 1:colcon.colcon_core.package_identification:_identify(.) by extension 'ignore_ament_install'
[0.219s] Level 1:colcon.colcon_core.package_identification:_identify(.) by extensions ['colcon_pkg']
[0.219s] Level 1:colcon.colcon_core.package_identification:_identify(.) by extension 'colcon_pkg'
[0.219s] Level 1:colcon.colcon_core.package_identification:_identify(.) by extensions ['colcon_meta']
[0.219s] Level 1:colcon.colcon_core.package_identification:_identify(.) by extension 'colcon_meta'
[0.219s] Level 1:colcon.colcon_core.package_identification:_identify(.) by extensions ['ros']
[0.219s] Level 1:colcon.colcon_core.package_identification:_identify(.) by extension 'ros'
[0.223s] Level 1:colcon.colcon_core.package_identification:_identify(.) by extensions ['cmake', 'python']
[0.223s] Level 1:colcon.colcon_core.package_identification:_identify(.) by extension 'cmake'
[0.223s] Level 1:colcon.colcon_core.package_identification:_identify(.) by extension 'python'
[0.223s] Level 1:colcon.colcon_core.package_identification:_identify(.) by extensions ['python_setup_py']
[0.223s] Level 1:colcon.colcon_core.package_identification:_identify(.) by extension 'python_setup_py'
[0.223s] Level 1:colcon.colcon_core.package_identification:_identify(build) by extensions ['ignore', 'ignore_ament_install']
[0.223s] Level 1:colcon.colcon_core.package_identification:_identify(build) by extension 'ignore'
[0.223s] Level 1:colcon.colcon_core.package_identification:_identify(build) ignored
[0.224s] Level 1:colcon.colcon_core.package_identification:_identify(install) by extensions ['ignore', 'ignore_ament_install']
[0.224s] Level 1:colcon.colcon_core.package_identification:_identify(install) by extension 'ignore'
[0.224s] Level 1:colcon.colcon_core.package_identification:_identify(install) ignored
[0.224s] Level 1:colcon.colcon_core.package_identification:_identify(log) by extensions ['ignore', 'ignore_ament_install']
[0.224s] Level 1:colcon.colcon_core.package_identification:_identify(log) by extension 'ignore'
[0.224s] Level 1:colcon.colcon_core.package_identification:_identify(log) ignored
[0.224s] Level 1:colcon.colcon_core.package_identification:_identify(src) by extensions ['ignore', 'ignore_ament_install']
[0.224s] Level 1:colcon.colcon_core.package_identification:_identify(src) by extension 'ignore'
[0.224s] Level 1:colcon.colcon_core.package_identification:_identify(src) by extension 'ignore_ament_install'
[0.224s] Level 1:colcon.colcon_core.package_identification:_identify(src) by extensions ['colcon_pkg']
[0.224s] Level 1:colcon.colcon_core.package_identification:_identify(src) by extension 'colcon_pkg'
[0.224s] Level 1:colcon.colcon_core.package_identification:_identify(src) by extensions ['colcon_meta']
[0.224s] Level 1:colcon.colcon_core.package_identification:_identify(src) by extension 'colcon_meta'
[0.224s] Level 1:colcon.colcon_core.package_identification:_identify(src) by extensions ['ros']
[0.225s] Level 1:colcon.colcon_core.package_identification:_identify(src) by extension 'ros'
[0.225s] Level 1:colcon.colcon_core.package_identification:_identify(src) by extensions ['cmake', 'python']
[0.225s] Level 1:colcon.colcon_core.package_identification:_identify(src) by extension 'cmake'
[0.225s] Level 1:colcon.colcon_core.package_identification:_identify(src) by extension 'python'
[0.225s] Level 1:colcon.colcon_core.package_identification:_identify(src) by extensions ['python_setup_py']
[0.225s] Level 1:colcon.colcon_core.package_identification:_identify(src) by extension 'python_setup_py'
[0.225s] Level 1:colcon.colcon_core.package_identification:_identify(src/action_test) by extensions ['ignore', 'ignore_ament_install']
[0.225s] Level 1:colcon.colcon_core.package_identification:_identify(src/action_test) by extension 'ignore'
[0.225s] Level 1:colcon.colcon_core.package_identification:_identify(src/action_test) by extension 'ignore_ament_install'
[0.225s] Level 1:colcon.colcon_core.package_identification:_identify(src/action_test) by extensions ['colcon_pkg']
[0.225s] Level 1:colcon.colcon_core.package_identification:_identify(src/action_test) by extension 'colcon_pkg'
[0.225s] Level 1:colcon.colcon_core.package_identification:_identify(src/action_test) by extensions ['colcon_meta']
[0.225s] Level 1:colcon.colcon_core.package_identification:_identify(src/action_test) by extension 'colcon_meta'
[0.225s] Level 1:colcon.colcon_core.package_identification:_identify(src/action_test) by extensions ['ros']
[0.225s] Level 1:colcon.colcon_core.package_identification:_identify(src/action_test) by extension 'ros'
[0.228s] DEBUG:colcon.colcon_core.package_identification:Package 'src/action_test' with type 'ros.ament_python' and name 'action_test'
[0.228s] Level 1:colcon.colcon_core.package_identification:_identify(src/action_tutorials_interfaces) by extensions ['ignore', 'ignore_ament_install']
[0.228s] Level 1:colcon.colcon_core.package_identification:_identify(src/action_tutorials_interfaces) by extension 'ignore'
[0.228s] Level 1:colcon.colcon_core.package_identification:_identify(src/action_tutorials_interfaces) by extension 'ignore_ament_install'
[0.228s] Level 1:colcon.colcon_core.package_identification:_identify(src/action_tutorials_interfaces) by extensions ['colcon_pkg']
[0.228s] Level 1:colcon.colcon_core.package_identification:_identify(src/action_tutorials_interfaces) by extension 'colcon_pkg'
[0.228s] Level 1:colcon.colcon_core.package_identification:_identify(src/action_tutorials_interfaces) by extensions ['colcon_meta']
[0.228s] Level 1:colcon.colcon_core.package_identification:_identify(src/action_tutorials_interfaces) by extension 'colcon_meta'
[0.228s] Level 1:colcon.colcon_core.package_identification:_identify(src/action_tutorials_interfaces) by extensions ['ros']
[0.228s] Level 1:colcon.colcon_core.package_identification:_identify(src/action_tutorials_interfaces) by extension 'ros'
[0.229s] DEBUG:colcon.colcon_core.package_identification:Package 'src/action_tutorials_interfaces' with type 'ros.ament_cmake' and name 'action_tutorials_interfaces'
[0.229s] Level 1:colcon.colcon_core.package_identification:_identify(src/custom_service_test) by extensions ['ignore', 'ignore_ament_install']
[0.229s] Level 1:colcon.colcon_core.package_identification:_identify(src/custom_service_test) by extension 'ignore'
[0.229s] Level 1:colcon.colcon_core.package_identification:_identify(src/custom_service_test) by extension 'ignore_ament_install'
[0.229s] Level 1:colcon.colcon_core.package_identification:_identify(src/custom_service_test) by extensions ['colcon_pkg']
[0.229s] Level 1:colcon.colcon_core.package_identification:_identify(src/custom_service_test) by extension 'colcon_pkg'
[0.229s] Level 1:colcon.colcon_core.package_identification:_identify(src/custom_service_test) by extensions ['colcon_meta']
[0.229s] Level 1:colcon.colcon_core.package_identification:_identify(src/custom_service_test) by extension 'colcon_meta'
[0.230s] Level 1:colcon.colcon_core.package_identification:_identify(src/custom_service_test) by extensions ['ros']
[0.230s] Level 1:colcon.colcon_core.package_identification:_identify(src/custom_service_test) by extension 'ros'
[0.230s] DEBUG:colcon.colcon_core.package_identification:Package 'src/custom_service_test' with type 'ros.ament_python' and name 'custom_service_test'
[0.230s] Level 1:colcon.colcon_core.package_identification:_identify(src/exp3) by extensions ['ignore', 'ignore_ament_install']
[0.230s] Level 1:colcon.colcon_core.package_identification:_identify(src/exp3) by extension 'ignore'
[0.230s] Level 1:colcon.colcon_core.package_identification:_identify(src/exp3) by extension 'ignore_ament_install'
[0.230s] Level 1:colcon.colcon_core.package_identification:_identify(src/exp3) by extensions ['colcon_pkg']
[0.230s] Level 1:colcon.colcon_core.package_identification:_identify(src/exp3) by extension 'colcon_pkg'
[0.230s] Level 1:colcon.colcon_core.package_identification:_identify(src/exp3) by extensions ['colcon_meta']
[0.230s] Level 1:colcon.colcon_core.package_identification:_identify(src/exp3) by extension 'colcon_meta'
[0.231s] Level 1:colcon.colcon_core.package_identification:_identify(src/exp3) by extensions ['ros']
[0.231s] Level 1:colcon.colcon_core.package_identification:_identify(src/exp3) by extension 'ros'
[0.231s] DEBUG:colcon.colcon_core.package_identification:Package 'src/exp3' with type 'ros.ament_python' and name 'exp3'
[0.231s] Level 1:colcon.colcon_core.package_identification:_identify(src/experiment_interfaces) by extensions ['ignore', 'ignore_ament_install']
[0.231s] Level 1:colcon.colcon_core.package_identification:_identify(src/experiment_interfaces) by extension 'ignore'
[0.231s] Level 1:colcon.colcon_core.package_identification:_identify(src/experiment_interfaces) by extension 'ignore_ament_install'
[0.231s] Level 1:colcon.colcon_core.package_identification:_identify(src/experiment_interfaces) by extensions ['colcon_pkg']
[0.232s] Level 1:colcon.colcon_core.package_identification:_identify(src/experiment_interfaces) by extension 'colcon_pkg'
[0.232s] Level 1:colcon.colcon_core.package_identification:_identify(src/experiment_interfaces) by extensions ['colcon_meta']
[0.232s] Level 1:colcon.colcon_core.package_identification:_identify(src/experiment_interfaces) by extension 'colcon_meta'
[0.232s] Level 1:colcon.colcon_core.package_identification:_identify(src/experiment_interfaces) by extensions ['ros']
[0.232s] Level 1:colcon.colcon_core.package_identification:_identify(src/experiment_interfaces) by extension 'ros'
[0.232s] DEBUG:colcon.colcon_core.package_identification:Package 'src/experiment_interfaces' with type 'ros.ament_cmake' and name 'experiment_interfaces'
[0.232s] Level 1:colcon.colcon_core.package_identification:_identify(src/mobile_robot_description) by extensions ['ignore', 'ignore_ament_install']
[0.232s] Level 1:colcon.colcon_core.package_identification:_identify(src/mobile_robot_description) by extension 'ignore'
[0.232s] Level 1:colcon.colcon_core.package_identification:_identify(src/mobile_robot_description) by extension 'ignore_ament_install'
[0.232s] Level 1:colcon.colcon_core.package_identification:_identify(src/mobile_robot_description) by extensions ['colcon_pkg']
[0.233s] Level 1:colcon.colcon_core.package_identification:_identify(src/mobile_robot_description) by extension 'colcon_pkg'
[0.233s] Level 1:colcon.colcon_core.package_identification:_identify(src/mobile_robot_description) by extensions ['colcon_meta']
[0.233s] Level 1:colcon.colcon_core.package_identification:_identify(src/mobile_robot_description) by extension 'colcon_meta'
[0.233s] Level 1:colcon.colcon_core.package_identification:_identify(src/mobile_robot_description) by extensions ['ros']
[0.233s] Level 1:colcon.colcon_core.package_identification:_identify(src/mobile_robot_description) by extension 'ros'
[0.234s] DEBUG:colcon.colcon_core.package_identification:Package 'src/mobile_robot_description' with type 'ros.ament_cmake' and name 'mobile_robot_description'
[0.234s] Level 1:colcon.colcon_core.package_identification:_identify(src/my_package) by extensions ['ignore', 'ignore_ament_install']
[0.234s] Level 1:colcon.colcon_core.package_identification:_identify(src/my_package) by extension 'ignore'
[0.234s] Level 1:colcon.colcon_core.package_identification:_identify(src/my_package) by extension 'ignore_ament_install'
[0.234s] Level 1:colcon.colcon_core.package_identification:_identify(src/my_package) by extensions ['colcon_pkg']
[0.234s] Level 1:colcon.colcon_core.package_identification:_identify(src/my_package) by extension 'colcon_pkg'
[0.234s] Level 1:colcon.colcon_core.package_identification:_identify(src/my_package) by extensions ['colcon_meta']
[0.234s] Level 1:colcon.colcon_core.package_identification:_identify(src/my_package) by extension 'colcon_meta'
[0.234s] Level 1:colcon.colcon_core.package_identification:_identify(src/my_package) by extensions ['ros']
[0.234s] Level 1:colcon.colcon_core.package_identification:_identify(src/my_package) by extension 'ros'
[0.235s] DEBUG:colcon.colcon_core.package_identification:Package 'src/my_package' with type 'ros.ament_python' and name 'my_package'
[0.235s] Level 1:colcon.colcon_core.package_identification:_identify(src/prime_generator) by extensions ['ignore', 'ignore_ament_install']
[0.235s] Level 1:colcon.colcon_core.package_identification:_identify(src/prime_generator) by extension 'ignore'
[0.235s] Level 1:colcon.colcon_core.package_identification:_identify(src/prime_generator) by extension 'ignore_ament_install'
[0.235s] Level 1:colcon.colcon_core.package_identification:_identify(src/prime_generator) by extensions ['colcon_pkg']
[0.235s] Level 1:colcon.colcon_core.package_identification:_identify(src/prime_generator) by extension 'colcon_pkg'
[0.235s] Level 1:colcon.colcon_core.package_identification:_identify(src/prime_generator) by extensions ['colcon_meta']
[0.235s] Level 1:colcon.colcon_core.package_identification:_identify(src/prime_generator) by extension 'colcon_meta'
[0.235s] Level 1:colcon.colcon_core.package_identification:_identify(src/prime_generator) by extensions ['ros']
[0.235s] Level 1:colcon.colcon_core.package_identification:_identify(src/prime_generator) by extension 'ros'
[0.236s] DEBUG:colcon.colcon_core.package_identification:Package 'src/prime_generator' with type 'ros.ament_python' and name 'prime_generator'
[0.236s] Level 1:colcon.colcon_core.package_identification:_identify(src/ros2_urdf-main) by extensions ['ignore', 'ignore_ament_install']
[0.236s] Level 1:colcon.colcon_core.package_identification:_identify(src/ros2_urdf-main) by extension 'ignore'
[0.236s] Level 1:colcon.colcon_core.package_identification:_identify(src/ros2_urdf-main) by extension 'ignore_ament_install'
[0.236s] Level 1:colcon.colcon_core.package_identification:_identify(src/ros2_urdf-main) by extensions ['colcon_pkg']
[0.236s] Level 1:colcon.colcon_core.package_identification:_identify(src/ros2_urdf-main) by extension 'colcon_pkg'
[0.236s] Level 1:colcon.colcon_core.package_identification:_identify(src/ros2_urdf-main) by extensions ['colcon_meta']
[0.236s] Level 1:colcon.colcon_core.package_identification:_identify(src/ros2_urdf-main) by extension 'colcon_meta'
[0.236s] Level 1:colcon.colcon_core.package_identification:_identify(src/ros2_urdf-main) by extensions ['ros']
[0.236s] Level 1:colcon.colcon_core.package_identification:_identify(src/ros2_urdf-main) by extension 'ros'
[0.237s] DEBUG:colcon.colcon_core.package_identification:Package 'src/ros2_urdf-main' with type 'ros.ament_cmake' and name 'assingment7'
[0.237s] Level 1:colcon.colcon_core.package_identification:_identify(src/ros2_ws_exp4) by extensions ['ignore', 'ignore_ament_install']
[0.237s] Level 1:colcon.colcon_core.package_identification:_identify(src/ros2_ws_exp4) by extension 'ignore'
[0.237s] Level 1:colcon.colcon_core.package_identification:_identify(src/ros2_ws_exp4) by extension 'ignore_ament_install'
[0.237s] Level 1:colcon.colcon_core.package_identification:_identify(src/ros2_ws_exp4) by extensions ['colcon_pkg']
[0.237s] Level 1:colcon.colcon_core.package_identification:_identify(src/ros2_ws_exp4) by extension 'colcon_pkg'
[0.237s] Level 1:colcon.colcon_core.package_identification:_identify(src/ros2_ws_exp4) by extensions ['colcon_meta']
[0.237s] Level 1:colcon.colcon_core.package_identification:_identify(src/ros2_ws_exp4) by extension 'colcon_meta'
[0.237s] Level 1:colcon.colcon_core.package_identification:_identify(src/ros2_ws_exp4) by extensions ['ros']
[0.237s] Level 1:colcon.colcon_core.package_identification:_identify(src/ros2_ws_exp4) by extension 'ros'
[0.238s] Level 1:colcon.colcon_core.package_identification:_identify(src/ros2_ws_exp4) by extensions ['cmake', 'python']
[0.238s] Level 1:colcon.colcon_core.package_identification:_identify(src/ros2_ws_exp4) by extension 'cmake'
[0.238s] Level 1:colcon.colcon_core.package_identification:_identify(src/ros2_ws_exp4) by extension 'python'
[0.238s] Level 1:colcon.colcon_core.package_identification:_identify(src/ros2_ws_exp4) by extensions ['python_setup_py']
[0.238s] Level 1:colcon.colcon_core.package_identification:_identify(src/ros2_ws_exp4) by extension 'python_setup_py'
[0.238s] Level 1:colcon.colcon_core.package_identification:_identify(src/ros2_ws_exp4/build) by extensions ['ignore', 'ignore_ament_install']
[0.238s] Level 1:colcon.colcon_core.package_identification:_identify(src/ros2_ws_exp4/build) by extension 'ignore'
[0.238s] Level 1:colcon.colcon_core.package_identification:_identify(src/ros2_ws_exp4/build) ignored
[0.238s] Level 1:colcon.colcon_core.package_identification:_identify(src/ros2_ws_exp4/install) by extensions ['ignore', 'ignore_ament_install']
[0.238s] Level 1:colcon.colcon_core.package_identification:_identify(src/ros2_ws_exp4/install) by extension 'ignore'
[0.238s] Level 1:colcon.colcon_core.package_identification:_identify(src/ros2_ws_exp4/install) ignored
[0.238s] Level 1:colcon.colcon_core.package_identification:_identify(src/ros2_ws_exp4/log) by extensions ['ignore', 'ignore_ament_install']
[0.238s] Level 1:colcon.colcon_core.package_identification:_identify(src/ros2_ws_exp4/log) by extension 'ignore'
[0.238s] Level 1:colcon.colcon_core.package_identification:_identify(src/ros2_ws_exp4/log) ignored
[0.239s] Level 1:colcon.colcon_core.package_identification:_identify(src/ros2_ws_exp4/src) by extensions ['ignore', 'ignore_ament_install']
[0.239s] Level 1:colcon.colcon_core.package_identification:_identify(src/ros2_ws_exp4/src) by extension 'ignore'
[0.239s] Level 1:colcon.colcon_core.package_identification:_identify(src/ros2_ws_exp4/src) by extension 'ignore_ament_install'
[0.239s] Level 1:colcon.colcon_core.package_identification:_identify(src/ros2_ws_exp4/src) by extensions ['colcon_pkg']
[0.239s] Level 1:colcon.colcon_core.package_identification:_identify(src/ros2_ws_exp4/src) by extension 'colcon_pkg'
[0.239s] Level 1:colcon.colcon_core.package_identification:_identify(src/ros2_ws_exp4/src) by extensions ['colcon_meta']
[0.239s] Level 1:colcon.colcon_core.package_identification:_identify(src/ros2_ws_exp4/src) by extension 'colcon_meta'
[0.239s] Level 1:colcon.colcon_core.package_identification:_identify(src/ros2_ws_exp4/src) by extensions ['ros']
[0.239s] Level 1:colcon.colcon_core.package_identification:_identify(src/ros2_ws_exp4/src) by extension 'ros'
[0.239s] Level 1:colcon.colcon_core.package_identification:_identify(src/ros2_ws_exp4/src) by extensions ['cmake', 'python']
[0.239s] Level 1:colcon.colcon_core.package_identification:_identify(src/ros2_ws_exp4/src) by extension 'cmake'
[0.239s] Level 1:colcon.colcon_core.package_identification:_identify(src/ros2_ws_exp4/src) by extension 'python'
[0.239s] Level 1:colcon.colcon_core.package_identification:_identify(src/ros2_ws_exp4/src) by extensions ['python_setup_py']
[0.239s] Level 1:colcon.colcon_core.package_identification:_identify(src/ros2_ws_exp4/src) by extension 'python_setup_py'
[0.239s] Level 1:colcon.colcon_core.package_identification:_identify(src/ros2_ws_exp4/src/build) by extensions ['ignore', 'ignore_ament_install']
[0.239s] Level 1:colcon.colcon_core.package_identification:_identify(src/ros2_ws_exp4/src/build) by extension 'ignore'
[0.240s] Level 1:colcon.colcon_core.package_identification:_identify(src/ros2_ws_exp4/src/build) ignored
[0.240s] Level 1:colcon.colcon_core.package_identification:_identify(src/ros2_ws_exp4/src/client_pkg) by extensions ['ignore', 'ignore_ament_install']
[0.240s] Level 1:colcon.colcon_core.package_identification:_identify(src/ros2_ws_exp4/src/client_pkg) by extension 'ignore'
[0.240s] Level 1:colcon.colcon_core.package_identification:_identify(src/ros2_ws_exp4/src/client_pkg) by extension 'ignore_ament_install'
[0.240s] Level 1:colcon.colcon_core.package_identification:_identify(src/ros2_ws_exp4/src/client_pkg) by extensions ['colcon_pkg']
[0.240s] Level 1:colcon.colcon_core.package_identification:_identify(src/ros2_ws_exp4/src/client_pkg) by extension 'colcon_pkg'
[0.240s] Level 1:colcon.colcon_core.package_identification:_identify(src/ros2_ws_exp4/src/client_pkg) by extensions ['colcon_meta']
[0.240s] Level 1:colcon.colcon_core.package_identification:_identify(src/ros2_ws_exp4/src/client_pkg) by extension 'colcon_meta'
[0.240s] Level 1:colcon.colcon_core.package_identification:_identify(src/ros2_ws_exp4/src/client_pkg) by extensions ['ros']
[0.240s] Level 1:colcon.colcon_core.package_identification:_identify(src/ros2_ws_exp4/src/client_pkg) by extension 'ros'
[0.241s] DEBUG:colcon.colcon_core.package_identification:Package 'src/ros2_ws_exp4/src/client_pkg' with type 'ros.ament_python' and name 'client_pkg'
[0.241s] Level 1:colcon.colcon_core.package_identification:_identify(src/ros2_ws_exp4/src/install) by extensions ['ignore', 'ignore_ament_install']
[0.241s] Level 1:colcon.colcon_core.package_identification:_identify(src/ros2_ws_exp4/src/install) by extension 'ignore'
[0.241s] Level 1:colcon.colcon_core.package_identification:_identify(src/ros2_ws_exp4/src/install) ignored
[0.241s] Level 1:colcon.colcon_core.package_identification:_identify(src/ros2_ws_exp4/src/log) by extensions ['ignore', 'ignore_ament_install']
[0.241s] Level 1:colcon.colcon_core.package_identification:_identify(src/ros2_ws_exp4/src/log) by extension 'ignore'
[0.241s] Level 1:colcon.colcon_core.package_identification:_identify(src/ros2_ws_exp4/src/log) ignored
[0.241s] Level 1:colcon.colcon_core.package_identification:_identify(src/urdfbot_description) by extensions ['ignore', 'ignore_ament_install']
[0.241s] Level 1:colcon.colcon_core.package_identification:_identify(src/urdfbot_description) by extension 'ignore'
[0.241s] Level 1:colcon.colcon_core.package_identification:_identify(src/urdfbot_description) by extension 'ignore_ament_install'
[0.241s] Level 1:colcon.colcon_core.package_identification:_identify(src/urdfbot_description) by extensions ['colcon_pkg']
[0.242s] Level 1:colcon.colcon_core.package_identification:_identify(src/urdfbot_description) by extension 'colcon_pkg'
[0.242s] Level 1:colcon.colcon_core.package_identification:_identify(src/urdfbot_description) by extensions ['colcon_meta']
[0.242s] Level 1:colcon.colcon_core.package_identification:_identify(src/urdfbot_description) by extension 'colcon_meta'
[0.242s] Level 1:colcon.colcon_core.package_identification:_identify(src/urdfbot_description) by extensions ['ros']
[0.242s] Level 1:colcon.colcon_core.package_identification:_identify(src/urdfbot_description) by extension 'ros'
[0.242s] DEBUG:colcon.colcon_core.package_identification:Package 'src/urdfbot_description' with type 'ros.ament_cmake' and name 'urdfbot_description'
[0.242s] Level 1:colcon.colcon_core.package_discovery:discover_packages(recursive) using defaults
[0.242s] Level 1:colcon.colcon_core.package_discovery:discover_packages(ignore) discover
[0.242s] Level 1:colcon.colcon_core.package_discovery:discover_packages(ignore) using defaults
[0.242s] Level 1:colcon.colcon_core.package_discovery:discover_packages(path) discover
[0.243s] Level 1:colcon.colcon_core.package_discovery:discover_packages(path) using defaults
[0.267s] INFO:colcon.colcon_core.package_selection:Skipping not selected package 'action_test' in 'src/action_test'
[0.268s] INFO:colcon.colcon_core.package_selection:Skipping not selected package 'action_tutorials_interfaces' in 'src/action_tutorials_interfaces'
[0.268s] INFO:colcon.colcon_core.package_selection:Skipping not selected package 'client_pkg' in 'src/ros2_ws_exp4/src/client_pkg'
[0.268s] INFO:colcon.colcon_core.package_selection:Skipping not selected package 'custom_service_test' in 'src/custom_service_test'
[0.268s] INFO:colcon.colcon_core.package_selection:Skipping not selected package 'exp3' in 'src/exp3'
[0.268s] INFO:colcon.colcon_core.package_selection:Skipping not selected package 'experiment_interfaces' in 'src/experiment_interfaces'
[0.268s] INFO:colcon.colcon_core.package_selection:Skipping not selected package 'mobile_robot_description' in 'src/mobile_robot_description'
[0.268s] INFO:colcon.colcon_core.package_selection:Skipping not selected package 'my_package' in 'src/my_package'
[0.268s] INFO:colcon.colcon_core.package_selection:Skipping not selected package 'prime_generator' in 'src/prime_generator'
[0.268s] INFO:colcon.colcon_core.package_selection:Skipping not selected package 'urdfbot_description' in 'src/urdfbot_description'
[0.268s] Level 1:colcon.colcon_core.package_discovery:discover_packages(prefix_path) check parameters
[0.268s] Level 1:colcon.colcon_core.package_discovery:discover_packages(prefix_path) discover
[0.270s] WARNING:colcon.colcon_core.prefix_path.colcon:The path '/home/akshaj/Desktop/ros-lab-exp/ros-lab/ros2_urdf-main/install' in the environment variable COLCON_PREFIX_PATH doesn't exist
[0.270s] WARNING:colcon.colcon_core.prefix_path.colcon:The path '/home/akshaj/Desktop/ros-lab-exp/ros-lab/install' in the environment variable COLCON_PREFIX_PATH doesn't exist
[0.272s] DEBUG:colcon.colcon_installed_package_information.package_discovery:Found 12 installed packages in /home/akshaj/Desktop/ros-lab-exp/ros-lab/ros2_ws_Akshaj/install
[0.274s] DEBUG:colcon.colcon_installed_package_information.package_discovery:Found 399 installed packages in /opt/ros/humble
[0.277s] Level 1:colcon.colcon_core.package_discovery:discover_packages(prefix_path) using defaults
[0.345s] Level 5:colcon.colcon_core.verb:set package 'assingment7' build argument 'cmake_args' from command line to 'None'
[0.345s] Level 5:colcon.colcon_core.verb:set package 'assingment7' build argument 'cmake_target' from command line to 'None'
[0.345s] Level 5:colcon.colcon_core.verb:set package 'assingment7' build argument 'cmake_target_skip_unavailable' from command line to 'False'
[0.345s] Level 5:colcon.colcon_core.verb:set package 'assingment7' build argument 'cmake_clean_cache' from command line to 'False'
[0.345s] Level 5:colcon.colcon_core.verb:set package 'assingment7' build argument 'cmake_clean_first' from command line to 'False'
[0.345s] Level 5:colcon.colcon_core.verb:set package 'assingment7' build argument 'cmake_force_configure' from command line to 'False'
[0.345s] Level 5:colcon.colcon_core.verb:set package 'assingment7' build argument 'ament_cmake_args' from command line to 'None'
[0.345s] Level 5:colcon.colcon_core.verb:set package 'assingment7' build argument 'catkin_cmake_args' from command line to 'None'
[0.345s] Level 5:colcon.colcon_core.verb:set package 'assingment7' build argument 'catkin_skip_building_tests' from command line to 'False'
[0.345s] DEBUG:colcon.colcon_core.verb:Building package 'assingment7' with the following arguments: {'ament_cmake_args': None, 'build_base': '/home/akshaj/Desktop/ros-lab-exp/ros-lab/ros2_ws_Akshaj/build/assingment7', 'catkin_cmake_args': None, 'catkin_skip_building_tests': False, 'cmake_args': None, 'cmake_clean_cache': False, 'cmake_clean_first': False, 'cmake_force_configure': False, 'cmake_target': None, 'cmake_target_skip_unavailable': False, 'install_base': '/home/akshaj/Desktop/ros-lab-exp/ros-lab/ros2_ws_Akshaj/install/assingment7', 'merge_install': False, 'path': '/home/akshaj/Desktop/ros-lab-exp/ros-lab/ros2_ws_Akshaj/src/ros2_urdf-main', 'symlink_install': False, 'test_result_base': None}
[0.345s] INFO:colcon.colcon_core.executor:Executing jobs using 'parallel' executor
[0.347s] DEBUG:colcon.colcon_parallel_executor.executor.parallel:run_until_complete
[0.347s] INFO:colcon.colcon_ros.task.ament_cmake.build:Building ROS package in '/home/akshaj/Desktop/ros-lab-exp/ros-lab/ros2_ws_Akshaj/src/ros2_urdf-main' with build type 'ament_cmake'
[0.347s] INFO:colcon.colcon_cmake.task.cmake.build:Building CMake package in '/home/akshaj/Desktop/ros-lab-exp/ros-lab/ros2_ws_Akshaj/src/ros2_urdf-main'
[0.351s] INFO:colcon.colcon_core.plugin_system:Skipping extension 'colcon_core.shell.bat': Not used on non-Windows systems
[0.351s] INFO:colcon.colcon_core.shell:Skip shell extension 'powershell' for command environment: Not usable outside of PowerShell
[0.351s] DEBUG:colcon.colcon_core.shell:Skip shell extension 'dsv' for command environment
[0.365s] DEBUG:colcon.colcon_core.event_handler.log_command:Invoking command in '/home/akshaj/Desktop/ros-lab-exp/ros-lab/ros2_ws_Akshaj/build/assingment7': CMAKE_PREFIX_PATH=/home/akshaj/Desktop/ros-lab-exp/ros-lab/ros2_ws_Akshaj/install/urdfbot_description:/home/akshaj/Desktop/ros-lab-exp/ros-lab/ros2_ws_Akshaj/install/prime_generator:/home/akshaj/Desktop/ros-lab-exp/ros-lab/ros2_ws_Akshaj/install/my_package:/home/akshaj/Desktop/ros-lab-exp/ros-lab/ros2_ws_Akshaj/install/mobile_robot_description:/home/akshaj/Desktop/ros-lab-exp/ros-lab/ros2_ws_Akshaj/install/experiment_interfaces:/home/akshaj/Desktop/ros-lab-exp/ros-lab/ros2_ws_Akshaj/install/exp3:/home/akshaj/Desktop/ros-lab-exp/ros-lab/ros2_ws_Akshaj/install/custom_service_test:/home/akshaj/Desktop/ros-lab-exp/ros-lab/ros2_ws_Akshaj/install/client_pkg:/home/akshaj/Desktop/ros-lab-exp/ros-lab/ros2_ws_Akshaj/install/action_tutorials_interfaces:/home/akshaj/Desktop/ros-lab-exp/ros-lab/ros2_ws_Akshaj/install/action_test:/opt/ros/humble /usr/bin/cmake --build /home/akshaj/Desktop/ros-lab-exp/ros-lab/ros2_ws_Akshaj/build/assingment7 -- -j12 -l12
[0.418s] DEBUG:colcon.colcon_core.event_handler.log_command:Invoked command in '/home/akshaj/Desktop/ros-lab-exp/ros-lab/ros2_ws_Akshaj/build/assingment7' returned '0': CMAKE_PREFIX_PATH=/home/akshaj/Desktop/ros-lab-exp/ros-lab/ros2_ws_Akshaj/install/urdfbot_description:/home/akshaj/Desktop/ros-lab-exp/ros-lab/ros2_ws_Akshaj/install/prime_generator:/home/akshaj/Desktop/ros-lab-exp/ros-lab/ros2_ws_Akshaj/install/my_package:/home/akshaj/Desktop/ros-lab-exp/ros-lab/ros2_ws_Akshaj/install/mobile_robot_description:/home/akshaj/Desktop/ros-lab-exp/ros-lab/ros2_ws_Akshaj/install/experiment_interfaces:/home/akshaj/Desktop/ros-lab-exp/ros-lab/ros2_ws_Akshaj/install/exp3:/home/akshaj/Desktop/ros-lab-exp/ros-lab/ros2_ws_Akshaj/install/custom_service_test:/home/akshaj/Desktop/ros-lab-exp/ros-lab/ros2_ws_Akshaj/install/client_pkg:/home/akshaj/Desktop/ros-lab-exp/ros-lab/ros2_ws_Akshaj/install/action_tutorials_interfaces:/home/akshaj/Desktop/ros-lab-exp/ros-lab/ros2_ws_Akshaj/install/action_test:/opt/ros/humble /usr/bin/cmake --build /home/akshaj/Desktop/ros-lab-exp/ros-lab/ros2_ws_Akshaj/build/assingment7 -- -j12 -l12
[0.432s] DEBUG:colcon.colcon_core.event_handler.log_command:Invoking command in '/home/akshaj/Desktop/ros-lab-exp/ros-lab/ros2_ws_Akshaj/build/assingment7': CMAKE_PREFIX_PATH=/home/akshaj/Desktop/ros-lab-exp/ros-lab/ros2_ws_Akshaj/install/urdfbot_description:/home/akshaj/Desktop/ros-lab-exp/ros-lab/ros2_ws_Akshaj/install/prime_generator:/home/akshaj/Desktop/ros-lab-exp/ros-lab/ros2_ws_Akshaj/install/my_package:/home/akshaj/Desktop/ros-lab-exp/ros-lab/ros2_ws_Akshaj/install/mobile_robot_description:/home/akshaj/Desktop/ros-lab-exp/ros-lab/ros2_ws_Akshaj/install/experiment_interfaces:/home/akshaj/Desktop/ros-lab-exp/ros-lab/ros2_ws_Akshaj/install/exp3:/home/akshaj/Desktop/ros-lab-exp/ros-lab/ros2_ws_Akshaj/install/custom_service_test:/home/akshaj/Desktop/ros-lab-exp/ros-lab/ros2_ws_Akshaj/install/client_pkg:/home/akshaj/Desktop/ros-lab-exp/ros-lab/ros2_ws_Akshaj/install/action_tutorials_interfaces:/home/akshaj/Desktop/ros-lab-exp/ros-lab/ros2_ws_Akshaj/install/action_test:/opt/ros/humble /usr/bin/cmake --install /home/akshaj/Desktop/ros-lab-exp/ros-lab/ros2_ws_Akshaj/build/assingment7
[0.444s] DEBUG:colcon.colcon_core.event_handler.log_command:Invoked command in '/home/akshaj/Desktop/ros-lab-exp/ros-lab/ros2_ws_Akshaj/build/assingment7' returned '1': CMAKE_PREFIX_PATH=/home/akshaj/Desktop/ros-lab-exp/ros-lab/ros2_ws_Akshaj/install/urdfbot_description:/home/akshaj/Desktop/ros-lab-exp/ros-lab/ros2_ws_Akshaj/install/prime_generator:/home/akshaj/Desktop/ros-lab-exp/ros-lab/ros2_ws_Akshaj/install/my_package:/home/akshaj/Desktop/ros-lab-exp/ros-lab/ros2_ws_Akshaj/install/mobile_robot_description:/home/akshaj/Desktop/ros-lab-exp/ros-lab/ros2_ws_Akshaj/install/experiment_interfaces:/home/akshaj/Desktop/ros-lab-exp/ros-lab/ros2_ws_Akshaj/install/exp3:/home/akshaj/Desktop/ros-lab-exp/ros-lab/ros2_ws_Akshaj/install/custom_service_test:/home/akshaj/Desktop/ros-lab-exp/ros-lab/ros2_ws_Akshaj/install/client_pkg:/home/akshaj/Desktop/ros-lab-exp/ros-lab/ros2_ws_Akshaj/install/action_tutorials_interfaces:/home/akshaj/Desktop/ros-lab-exp/ros-lab/ros2_ws_Akshaj/install/action_test:/opt/ros/humble /usr/bin/cmake --install /home/akshaj/Desktop/ros-lab-exp/ros-lab/ros2_ws_Akshaj/build/assingment7
[0.445s] Level 1:colcon.colcon_core.environment:create_environment_scripts_only(assingment7)
[0.450s] Level 1:colcon.colcon_core.environment:checking '/home/akshaj/Desktop/ros-lab-exp/ros-lab/ros2_ws_Akshaj/install/assingment7' for CMake module files
[0.450s] Level 1:colcon.colcon_core.environment:checking '/home/akshaj/Desktop/ros-lab-exp/ros-lab/ros2_ws_Akshaj/install/assingment7' for CMake config files
[0.451s] Level 1:colcon.colcon_core.environment:checking '/home/akshaj/Desktop/ros-lab-exp/ros-lab/ros2_ws_Akshaj/install/assingment7/bin'
[0.451s] Level 1:colcon.colcon_core.environment:checking '/home/akshaj/Desktop/ros-lab-exp/ros-lab/ros2_ws_Akshaj/install/assingment7/lib/pkgconfig/assingment7.pc'
[0.451s] Level 1:colcon.colcon_core.environment:checking '/home/akshaj/Desktop/ros-lab-exp/ros-lab/ros2_ws_Akshaj/install/assingment7/lib/python3.10/site-packages'
[0.452s] Level 1:colcon.colcon_core.environment:checking '/home/akshaj/Desktop/ros-lab-exp/ros-lab/ros2_ws_Akshaj/install/assingment7/bin'
[0.452s] INFO:colcon.colcon_core.shell:Creating package script '/home/akshaj/Desktop/ros-lab-exp/ros-lab/ros2_ws_Akshaj/install/assingment7/share/assingment7/package.ps1'
[0.453s] INFO:colcon.colcon_core.shell:Creating package descriptor '/home/akshaj/Desktop/ros-lab-exp/ros-lab/ros2_ws_Akshaj/install/assingment7/share/assingment7/package.dsv'
[0.454s] INFO:colcon.colcon_core.shell:Creating package script '/home/akshaj/Desktop/ros-lab-exp/ros-lab/ros2_ws_Akshaj/install/assingment7/share/assingment7/package.sh'
[0.454s] INFO:colcon.colcon_core.shell:Creating package script '/home/akshaj/Desktop/ros-lab-exp/ros-lab/ros2_ws_Akshaj/install/assingment7/share/assingment7/package.bash'
[0.455s] INFO:colcon.colcon_core.shell:Creating package script '/home/akshaj/Desktop/ros-lab-exp/ros-lab/ros2_ws_Akshaj/install/assingment7/share/assingment7/package.zsh'
[0.456s] Level 1:colcon.colcon_core.environment:create_file_with_runtime_dependencies(/home/akshaj/Desktop/ros-lab-exp/ros-lab/ros2_ws_Akshaj/install/assingment7/share/colcon-core/packages/assingment7)
[0.467s] DEBUG:colcon.colcon_parallel_executor.executor.parallel:closing loop
[0.467s] DEBUG:colcon.colcon_parallel_executor.executor.parallel:loop closed
[0.467s] DEBUG:colcon.colcon_parallel_executor.executor.parallel:run_until_complete finished with '1'
[0.468s] DEBUG:colcon.colcon_core.event_reactor:joining thread
[0.493s] INFO:colcon.colcon_core.plugin_system:Skipping extension 'colcon_notification.desktop_notification.terminal_notifier': Not used on non-Darwin systems
[0.493s] INFO:colcon.colcon_core.plugin_system:Skipping extension 'colcon_notification.desktop_notification.win32': Not used on non-Windows systems
[0.493s] INFO:colcon.colcon_notification.desktop_notification:Sending desktop notification using 'notify2'
[0.508s] DEBUG:colcon.colcon_core.event_reactor:joined thread
[0.509s] INFO:colcon.colcon_core.shell:Creating prefix script '/home/akshaj/Desktop/ros-lab-exp/ros-lab/ros2_ws_Akshaj/install/local_setup.ps1'
[0.510s] INFO:colcon.colcon_core.shell:Creating prefix util module '/home/akshaj/Desktop/ros-lab-exp/ros-lab/ros2_ws_Akshaj/install/_local_setup_util_ps1.py'
[0.512s] INFO:colcon.colcon_core.shell:Creating prefix chain script '/home/akshaj/Desktop/ros-lab-exp/ros-lab/ros2_ws_Akshaj/install/setup.ps1'
[0.513s] INFO:colcon.colcon_core.shell:Creating prefix script '/home/akshaj/Desktop/ros-lab-exp/ros-lab/ros2_ws_Akshaj/install/local_setup.sh'
[0.514s] INFO:colcon.colcon_core.shell:Creating prefix util module '/home/akshaj/Desktop/ros-lab-exp/ros-lab/ros2_ws_Akshaj/install/_local_setup_util_sh.py'
[0.515s] INFO:colcon.colcon_core.shell:Creating prefix chain script '/home/akshaj/Desktop/ros-lab-exp/ros-lab/ros2_ws_Akshaj/install/setup.sh'
[0.516s] INFO:colcon.colcon_core.shell:Creating prefix script '/home/akshaj/Desktop/ros-lab-exp/ros-lab/ros2_ws_Akshaj/install/local_setup.bash'
[0.517s] INFO:colcon.colcon_core.shell:Creating prefix chain script '/home/akshaj/Desktop/ros-lab-exp/ros-lab/ros2_ws_Akshaj/install/setup.bash'
[0.518s] INFO:colcon.colcon_core.shell:Creating prefix script '/home/akshaj/Desktop/ros-lab-exp/ros-lab/ros2_ws_Akshaj/install/local_setup.zsh'
[0.518s] INFO:colcon.colcon_core.shell:Creating prefix chain script '/home/akshaj/Desktop/ros-lab-exp/ros-lab/ros2_ws_Akshaj/install/setup.zsh'
