[2.060s] Invoking command in '/home/akshaj/Desktop/ros-lab-exp/ros-lab/ros2_ws_Akshaj/src/exp3': PYTHONPATH=/home/akshaj/Desktop/ros-lab-exp/ros-lab/ros2_ws_Akshaj/build/exp3/prefix_override:/usr/lib/python3/dist-packages/colcon_core/task/python/colcon_distutils_commands:/home/akshaj/Desktop/ros-lab-exp/ros-lab/ros2_ws_Akshaj/install/exp3/lib/python3.10/site-packages:${PYTHONPATH} /usr/bin/python3 -W ignore:setup.py install is deprecated -W ignore:easy_install command is deprecated setup.py egg_info --egg-base ../../build/exp3 build --build-base /home/akshaj/Desktop/ros-lab-exp/ros-lab/ros2_ws_Akshaj/build/exp3/build install --record /home/akshaj/Desktop/ros-lab-exp/ros-lab/ros2_ws_Akshaj/build/exp3/install.log --single-version-externally-managed install_data
[2.417s] running egg_info
[2.418s] writing ../../build/exp3/exp3.egg-info/PKG-INFO
[2.418s] writing dependency_links to ../../build/exp3/exp3.egg-info/dependency_links.txt
[2.418s] writing entry points to ../../build/exp3/exp3.egg-info/entry_points.txt
[2.419s] writing requirements to ../../build/exp3/exp3.egg-info/requires.txt
[2.419s] writing top-level names to ../../build/exp3/exp3.egg-info/top_level.txt
[2.422s] reading manifest file '../../build/exp3/exp3.egg-info/SOURCES.txt'
[2.423s] writing manifest file '../../build/exp3/exp3.egg-info/SOURCES.txt'
[2.423s] running build
[2.423s] running build_py
[2.425s] running install
[2.426s] running install_lib
[2.427s] running install_data
[2.427s] running install_egg_info
[2.432s] removing '/home/akshaj/Desktop/ros-lab-exp/ros-lab/ros2_ws_Akshaj/install/exp3/lib/python3.10/site-packages/exp3-0.0.0-py3.10.egg-info' (and everything under it)
[2.432s] Copying ../../build/exp3/exp3.egg-info to /home/akshaj/Desktop/ros-lab-exp/ros-lab/ros2_ws_Akshaj/install/exp3/lib/python3.10/site-packages/exp3-0.0.0-py3.10.egg-info
[2.434s] running install_scripts
[2.465s] Installing publisher script to /home/akshaj/Desktop/ros-lab-exp/ros-lab/ros2_ws_Akshaj/install/exp3/lib/exp3
[2.465s] Installing subscriber script to /home/akshaj/Desktop/ros-lab-exp/ros-lab/ros2_ws_Akshaj/install/exp3/lib/exp3
[2.466s] writing list of installed files to '/home/akshaj/Desktop/ros-lab-exp/ros-lab/ros2_ws_Akshaj/build/exp3/install.log'
[2.511s] Invoked command in '/home/akshaj/Desktop/ros-lab-exp/ros-lab/ros2_ws_Akshaj/src/exp3' returned '0': PYTHONPATH=/home/akshaj/Desktop/ros-lab-exp/ros-lab/ros2_ws_Akshaj/build/exp3/prefix_override:/usr/lib/python3/dist-packages/colcon_core/task/python/colcon_distutils_commands:/home/akshaj/Desktop/ros-lab-exp/ros-lab/ros2_ws_Akshaj/install/exp3/lib/python3.10/site-packages:${PYTHONPATH} /usr/bin/python3 -W ignore:setup.py install is deprecated -W ignore:easy_install command is deprecated setup.py egg_info --egg-base ../../build/exp3 build --build-base /home/akshaj/Desktop/ros-lab-exp/ros-lab/ros2_ws_Akshaj/build/exp3/build install --record /home/akshaj/Desktop/ros-lab-exp/ros-lab/ros2_ws_Akshaj/build/exp3/install.log --single-version-externally-managed install_data
