[1.174s] Invoking command in '/home/akshaj/Desktop/ros-lab-exp/ros-lab/ros2_ws_Akshaj/src/my_package': PYTHONPATH=/home/akshaj/Desktop/ros-lab-exp/ros-lab/ros2_ws_Akshaj/src/build/my_package/prefix_override:/usr/lib/python3/dist-packages/colcon_core/task/python/colcon_distutils_commands:/home/akshaj/Desktop/ros-lab-exp/ros-lab/ros2_ws_Akshaj/src/install/my_package/lib/python3.10/site-packages:${PYTHONPATH} /usr/bin/python3 -W ignore:setup.py install is deprecated -W ignore:easy_install command is deprecated setup.py egg_info --egg-base ../build/my_package build --build-base /home/akshaj/Desktop/ros-lab-exp/ros-lab/ros2_ws_Akshaj/src/build/my_package/build install --record /home/akshaj/Desktop/ros-lab-exp/ros-lab/ros2_ws_Akshaj/src/build/my_package/install.log --single-version-externally-managed install_data
[1.371s] running egg_info
[1.372s] creating ../build/my_package/my_package.egg-info
[1.372s] writing ../build/my_package/my_package.egg-info/PKG-INFO
[1.372s] writing dependency_links to ../build/my_package/my_package.egg-info/dependency_links.txt
[1.372s] writing entry points to ../build/my_package/my_package.egg-info/entry_points.txt
[1.372s] writing requirements to ../build/my_package/my_package.egg-info/requires.txt
[1.372s] writing top-level names to ../build/my_package/my_package.egg-info/top_level.txt
[1.373s] writing manifest file '../build/my_package/my_package.egg-info/SOURCES.txt'
[1.374s] reading manifest file '../build/my_package/my_package.egg-info/SOURCES.txt'
[1.376s] writing manifest file '../build/my_package/my_package.egg-info/SOURCES.txt'
[1.376s] running build
[1.376s] running build_py
[1.376s] creating /home/akshaj/Desktop/ros-lab-exp/ros-lab/ros2_ws_Akshaj/src/build/my_package/build
[1.376s] creating /home/akshaj/Desktop/ros-lab-exp/ros-lab/ros2_ws_Akshaj/src/build/my_package/build/lib
[1.376s] creating /home/akshaj/Desktop/ros-lab-exp/ros-lab/ros2_ws_Akshaj/src/build/my_package/build/lib/my_package
[1.376s] copying my_package/draw_circle.py -> /home/akshaj/Desktop/ros-lab-exp/ros-lab/ros2_ws_Akshaj/src/build/my_package/build/lib/my_package
[1.376s] copying my_package/turtle_controller.py -> /home/akshaj/Desktop/ros-lab-exp/ros-lab/ros2_ws_Akshaj/src/build/my_package/build/lib/my_package
[1.376s] copying my_package/__init__.py -> /home/akshaj/Desktop/ros-lab-exp/ros-lab/ros2_ws_Akshaj/src/build/my_package/build/lib/my_package
[1.376s] running install
[1.377s] running install_lib
[1.377s] creating /home/akshaj/Desktop/ros-lab-exp/ros-lab/ros2_ws_Akshaj/src/install/my_package/lib/python3.10/site-packages/my_package
[1.377s] copying /home/akshaj/Desktop/ros-lab-exp/ros-lab/ros2_ws_Akshaj/src/build/my_package/build/lib/my_package/draw_circle.py -> /home/akshaj/Desktop/ros-lab-exp/ros-lab/ros2_ws_Akshaj/src/install/my_package/lib/python3.10/site-packages/my_package
[1.377s] copying /home/akshaj/Desktop/ros-lab-exp/ros-lab/ros2_ws_Akshaj/src/build/my_package/build/lib/my_package/turtle_controller.py -> /home/akshaj/Desktop/ros-lab-exp/ros-lab/ros2_ws_Akshaj/src/install/my_package/lib/python3.10/site-packages/my_package
[1.377s] copying /home/akshaj/Desktop/ros-lab-exp/ros-lab/ros2_ws_Akshaj/src/build/my_package/build/lib/my_package/__init__.py -> /home/akshaj/Desktop/ros-lab-exp/ros-lab/ros2_ws_Akshaj/src/install/my_package/lib/python3.10/site-packages/my_package
[1.378s] byte-compiling /home/akshaj/Desktop/ros-lab-exp/ros-lab/ros2_ws_Akshaj/src/install/my_package/lib/python3.10/site-packages/my_package/draw_circle.py to draw_circle.cpython-310.pyc
[1.378s] byte-compiling /home/akshaj/Desktop/ros-lab-exp/ros-lab/ros2_ws_Akshaj/src/install/my_package/lib/python3.10/site-packages/my_package/turtle_controller.py to turtle_controller.cpython-310.pyc
[1.378s] byte-compiling /home/akshaj/Desktop/ros-lab-exp/ros-lab/ros2_ws_Akshaj/src/install/my_package/lib/python3.10/site-packages/my_package/__init__.py to __init__.cpython-310.pyc
[1.379s] running install_data
[1.379s] creating /home/akshaj/Desktop/ros-lab-exp/ros-lab/ros2_ws_Akshaj/src/install/my_package/share/ament_index
[1.379s] creating /home/akshaj/Desktop/ros-lab-exp/ros-lab/ros2_ws_Akshaj/src/install/my_package/share/ament_index/resource_index
[1.379s] creating /home/akshaj/Desktop/ros-lab-exp/ros-lab/ros2_ws_Akshaj/src/install/my_package/share/ament_index/resource_index/packages
[1.379s] copying resource/my_package -> /home/akshaj/Desktop/ros-lab-exp/ros-lab/ros2_ws_Akshaj/src/install/my_package/share/ament_index/resource_index/packages
[1.379s] copying package.xml -> /home/akshaj/Desktop/ros-lab-exp/ros-lab/ros2_ws_Akshaj/src/install/my_package/share/my_package
[1.379s] running install_egg_info
[1.381s] Copying ../build/my_package/my_package.egg-info to /home/akshaj/Desktop/ros-lab-exp/ros-lab/ros2_ws_Akshaj/src/install/my_package/lib/python3.10/site-packages/my_package-0.0.0-py3.10.egg-info
[1.381s] running install_scripts
[1.399s] Installing draw_circle script to /home/akshaj/Desktop/ros-lab-exp/ros-lab/ros2_ws_Akshaj/src/install/my_package/lib/my_package
[1.399s] Installing turtle_controller script to /home/akshaj/Desktop/ros-lab-exp/ros-lab/ros2_ws_Akshaj/src/install/my_package/lib/my_package
[1.399s] writing list of installed files to '/home/akshaj/Desktop/ros-lab-exp/ros-lab/ros2_ws_Akshaj/src/build/my_package/install.log'
[1.449s] Invoked command in '/home/akshaj/Desktop/ros-lab-exp/ros-lab/ros2_ws_Akshaj/src/my_package' returned '0': PYTHONPATH=/home/akshaj/Desktop/ros-lab-exp/ros-lab/ros2_ws_Akshaj/src/build/my_package/prefix_override:/usr/lib/python3/dist-packages/colcon_core/task/python/colcon_distutils_commands:/home/akshaj/Desktop/ros-lab-exp/ros-lab/ros2_ws_Akshaj/src/install/my_package/lib/python3.10/site-packages:${PYTHONPATH} /usr/bin/python3 -W ignore:setup.py install is deprecated -W ignore:easy_install command is deprecated setup.py egg_info --egg-base ../build/my_package build --build-base /home/akshaj/Desktop/ros-lab-exp/ros-lab/ros2_ws_Akshaj/src/build/my_package/build install --record /home/akshaj/Desktop/ros-lab-exp/ros-lab/ros2_ws_Akshaj/src/build/my_package/install.log --single-version-externally-managed install_data
