[0.941s] Invoking command in '/home/akshaj/Desktop/ros-lab-exp/ros-lab/ros2_ws_Akshaj/build/experiment_interfaces': CMAKE_PREFIX_PATH=/home/akshaj/ros2_ws/install/my_robot:/opt/ros/humble /usr/bin/cmake --build /home/akshaj/Desktop/ros-lab-exp/ros-lab/ros2_ws_Akshaj/build/experiment_interfaces -- -j12 -l12
[1.255s] [  6%] Built target experiment_interfaces__cpp
[1.255s] [ 12%] Built target experiment_interfaces__rosidl_generator_c
[1.255s] [ 12%] Built target ament_cmake_python_copy_experiment_interfaces
[1.256s] [ 22%] Built target experiment_interfaces__rosidl_typesupport_fastrtps_cpp
[1.256s] [ 32%] Built target experiment_interfaces__rosidl_typesupport_cpp
[1.256s] [ 41%] Built target experiment_interfaces__rosidl_typesupport_introspection_cpp
[1.256s] [ 61%] Built target experiment_interfaces__rosidl_typesupport_introspection_c
[1.256s] [ 61%] Built target experiment_interfaces__rosidl_typesupport_fastrtps_c
[1.257s] [ 70%] Built target experiment_interfaces__rosidl_typesupport_c
[1.257s] [ 70%] Built target experiment_interfaces
[1.257s] [ 74%] Built target experiment_interfaces__py
[1.257s] [ 80%] Built target experiment_interfaces__rosidl_generator_py
[1.257s] [100%] Built target experiment_interfaces__rosidl_typesupport_c__pyext
[1.258s] [100%] Built target experiment_interfaces__rosidl_typesupport_fastrtps_c__pyext
[1.258s] [100%] Built target experiment_interfaces__rosidl_typesupport_introspection_c__pyext
[1.327s] running egg_info
[1.328s] writing experiment_interfaces.egg-info/PKG-INFO
[1.328s] writing dependency_links to experiment_interfaces.egg-info/dependency_links.txt
[1.329s] writing top-level names to experiment_interfaces.egg-info/top_level.txt
[1.335s] reading manifest file 'experiment_interfaces.egg-info/SOURCES.txt'
[1.335s] writing manifest file 'experiment_interfaces.egg-info/SOURCES.txt'
[1.402s] [100%] Built target ament_cmake_python_build_experiment_interfaces_egg
[1.419s] Invoked command in '/home/akshaj/Desktop/ros-lab-exp/ros-lab/ros2_ws_Akshaj/build/experiment_interfaces' returned '0': CMAKE_PREFIX_PATH=/home/akshaj/ros2_ws/install/my_robot:/opt/ros/humble /usr/bin/cmake --build /home/akshaj/Desktop/ros-lab-exp/ros-lab/ros2_ws_Akshaj/build/experiment_interfaces -- -j12 -l12
[1.437s] Invoking command in '/home/akshaj/Desktop/ros-lab-exp/ros-lab/ros2_ws_Akshaj/build/experiment_interfaces': CMAKE_PREFIX_PATH=/home/akshaj/ros2_ws/install/my_robot:/opt/ros/humble /usr/bin/cmake --install /home/akshaj/Desktop/ros-lab-exp/ros-lab/ros2_ws_Akshaj/build/experiment_interfaces
[1.452s] -- Install configuration: ""
[1.452s] -- Up-to-date: /home/akshaj/Desktop/ros-lab-exp/ros-lab/ros2_ws_Akshaj/install/experiment_interfaces/share/ament_index/resource_index/rosidl_interfaces/experiment_interfaces
[1.453s] -- Up-to-date: /home/akshaj/Desktop/ros-lab-exp/ros-lab/ros2_ws_Akshaj/install/experiment_interfaces/include/experiment_interfaces/experiment_interfaces
[1.453s] -- Up-to-date: /home/akshaj/Desktop/ros-lab-exp/ros-lab/ros2_ws_Akshaj/install/experiment_interfaces/include/experiment_interfaces/experiment_interfaces/msg
[1.453s] -- Up-to-date: /home/akshaj/Desktop/ros-lab-exp/ros-lab/ros2_ws_Akshaj/install/experiment_interfaces/include/experiment_interfaces/experiment_interfaces/msg/detail
[1.453s] -- Up-to-date: /home/akshaj/Desktop/ros-lab-exp/ros-lab/ros2_ws_Akshaj/install/experiment_interfaces/include/experiment_interfaces/experiment_interfaces/msg/detail/birthday__type_support.h
[1.453s] -- Up-to-date: /home/akshaj/Desktop/ros-lab-exp/ros-lab/ros2_ws_Akshaj/install/experiment_interfaces/include/experiment_interfaces/experiment_interfaces/msg/detail/birthday__functions.c
[1.453s] -- Up-to-date: /home/akshaj/Desktop/ros-lab-exp/ros-lab/ros2_ws_Akshaj/install/experiment_interfaces/include/experiment_interfaces/experiment_interfaces/msg/detail/num__struct.h
[1.454s] -- Up-to-date: /home/akshaj/Desktop/ros-lab-exp/ros-lab/ros2_ws_Akshaj/install/experiment_interfaces/include/experiment_interfaces/experiment_interfaces/msg/detail/num__functions.c
[1.454s] -- Up-to-date: /home/akshaj/Desktop/ros-lab-exp/ros-lab/ros2_ws_Akshaj/install/experiment_interfaces/include/experiment_interfaces/experiment_interfaces/msg/detail/birthday__functions.h
[1.454s] -- Up-to-date: /home/akshaj/Desktop/ros-lab-exp/ros-lab/ros2_ws_Akshaj/install/experiment_interfaces/include/experiment_interfaces/experiment_interfaces/msg/detail/birthday__struct.h
[1.454s] -- Up-to-date: /home/akshaj/Desktop/ros-lab-exp/ros-lab/ros2_ws_Akshaj/install/experiment_interfaces/include/experiment_interfaces/experiment_interfaces/msg/detail/num__type_support.h
[1.454s] -- Up-to-date: /home/akshaj/Desktop/ros-lab-exp/ros-lab/ros2_ws_Akshaj/install/experiment_interfaces/include/experiment_interfaces/experiment_interfaces/msg/detail/num__functions.h
[1.454s] -- Up-to-date: /home/akshaj/Desktop/ros-lab-exp/ros-lab/ros2_ws_Akshaj/install/experiment_interfaces/include/experiment_interfaces/experiment_interfaces/msg/num.h
[1.454s] -- Up-to-date: /home/akshaj/Desktop/ros-lab-exp/ros-lab/ros2_ws_Akshaj/install/experiment_interfaces/include/experiment_interfaces/experiment_interfaces/msg/rosidl_generator_c__visibility_control.h
[1.454s] -- Up-to-date: /home/akshaj/Desktop/ros-lab-exp/ros-lab/ros2_ws_Akshaj/install/experiment_interfaces/include/experiment_interfaces/experiment_interfaces/msg/birthday.h
[1.455s] -- Up-to-date: /home/akshaj/Desktop/ros-lab-exp/ros-lab/ros2_ws_Akshaj/install/experiment_interfaces/share/experiment_interfaces/environment/library_path.sh
[1.455s] -- Up-to-date: /home/akshaj/Desktop/ros-lab-exp/ros-lab/ros2_ws_Akshaj/install/experiment_interfaces/share/experiment_interfaces/environment/library_path.dsv
[1.455s] -- Up-to-date: /home/akshaj/Desktop/ros-lab-exp/ros-lab/ros2_ws_Akshaj/install/experiment_interfaces/lib/libexperiment_interfaces__rosidl_generator_c.so
[1.455s] -- Up-to-date: /home/akshaj/Desktop/ros-lab-exp/ros-lab/ros2_ws_Akshaj/install/experiment_interfaces/include/experiment_interfaces/experiment_interfaces
[1.455s] -- Up-to-date: /home/akshaj/Desktop/ros-lab-exp/ros-lab/ros2_ws_Akshaj/install/experiment_interfaces/include/experiment_interfaces/experiment_interfaces/msg
[1.455s] -- Up-to-date: /home/akshaj/Desktop/ros-lab-exp/ros-lab/ros2_ws_Akshaj/install/experiment_interfaces/include/experiment_interfaces/experiment_interfaces/msg/detail
[1.456s] -- Up-to-date: /home/akshaj/Desktop/ros-lab-exp/ros-lab/ros2_ws_Akshaj/install/experiment_interfaces/include/experiment_interfaces/experiment_interfaces/msg/detail/num__rosidl_typesupport_fastrtps_c.h
[1.456s] -- Up-to-date: /home/akshaj/Desktop/ros-lab-exp/ros-lab/ros2_ws_Akshaj/install/experiment_interfaces/include/experiment_interfaces/experiment_interfaces/msg/detail/birthday__rosidl_typesupport_fastrtps_c.h
[1.456s] -- Up-to-date: /home/akshaj/Desktop/ros-lab-exp/ros-lab/ros2_ws_Akshaj/install/experiment_interfaces/include/experiment_interfaces/experiment_interfaces/msg/rosidl_typesupport_fastrtps_c__visibility_control.h
[1.456s] -- Up-to-date: /home/akshaj/Desktop/ros-lab-exp/ros-lab/ros2_ws_Akshaj/install/experiment_interfaces/lib/libexperiment_interfaces__rosidl_typesupport_fastrtps_c.so
[1.456s] -- Up-to-date: /home/akshaj/Desktop/ros-lab-exp/ros-lab/ros2_ws_Akshaj/install/experiment_interfaces/include/experiment_interfaces/experiment_interfaces
[1.457s] -- Up-to-date: /home/akshaj/Desktop/ros-lab-exp/ros-lab/ros2_ws_Akshaj/install/experiment_interfaces/include/experiment_interfaces/experiment_interfaces/msg
[1.457s] -- Up-to-date: /home/akshaj/Desktop/ros-lab-exp/ros-lab/ros2_ws_Akshaj/install/experiment_interfaces/include/experiment_interfaces/experiment_interfaces/msg/rosidl_typesupport_introspection_c__visibility_control.h
[1.457s] -- Up-to-date: /home/akshaj/Desktop/ros-lab-exp/ros-lab/ros2_ws_Akshaj/install/experiment_interfaces/include/experiment_interfaces/experiment_interfaces/msg/detail
[1.457s] -- Up-to-date: /home/akshaj/Desktop/ros-lab-exp/ros-lab/ros2_ws_Akshaj/install/experiment_interfaces/include/experiment_interfaces/experiment_interfaces/msg/detail/birthday__rosidl_typesupport_introspection_c.h
[1.457s] -- Up-to-date: /home/akshaj/Desktop/ros-lab-exp/ros-lab/ros2_ws_Akshaj/install/experiment_interfaces/include/experiment_interfaces/experiment_interfaces/msg/detail/num__type_support.c
[1.457s] -- Up-to-date: /home/akshaj/Desktop/ros-lab-exp/ros-lab/ros2_ws_Akshaj/install/experiment_interfaces/include/experiment_interfaces/experiment_interfaces/msg/detail/birthday__type_support.c
[1.458s] -- Up-to-date: /home/akshaj/Desktop/ros-lab-exp/ros-lab/ros2_ws_Akshaj/install/experiment_interfaces/include/experiment_interfaces/experiment_interfaces/msg/detail/num__rosidl_typesupport_introspection_c.h
[1.458s] -- Up-to-date: /home/akshaj/Desktop/ros-lab-exp/ros-lab/ros2_ws_Akshaj/install/experiment_interfaces/lib/libexperiment_interfaces__rosidl_typesupport_introspection_c.so
[1.458s] -- Up-to-date: /home/akshaj/Desktop/ros-lab-exp/ros-lab/ros2_ws_Akshaj/install/experiment_interfaces/lib/libexperiment_interfaces__rosidl_typesupport_c.so
[1.458s] -- Up-to-date: /home/akshaj/Desktop/ros-lab-exp/ros-lab/ros2_ws_Akshaj/install/experiment_interfaces/include/experiment_interfaces/experiment_interfaces
[1.458s] -- Up-to-date: /home/akshaj/Desktop/ros-lab-exp/ros-lab/ros2_ws_Akshaj/install/experiment_interfaces/include/experiment_interfaces/experiment_interfaces/msg
[1.459s] -- Up-to-date: /home/akshaj/Desktop/ros-lab-exp/ros-lab/ros2_ws_Akshaj/install/experiment_interfaces/include/experiment_interfaces/experiment_interfaces/msg/detail
[1.459s] -- Up-to-date: /home/akshaj/Desktop/ros-lab-exp/ros-lab/ros2_ws_Akshaj/install/experiment_interfaces/include/experiment_interfaces/experiment_interfaces/msg/detail/num__builder.hpp
[1.459s] -- Up-to-date: /home/akshaj/Desktop/ros-lab-exp/ros-lab/ros2_ws_Akshaj/install/experiment_interfaces/include/experiment_interfaces/experiment_interfaces/msg/detail/num__type_support.hpp
[1.459s] -- Up-to-date: /home/akshaj/Desktop/ros-lab-exp/ros-lab/ros2_ws_Akshaj/install/experiment_interfaces/include/experiment_interfaces/experiment_interfaces/msg/detail/birthday__traits.hpp
[1.459s] -- Up-to-date: /home/akshaj/Desktop/ros-lab-exp/ros-lab/ros2_ws_Akshaj/install/experiment_interfaces/include/experiment_interfaces/experiment_interfaces/msg/detail/birthday__type_support.hpp
[1.459s] -- Up-to-date: /home/akshaj/Desktop/ros-lab-exp/ros-lab/ros2_ws_Akshaj/install/experiment_interfaces/include/experiment_interfaces/experiment_interfaces/msg/detail/num__traits.hpp
[1.460s] -- Up-to-date: /home/akshaj/Desktop/ros-lab-exp/ros-lab/ros2_ws_Akshaj/install/experiment_interfaces/include/experiment_interfaces/experiment_interfaces/msg/detail/birthday__builder.hpp
[1.460s] -- Up-to-date: /home/akshaj/Desktop/ros-lab-exp/ros-lab/ros2_ws_Akshaj/install/experiment_interfaces/include/experiment_interfaces/experiment_interfaces/msg/detail/birthday__struct.hpp
[1.460s] -- Up-to-date: /home/akshaj/Desktop/ros-lab-exp/ros-lab/ros2_ws_Akshaj/install/experiment_interfaces/include/experiment_interfaces/experiment_interfaces/msg/detail/num__struct.hpp
[1.460s] -- Up-to-date: /home/akshaj/Desktop/ros-lab-exp/ros-lab/ros2_ws_Akshaj/install/experiment_interfaces/include/experiment_interfaces/experiment_interfaces/msg/num.hpp
[1.460s] -- Up-to-date: /home/akshaj/Desktop/ros-lab-exp/ros-lab/ros2_ws_Akshaj/install/experiment_interfaces/include/experiment_interfaces/experiment_interfaces/msg/birthday.hpp
[1.460s] -- Up-to-date: /home/akshaj/Desktop/ros-lab-exp/ros-lab/ros2_ws_Akshaj/install/experiment_interfaces/include/experiment_interfaces/experiment_interfaces/msg/rosidl_generator_cpp__visibility_control.hpp
[1.461s] -- Up-to-date: /home/akshaj/Desktop/ros-lab-exp/ros-lab/ros2_ws_Akshaj/install/experiment_interfaces/include/experiment_interfaces/experiment_interfaces
[1.461s] -- Up-to-date: /home/akshaj/Desktop/ros-lab-exp/ros-lab/ros2_ws_Akshaj/install/experiment_interfaces/include/experiment_interfaces/experiment_interfaces/msg
[1.461s] -- Up-to-date: /home/akshaj/Desktop/ros-lab-exp/ros-lab/ros2_ws_Akshaj/install/experiment_interfaces/include/experiment_interfaces/experiment_interfaces/msg/rosidl_typesupport_fastrtps_cpp__visibility_control.h
[1.461s] -- Up-to-date: /home/akshaj/Desktop/ros-lab-exp/ros-lab/ros2_ws_Akshaj/install/experiment_interfaces/include/experiment_interfaces/experiment_interfaces/msg/detail
[1.461s] -- Up-to-date: /home/akshaj/Desktop/ros-lab-exp/ros-lab/ros2_ws_Akshaj/install/experiment_interfaces/include/experiment_interfaces/experiment_interfaces/msg/detail/dds_fastrtps
[1.461s] -- Up-to-date: /home/akshaj/Desktop/ros-lab-exp/ros-lab/ros2_ws_Akshaj/install/experiment_interfaces/include/experiment_interfaces/experiment_interfaces/msg/detail/num__rosidl_typesupport_fastrtps_cpp.hpp
[1.461s] -- Up-to-date: /home/akshaj/Desktop/ros-lab-exp/ros-lab/ros2_ws_Akshaj/install/experiment_interfaces/include/experiment_interfaces/experiment_interfaces/msg/detail/birthday__rosidl_typesupport_fastrtps_cpp.hpp
[1.462s] -- Up-to-date: /home/akshaj/Desktop/ros-lab-exp/ros-lab/ros2_ws_Akshaj/install/experiment_interfaces/lib/libexperiment_interfaces__rosidl_typesupport_fastrtps_cpp.so
[1.462s] -- Up-to-date: /home/akshaj/Desktop/ros-lab-exp/ros-lab/ros2_ws_Akshaj/install/experiment_interfaces/include/experiment_interfaces/experiment_interfaces
[1.462s] -- Up-to-date: /home/akshaj/Desktop/ros-lab-exp/ros-lab/ros2_ws_Akshaj/install/experiment_interfaces/include/experiment_interfaces/experiment_interfaces/msg
[1.462s] -- Up-to-date: /home/akshaj/Desktop/ros-lab-exp/ros-lab/ros2_ws_Akshaj/install/experiment_interfaces/include/experiment_interfaces/experiment_interfaces/msg/detail
[1.462s] -- Up-to-date: /home/akshaj/Desktop/ros-lab-exp/ros-lab/ros2_ws_Akshaj/install/experiment_interfaces/include/experiment_interfaces/experiment_interfaces/msg/detail/num__rosidl_typesupport_introspection_cpp.hpp
[1.463s] -- Up-to-date: /home/akshaj/Desktop/ros-lab-exp/ros-lab/ros2_ws_Akshaj/install/experiment_interfaces/include/experiment_interfaces/experiment_interfaces/msg/detail/birthday__rosidl_typesupport_introspection_cpp.hpp
[1.463s] -- Up-to-date: /home/akshaj/Desktop/ros-lab-exp/ros-lab/ros2_ws_Akshaj/install/experiment_interfaces/include/experiment_interfaces/experiment_interfaces/msg/detail/num__type_support.cpp
[1.463s] -- Up-to-date: /home/akshaj/Desktop/ros-lab-exp/ros-lab/ros2_ws_Akshaj/install/experiment_interfaces/include/experiment_interfaces/experiment_interfaces/msg/detail/birthday__type_support.cpp
[1.463s] -- Up-to-date: /home/akshaj/Desktop/ros-lab-exp/ros-lab/ros2_ws_Akshaj/install/experiment_interfaces/lib/libexperiment_interfaces__rosidl_typesupport_introspection_cpp.so
[1.463s] -- Up-to-date: /home/akshaj/Desktop/ros-lab-exp/ros-lab/ros2_ws_Akshaj/install/experiment_interfaces/lib/libexperiment_interfaces__rosidl_typesupport_cpp.so
[1.463s] -- Up-to-date: /home/akshaj/Desktop/ros-lab-exp/ros-lab/ros2_ws_Akshaj/install/experiment_interfaces/share/experiment_interfaces/environment/pythonpath.sh
[1.464s] -- Up-to-date: /home/akshaj/Desktop/ros-lab-exp/ros-lab/ros2_ws_Akshaj/install/experiment_interfaces/share/experiment_interfaces/environment/pythonpath.dsv
[1.464s] -- Up-to-date: /home/akshaj/Desktop/ros-lab-exp/ros-lab/ros2_ws_Akshaj/install/experiment_interfaces/local/lib/python3.10/dist-packages/experiment_interfaces-0.0.0-py3.10.egg-info
[1.464s] -- Installing: /home/akshaj/Desktop/ros-lab-exp/ros-lab/ros2_ws_Akshaj/install/experiment_interfaces/local/lib/python3.10/dist-packages/experiment_interfaces-0.0.0-py3.10.egg-info/SOURCES.txt
[1.464s] -- Installing: /home/akshaj/Desktop/ros-lab-exp/ros-lab/ros2_ws_Akshaj/install/experiment_interfaces/local/lib/python3.10/dist-packages/experiment_interfaces-0.0.0-py3.10.egg-info/top_level.txt
[1.464s] -- Installing: /home/akshaj/Desktop/ros-lab-exp/ros-lab/ros2_ws_Akshaj/install/experiment_interfaces/local/lib/python3.10/dist-packages/experiment_interfaces-0.0.0-py3.10.egg-info/dependency_links.txt
[1.464s] -- Installing: /home/akshaj/Desktop/ros-lab-exp/ros-lab/ros2_ws_Akshaj/install/experiment_interfaces/local/lib/python3.10/dist-packages/experiment_interfaces-0.0.0-py3.10.egg-info/PKG-INFO
[1.464s] -- Up-to-date: /home/akshaj/Desktop/ros-lab-exp/ros-lab/ros2_ws_Akshaj/install/experiment_interfaces/local/lib/python3.10/dist-packages/experiment_interfaces
[1.465s] -- Up-to-date: /home/akshaj/Desktop/ros-lab-exp/ros-lab/ros2_ws_Akshaj/install/experiment_interfaces/local/lib/python3.10/dist-packages/experiment_interfaces/msg
[1.465s] -- Up-to-date: /home/akshaj/Desktop/ros-lab-exp/ros-lab/ros2_ws_Akshaj/install/experiment_interfaces/local/lib/python3.10/dist-packages/experiment_interfaces/msg/__init__.py
[1.465s] -- Up-to-date: /home/akshaj/Desktop/ros-lab-exp/ros-lab/ros2_ws_Akshaj/install/experiment_interfaces/local/lib/python3.10/dist-packages/experiment_interfaces/msg/_birthday_s.c
[1.465s] -- Up-to-date: /home/akshaj/Desktop/ros-lab-exp/ros-lab/ros2_ws_Akshaj/install/experiment_interfaces/local/lib/python3.10/dist-packages/experiment_interfaces/msg/_num.py
[1.465s] -- Up-to-date: /home/akshaj/Desktop/ros-lab-exp/ros-lab/ros2_ws_Akshaj/install/experiment_interfaces/local/lib/python3.10/dist-packages/experiment_interfaces/msg/_birthday.py
[1.465s] -- Up-to-date: /home/akshaj/Desktop/ros-lab-exp/ros-lab/ros2_ws_Akshaj/install/experiment_interfaces/local/lib/python3.10/dist-packages/experiment_interfaces/msg/_num_s.c
[1.465s] -- Up-to-date: /home/akshaj/Desktop/ros-lab-exp/ros-lab/ros2_ws_Akshaj/install/experiment_interfaces/local/lib/python3.10/dist-packages/experiment_interfaces/libexperiment_interfaces__rosidl_generator_py.so
[1.465s] -- Up-to-date: /home/akshaj/Desktop/ros-lab-exp/ros-lab/ros2_ws_Akshaj/install/experiment_interfaces/local/lib/python3.10/dist-packages/experiment_interfaces/__init__.py
[1.466s] -- Up-to-date: /home/akshaj/Desktop/ros-lab-exp/ros-lab/ros2_ws_Akshaj/install/experiment_interfaces/local/lib/python3.10/dist-packages/experiment_interfaces/_experiment_interfaces_s.ep.rosidl_typesupport_c.c
[1.466s] -- Up-to-date: /home/akshaj/Desktop/ros-lab-exp/ros-lab/ros2_ws_Akshaj/install/experiment_interfaces/local/lib/python3.10/dist-packages/experiment_interfaces/experiment_interfaces_s__rosidl_typesupport_fastrtps_c.cpython-310-x86_64-linux-gnu.so
[1.466s] -- Up-to-date: /home/akshaj/Desktop/ros-lab-exp/ros-lab/ros2_ws_Akshaj/install/experiment_interfaces/local/lib/python3.10/dist-packages/experiment_interfaces/_experiment_interfaces_s.ep.rosidl_typesupport_introspection_c.c
[1.466s] -- Up-to-date: /home/akshaj/Desktop/ros-lab-exp/ros-lab/ros2_ws_Akshaj/install/experiment_interfaces/local/lib/python3.10/dist-packages/experiment_interfaces/experiment_interfaces_s__rosidl_typesupport_c.cpython-310-x86_64-linux-gnu.so
[1.466s] -- Up-to-date: /home/akshaj/Desktop/ros-lab-exp/ros-lab/ros2_ws_Akshaj/install/experiment_interfaces/local/lib/python3.10/dist-packages/experiment_interfaces/experiment_interfaces_s__rosidl_typesupport_introspection_c.cpython-310-x86_64-linux-gnu.so
[1.466s] -- Up-to-date: /home/akshaj/Desktop/ros-lab-exp/ros-lab/ros2_ws_Akshaj/install/experiment_interfaces/local/lib/python3.10/dist-packages/experiment_interfaces/_experiment_interfaces_s.ep.rosidl_typesupport_fastrtps_c.c
[1.523s] Listing '/home/akshaj/Desktop/ros-lab-exp/ros-lab/ros2_ws_Akshaj/install/experiment_interfaces/local/lib/python3.10/dist-packages/experiment_interfaces'...
[1.523s] Listing '/home/akshaj/Desktop/ros-lab-exp/ros-lab/ros2_ws_Akshaj/install/experiment_interfaces/local/lib/python3.10/dist-packages/experiment_interfaces/msg'...
[1.527s] -- Up-to-date: /home/akshaj/Desktop/ros-lab-exp/ros-lab/ros2_ws_Akshaj/install/experiment_interfaces/local/lib/python3.10/dist-packages/experiment_interfaces/experiment_interfaces_s__rosidl_typesupport_fastrtps_c.cpython-310-x86_64-linux-gnu.so
[1.527s] -- Up-to-date: /home/akshaj/Desktop/ros-lab-exp/ros-lab/ros2_ws_Akshaj/install/experiment_interfaces/local/lib/python3.10/dist-packages/experiment_interfaces/experiment_interfaces_s__rosidl_typesupport_introspection_c.cpython-310-x86_64-linux-gnu.so
[1.528s] -- Up-to-date: /home/akshaj/Desktop/ros-lab-exp/ros-lab/ros2_ws_Akshaj/install/experiment_interfaces/local/lib/python3.10/dist-packages/experiment_interfaces/experiment_interfaces_s__rosidl_typesupport_c.cpython-310-x86_64-linux-gnu.so
[1.528s] -- Up-to-date: /home/akshaj/Desktop/ros-lab-exp/ros-lab/ros2_ws_Akshaj/install/experiment_interfaces/lib/libexperiment_interfaces__rosidl_generator_py.so
[1.529s] -- Up-to-date: /home/akshaj/Desktop/ros-lab-exp/ros-lab/ros2_ws_Akshaj/install/experiment_interfaces/share/experiment_interfaces/msg/Birthday.idl
[1.529s] -- Up-to-date: /home/akshaj/Desktop/ros-lab-exp/ros-lab/ros2_ws_Akshaj/install/experiment_interfaces/share/experiment_interfaces/msg/Birthday.msg
[1.529s] -- Up-to-date: /home/akshaj/Desktop/ros-lab-exp/ros-lab/ros2_ws_Akshaj/install/experiment_interfaces/share/ament_index/resource_index/package_run_dependencies/experiment_interfaces
[1.530s] -- Up-to-date: /home/akshaj/Desktop/ros-lab-exp/ros-lab/ros2_ws_Akshaj/install/experiment_interfaces/share/ament_index/resource_index/parent_prefix_path/experiment_interfaces
[1.530s] -- Up-to-date: /home/akshaj/Desktop/ros-lab-exp/ros-lab/ros2_ws_Akshaj/install/experiment_interfaces/share/experiment_interfaces/environment/ament_prefix_path.sh
[1.530s] -- Up-to-date: /home/akshaj/Desktop/ros-lab-exp/ros-lab/ros2_ws_Akshaj/install/experiment_interfaces/share/experiment_interfaces/environment/ament_prefix_path.dsv
[1.530s] -- Up-to-date: /home/akshaj/Desktop/ros-lab-exp/ros-lab/ros2_ws_Akshaj/install/experiment_interfaces/share/experiment_interfaces/environment/path.sh
[1.530s] -- Up-to-date: /home/akshaj/Desktop/ros-lab-exp/ros-lab/ros2_ws_Akshaj/install/experiment_interfaces/share/experiment_interfaces/environment/path.dsv
[1.530s] -- Up-to-date: /home/akshaj/Desktop/ros-lab-exp/ros-lab/ros2_ws_Akshaj/install/experiment_interfaces/share/experiment_interfaces/local_setup.bash
[1.531s] -- Up-to-date: /home/akshaj/Desktop/ros-lab-exp/ros-lab/ros2_ws_Akshaj/install/experiment_interfaces/share/experiment_interfaces/local_setup.sh
[1.531s] -- Up-to-date: /home/akshaj/Desktop/ros-lab-exp/ros-lab/ros2_ws_Akshaj/install/experiment_interfaces/share/experiment_interfaces/local_setup.zsh
[1.531s] -- Up-to-date: /home/akshaj/Desktop/ros-lab-exp/ros-lab/ros2_ws_Akshaj/install/experiment_interfaces/share/experiment_interfaces/local_setup.dsv
[1.531s] -- Installing: /home/akshaj/Desktop/ros-lab-exp/ros-lab/ros2_ws_Akshaj/install/experiment_interfaces/share/experiment_interfaces/package.dsv
[1.531s] -- Up-to-date: /home/akshaj/Desktop/ros-lab-exp/ros-lab/ros2_ws_Akshaj/install/experiment_interfaces/share/ament_index/resource_index/packages/experiment_interfaces
[1.531s] -- Up-to-date: /home/akshaj/Desktop/ros-lab-exp/ros-lab/ros2_ws_Akshaj/install/experiment_interfaces/share/experiment_interfaces/cmake/export_experiment_interfaces__rosidl_generator_cExport.cmake
[1.532s] -- Up-to-date: /home/akshaj/Desktop/ros-lab-exp/ros-lab/ros2_ws_Akshaj/install/experiment_interfaces/share/experiment_interfaces/cmake/export_experiment_interfaces__rosidl_generator_cExport-noconfig.cmake
[1.532s] -- Up-to-date: /home/akshaj/Desktop/ros-lab-exp/ros-lab/ros2_ws_Akshaj/install/experiment_interfaces/share/experiment_interfaces/cmake/export_experiment_interfaces__rosidl_typesupport_fastrtps_cExport.cmake
[1.532s] -- Up-to-date: /home/akshaj/Desktop/ros-lab-exp/ros-lab/ros2_ws_Akshaj/install/experiment_interfaces/share/experiment_interfaces/cmake/export_experiment_interfaces__rosidl_typesupport_fastrtps_cExport-noconfig.cmake
[1.532s] -- Up-to-date: /home/akshaj/Desktop/ros-lab-exp/ros-lab/ros2_ws_Akshaj/install/experiment_interfaces/share/experiment_interfaces/cmake/experiment_interfaces__rosidl_typesupport_introspection_cExport.cmake
[1.532s] -- Up-to-date: /home/akshaj/Desktop/ros-lab-exp/ros-lab/ros2_ws_Akshaj/install/experiment_interfaces/share/experiment_interfaces/cmake/experiment_interfaces__rosidl_typesupport_introspection_cExport-noconfig.cmake
[1.532s] -- Up-to-date: /home/akshaj/Desktop/ros-lab-exp/ros-lab/ros2_ws_Akshaj/install/experiment_interfaces/share/experiment_interfaces/cmake/experiment_interfaces__rosidl_typesupport_cExport.cmake
[1.533s] -- Up-to-date: /home/akshaj/Desktop/ros-lab-exp/ros-lab/ros2_ws_Akshaj/install/experiment_interfaces/share/experiment_interfaces/cmake/experiment_interfaces__rosidl_typesupport_cExport-noconfig.cmake
[1.533s] -- Up-to-date: /home/akshaj/Desktop/ros-lab-exp/ros-lab/ros2_ws_Akshaj/install/experiment_interfaces/share/experiment_interfaces/cmake/export_experiment_interfaces__rosidl_generator_cppExport.cmake
[1.534s] -- Up-to-date: /home/akshaj/Desktop/ros-lab-exp/ros-lab/ros2_ws_Akshaj/install/experiment_interfaces/share/experiment_interfaces/cmake/export_experiment_interfaces__rosidl_typesupport_fastrtps_cppExport.cmake
[1.534s] -- Up-to-date: /home/akshaj/Desktop/ros-lab-exp/ros-lab/ros2_ws_Akshaj/install/experiment_interfaces/share/experiment_interfaces/cmake/export_experiment_interfaces__rosidl_typesupport_fastrtps_cppExport-noconfig.cmake
[1.534s] -- Up-to-date: /home/akshaj/Desktop/ros-lab-exp/ros-lab/ros2_ws_Akshaj/install/experiment_interfaces/share/experiment_interfaces/cmake/experiment_interfaces__rosidl_typesupport_introspection_cppExport.cmake
[1.534s] -- Up-to-date: /home/akshaj/Desktop/ros-lab-exp/ros-lab/ros2_ws_Akshaj/install/experiment_interfaces/share/experiment_interfaces/cmake/experiment_interfaces__rosidl_typesupport_introspection_cppExport-noconfig.cmake
[1.534s] -- Up-to-date: /home/akshaj/Desktop/ros-lab-exp/ros-lab/ros2_ws_Akshaj/install/experiment_interfaces/share/experiment_interfaces/cmake/experiment_interfaces__rosidl_typesupport_cppExport.cmake
[1.534s] -- Up-to-date: /home/akshaj/Desktop/ros-lab-exp/ros-lab/ros2_ws_Akshaj/install/experiment_interfaces/share/experiment_interfaces/cmake/experiment_interfaces__rosidl_typesupport_cppExport-noconfig.cmake
[1.534s] -- Up-to-date: /home/akshaj/Desktop/ros-lab-exp/ros-lab/ros2_ws_Akshaj/install/experiment_interfaces/share/experiment_interfaces/cmake/export_experiment_interfaces__rosidl_generator_pyExport.cmake
[1.535s] -- Up-to-date: /home/akshaj/Desktop/ros-lab-exp/ros-lab/ros2_ws_Akshaj/install/experiment_interfaces/share/experiment_interfaces/cmake/export_experiment_interfaces__rosidl_generator_pyExport-noconfig.cmake
[1.535s] -- Up-to-date: /home/akshaj/Desktop/ros-lab-exp/ros-lab/ros2_ws_Akshaj/install/experiment_interfaces/share/experiment_interfaces/cmake/rosidl_cmake-extras.cmake
[1.535s] -- Up-to-date: /home/akshaj/Desktop/ros-lab-exp/ros-lab/ros2_ws_Akshaj/install/experiment_interfaces/share/experiment_interfaces/cmake/ament_cmake_export_dependencies-extras.cmake
[1.536s] -- Up-to-date: /home/akshaj/Desktop/ros-lab-exp/ros-lab/ros2_ws_Akshaj/install/experiment_interfaces/share/experiment_interfaces/cmake/ament_cmake_export_include_directories-extras.cmake
[1.536s] -- Up-to-date: /home/akshaj/Desktop/ros-lab-exp/ros-lab/ros2_ws_Akshaj/install/experiment_interfaces/share/experiment_interfaces/cmake/ament_cmake_export_libraries-extras.cmake
[1.536s] -- Up-to-date: /home/akshaj/Desktop/ros-lab-exp/ros-lab/ros2_ws_Akshaj/install/experiment_interfaces/share/experiment_interfaces/cmake/ament_cmake_export_targets-extras.cmake
[1.537s] -- Up-to-date: /home/akshaj/Desktop/ros-lab-exp/ros-lab/ros2_ws_Akshaj/install/experiment_interfaces/share/experiment_interfaces/cmake/rosidl_cmake_export_typesupport_targets-extras.cmake
[1.537s] -- Up-to-date: /home/akshaj/Desktop/ros-lab-exp/ros-lab/ros2_ws_Akshaj/install/experiment_interfaces/share/experiment_interfaces/cmake/rosidl_cmake_export_typesupport_libraries-extras.cmake
[1.537s] -- Up-to-date: /home/akshaj/Desktop/ros-lab-exp/ros-lab/ros2_ws_Akshaj/install/experiment_interfaces/share/experiment_interfaces/cmake/experiment_interfacesConfig.cmake
[1.537s] -- Up-to-date: /home/akshaj/Desktop/ros-lab-exp/ros-lab/ros2_ws_Akshaj/install/experiment_interfaces/share/experiment_interfaces/cmake/experiment_interfacesConfig-version.cmake
[1.537s] -- Up-to-date: /home/akshaj/Desktop/ros-lab-exp/ros-lab/ros2_ws_Akshaj/install/experiment_interfaces/share/experiment_interfaces/package.xml
[1.542s] Invoked command in '/home/akshaj/Desktop/ros-lab-exp/ros-lab/ros2_ws_Akshaj/build/experiment_interfaces' returned '0': CMAKE_PREFIX_PATH=/home/akshaj/ros2_ws/install/my_robot:/opt/ros/humble /usr/bin/cmake --install /home/akshaj/Desktop/ros-lab-exp/ros-lab/ros2_ws_Akshaj/build/experiment_interfaces
