running egg_info
writing ../build/exp3/exp3.egg-info/PKG-INFO
writing dependency_links to ../build/exp3/exp3.egg-info/dependency_links.txt
writing entry points to ../build/exp3/exp3.egg-info/entry_points.txt
writing requirements to ../build/exp3/exp3.egg-info/requires.txt
writing top-level names to ../build/exp3/exp3.egg-info/top_level.txt
reading manifest file '../build/exp3/exp3.egg-info/SOURCES.txt'
writing manifest file '../build/exp3/exp3.egg-info/SOURCES.txt'
running build
running build_py
running install
running install_lib
running install_data
running install_egg_info
removing '/home/akshaj/Desktop/ros-lab-exp/ros-lab/ros2_ws_Akshaj/src/install/exp3/lib/python3.10/site-packages/exp3-0.0.0-py3.10.egg-info' (and everything under it)
Copying ../build/exp3/exp3.egg-info to /home/akshaj/Desktop/ros-lab-exp/ros-lab/ros2_ws_Akshaj/src/install/exp3/lib/python3.10/site-packages/exp3-0.0.0-py3.10.egg-info
running install_scripts
Installing publisher script to /home/akshaj/Desktop/ros-lab-exp/ros-lab/ros2_ws_Akshaj/src/install/exp3/lib/exp3
Installing subscriber script to /home/akshaj/Desktop/ros-lab-exp/ros-lab/ros2_ws_Akshaj/src/install/exp3/lib/exp3
writing list of installed files to '/home/akshaj/Desktop/ros-lab-exp/ros-lab/ros2_ws_Akshaj/src/build/exp3/install.log'
