[1.297s] Invoking command in '/home/akshaj/Desktop/ros-lab-exp/ros-lab/ros2_ws_Akshaj/build/new_code_py': CMAKE_PREFIX_PATH=/home/akshaj/ros2_ws/install/my_robot:/opt/ros/humble /usr/bin/cmake --build /home/akshaj/Desktop/ros-lab-exp/ros-lab/ros2_ws_Akshaj/build/new_code_py -- -j12 -l12
[1.362s] [  3%] Built target main_node_interfaces__cpp
[1.371s] [ 12%] Built target main_node_interfaces__rosidl_generator_c
[1.383s] [ 12%] Built target ament_cmake_python_copy_new_code_py
[1.400s] [ 22%] Built target main_node_interfaces__rosidl_typesupport_introspection_cpp
[1.400s] [ 38%] Built target main_node_interfaces__rosidl_typesupport_cpp
[1.401s] [ 41%] Built target main_node_interfaces__rosidl_typesupport_fastrtps_cpp
[1.404s] [ 51%] Built target main_node_interfaces__rosidl_typesupport_introspection_c
[1.405s] [ 61%] Built target main_node_interfaces__rosidl_typesupport_c
[1.411s] [ 70%] Built target main_node_interfaces__rosidl_typesupport_fastrtps_c
[1.437s] [ 70%] Built target main_node_interfaces
[1.462s] [ 74%] Built target main_node_interfaces__py
[1.490s] [ 80%] Built target main_node_interfaces__rosidl_generator_py
[1.519s] [ 87%] Built target new_code_py__rosidl_typesupport_fastrtps_c__pyext
[1.529s] [100%] Built target new_code_py__rosidl_typesupport_introspection_c__pyext
[1.529s] [100%] Built target new_code_py__rosidl_typesupport_c__pyext
[1.694s] running egg_info
[1.695s] writing new_code_py.egg-info/PKG-INFO
[1.695s] writing dependency_links to new_code_py.egg-info/dependency_links.txt
[1.696s] writing top-level names to new_code_py.egg-info/top_level.txt
[1.699s] reading manifest file 'new_code_py.egg-info/SOURCES.txt'
[1.700s] writing manifest file 'new_code_py.egg-info/SOURCES.txt'
[1.733s] [100%] Built target ament_cmake_python_build_new_code_py_egg
