[  3%] Built target main_node_interfaces__cpp
[ 12%] Built target main_node_interfaces__rosidl_generator_c
[ 12%] Built target ament_cmake_python_copy_new_code_py
[ 32%] Built target main_node_interfaces__rosidl_typesupport_introspection_cpp
[ 32%] Built target main_node_interfaces__rosidl_typesupport_fastrtps_cpp
[ 41%] Built target main_node_interfaces__rosidl_typesupport_fastrtps_c
[ 51%] Built target main_node_interfaces__rosidl_typesupport_cpp
[ 61%] Built target main_node_interfaces__rosidl_typesupport_c
[ 70%] Built target main_node_interfaces__rosidl_typesupport_introspection_c
[ 70%] Built target main_node_interfaces
[ 74%] Built target main_node_interfaces__py
[ 80%] Built target main_node_interfaces__rosidl_generator_py
[ 87%] Built target new_code_py__rosidl_typesupport_c__pyext
[ 93%] Built target new_code_py__rosidl_typesupport_fastrtps_c__pyext
[100%] Built target new_code_py__rosidl_typesupport_introspection_c__pyext
running egg_info
writing new_code_py.egg-info/PKG-INFO
writing dependency_links to new_code_py.egg-info/dependency_links.txt
writing top-level names to new_code_py.egg-info/top_level.txt
reading manifest file 'new_code_py.egg-info/SOURCES.txt'
writing manifest file 'new_code_py.egg-info/SOURCES.txt'
[100%] Built target ament_cmake_python_build_new_code_py_egg
