[1.452s] Invoking command in '/home/akshaj/Desktop/ros-lab-exp/ros-lab/ros2_ws_Akshaj/build/new_code_py': CMAKE_PREFIX_PATH=/opt/ros/humble /usr/bin/cmake --build /home/akshaj/Desktop/ros-lab-exp/ros-lab/ros2_ws_Akshaj/build/new_code_py -- -j12 -l12
[1.531s] [  3%] Built target main_node_interfaces__cpp
[1.541s] [ 12%] Built target main_node_interfaces__rosidl_generator_c
[1.561s] [ 12%] Built target ament_cmake_python_copy_new_code_py
[1.589s] [ 32%] Built target main_node_interfaces__rosidl_typesupport_introspection_cpp
[1.589s] [ 32%] Built target main_node_interfaces__rosidl_typesupport_fastrtps_cpp
[1.590s] [ 41%] Built target main_node_interfaces__rosidl_typesupport_fastrtps_c
[1.590s] [ 51%] Built target main_node_interfaces__rosidl_typesupport_cpp
[1.590s] [ 61%] Built target main_node_interfaces__rosidl_typesupport_c
[1.596s] [ 70%] Built target main_node_interfaces__rosidl_typesupport_introspection_c
[1.628s] [ 70%] Built target main_node_interfaces
[1.664s] [ 74%] Built target main_node_interfaces__py
[1.707s] [ 80%] Built target main_node_interfaces__rosidl_generator_py
[1.744s] [ 87%] Built target new_code_py__rosidl_typesupport_c__pyext
[1.747s] [ 93%] Built target new_code_py__rosidl_typesupport_fastrtps_c__pyext
[1.748s] [100%] Built target new_code_py__rosidl_typesupport_introspection_c__pyext
[1.937s] running egg_info
[1.939s] writing new_code_py.egg-info/PKG-INFO
[1.939s] writing dependency_links to new_code_py.egg-info/dependency_links.txt
[1.939s] writing top-level names to new_code_py.egg-info/top_level.txt
[1.945s] reading manifest file 'new_code_py.egg-info/SOURCES.txt'
[1.945s] writing manifest file 'new_code_py.egg-info/SOURCES.txt'
[1.991s] [100%] Built target ament_cmake_python_build_new_code_py_egg
