[0.919s] Invoking command in '/home/akshaj/Desktop/ros-lab-exp/ros-lab/ros2_ws_Akshaj/build/experiment_interfaces': CMAKE_PREFIX_PATH=/opt/ros/humble /usr/bin/cmake --build /home/akshaj/Desktop/ros-lab-exp/ros-lab/ros2_ws_Akshaj/build/experiment_interfaces -- -j12 -l12
[1.003s] [35m[1mConsolidate compiler generated dependencies of target experiment_interfaces__rosidl_generator_c[0m
[1.012s] [  2%] Built target experiment_interfaces__cpp
[1.023s] [ 12%] Built target experiment_interfaces__rosidl_generator_c
[1.027s] [ 12%] Built target ament_cmake_python_copy_experiment_interfaces
[1.028s] [35m[1mConsolidate compiler generated dependencies of target experiment_interfaces__rosidl_typesupport_cpp[0m
[1.029s] [35m[1mConsolidate compiler generated dependencies of target experiment_interfaces__rosidl_typesupport_fastrtps_cpp[0m
[1.035s] [35m[1mConsolidate compiler generated dependencies of target experiment_interfaces__rosidl_typesupport_introspection_cpp[0m
[1.041s] [35m[1mConsolidate compiler generated dependencies of target experiment_interfaces__rosidl_typesupport_introspection_c[0m
[1.042s] [35m[1mConsolidate compiler generated dependencies of target experiment_interfaces__rosidl_typesupport_c[0m
[1.042s] [35m[1mConsolidate compiler generated dependencies of target experiment_interfaces__rosidl_typesupport_fastrtps_c[0m
[1.053s] [ 23%] Built target experiment_interfaces__rosidl_typesupport_cpp
[1.054s] [ 33%] Built target experiment_interfaces__rosidl_typesupport_introspection_cpp
[1.055s] [ 43%] Built target experiment_interfaces__rosidl_typesupport_fastrtps_cpp
[1.055s] [ 53%] Built target experiment_interfaces__rosidl_typesupport_introspection_c
[1.058s] [ 64%] Built target experiment_interfaces__rosidl_typesupport_c
[1.061s] [ 74%] Built target experiment_interfaces__rosidl_typesupport_fastrtps_c
[1.086s] [ 74%] Built target experiment_interfaces
[1.114s] [ 76%] Built target experiment_interfaces__py
[1.130s] [35m[1mConsolidate compiler generated dependencies of target experiment_interfaces__rosidl_generator_py[0m
[1.150s] [ 84%] Built target experiment_interfaces__rosidl_generator_py
[1.165s] [35m[1mConsolidate compiler generated dependencies of target experiment_interfaces__rosidl_typesupport_c__pyext[0m
[1.165s] [35m[1mConsolidate compiler generated dependencies of target experiment_interfaces__rosidl_typesupport_introspection_c__pyext[0m
[1.165s] [35m[1mConsolidate compiler generated dependencies of target experiment_interfaces__rosidl_typesupport_fastrtps_c__pyext[0m
[1.180s] [100%] Built target experiment_interfaces__rosidl_typesupport_fastrtps_c__pyext
[1.180s] [100%] Built target experiment_interfaces__rosidl_typesupport_c__pyext
[1.180s] [100%] Built target experiment_interfaces__rosidl_typesupport_introspection_c__pyext
[1.325s] running egg_info
[1.326s] writing experiment_interfaces.egg-info/PKG-INFO
[1.327s] writing dependency_links to experiment_interfaces.egg-info/dependency_links.txt
[1.327s] writing top-level names to experiment_interfaces.egg-info/top_level.txt
[1.330s] reading manifest file 'experiment_interfaces.egg-info/SOURCES.txt'
[1.331s] writing manifest file 'experiment_interfaces.egg-info/SOURCES.txt'
[1.360s] [100%] Built target ament_cmake_python_build_experiment_interfaces_egg
[1.374s] Invoked command in '/home/akshaj/Desktop/ros-lab-exp/ros-lab/ros2_ws_Akshaj/build/experiment_interfaces' returned '0': CMAKE_PREFIX_PATH=/opt/ros/humble /usr/bin/cmake --build /home/akshaj/Desktop/ros-lab-exp/ros-lab/ros2_ws_Akshaj/build/experiment_interfaces -- -j12 -l12
[1.388s] Invoking command in '/home/akshaj/Desktop/ros-lab-exp/ros-lab/ros2_ws_Akshaj/build/experiment_interfaces': CMAKE_PREFIX_PATH=/opt/ros/humble /usr/bin/cmake --install /home/akshaj/Desktop/ros-lab-exp/ros-lab/ros2_ws_Akshaj/build/experiment_interfaces
[1.397s] -- Install configuration: ""
[1.398s] -- Up-to-date: /home/akshaj/Desktop/ros-lab-exp/ros-lab/ros2_ws_Akshaj/install/experiment_interfaces/share/ament_index/resource_index/rosidl_interfaces/experiment_interfaces
[1.398s] -- Up-to-date: /home/akshaj/Desktop/ros-lab-exp/ros-lab/ros2_ws_Akshaj/install/experiment_interfaces/include/experiment_interfaces/experiment_interfaces
[1.398s] -- Up-to-date: /home/akshaj/Desktop/ros-lab-exp/ros-lab/ros2_ws_Akshaj/install/experiment_interfaces/include/experiment_interfaces/experiment_interfaces/msg
[1.398s] -- Up-to-date: /home/akshaj/Desktop/ros-lab-exp/ros-lab/ros2_ws_Akshaj/install/experiment_interfaces/include/experiment_interfaces/experiment_interfaces/msg/detail
[1.399s] -- Up-to-date: /home/akshaj/Desktop/ros-lab-exp/ros-lab/ros2_ws_Akshaj/install/experiment_interfaces/include/experiment_interfaces/experiment_interfaces/msg/detail/num__struct.h
[1.399s] -- Up-to-date: /home/akshaj/Desktop/ros-lab-exp/ros-lab/ros2_ws_Akshaj/install/experiment_interfaces/include/experiment_interfaces/experiment_interfaces/msg/detail/num__functions.c
[1.399s] -- Up-to-date: /home/akshaj/Desktop/ros-lab-exp/ros-lab/ros2_ws_Akshaj/install/experiment_interfaces/include/experiment_interfaces/experiment_interfaces/msg/detail/num__type_support.h
[1.399s] -- Up-to-date: /home/akshaj/Desktop/ros-lab-exp/ros-lab/ros2_ws_Akshaj/install/experiment_interfaces/include/experiment_interfaces/experiment_interfaces/msg/detail/num__functions.h
[1.399s] -- Up-to-date: /home/akshaj/Desktop/ros-lab-exp/ros-lab/ros2_ws_Akshaj/install/experiment_interfaces/include/experiment_interfaces/experiment_interfaces/msg/num.h
[1.399s] -- Up-to-date: /home/akshaj/Desktop/ros-lab-exp/ros-lab/ros2_ws_Akshaj/install/experiment_interfaces/include/experiment_interfaces/experiment_interfaces/msg/rosidl_generator_c__visibility_control.h
[1.400s] -- Up-to-date: /home/akshaj/Desktop/ros-lab-exp/ros-lab/ros2_ws_Akshaj/install/experiment_interfaces/include/experiment_interfaces/experiment_interfaces/srv
[1.400s] -- Up-to-date: /home/akshaj/Desktop/ros-lab-exp/ros-lab/ros2_ws_Akshaj/install/experiment_interfaces/include/experiment_interfaces/experiment_interfaces/srv/detail
[1.400s] -- Up-to-date: /home/akshaj/Desktop/ros-lab-exp/ros-lab/ros2_ws_Akshaj/install/experiment_interfaces/include/experiment_interfaces/experiment_interfaces/srv/detail/add_threeints__type_support.h
[1.400s] -- Up-to-date: /home/akshaj/Desktop/ros-lab-exp/ros-lab/ros2_ws_Akshaj/install/experiment_interfaces/include/experiment_interfaces/experiment_interfaces/srv/detail/add_threeints__struct.h
[1.400s] -- Up-to-date: /home/akshaj/Desktop/ros-lab-exp/ros-lab/ros2_ws_Akshaj/install/experiment_interfaces/include/experiment_interfaces/experiment_interfaces/srv/detail/add_threeints__functions.h
[1.400s] -- Up-to-date: /home/akshaj/Desktop/ros-lab-exp/ros-lab/ros2_ws_Akshaj/install/experiment_interfaces/include/experiment_interfaces/experiment_interfaces/srv/detail/add_threeints__functions.c
[1.400s] -- Up-to-date: /home/akshaj/Desktop/ros-lab-exp/ros-lab/ros2_ws_Akshaj/install/experiment_interfaces/include/experiment_interfaces/experiment_interfaces/srv/add_threeints.h
[1.400s] -- Up-to-date: /home/akshaj/Desktop/ros-lab-exp/ros-lab/ros2_ws_Akshaj/install/experiment_interfaces/share/experiment_interfaces/environment/library_path.sh
[1.401s] -- Up-to-date: /home/akshaj/Desktop/ros-lab-exp/ros-lab/ros2_ws_Akshaj/install/experiment_interfaces/share/experiment_interfaces/environment/library_path.dsv
[1.401s] -- Up-to-date: /home/akshaj/Desktop/ros-lab-exp/ros-lab/ros2_ws_Akshaj/install/experiment_interfaces/lib/libexperiment_interfaces__rosidl_generator_c.so
[1.401s] -- Up-to-date: /home/akshaj/Desktop/ros-lab-exp/ros-lab/ros2_ws_Akshaj/install/experiment_interfaces/include/experiment_interfaces/experiment_interfaces
[1.401s] -- Up-to-date: /home/akshaj/Desktop/ros-lab-exp/ros-lab/ros2_ws_Akshaj/install/experiment_interfaces/include/experiment_interfaces/experiment_interfaces/msg
[1.401s] -- Up-to-date: /home/akshaj/Desktop/ros-lab-exp/ros-lab/ros2_ws_Akshaj/install/experiment_interfaces/include/experiment_interfaces/experiment_interfaces/msg/detail
[1.401s] -- Up-to-date: /home/akshaj/Desktop/ros-lab-exp/ros-lab/ros2_ws_Akshaj/install/experiment_interfaces/include/experiment_interfaces/experiment_interfaces/msg/detail/num__rosidl_typesupport_fastrtps_c.h
[1.401s] -- Up-to-date: /home/akshaj/Desktop/ros-lab-exp/ros-lab/ros2_ws_Akshaj/install/experiment_interfaces/include/experiment_interfaces/experiment_interfaces/msg/rosidl_typesupport_fastrtps_c__visibility_control.h
[1.402s] -- Up-to-date: /home/akshaj/Desktop/ros-lab-exp/ros-lab/ros2_ws_Akshaj/install/experiment_interfaces/include/experiment_interfaces/experiment_interfaces/srv
[1.402s] -- Up-to-date: /home/akshaj/Desktop/ros-lab-exp/ros-lab/ros2_ws_Akshaj/install/experiment_interfaces/include/experiment_interfaces/experiment_interfaces/srv/detail
[1.402s] -- Up-to-date: /home/akshaj/Desktop/ros-lab-exp/ros-lab/ros2_ws_Akshaj/install/experiment_interfaces/include/experiment_interfaces/experiment_interfaces/srv/detail/add_threeints__rosidl_typesupport_fastrtps_c.h
[1.402s] -- Up-to-date: /home/akshaj/Desktop/ros-lab-exp/ros-lab/ros2_ws_Akshaj/install/experiment_interfaces/lib/libexperiment_interfaces__rosidl_typesupport_fastrtps_c.so
[1.402s] -- Up-to-date: /home/akshaj/Desktop/ros-lab-exp/ros-lab/ros2_ws_Akshaj/install/experiment_interfaces/include/experiment_interfaces/experiment_interfaces
[1.402s] -- Up-to-date: /home/akshaj/Desktop/ros-lab-exp/ros-lab/ros2_ws_Akshaj/install/experiment_interfaces/include/experiment_interfaces/experiment_interfaces/msg
[1.403s] -- Up-to-date: /home/akshaj/Desktop/ros-lab-exp/ros-lab/ros2_ws_Akshaj/install/experiment_interfaces/include/experiment_interfaces/experiment_interfaces/msg/detail
[1.403s] -- Up-to-date: /home/akshaj/Desktop/ros-lab-exp/ros-lab/ros2_ws_Akshaj/install/experiment_interfaces/include/experiment_interfaces/experiment_interfaces/msg/detail/num__builder.hpp
[1.403s] -- Up-to-date: /home/akshaj/Desktop/ros-lab-exp/ros-lab/ros2_ws_Akshaj/install/experiment_interfaces/include/experiment_interfaces/experiment_interfaces/msg/detail/num__type_support.hpp
[1.403s] -- Up-to-date: /home/akshaj/Desktop/ros-lab-exp/ros-lab/ros2_ws_Akshaj/install/experiment_interfaces/include/experiment_interfaces/experiment_interfaces/msg/detail/num__traits.hpp
[1.403s] -- Up-to-date: /home/akshaj/Desktop/ros-lab-exp/ros-lab/ros2_ws_Akshaj/install/experiment_interfaces/include/experiment_interfaces/experiment_interfaces/msg/detail/num__struct.hpp
[1.403s] -- Up-to-date: /home/akshaj/Desktop/ros-lab-exp/ros-lab/ros2_ws_Akshaj/install/experiment_interfaces/include/experiment_interfaces/experiment_interfaces/msg/num.hpp
[1.403s] -- Up-to-date: /home/akshaj/Desktop/ros-lab-exp/ros-lab/ros2_ws_Akshaj/install/experiment_interfaces/include/experiment_interfaces/experiment_interfaces/msg/rosidl_generator_cpp__visibility_control.hpp
[1.403s] -- Up-to-date: /home/akshaj/Desktop/ros-lab-exp/ros-lab/ros2_ws_Akshaj/install/experiment_interfaces/include/experiment_interfaces/experiment_interfaces/srv
[1.404s] -- Up-to-date: /home/akshaj/Desktop/ros-lab-exp/ros-lab/ros2_ws_Akshaj/install/experiment_interfaces/include/experiment_interfaces/experiment_interfaces/srv/detail
[1.404s] -- Up-to-date: /home/akshaj/Desktop/ros-lab-exp/ros-lab/ros2_ws_Akshaj/install/experiment_interfaces/include/experiment_interfaces/experiment_interfaces/srv/detail/add_threeints__traits.hpp
[1.404s] -- Up-to-date: /home/akshaj/Desktop/ros-lab-exp/ros-lab/ros2_ws_Akshaj/install/experiment_interfaces/include/experiment_interfaces/experiment_interfaces/srv/detail/add_threeints__type_support.hpp
[1.404s] -- Up-to-date: /home/akshaj/Desktop/ros-lab-exp/ros-lab/ros2_ws_Akshaj/install/experiment_interfaces/include/experiment_interfaces/experiment_interfaces/srv/detail/add_threeints__builder.hpp
[1.404s] -- Up-to-date: /home/akshaj/Desktop/ros-lab-exp/ros-lab/ros2_ws_Akshaj/install/experiment_interfaces/include/experiment_interfaces/experiment_interfaces/srv/detail/add_threeints__struct.hpp
[1.404s] -- Up-to-date: /home/akshaj/Desktop/ros-lab-exp/ros-lab/ros2_ws_Akshaj/install/experiment_interfaces/include/experiment_interfaces/experiment_interfaces/srv/add_threeints.hpp
[1.404s] -- Up-to-date: /home/akshaj/Desktop/ros-lab-exp/ros-lab/ros2_ws_Akshaj/install/experiment_interfaces/include/experiment_interfaces/experiment_interfaces
[1.404s] -- Up-to-date: /home/akshaj/Desktop/ros-lab-exp/ros-lab/ros2_ws_Akshaj/install/experiment_interfaces/include/experiment_interfaces/experiment_interfaces/msg
[1.404s] -- Up-to-date: /home/akshaj/Desktop/ros-lab-exp/ros-lab/ros2_ws_Akshaj/install/experiment_interfaces/include/experiment_interfaces/experiment_interfaces/msg/rosidl_typesupport_fastrtps_cpp__visibility_control.h
[1.405s] -- Up-to-date: /home/akshaj/Desktop/ros-lab-exp/ros-lab/ros2_ws_Akshaj/install/experiment_interfaces/include/experiment_interfaces/experiment_interfaces/msg/detail
[1.405s] -- Up-to-date: /home/akshaj/Desktop/ros-lab-exp/ros-lab/ros2_ws_Akshaj/install/experiment_interfaces/include/experiment_interfaces/experiment_interfaces/msg/detail/dds_fastrtps
[1.405s] -- Up-to-date: /home/akshaj/Desktop/ros-lab-exp/ros-lab/ros2_ws_Akshaj/install/experiment_interfaces/include/experiment_interfaces/experiment_interfaces/msg/detail/num__rosidl_typesupport_fastrtps_cpp.hpp
[1.405s] -- Up-to-date: /home/akshaj/Desktop/ros-lab-exp/ros-lab/ros2_ws_Akshaj/install/experiment_interfaces/include/experiment_interfaces/experiment_interfaces/srv
[1.405s] -- Up-to-date: /home/akshaj/Desktop/ros-lab-exp/ros-lab/ros2_ws_Akshaj/install/experiment_interfaces/include/experiment_interfaces/experiment_interfaces/srv/detail
[1.405s] -- Up-to-date: /home/akshaj/Desktop/ros-lab-exp/ros-lab/ros2_ws_Akshaj/install/experiment_interfaces/include/experiment_interfaces/experiment_interfaces/srv/detail/dds_fastrtps
[1.405s] -- Up-to-date: /home/akshaj/Desktop/ros-lab-exp/ros-lab/ros2_ws_Akshaj/install/experiment_interfaces/include/experiment_interfaces/experiment_interfaces/srv/detail/add_threeints__rosidl_typesupport_fastrtps_cpp.hpp
[1.405s] -- Up-to-date: /home/akshaj/Desktop/ros-lab-exp/ros-lab/ros2_ws_Akshaj/install/experiment_interfaces/lib/libexperiment_interfaces__rosidl_typesupport_fastrtps_cpp.so
[1.405s] -- Up-to-date: /home/akshaj/Desktop/ros-lab-exp/ros-lab/ros2_ws_Akshaj/install/experiment_interfaces/include/experiment_interfaces/experiment_interfaces
[1.405s] -- Up-to-date: /home/akshaj/Desktop/ros-lab-exp/ros-lab/ros2_ws_Akshaj/install/experiment_interfaces/include/experiment_interfaces/experiment_interfaces/msg
[1.406s] -- Up-to-date: /home/akshaj/Desktop/ros-lab-exp/ros-lab/ros2_ws_Akshaj/install/experiment_interfaces/include/experiment_interfaces/experiment_interfaces/msg/rosidl_typesupport_introspection_c__visibility_control.h
[1.406s] -- Up-to-date: /home/akshaj/Desktop/ros-lab-exp/ros-lab/ros2_ws_Akshaj/install/experiment_interfaces/include/experiment_interfaces/experiment_interfaces/msg/detail
[1.406s] -- Up-to-date: /home/akshaj/Desktop/ros-lab-exp/ros-lab/ros2_ws_Akshaj/install/experiment_interfaces/include/experiment_interfaces/experiment_interfaces/msg/detail/num__type_support.c
[1.406s] -- Up-to-date: /home/akshaj/Desktop/ros-lab-exp/ros-lab/ros2_ws_Akshaj/install/experiment_interfaces/include/experiment_interfaces/experiment_interfaces/msg/detail/num__rosidl_typesupport_introspection_c.h
[1.406s] -- Up-to-date: /home/akshaj/Desktop/ros-lab-exp/ros-lab/ros2_ws_Akshaj/install/experiment_interfaces/include/experiment_interfaces/experiment_interfaces/srv
[1.406s] -- Up-to-date: /home/akshaj/Desktop/ros-lab-exp/ros-lab/ros2_ws_Akshaj/install/experiment_interfaces/include/experiment_interfaces/experiment_interfaces/srv/detail
[1.406s] -- Up-to-date: /home/akshaj/Desktop/ros-lab-exp/ros-lab/ros2_ws_Akshaj/install/experiment_interfaces/include/experiment_interfaces/experiment_interfaces/srv/detail/add_threeints__type_support.c
[1.406s] -- Up-to-date: /home/akshaj/Desktop/ros-lab-exp/ros-lab/ros2_ws_Akshaj/install/experiment_interfaces/include/experiment_interfaces/experiment_interfaces/srv/detail/add_threeints__rosidl_typesupport_introspection_c.h
[1.406s] -- Up-to-date: /home/akshaj/Desktop/ros-lab-exp/ros-lab/ros2_ws_Akshaj/install/experiment_interfaces/lib/libexperiment_interfaces__rosidl_typesupport_introspection_c.so
[1.407s] -- Up-to-date: /home/akshaj/Desktop/ros-lab-exp/ros-lab/ros2_ws_Akshaj/install/experiment_interfaces/lib/libexperiment_interfaces__rosidl_typesupport_c.so
[1.407s] -- Up-to-date: /home/akshaj/Desktop/ros-lab-exp/ros-lab/ros2_ws_Akshaj/install/experiment_interfaces/include/experiment_interfaces/experiment_interfaces
[1.407s] -- Up-to-date: /home/akshaj/Desktop/ros-lab-exp/ros-lab/ros2_ws_Akshaj/install/experiment_interfaces/include/experiment_interfaces/experiment_interfaces/msg
[1.407s] -- Up-to-date: /home/akshaj/Desktop/ros-lab-exp/ros-lab/ros2_ws_Akshaj/install/experiment_interfaces/include/experiment_interfaces/experiment_interfaces/msg/detail
[1.407s] -- Up-to-date: /home/akshaj/Desktop/ros-lab-exp/ros-lab/ros2_ws_Akshaj/install/experiment_interfaces/include/experiment_interfaces/experiment_interfaces/msg/detail/num__rosidl_typesupport_introspection_cpp.hpp
[1.407s] -- Up-to-date: /home/akshaj/Desktop/ros-lab-exp/ros-lab/ros2_ws_Akshaj/install/experiment_interfaces/include/experiment_interfaces/experiment_interfaces/msg/detail/num__type_support.cpp
[1.408s] -- Up-to-date: /home/akshaj/Desktop/ros-lab-exp/ros-lab/ros2_ws_Akshaj/install/experiment_interfaces/include/experiment_interfaces/experiment_interfaces/srv
[1.408s] -- Up-to-date: /home/akshaj/Desktop/ros-lab-exp/ros-lab/ros2_ws_Akshaj/install/experiment_interfaces/include/experiment_interfaces/experiment_interfaces/srv/detail
[1.408s] -- Up-to-date: /home/akshaj/Desktop/ros-lab-exp/ros-lab/ros2_ws_Akshaj/install/experiment_interfaces/include/experiment_interfaces/experiment_interfaces/srv/detail/add_threeints__rosidl_typesupport_introspection_cpp.hpp
[1.408s] -- Up-to-date: /home/akshaj/Desktop/ros-lab-exp/ros-lab/ros2_ws_Akshaj/install/experiment_interfaces/include/experiment_interfaces/experiment_interfaces/srv/detail/add_threeints__type_support.cpp
[1.408s] -- Up-to-date: /home/akshaj/Desktop/ros-lab-exp/ros-lab/ros2_ws_Akshaj/install/experiment_interfaces/lib/libexperiment_interfaces__rosidl_typesupport_introspection_cpp.so
[1.409s] -- Up-to-date: /home/akshaj/Desktop/ros-lab-exp/ros-lab/ros2_ws_Akshaj/install/experiment_interfaces/lib/libexperiment_interfaces__rosidl_typesupport_cpp.so
[1.409s] -- Up-to-date: /home/akshaj/Desktop/ros-lab-exp/ros-lab/ros2_ws_Akshaj/install/experiment_interfaces/share/experiment_interfaces/environment/pythonpath.sh
[1.409s] -- Up-to-date: /home/akshaj/Desktop/ros-lab-exp/ros-lab/ros2_ws_Akshaj/install/experiment_interfaces/share/experiment_interfaces/environment/pythonpath.dsv
[1.410s] -- Up-to-date: /home/akshaj/Desktop/ros-lab-exp/ros-lab/ros2_ws_Akshaj/install/experiment_interfaces/local/lib/python3.10/dist-packages/experiment_interfaces-0.0.0-py3.10.egg-info
[1.410s] -- Installing: /home/akshaj/Desktop/ros-lab-exp/ros-lab/ros2_ws_Akshaj/install/experiment_interfaces/local/lib/python3.10/dist-packages/experiment_interfaces-0.0.0-py3.10.egg-info/SOURCES.txt
[1.410s] -- Installing: /home/akshaj/Desktop/ros-lab-exp/ros-lab/ros2_ws_Akshaj/install/experiment_interfaces/local/lib/python3.10/dist-packages/experiment_interfaces-0.0.0-py3.10.egg-info/top_level.txt
[1.411s] -- Installing: /home/akshaj/Desktop/ros-lab-exp/ros-lab/ros2_ws_Akshaj/install/experiment_interfaces/local/lib/python3.10/dist-packages/experiment_interfaces-0.0.0-py3.10.egg-info/dependency_links.txt
[1.411s] -- Installing: /home/akshaj/Desktop/ros-lab-exp/ros-lab/ros2_ws_Akshaj/install/experiment_interfaces/local/lib/python3.10/dist-packages/experiment_interfaces-0.0.0-py3.10.egg-info/PKG-INFO
[1.411s] -- Up-to-date: /home/akshaj/Desktop/ros-lab-exp/ros-lab/ros2_ws_Akshaj/install/experiment_interfaces/local/lib/python3.10/dist-packages/experiment_interfaces
[1.411s] -- Up-to-date: /home/akshaj/Desktop/ros-lab-exp/ros-lab/ros2_ws_Akshaj/install/experiment_interfaces/local/lib/python3.10/dist-packages/experiment_interfaces/msg
[1.412s] -- Up-to-date: /home/akshaj/Desktop/ros-lab-exp/ros-lab/ros2_ws_Akshaj/install/experiment_interfaces/local/lib/python3.10/dist-packages/experiment_interfaces/msg/__init__.py
[1.412s] -- Up-to-date: /home/akshaj/Desktop/ros-lab-exp/ros-lab/ros2_ws_Akshaj/install/experiment_interfaces/local/lib/python3.10/dist-packages/experiment_interfaces/msg/_num.py
[1.412s] -- Up-to-date: /home/akshaj/Desktop/ros-lab-exp/ros-lab/ros2_ws_Akshaj/install/experiment_interfaces/local/lib/python3.10/dist-packages/experiment_interfaces/msg/_num_s.c
[1.412s] -- Up-to-date: /home/akshaj/Desktop/ros-lab-exp/ros-lab/ros2_ws_Akshaj/install/experiment_interfaces/local/lib/python3.10/dist-packages/experiment_interfaces/libexperiment_interfaces__rosidl_generator_py.so
[1.412s] -- Up-to-date: /home/akshaj/Desktop/ros-lab-exp/ros-lab/ros2_ws_Akshaj/install/experiment_interfaces/local/lib/python3.10/dist-packages/experiment_interfaces/__init__.py
[1.412s] -- Up-to-date: /home/akshaj/Desktop/ros-lab-exp/ros-lab/ros2_ws_Akshaj/install/experiment_interfaces/local/lib/python3.10/dist-packages/experiment_interfaces/_experiment_interfaces_s.ep.rosidl_typesupport_c.c
[1.412s] -- Up-to-date: /home/akshaj/Desktop/ros-lab-exp/ros-lab/ros2_ws_Akshaj/install/experiment_interfaces/local/lib/python3.10/dist-packages/experiment_interfaces/experiment_interfaces_s__rosidl_typesupport_fastrtps_c.cpython-310-x86_64-linux-gnu.so
[1.413s] -- Up-to-date: /home/akshaj/Desktop/ros-lab-exp/ros-lab/ros2_ws_Akshaj/install/experiment_interfaces/local/lib/python3.10/dist-packages/experiment_interfaces/srv
[1.413s] -- Up-to-date: /home/akshaj/Desktop/ros-lab-exp/ros-lab/ros2_ws_Akshaj/install/experiment_interfaces/local/lib/python3.10/dist-packages/experiment_interfaces/srv/_add_threeints.py
[1.413s] -- Up-to-date: /home/akshaj/Desktop/ros-lab-exp/ros-lab/ros2_ws_Akshaj/install/experiment_interfaces/local/lib/python3.10/dist-packages/experiment_interfaces/srv/__init__.py
[1.413s] -- Up-to-date: /home/akshaj/Desktop/ros-lab-exp/ros-lab/ros2_ws_Akshaj/install/experiment_interfaces/local/lib/python3.10/dist-packages/experiment_interfaces/srv/_add_threeints_s.c
[1.413s] -- Up-to-date: /home/akshaj/Desktop/ros-lab-exp/ros-lab/ros2_ws_Akshaj/install/experiment_interfaces/local/lib/python3.10/dist-packages/experiment_interfaces/_experiment_interfaces_s.ep.rosidl_typesupport_introspection_c.c
[1.413s] -- Up-to-date: /home/akshaj/Desktop/ros-lab-exp/ros-lab/ros2_ws_Akshaj/install/experiment_interfaces/local/lib/python3.10/dist-packages/experiment_interfaces/experiment_interfaces_s__rosidl_typesupport_c.cpython-310-x86_64-linux-gnu.so
[1.413s] -- Up-to-date: /home/akshaj/Desktop/ros-lab-exp/ros-lab/ros2_ws_Akshaj/install/experiment_interfaces/local/lib/python3.10/dist-packages/experiment_interfaces/experiment_interfaces_s__rosidl_typesupport_introspection_c.cpython-310-x86_64-linux-gnu.so
[1.413s] -- Up-to-date: /home/akshaj/Desktop/ros-lab-exp/ros-lab/ros2_ws_Akshaj/install/experiment_interfaces/local/lib/python3.10/dist-packages/experiment_interfaces/_experiment_interfaces_s.ep.rosidl_typesupport_fastrtps_c.c
[1.449s] Listing '/home/akshaj/Desktop/ros-lab-exp/ros-lab/ros2_ws_Akshaj/install/experiment_interfaces/local/lib/python3.10/dist-packages/experiment_interfaces'...
[1.449s] Listing '/home/akshaj/Desktop/ros-lab-exp/ros-lab/ros2_ws_Akshaj/install/experiment_interfaces/local/lib/python3.10/dist-packages/experiment_interfaces/msg'...
[1.449s] Listing '/home/akshaj/Desktop/ros-lab-exp/ros-lab/ros2_ws_Akshaj/install/experiment_interfaces/local/lib/python3.10/dist-packages/experiment_interfaces/srv'...
[1.454s] -- Up-to-date: /home/akshaj/Desktop/ros-lab-exp/ros-lab/ros2_ws_Akshaj/install/experiment_interfaces/local/lib/python3.10/dist-packages/experiment_interfaces/experiment_interfaces_s__rosidl_typesupport_fastrtps_c.cpython-310-x86_64-linux-gnu.so
[1.455s] -- Up-to-date: /home/akshaj/Desktop/ros-lab-exp/ros-lab/ros2_ws_Akshaj/install/experiment_interfaces/local/lib/python3.10/dist-packages/experiment_interfaces/experiment_interfaces_s__rosidl_typesupport_introspection_c.cpython-310-x86_64-linux-gnu.so
[1.456s] -- Up-to-date: /home/akshaj/Desktop/ros-lab-exp/ros-lab/ros2_ws_Akshaj/install/experiment_interfaces/local/lib/python3.10/dist-packages/experiment_interfaces/experiment_interfaces_s__rosidl_typesupport_c.cpython-310-x86_64-linux-gnu.so
[1.456s] -- Up-to-date: /home/akshaj/Desktop/ros-lab-exp/ros-lab/ros2_ws_Akshaj/install/experiment_interfaces/lib/libexperiment_interfaces__rosidl_generator_py.so
[1.457s] -- Up-to-date: /home/akshaj/Desktop/ros-lab-exp/ros-lab/ros2_ws_Akshaj/install/experiment_interfaces/share/experiment_interfaces/msg/Num.idl
[1.457s] -- Up-to-date: /home/akshaj/Desktop/ros-lab-exp/ros-lab/ros2_ws_Akshaj/install/experiment_interfaces/share/experiment_interfaces/srv/AddThreeints.idl
[1.457s] -- Up-to-date: /home/akshaj/Desktop/ros-lab-exp/ros-lab/ros2_ws_Akshaj/install/experiment_interfaces/share/experiment_interfaces/msg/Num.msg
[1.458s] -- Up-to-date: /home/akshaj/Desktop/ros-lab-exp/ros-lab/ros2_ws_Akshaj/install/experiment_interfaces/share/experiment_interfaces/srv/AddThreeints.srv
[1.458s] -- Up-to-date: /home/akshaj/Desktop/ros-lab-exp/ros-lab/ros2_ws_Akshaj/install/experiment_interfaces/share/experiment_interfaces/srv/AddThreeints_Request.msg
[1.458s] -- Up-to-date: /home/akshaj/Desktop/ros-lab-exp/ros-lab/ros2_ws_Akshaj/install/experiment_interfaces/share/experiment_interfaces/srv/AddThreeints_Response.msg
[1.458s] -- Up-to-date: /home/akshaj/Desktop/ros-lab-exp/ros-lab/ros2_ws_Akshaj/install/experiment_interfaces/share/ament_index/resource_index/package_run_dependencies/experiment_interfaces
[1.458s] -- Up-to-date: /home/akshaj/Desktop/ros-lab-exp/ros-lab/ros2_ws_Akshaj/install/experiment_interfaces/share/ament_index/resource_index/parent_prefix_path/experiment_interfaces
[1.458s] -- Up-to-date: /home/akshaj/Desktop/ros-lab-exp/ros-lab/ros2_ws_Akshaj/install/experiment_interfaces/share/experiment_interfaces/environment/ament_prefix_path.sh
[1.458s] -- Up-to-date: /home/akshaj/Desktop/ros-lab-exp/ros-lab/ros2_ws_Akshaj/install/experiment_interfaces/share/experiment_interfaces/environment/ament_prefix_path.dsv
[1.459s] -- Up-to-date: /home/akshaj/Desktop/ros-lab-exp/ros-lab/ros2_ws_Akshaj/install/experiment_interfaces/share/experiment_interfaces/environment/path.sh
[1.459s] -- Up-to-date: /home/akshaj/Desktop/ros-lab-exp/ros-lab/ros2_ws_Akshaj/install/experiment_interfaces/share/experiment_interfaces/environment/path.dsv
[1.459s] -- Up-to-date: /home/akshaj/Desktop/ros-lab-exp/ros-lab/ros2_ws_Akshaj/install/experiment_interfaces/share/experiment_interfaces/local_setup.bash
[1.459s] -- Up-to-date: /home/akshaj/Desktop/ros-lab-exp/ros-lab/ros2_ws_Akshaj/install/experiment_interfaces/share/experiment_interfaces/local_setup.sh
[1.459s] -- Up-to-date: /home/akshaj/Desktop/ros-lab-exp/ros-lab/ros2_ws_Akshaj/install/experiment_interfaces/share/experiment_interfaces/local_setup.zsh
[1.459s] -- Up-to-date: /home/akshaj/Desktop/ros-lab-exp/ros-lab/ros2_ws_Akshaj/install/experiment_interfaces/share/experiment_interfaces/local_setup.dsv
[1.459s] -- Installing: /home/akshaj/Desktop/ros-lab-exp/ros-lab/ros2_ws_Akshaj/install/experiment_interfaces/share/experiment_interfaces/package.dsv
[1.460s] -- Up-to-date: /home/akshaj/Desktop/ros-lab-exp/ros-lab/ros2_ws_Akshaj/install/experiment_interfaces/share/ament_index/resource_index/packages/experiment_interfaces
[1.461s] -- Up-to-date: /home/akshaj/Desktop/ros-lab-exp/ros-lab/ros2_ws_Akshaj/install/experiment_interfaces/share/experiment_interfaces/cmake/export_experiment_interfaces__rosidl_generator_cExport.cmake
[1.461s] -- Up-to-date: /home/akshaj/Desktop/ros-lab-exp/ros-lab/ros2_ws_Akshaj/install/experiment_interfaces/share/experiment_interfaces/cmake/export_experiment_interfaces__rosidl_generator_cExport-noconfig.cmake
[1.461s] -- Up-to-date: /home/akshaj/Desktop/ros-lab-exp/ros-lab/ros2_ws_Akshaj/install/experiment_interfaces/share/experiment_interfaces/cmake/export_experiment_interfaces__rosidl_typesupport_fastrtps_cExport.cmake
[1.461s] -- Up-to-date: /home/akshaj/Desktop/ros-lab-exp/ros-lab/ros2_ws_Akshaj/install/experiment_interfaces/share/experiment_interfaces/cmake/export_experiment_interfaces__rosidl_typesupport_fastrtps_cExport-noconfig.cmake
[1.462s] -- Up-to-date: /home/akshaj/Desktop/ros-lab-exp/ros-lab/ros2_ws_Akshaj/install/experiment_interfaces/share/experiment_interfaces/cmake/export_experiment_interfaces__rosidl_generator_cppExport.cmake
[1.462s] -- Up-to-date: /home/akshaj/Desktop/ros-lab-exp/ros-lab/ros2_ws_Akshaj/install/experiment_interfaces/share/experiment_interfaces/cmake/export_experiment_interfaces__rosidl_typesupport_fastrtps_cppExport.cmake
[1.462s] -- Up-to-date: /home/akshaj/Desktop/ros-lab-exp/ros-lab/ros2_ws_Akshaj/install/experiment_interfaces/share/experiment_interfaces/cmake/export_experiment_interfaces__rosidl_typesupport_fastrtps_cppExport-noconfig.cmake
[1.463s] -- Up-to-date: /home/akshaj/Desktop/ros-lab-exp/ros-lab/ros2_ws_Akshaj/install/experiment_interfaces/share/experiment_interfaces/cmake/experiment_interfaces__rosidl_typesupport_introspection_cExport.cmake
[1.463s] -- Up-to-date: /home/akshaj/Desktop/ros-lab-exp/ros-lab/ros2_ws_Akshaj/install/experiment_interfaces/share/experiment_interfaces/cmake/experiment_interfaces__rosidl_typesupport_introspection_cExport-noconfig.cmake
[1.463s] -- Up-to-date: /home/akshaj/Desktop/ros-lab-exp/ros-lab/ros2_ws_Akshaj/install/experiment_interfaces/share/experiment_interfaces/cmake/experiment_interfaces__rosidl_typesupport_cExport.cmake
[1.463s] -- Up-to-date: /home/akshaj/Desktop/ros-lab-exp/ros-lab/ros2_ws_Akshaj/install/experiment_interfaces/share/experiment_interfaces/cmake/experiment_interfaces__rosidl_typesupport_cExport-noconfig.cmake
[1.464s] -- Up-to-date: /home/akshaj/Desktop/ros-lab-exp/ros-lab/ros2_ws_Akshaj/install/experiment_interfaces/share/experiment_interfaces/cmake/experiment_interfaces__rosidl_typesupport_introspection_cppExport.cmake
[1.464s] -- Up-to-date: /home/akshaj/Desktop/ros-lab-exp/ros-lab/ros2_ws_Akshaj/install/experiment_interfaces/share/experiment_interfaces/cmake/experiment_interfaces__rosidl_typesupport_introspection_cppExport-noconfig.cmake
[1.464s] -- Up-to-date: /home/akshaj/Desktop/ros-lab-exp/ros-lab/ros2_ws_Akshaj/install/experiment_interfaces/share/experiment_interfaces/cmake/experiment_interfaces__rosidl_typesupport_cppExport.cmake
[1.464s] -- Up-to-date: /home/akshaj/Desktop/ros-lab-exp/ros-lab/ros2_ws_Akshaj/install/experiment_interfaces/share/experiment_interfaces/cmake/experiment_interfaces__rosidl_typesupport_cppExport-noconfig.cmake
[1.465s] -- Up-to-date: /home/akshaj/Desktop/ros-lab-exp/ros-lab/ros2_ws_Akshaj/install/experiment_interfaces/share/experiment_interfaces/cmake/export_experiment_interfaces__rosidl_generator_pyExport.cmake
[1.465s] -- Up-to-date: /home/akshaj/Desktop/ros-lab-exp/ros-lab/ros2_ws_Akshaj/install/experiment_interfaces/share/experiment_interfaces/cmake/export_experiment_interfaces__rosidl_generator_pyExport-noconfig.cmake
[1.465s] -- Up-to-date: /home/akshaj/Desktop/ros-lab-exp/ros-lab/ros2_ws_Akshaj/install/experiment_interfaces/share/experiment_interfaces/cmake/rosidl_cmake-extras.cmake
[1.465s] -- Up-to-date: /home/akshaj/Desktop/ros-lab-exp/ros-lab/ros2_ws_Akshaj/install/experiment_interfaces/share/experiment_interfaces/cmake/ament_cmake_export_dependencies-extras.cmake
[1.465s] -- Up-to-date: /home/akshaj/Desktop/ros-lab-exp/ros-lab/ros2_ws_Akshaj/install/experiment_interfaces/share/experiment_interfaces/cmake/ament_cmake_export_include_directories-extras.cmake
[1.466s] -- Up-to-date: /home/akshaj/Desktop/ros-lab-exp/ros-lab/ros2_ws_Akshaj/install/experiment_interfaces/share/experiment_interfaces/cmake/ament_cmake_export_libraries-extras.cmake
[1.466s] -- Up-to-date: /home/akshaj/Desktop/ros-lab-exp/ros-lab/ros2_ws_Akshaj/install/experiment_interfaces/share/experiment_interfaces/cmake/ament_cmake_export_targets-extras.cmake
[1.466s] -- Up-to-date: /home/akshaj/Desktop/ros-lab-exp/ros-lab/ros2_ws_Akshaj/install/experiment_interfaces/share/experiment_interfaces/cmake/rosidl_cmake_export_typesupport_targets-extras.cmake
[1.466s] -- Up-to-date: /home/akshaj/Desktop/ros-lab-exp/ros-lab/ros2_ws_Akshaj/install/experiment_interfaces/share/experiment_interfaces/cmake/rosidl_cmake_export_typesupport_libraries-extras.cmake
[1.466s] -- Up-to-date: /home/akshaj/Desktop/ros-lab-exp/ros-lab/ros2_ws_Akshaj/install/experiment_interfaces/share/experiment_interfaces/cmake/experiment_interfacesConfig.cmake
[1.466s] -- Up-to-date: /home/akshaj/Desktop/ros-lab-exp/ros-lab/ros2_ws_Akshaj/install/experiment_interfaces/share/experiment_interfaces/cmake/experiment_interfacesConfig-version.cmake
[1.466s] -- Up-to-date: /home/akshaj/Desktop/ros-lab-exp/ros-lab/ros2_ws_Akshaj/install/experiment_interfaces/share/experiment_interfaces/package.xml
[1.469s] Invoked command in '/home/akshaj/Desktop/ros-lab-exp/ros-lab/ros2_ws_Akshaj/build/experiment_interfaces' returned '0': CMAKE_PREFIX_PATH=/opt/ros/humble /usr/bin/cmake --install /home/akshaj/Desktop/ros-lab-exp/ros-lab/ros2_ws_Akshaj/build/experiment_interfaces
